Starting job 143135
Node:  volta05
SCRIPT_TEMPLATE: ./final-measurements/_scripts/33-66-work
WORKER_ID: 1
SCRIPT: ./final-measurements/_scripts/33-66-work--part_1.sh
exp-0
next-experiment
Hello
Experiment Parameters:
  algorithm_name: gol-cuda-local-one-cell-cols-32
  grid_dimensions: 16384x16384
  iterations: 10000
  base_grid_encoding: char
  max_runtime_seconds: 5000
  warmup_rounds: 5
  measurement_rounds: 10
  data_loader_name: lexicon
  pattern_expression: spacefiller[2340, 2730]; spacefiller[2340, 5460]; spacefiller[2340, 8190]; spacefiller[2340, 10920]; spacefiller[2340, 13650]; spacefiller[4680, 2730]; spacefiller[4680, 5460]; spacefiller[4680, 8190]; spacefiller[4680, 10920]; spacefiller[4680, 13650]; spacefiller[7020, 2730]; spacefiller[7020, 5460]; spacefiller[7020, 8190]; spacefiller[7020, 10920]; spacefiller[7020, 13650]; spacefiller[9360, 2730]; spacefiller[9360, 5460]; spacefiller[9360, 8190]; spacefiller[9360, 10920]; spacefiller[9360, 13650]; spacefiller[11700, 2730]; spacefiller[11700, 5460]; spacefiller[11700, 8190]; spacefiller[11700, 10920]; spacefiller[11700, 13650]; spacefiller[14040, 2730]; spacefiller[14040, 5460]; spacefiller[14040, 8190]; spacefiller[14040, 10920]; spacefiller[14040, 13650];
  measure_speedup: 0
  speedup_bench_algorithm_name: gol-cuda-naive
  validate: 0
  print_validation_diff: 0
  validation_algorithm_name: gol-cuda-naive
  animate_output: 0
  colorful: 0
  random_seed: 42
  tag: 66-work
  state_bits_count: 32
  thread_block_size: 256
  warp_dims_x: 32
  warp_dims_y: 1
  warp_tile_dims_x: 32
  warp_tile_dims_y: 8
  collect_touched_tiles_stats: 0
  streaming_direction: in-x

Loading data...              lexicon with pattern spacefiller[2340, 2730]; spacefiller[2340, 5460]; spacefiller[2340, 8190]; spacefiller[2340, 10920]; spacefiller[2340, 13650]; spacefiller[4680, 2730]; spacefiller[4680, 5460]; spacefiller[4680, 8190]; spacefiller[4680, 10920]; spacefiller[4680, 13650]; spacefiller[7020, 2730]; spacefiller[7020, 5460]; spacefiller[7020, 8190]; spacefiller[7020, 10920]; spacefiller[7020, 13650]; spacefiller[9360, 2730]; spacefiller[9360, 5460]; spacefiller[9360, 8190]; spacefiller[9360, 10920]; spacefiller[9360, 13650]; spacefiller[11700, 2730]; spacefiller[11700, 5460]; spacefiller[11700, 8190]; spacefiller[11700, 10920]; spacefiller[11700, 13650]; spacefiller[14040, 2730]; spacefiller[14040, 5460]; spacefiller[14040, 8190]; spacefiller[14040, 10920]; spacefiller[14040, 13650];
  Data loaded in   114.808 ms

Warming up... 1 / 5
Warming up... 2 / 5
Warming up... 3 / 5
Warming up... 4 / 5
Warming up... 5 / 5


Running experiment...        gol-cuda-local-one-cell-cols-32

Measurement round 1 / 10
Time report:
  set_and_format_input_data:  2233.102276 ms
  initialize_data_structures: 7.663091 ms
  run:                        3262.244223 ms
   performed iters:  10000
   runtime per iter: 0.326224 ms
  finalize_data_structures:   7.654158 ms

Measurement round 2 / 10
Time report:
  set_and_format_input_data:  2232.880607 ms
  initialize_data_structures: 7.541816 ms
  run:                        3262.338526 ms
   performed iters:  10000
   runtime per iter: 0.326234 ms
  finalize_data_structures:   8.083465 ms

Measurement round 3 / 10
Time report:
  set_and_format_input_data:  2233.721081 ms
  initialize_data_structures: 7.650203 ms
  run:                        3262.220332 ms
   performed iters:  10000
   runtime per iter: 0.326222 ms
  finalize_data_structures:   7.587447 ms

Measurement round 4 / 10
Time report:
  set_and_format_input_data:  2233.248128 ms
  initialize_data_structures: 7.537545 ms
  run:                        3261.999003 ms
   performed iters:  10000
   runtime per iter: 0.326200 ms
  finalize_data_structures:   8.017650 ms

Measurement round 5 / 10
Time report:
  set_and_format_input_data:  2233.882074 ms
  initialize_data_structures: 7.547930 ms
  run:                        3261.896612 ms
   performed iters:  10000
   runtime per iter: 0.326190 ms
  finalize_data_structures:   7.610964 ms

Measurement round 6 / 10
Time report:
  set_and_format_input_data:  2233.631210 ms
  initialize_data_structures: 7.499195 ms
  run:                        3261.955565 ms
   performed iters:  10000
   runtime per iter: 0.326196 ms
  finalize_data_structures:   7.595830 ms

Measurement round 7 / 10
Time report:
  set_and_format_input_data:  2233.557053 ms
  initialize_data_structures: 7.611487 ms
  run:                        3262.067711 ms
   performed iters:  10000
   runtime per iter: 0.326207 ms
  finalize_data_structures:   8.011650 ms

Measurement round 8 / 10
Time report:
  set_and_format_input_data:  2233.316801 ms
  initialize_data_structures: 7.564188 ms
  run:                        3262.010059 ms
   performed iters:  10000
   runtime per iter: 0.326201 ms
  finalize_data_structures:   7.628304 ms

Measurement round 9 / 10
Time report:
  set_and_format_input_data:  2232.025045 ms
  initialize_data_structures: 7.502154 ms
  run:                        3261.892487 ms
   performed iters:  10000
   runtime per iter: 0.326189 ms
  finalize_data_structures:   7.675079 ms

Measurement round 10 / 10
Time report:
  set_and_format_input_data:  2234.313004 ms
  initialize_data_structures: 7.579485 ms
  run:                        3261.874284 ms
   performed iters:  10000
   runtime per iter: 0.326187 ms
  finalize_data_structures:   7.604930 ms

exp-1
next-experiment
Hello
Experiment Parameters:
  algorithm_name: gol-cuda-local-one-cell-cols-32
  grid_dimensions: 16384x16384
  iterations: 10000
  base_grid_encoding: char
  max_runtime_seconds: 5000
  warmup_rounds: 5
  measurement_rounds: 10
  data_loader_name: lexicon
  pattern_expression: spacefiller[4096, 4096]; spacefiller[4096, 8192]; spacefiller[4096, 12288]; spacefiller[8192, 4096]; spacefiller[8192, 8192]; spacefiller[8192, 12288]; spacefiller[12288, 4096]; spacefiller[12288, 8192]; spacefiller[12288, 12288];
  measure_speedup: 0
  speedup_bench_algorithm_name: gol-cuda-naive
  validate: 0
  print_validation_diff: 0
  validation_algorithm_name: gol-cuda-naive
  animate_output: 0
  colorful: 0
  random_seed: 42
  tag: 33-work
  state_bits_count: 32
  thread_block_size: 256
  warp_dims_x: 32
  warp_dims_y: 1
  warp_tile_dims_x: 32
  warp_tile_dims_y: 8
  collect_touched_tiles_stats: 0
  streaming_direction: in-x

Loading data...              lexicon with pattern spacefiller[4096, 4096]; spacefiller[4096, 8192]; spacefiller[4096, 12288]; spacefiller[8192, 4096]; spacefiller[8192, 8192]; spacefiller[8192, 12288]; spacefiller[12288, 4096]; spacefiller[12288, 8192]; spacefiller[12288, 12288];
  Data loaded in   112.319 ms

Warming up... 1 / 5
Warming up... 2 / 5
Warming up... 3 / 5
Warming up... 4 / 5
Warming up... 5 / 5


Running experiment...        gol-cuda-local-one-cell-cols-32

Measurement round 1 / 10
Time report:
  set_and_format_input_data:  2235.874851 ms
  initialize_data_structures: 7.606046 ms
  run:                        2565.778275 ms
   performed iters:  10000
   runtime per iter: 0.256578 ms
  finalize_data_structures:   8.120527 ms

Measurement round 2 / 10
Time report:
  set_and_format_input_data:  2235.811954 ms
  initialize_data_structures: 7.636859 ms
  run:                        2565.708777 ms
   performed iters:  10000
   runtime per iter: 0.256571 ms
  finalize_data_structures:   7.660810 ms

Measurement round 3 / 10
Time report:
  set_and_format_input_data:  2235.972386 ms
  initialize_data_structures: 7.590075 ms
  run:                        2565.770316 ms
   performed iters:  10000
   runtime per iter: 0.256577 ms
  finalize_data_structures:   8.143261 ms

Measurement round 4 / 10
Time report:
  set_and_format_input_data:  2235.220651 ms
  initialize_data_structures: 7.656755 ms
  run:                        2565.733876 ms
   performed iters:  10000
   runtime per iter: 0.256573 ms
  finalize_data_structures:   7.750970 ms

Measurement round 5 / 10
Time report:
  set_and_format_input_data:  2235.504555 ms
  initialize_data_structures: 7.607429 ms
  run:                        2565.691920 ms
   performed iters:  10000
   runtime per iter: 0.256569 ms
  finalize_data_structures:   7.693260 ms

Measurement round 6 / 10
Time report:
  set_and_format_input_data:  2240.307845 ms
  initialize_data_structures: 7.726833 ms
  run:                        2565.815816 ms
   performed iters:  10000
   runtime per iter: 0.256582 ms
  finalize_data_structures:   7.719829 ms

Measurement round 7 / 10
Time report:
  set_and_format_input_data:  2235.479616 ms
  initialize_data_structures: 7.588572 ms
  run:                        2565.736161 ms
   performed iters:  10000
   runtime per iter: 0.256574 ms
  finalize_data_structures:   7.731619 ms

Measurement round 8 / 10
Time report:
  set_and_format_input_data:  2235.647804 ms
  initialize_data_structures: 7.739326 ms
  run:                        2565.763143 ms
   performed iters:  10000
   runtime per iter: 0.256576 ms
  finalize_data_structures:   7.709508 ms

Measurement round 9 / 10
Time report:
  set_and_format_input_data:  2236.526998 ms
  initialize_data_structures: 7.641946 ms
  run:                        2565.624636 ms
   performed iters:  10000
   runtime per iter: 0.256562 ms
  finalize_data_structures:   8.122311 ms

Measurement round 10 / 10
Time report:
  set_and_format_input_data:  2235.968911 ms
  initialize_data_structures: 7.641562 ms
  run:                        2565.728115 ms
   performed iters:  10000
   runtime per iter: 0.256573 ms
  finalize_data_structures:   7.771324 ms

exp-2
next-experiment
Hello
Experiment Parameters:
  algorithm_name: gol-cuda-local-one-cell-cols-64
  grid_dimensions: 16384x16384
  iterations: 10000
  base_grid_encoding: char
  max_runtime_seconds: 5000
  warmup_rounds: 5
  measurement_rounds: 10
  data_loader_name: lexicon
  pattern_expression: spacefiller[4096, 4096]; spacefiller[4096, 8192]; spacefiller[4096, 12288]; spacefiller[8192, 4096]; spacefiller[8192, 8192]; spacefiller[8192, 12288]; spacefiller[12288, 4096]; spacefiller[12288, 8192]; spacefiller[12288, 12288];
  measure_speedup: 0
  speedup_bench_algorithm_name: gol-cuda-naive
  validate: 0
  print_validation_diff: 0
  validation_algorithm_name: gol-cuda-naive
  animate_output: 0
  colorful: 0
  random_seed: 42
  tag: 33-work
  state_bits_count: 32
  thread_block_size: 128
  warp_dims_x: 32
  warp_dims_y: 1
  warp_tile_dims_x: 32
  warp_tile_dims_y: 8
  collect_touched_tiles_stats: 0
  streaming_direction: in-x

Loading data...              lexicon with pattern spacefiller[4096, 4096]; spacefiller[4096, 8192]; spacefiller[4096, 12288]; spacefiller[8192, 4096]; spacefiller[8192, 8192]; spacefiller[8192, 12288]; spacefiller[12288, 4096]; spacefiller[12288, 8192]; spacefiller[12288, 12288];
  Data loaded in   111.664 ms

Warming up... 1 / 5
Warming up... 2 / 5
Warming up... 3 / 5
Warming up... 4 / 5
Warming up... 5 / 5


Running experiment...        gol-cuda-local-one-cell-cols-64

Measurement round 1 / 10
Time report:
  set_and_format_input_data:  2201.945853 ms
  initialize_data_structures: 7.523227 ms
  run:                        2075.498081 ms
   performed iters:  10000
   runtime per iter: 0.207550 ms
  finalize_data_structures:   7.633471 ms

Measurement round 2 / 10
Time report:
  set_and_format_input_data:  2210.051609 ms
  initialize_data_structures: 7.615849 ms
  run:                        2075.662847 ms
   performed iters:  10000
   runtime per iter: 0.207566 ms
  finalize_data_structures:   8.059804 ms

Measurement round 3 / 10
Time report:
  set_and_format_input_data:  2201.477077 ms
  initialize_data_structures: 7.527458 ms
  run:                        2075.644187 ms
   performed iters:  10000
   runtime per iter: 0.207564 ms
  finalize_data_structures:   7.667156 ms

Measurement round 4 / 10
Time report:
  set_and_format_input_data:  2208.257987 ms
  initialize_data_structures: 7.519331 ms
  run:                        2075.705822 ms
   performed iters:  10000
   runtime per iter: 0.207571 ms
  finalize_data_structures:   8.073983 ms

Measurement round 5 / 10
Time report:
  set_and_format_input_data:  2208.060230 ms
  initialize_data_structures: 7.494086 ms
  run:                        2075.636403 ms
   performed iters:  10000
   runtime per iter: 0.207564 ms
  finalize_data_structures:   7.663259 ms

Measurement round 6 / 10
Time report:
  set_and_format_input_data:  2211.627802 ms
  initialize_data_structures: 7.639919 ms
  run:                        2075.789602 ms
   performed iters:  10000
   runtime per iter: 0.207579 ms
  finalize_data_structures:   7.641792 ms

Measurement round 7 / 10
Time report:
  set_and_format_input_data:  2203.952887 ms
  initialize_data_structures: 7.563471 ms
  run:                        2075.521715 ms
   performed iters:  10000
   runtime per iter: 0.207552 ms
  finalize_data_structures:   8.057821 ms

Measurement round 8 / 10
Time report:
  set_and_format_input_data:  2208.396795 ms
  initialize_data_structures: 7.518123 ms
  run:                        2075.643973 ms
   performed iters:  10000
   runtime per iter: 0.207564 ms
  finalize_data_structures:   7.610451 ms

Measurement round 9 / 10
Time report:
  set_and_format_input_data:  2206.687553 ms
  initialize_data_structures: 7.539067 ms
  run:                        2075.593007 ms
   performed iters:  10000
   runtime per iter: 0.207559 ms
  finalize_data_structures:   7.655573 ms

Measurement round 10 / 10
Time report:
  set_and_format_input_data:  2208.460567 ms
  initialize_data_structures: 7.518870 ms
  run:                        2075.742276 ms
   performed iters:  10000
   runtime per iter: 0.207574 ms
  finalize_data_structures:   7.609889 ms

exp-3
next-experiment
Hello
Experiment Parameters:
  algorithm_name: gol-cuda-local-one-cell-cols-64
  grid_dimensions: 16384x16384
  iterations: 10000
  base_grid_encoding: char
  max_runtime_seconds: 5000
  warmup_rounds: 5
  measurement_rounds: 10
  data_loader_name: lexicon
  pattern_expression: spacefiller[2340, 2730]; spacefiller[2340, 5460]; spacefiller[2340, 8190]; spacefiller[2340, 10920]; spacefiller[2340, 13650]; spacefiller[4680, 2730]; spacefiller[4680, 5460]; spacefiller[4680, 8190]; spacefiller[4680, 10920]; spacefiller[4680, 13650]; spacefiller[7020, 2730]; spacefiller[7020, 5460]; spacefiller[7020, 8190]; spacefiller[7020, 10920]; spacefiller[7020, 13650]; spacefiller[9360, 2730]; spacefiller[9360, 5460]; spacefiller[9360, 8190]; spacefiller[9360, 10920]; spacefiller[9360, 13650]; spacefiller[11700, 2730]; spacefiller[11700, 5460]; spacefiller[11700, 8190]; spacefiller[11700, 10920]; spacefiller[11700, 13650]; spacefiller[14040, 2730]; spacefiller[14040, 5460]; spacefiller[14040, 8190]; spacefiller[14040, 10920]; spacefiller[14040, 13650];
  measure_speedup: 0
  speedup_bench_algorithm_name: gol-cuda-naive
  validate: 0
  print_validation_diff: 0
  validation_algorithm_name: gol-cuda-naive
  animate_output: 0
  colorful: 0
  random_seed: 42
  tag: 66-work
  state_bits_count: 32
  thread_block_size: 128
  warp_dims_x: 32
  warp_dims_y: 1
  warp_tile_dims_x: 32
  warp_tile_dims_y: 8
  collect_touched_tiles_stats: 0
  streaming_direction: in-x

Loading data...              lexicon with pattern spacefiller[2340, 2730]; spacefiller[2340, 5460]; spacefiller[2340, 8190]; spacefiller[2340, 10920]; spacefiller[2340, 13650]; spacefiller[4680, 2730]; spacefiller[4680, 5460]; spacefiller[4680, 8190]; spacefiller[4680, 10920]; spacefiller[4680, 13650]; spacefiller[7020, 2730]; spacefiller[7020, 5460]; spacefiller[7020, 8190]; spacefiller[7020, 10920]; spacefiller[7020, 13650]; spacefiller[9360, 2730]; spacefiller[9360, 5460]; spacefiller[9360, 8190]; spacefiller[9360, 10920]; spacefiller[9360, 13650]; spacefiller[11700, 2730]; spacefiller[11700, 5460]; spacefiller[11700, 8190]; spacefiller[11700, 10920]; spacefiller[11700, 13650]; spacefiller[14040, 2730]; spacefiller[14040, 5460]; spacefiller[14040, 8190]; spacefiller[14040, 10920]; spacefiller[14040, 13650];
  Data loaded in   113.488 ms

Warming up... 1 / 5
Warming up... 2 / 5
Warming up... 3 / 5
Warming up... 4 / 5
Warming up... 5 / 5


Running experiment...        gol-cuda-local-one-cell-cols-64

Measurement round 1 / 10
Time report:
  set_and_format_input_data:  2232.371646 ms
  initialize_data_structures: 7.653626 ms
  run:                        3223.237678 ms
   performed iters:  10000
   runtime per iter: 0.322324 ms
  finalize_data_structures:   7.755492 ms

Measurement round 2 / 10
Time report:
  set_and_format_input_data:  2206.629359 ms
  initialize_data_structures: 7.619783 ms
  run:                        3223.495081 ms
   performed iters:  10000
   runtime per iter: 0.322350 ms
  finalize_data_structures:   7.744414 ms

Measurement round 3 / 10
Time report:
  set_and_format_input_data:  2228.632121 ms
  initialize_data_structures: 7.652493 ms
  run:                        3223.374673 ms
   performed iters:  10000
   runtime per iter: 0.322337 ms
  finalize_data_structures:   7.751210 ms

Measurement round 4 / 10
Time report:
  set_and_format_input_data:  2203.160244 ms
  initialize_data_structures: 7.621051 ms
  run:                        3223.884134 ms
   performed iters:  10000
   runtime per iter: 0.322388 ms
  finalize_data_structures:   7.764059 ms

Measurement round 5 / 10
Time report:
  set_and_format_input_data:  2233.519073 ms
  initialize_data_structures: 7.642985 ms
  run:                        3229.676573 ms
   performed iters:  10000
   runtime per iter: 0.322968 ms
  finalize_data_structures:   7.714424 ms

Measurement round 6 / 10
Time report:
  set_and_format_input_data:  2198.298832 ms
  initialize_data_structures: 7.739796 ms
  run:                        3230.066376 ms
   performed iters:  10000
   runtime per iter: 0.323007 ms
  finalize_data_structures:   7.749516 ms

Measurement round 7 / 10
Time report:
  set_and_format_input_data:  2235.352341 ms
  initialize_data_structures: 7.649447 ms
  run:                        3230.255108 ms
   performed iters:  10000
   runtime per iter: 0.323026 ms
  finalize_data_structures:   8.137847 ms

Measurement round 8 / 10
Time report:
  set_and_format_input_data:  2199.111373 ms
  initialize_data_structures: 7.613076 ms
  run:                        3230.110715 ms
   performed iters:  10000
   runtime per iter: 0.323011 ms
  finalize_data_structures:   7.716964 ms

Measurement round 9 / 10
Time report:
  set_and_format_input_data:  2234.042534 ms
  initialize_data_structures: 7.649326 ms
  run:                        3229.461242 ms
   performed iters:  10000
   runtime per iter: 0.322946 ms
  finalize_data_structures:   7.740435 ms

Measurement round 10 / 10
Time report:
  set_and_format_input_data:  2198.750009 ms
  initialize_data_structures: 7.605425 ms
  run:                        3229.862777 ms
   performed iters:  10000
   runtime per iter: 0.322986 ms
  finalize_data_structures:   7.740601 ms

exp-4
next-experiment
Hello
Experiment Parameters:
  algorithm_name: gol-cuda-local-one-cell-32--bit-tiles
  grid_dimensions: 16384x16384
  iterations: 10000
  base_grid_encoding: char
  max_runtime_seconds: 5000
  warmup_rounds: 5
  measurement_rounds: 10
  data_loader_name: lexicon
  pattern_expression: spacefiller[4096, 4096]; spacefiller[4096, 8192]; spacefiller[4096, 12288]; spacefiller[8192, 4096]; spacefiller[8192, 8192]; spacefiller[8192, 12288]; spacefiller[12288, 4096]; spacefiller[12288, 8192]; spacefiller[12288, 12288];
  measure_speedup: 0
  speedup_bench_algorithm_name: gol-cuda-naive
  validate: 0
  print_validation_diff: 0
  validation_algorithm_name: gol-cuda-naive
  animate_output: 0
  colorful: 0
  random_seed: 42
  tag: 33-work
  state_bits_count: 32
  thread_block_size: 256
  warp_dims_x: 32
  warp_dims_y: 1
  warp_tile_dims_x: 32
  warp_tile_dims_y: 8
  collect_touched_tiles_stats: 0
  streaming_direction: in-x

Loading data...              lexicon with pattern spacefiller[4096, 4096]; spacefiller[4096, 8192]; spacefiller[4096, 12288]; spacefiller[8192, 4096]; spacefiller[8192, 8192]; spacefiller[8192, 12288]; spacefiller[12288, 4096]; spacefiller[12288, 8192]; spacefiller[12288, 12288];
  Data loaded in   111.4 ms

Warming up... 1 / 5
Warming up... 2 / 5
Warming up... 3 / 5
Warming up... 4 / 5
Warming up... 5 / 5


Running experiment...        gol-cuda-local-one-cell-32--bit-tiles

Measurement round 1 / 10
Time report:
  set_and_format_input_data:  2555.743717 ms
  initialize_data_structures: 7.255567 ms
  run:                        2612.777369 ms
   performed iters:  10000
   runtime per iter: 0.261278 ms
  finalize_data_structures:   6.488148 ms

Measurement round 2 / 10
Time report:
  set_and_format_input_data:  2573.810702 ms
  initialize_data_structures: 7.229142 ms
  run:                        2612.742675 ms
   performed iters:  10000
   runtime per iter: 0.261274 ms
  finalize_data_structures:   6.440665 ms

Measurement round 3 / 10
Time report:
  set_and_format_input_data:  2558.215795 ms
  initialize_data_structures: 7.326368 ms
  run:                        2612.629762 ms
   performed iters:  10000
   runtime per iter: 0.261263 ms
  finalize_data_structures:   6.512078 ms

Measurement round 4 / 10
Time report:
  set_and_format_input_data:  2568.218217 ms
  initialize_data_structures: 7.252342 ms
  run:                        2612.786346 ms
   performed iters:  10000
   runtime per iter: 0.261279 ms
  finalize_data_structures:   6.437281 ms

Measurement round 5 / 10
Time report:
  set_and_format_input_data:  2550.842069 ms
  initialize_data_structures: 7.251744 ms
  run:                        2612.818630 ms
   performed iters:  10000
   runtime per iter: 0.261282 ms
  finalize_data_structures:   6.864353 ms

Measurement round 6 / 10
Time report:
  set_and_format_input_data:  2580.123544 ms
  initialize_data_structures: 7.282832 ms
  run:                        2612.688996 ms
   performed iters:  10000
   runtime per iter: 0.261269 ms
  finalize_data_structures:   6.453672 ms

Measurement round 7 / 10
Time report:
  set_and_format_input_data:  2559.740623 ms
  initialize_data_structures: 7.284135 ms
  run:                        2612.686877 ms
   performed iters:  10000
   runtime per iter: 0.261269 ms
  finalize_data_structures:   6.514782 ms

Measurement round 8 / 10
Time report:
  set_and_format_input_data:  2550.263097 ms
  initialize_data_structures: 7.261841 ms
  run:                        2612.670043 ms
   performed iters:  10000
   runtime per iter: 0.261267 ms
  finalize_data_structures:   6.830906 ms

Measurement round 9 / 10
Time report:
  set_and_format_input_data:  2563.505868 ms
  initialize_data_structures: 7.295126 ms
  run:                        2612.662427 ms
   performed iters:  10000
   runtime per iter: 0.261266 ms
  finalize_data_structures:   6.463968 ms

Measurement round 10 / 10
Time report:
  set_and_format_input_data:  2553.008020 ms
  initialize_data_structures: 7.282823 ms
  run:                        2612.673349 ms
   performed iters:  10000
   runtime per iter: 0.261267 ms
  finalize_data_structures:   6.454212 ms

exp-5
next-experiment
Hello
Experiment Parameters:
  algorithm_name: gol-cuda-local-one-cell-32--bit-tiles
  grid_dimensions: 16384x16384
  iterations: 10000
  base_grid_encoding: char
  max_runtime_seconds: 5000
  warmup_rounds: 5
  measurement_rounds: 10
  data_loader_name: lexicon
  pattern_expression: spacefiller[2340, 2730]; spacefiller[2340, 5460]; spacefiller[2340, 8190]; spacefiller[2340, 10920]; spacefiller[2340, 13650]; spacefiller[4680, 2730]; spacefiller[4680, 5460]; spacefiller[4680, 8190]; spacefiller[4680, 10920]; spacefiller[4680, 13650]; spacefiller[7020, 2730]; spacefiller[7020, 5460]; spacefiller[7020, 8190]; spacefiller[7020, 10920]; spacefiller[7020, 13650]; spacefiller[9360, 2730]; spacefiller[9360, 5460]; spacefiller[9360, 8190]; spacefiller[9360, 10920]; spacefiller[9360, 13650]; spacefiller[11700, 2730]; spacefiller[11700, 5460]; spacefiller[11700, 8190]; spacefiller[11700, 10920]; spacefiller[11700, 13650]; spacefiller[14040, 2730]; spacefiller[14040, 5460]; spacefiller[14040, 8190]; spacefiller[14040, 10920]; spacefiller[14040, 13650];
  measure_speedup: 0
  speedup_bench_algorithm_name: gol-cuda-naive
  validate: 0
  print_validation_diff: 0
  validation_algorithm_name: gol-cuda-naive
  animate_output: 0
  colorful: 0
  random_seed: 42
  tag: 66-work
  state_bits_count: 32
  thread_block_size: 256
  warp_dims_x: 32
  warp_dims_y: 1
  warp_tile_dims_x: 32
  warp_tile_dims_y: 8
  collect_touched_tiles_stats: 0
  streaming_direction: in-x

Loading data...              lexicon with pattern spacefiller[2340, 2730]; spacefiller[2340, 5460]; spacefiller[2340, 8190]; spacefiller[2340, 10920]; spacefiller[2340, 13650]; spacefiller[4680, 2730]; spacefiller[4680, 5460]; spacefiller[4680, 8190]; spacefiller[4680, 10920]; spacefiller[4680, 13650]; spacefiller[7020, 2730]; spacefiller[7020, 5460]; spacefiller[7020, 8190]; spacefiller[7020, 10920]; spacefiller[7020, 13650]; spacefiller[9360, 2730]; spacefiller[9360, 5460]; spacefiller[9360, 8190]; spacefiller[9360, 10920]; spacefiller[9360, 13650]; spacefiller[11700, 2730]; spacefiller[11700, 5460]; spacefiller[11700, 8190]; spacefiller[11700, 10920]; spacefiller[11700, 13650]; spacefiller[14040, 2730]; spacefiller[14040, 5460]; spacefiller[14040, 8190]; spacefiller[14040, 10920]; spacefiller[14040, 13650];
  Data loaded in   112.823 ms

Warming up... 1 / 5
Warming up... 2 / 5
Warming up... 3 / 5
Warming up... 4 / 5
Warming up... 5 / 5


Running experiment...        gol-cuda-local-one-cell-32--bit-tiles

Measurement round 1 / 10
Time report:
  set_and_format_input_data:  2551.935048 ms
  initialize_data_structures: 7.383178 ms
  run:                        3180.070093 ms
   performed iters:  10000
   runtime per iter: 0.318007 ms
  finalize_data_structures:   6.490321 ms

Measurement round 2 / 10
Time report:
  set_and_format_input_data:  2550.560486 ms
  initialize_data_structures: 7.315383 ms
  run:                        3180.072926 ms
   performed iters:  10000
   runtime per iter: 0.318007 ms
  finalize_data_structures:   6.524968 ms

Measurement round 3 / 10
Time report:
  set_and_format_input_data:  2567.369743 ms
  initialize_data_structures: 7.410776 ms
  run:                        3179.917510 ms
   performed iters:  10000
   runtime per iter: 0.317992 ms
  finalize_data_structures:   6.512645 ms

Measurement round 4 / 10
Time report:
  set_and_format_input_data:  2549.999374 ms
  initialize_data_structures: 7.295023 ms
  run:                        3179.968480 ms
   performed iters:  10000
   runtime per iter: 0.317997 ms
  finalize_data_structures:   7.013301 ms

Measurement round 5 / 10
Time report:
  set_and_format_input_data:  2556.914528 ms
  initialize_data_structures: 7.259265 ms
  run:                        3179.979826 ms
   performed iters:  10000
   runtime per iter: 0.317998 ms
  finalize_data_structures:   6.493103 ms

Measurement round 6 / 10
Time report:
  set_and_format_input_data:  2553.018959 ms
  initialize_data_structures: 7.311782 ms
  run:                        3179.930922 ms
   performed iters:  10000
   runtime per iter: 0.317993 ms
  finalize_data_structures:   6.486311 ms

Measurement round 7 / 10
Time report:
  set_and_format_input_data:  2550.014857 ms
  initialize_data_structures: 7.296665 ms
  run:                        3179.680268 ms
   performed iters:  10000
   runtime per iter: 0.317968 ms
  finalize_data_structures:   6.495421 ms

Measurement round 8 / 10
Time report:
  set_and_format_input_data:  2554.688098 ms
  initialize_data_structures: 7.262638 ms
  run:                        3179.683062 ms
   performed iters:  10000
   runtime per iter: 0.317968 ms
  finalize_data_structures:   6.517649 ms

Measurement round 9 / 10
Time report:
  set_and_format_input_data:  2552.070004 ms
  initialize_data_structures: 7.257676 ms
  run:                        3179.745114 ms
   performed iters:  10000
   runtime per iter: 0.317975 ms
  finalize_data_structures:   6.468285 ms

Measurement round 10 / 10
Time report:
  set_and_format_input_data:  2551.028657 ms
  initialize_data_structures: 7.290359 ms
  run:                        3179.805224 ms
   performed iters:  10000
   runtime per iter: 0.317981 ms
  finalize_data_structures:   6.912099 ms

exp-6
next-experiment
Hello
Experiment Parameters:
  algorithm_name: gol-cuda-local-one-cell-64--bit-tiles
  grid_dimensions: 16384x16384
  iterations: 10000
  base_grid_encoding: char
  max_runtime_seconds: 5000
  warmup_rounds: 5
  measurement_rounds: 10
  data_loader_name: lexicon
  pattern_expression: spacefiller[2340, 2730]; spacefiller[2340, 5460]; spacefiller[2340, 8190]; spacefiller[2340, 10920]; spacefiller[2340, 13650]; spacefiller[4680, 2730]; spacefiller[4680, 5460]; spacefiller[4680, 8190]; spacefiller[4680, 10920]; spacefiller[4680, 13650]; spacefiller[7020, 2730]; spacefiller[7020, 5460]; spacefiller[7020, 8190]; spacefiller[7020, 10920]; spacefiller[7020, 13650]; spacefiller[9360, 2730]; spacefiller[9360, 5460]; spacefiller[9360, 8190]; spacefiller[9360, 10920]; spacefiller[9360, 13650]; spacefiller[11700, 2730]; spacefiller[11700, 5460]; spacefiller[11700, 8190]; spacefiller[11700, 10920]; spacefiller[11700, 13650]; spacefiller[14040, 2730]; spacefiller[14040, 5460]; spacefiller[14040, 8190]; spacefiller[14040, 10920]; spacefiller[14040, 13650];
  measure_speedup: 0
  speedup_bench_algorithm_name: gol-cuda-naive
  validate: 0
  print_validation_diff: 0
  validation_algorithm_name: gol-cuda-naive
  animate_output: 0
  colorful: 0
  random_seed: 42
  tag: 66-work
  state_bits_count: 32
  thread_block_size: 128
  warp_dims_x: 32
  warp_dims_y: 1
  warp_tile_dims_x: 32
  warp_tile_dims_y: 8
  collect_touched_tiles_stats: 0
  streaming_direction: in-x

Loading data...              lexicon with pattern spacefiller[2340, 2730]; spacefiller[2340, 5460]; spacefiller[2340, 8190]; spacefiller[2340, 10920]; spacefiller[2340, 13650]; spacefiller[4680, 2730]; spacefiller[4680, 5460]; spacefiller[4680, 8190]; spacefiller[4680, 10920]; spacefiller[4680, 13650]; spacefiller[7020, 2730]; spacefiller[7020, 5460]; spacefiller[7020, 8190]; spacefiller[7020, 10920]; spacefiller[7020, 13650]; spacefiller[9360, 2730]; spacefiller[9360, 5460]; spacefiller[9360, 8190]; spacefiller[9360, 10920]; spacefiller[9360, 13650]; spacefiller[11700, 2730]; spacefiller[11700, 5460]; spacefiller[11700, 8190]; spacefiller[11700, 10920]; spacefiller[11700, 13650]; spacefiller[14040, 2730]; spacefiller[14040, 5460]; spacefiller[14040, 8190]; spacefiller[14040, 10920]; spacefiller[14040, 13650];
  Data loaded in   113.427 ms

Warming up... 1 / 5
Warming up... 2 / 5
Warming up... 3 / 5
Warming up... 4 / 5
Warming up... 5 / 5


Running experiment...        gol-cuda-local-one-cell-64--bit-tiles

Measurement round 1 / 10
Time report:
  set_and_format_input_data:  2462.777898 ms
  initialize_data_structures: 7.378720 ms
  run:                        2470.341609 ms
   performed iters:  10000
   runtime per iter: 0.247034 ms
  finalize_data_structures:   6.869128 ms

Measurement round 2 / 10
Time report:
  set_and_format_input_data:  2466.487238 ms
  initialize_data_structures: 7.273576 ms
  run:                        2470.151072 ms
   performed iters:  10000
   runtime per iter: 0.247015 ms
  finalize_data_structures:   6.945962 ms

Measurement round 3 / 10
Time report:
  set_and_format_input_data:  2463.586859 ms
  initialize_data_structures: 7.253993 ms
  run:                        2470.406721 ms
   performed iters:  10000
   runtime per iter: 0.247041 ms
  finalize_data_structures:   6.938420 ms

Measurement round 4 / 10
Time report:
  set_and_format_input_data:  2463.491609 ms
  initialize_data_structures: 7.274445 ms
  run:                        2470.005416 ms
   performed iters:  10000
   runtime per iter: 0.247001 ms
  finalize_data_structures:   6.875515 ms

Measurement round 5 / 10
Time report:
  set_and_format_input_data:  2463.323543 ms
  initialize_data_structures: 7.262533 ms
  run:                        2469.935477 ms
   performed iters:  10000
   runtime per iter: 0.246994 ms
  finalize_data_structures:   6.514849 ms

Measurement round 6 / 10
Time report:
  set_and_format_input_data:  2463.793854 ms
  initialize_data_structures: 7.298705 ms
  run:                        2469.879054 ms
   performed iters:  10000
   runtime per iter: 0.246988 ms
  finalize_data_structures:   6.502075 ms

Measurement round 7 / 10
Time report:
  set_and_format_input_data:  2463.137576 ms
  initialize_data_structures: 7.263613 ms
  run:                        2470.021444 ms
   performed iters:  10000
   runtime per iter: 0.247002 ms
  finalize_data_structures:   6.476720 ms

Measurement round 8 / 10
Time report:
  set_and_format_input_data:  2462.897941 ms
  initialize_data_structures: 7.268672 ms
  run:                        2470.042015 ms
   performed iters:  10000
   runtime per iter: 0.247004 ms
  finalize_data_structures:   6.471101 ms

Measurement round 9 / 10
Time report:
  set_and_format_input_data:  2464.195131 ms
  initialize_data_structures: 7.427434 ms
  run:                        2470.111455 ms
   performed iters:  10000
   runtime per iter: 0.247011 ms
  finalize_data_structures:   6.544189 ms

Measurement round 10 / 10
Time report:
  set_and_format_input_data:  2463.176341 ms
  initialize_data_structures: 9.365630 ms
  run:                        2470.086479 ms
   performed iters:  10000
   runtime per iter: 0.247009 ms
  finalize_data_structures:   6.446977 ms

exp-7
next-experiment
Hello
Experiment Parameters:
  algorithm_name: gol-cuda-local-one-cell-64--bit-tiles
  grid_dimensions: 16384x16384
  iterations: 10000
  base_grid_encoding: char
  max_runtime_seconds: 5000
  warmup_rounds: 5
  measurement_rounds: 10
  data_loader_name: lexicon
  pattern_expression: spacefiller[4096, 4096]; spacefiller[4096, 8192]; spacefiller[4096, 12288]; spacefiller[8192, 4096]; spacefiller[8192, 8192]; spacefiller[8192, 12288]; spacefiller[12288, 4096]; spacefiller[12288, 8192]; spacefiller[12288, 12288];
  measure_speedup: 0
  speedup_bench_algorithm_name: gol-cuda-naive
  validate: 0
  print_validation_diff: 0
  validation_algorithm_name: gol-cuda-naive
  animate_output: 0
  colorful: 0
  random_seed: 42
  tag: 33-work
  state_bits_count: 32
  thread_block_size: 128
  warp_dims_x: 32
  warp_dims_y: 1
  warp_tile_dims_x: 32
  warp_tile_dims_y: 8
  collect_touched_tiles_stats: 0
  streaming_direction: in-x

Loading data...              lexicon with pattern spacefiller[4096, 4096]; spacefiller[4096, 8192]; spacefiller[4096, 12288]; spacefiller[8192, 4096]; spacefiller[8192, 8192]; spacefiller[8192, 12288]; spacefiller[12288, 4096]; spacefiller[12288, 8192]; spacefiller[12288, 12288];
  Data loaded in   112.428 ms

Warming up... 1 / 5
Warming up... 2 / 5
Warming up... 3 / 5
Warming up... 4 / 5
Warming up... 5 / 5


Running experiment...        gol-cuda-local-one-cell-64--bit-tiles

Measurement round 1 / 10
Time report:
  set_and_format_input_data:  2462.633107 ms
  initialize_data_structures: 7.385059 ms
  run:                        1800.515204 ms
   performed iters:  10000
   runtime per iter: 0.180052 ms
  finalize_data_structures:   6.561794 ms

Measurement round 2 / 10
Time report:
  set_and_format_input_data:  2463.537288 ms
  initialize_data_structures: 7.359728 ms
  run:                        1800.521593 ms
   performed iters:  10000
   runtime per iter: 0.180052 ms
  finalize_data_structures:   7.055902 ms

Measurement round 3 / 10
Time report:
  set_and_format_input_data:  2464.602556 ms
  initialize_data_structures: 7.434898 ms
  run:                        1800.636179 ms
   performed iters:  10000
   runtime per iter: 0.180064 ms
  finalize_data_structures:   6.565479 ms

Measurement round 4 / 10
Time report:
  set_and_format_input_data:  2463.127015 ms
  initialize_data_structures: 7.360502 ms
  run:                        1800.629887 ms
   performed iters:  10000
   runtime per iter: 0.180063 ms
  finalize_data_structures:   6.996800 ms

Measurement round 5 / 10
Time report:
  set_and_format_input_data:  2462.543081 ms
  initialize_data_structures: 7.350672 ms
  run:                        1800.690709 ms
   performed iters:  10000
   runtime per iter: 0.180069 ms
  finalize_data_structures:   6.631727 ms

Measurement round 6 / 10
Time report:
  set_and_format_input_data:  2463.477801 ms
  initialize_data_structures: 7.363395 ms
  run:                        1800.686158 ms
   performed iters:  10000
   runtime per iter: 0.180069 ms
  finalize_data_structures:   6.557758 ms

Measurement round 7 / 10
Time report:
  set_and_format_input_data:  2462.831717 ms
  initialize_data_structures: 7.345221 ms
  run:                        1800.563944 ms
   performed iters:  10000
   runtime per iter: 0.180056 ms
  finalize_data_structures:   7.008651 ms

Measurement round 8 / 10
Time report:
  set_and_format_input_data:  2463.420060 ms
  initialize_data_structures: 7.461560 ms
  run:                        1800.448529 ms
   performed iters:  10000
   runtime per iter: 0.180045 ms
  finalize_data_structures:   6.549766 ms

Measurement round 9 / 10
Time report:
  set_and_format_input_data:  2463.078857 ms
  initialize_data_structures: 7.364566 ms
  run:                        1800.529306 ms
   performed iters:  10000
   runtime per iter: 0.180053 ms
  finalize_data_structures:   6.544666 ms

Measurement round 10 / 10
Time report:
  set_and_format_input_data:  2463.073376 ms
  initialize_data_structures: 7.431453 ms
  run:                        1800.711729 ms
   performed iters:  10000
   runtime per iter: 0.180071 ms
  finalize_data_structures:   6.561378 ms

