Starting job 142889
Node:  ampere01
SCRIPT_TEMPLATE: ./hyper-params-measurements/_scripts/rel-work
WORKER_ID: 3
SCRIPT: ./hyper-params-measurements/_scripts/rel-work--part_3.sh
exp-15
next-experiment
Hello
Experiment Parameters:
  algorithm_name: eff-baseline
  grid_dimensions: 16384x16384
  iterations: 100000
  base_grid_encoding: char
  max_runtime_seconds: 5
  warmup_rounds: 1
  measurement_rounds: 3
  data_loader_name: lexicon
  pattern_expression: spacefiller[8192,8192]
  measure_speedup: 0
  speedup_bench_algorithm_name: gol-cuda-naive
  validate: 0
  print_validation_diff: 0
  validation_algorithm_name: gol-cuda-naive
  animate_output: 0
  colorful: 0
  random_seed: 42
  tag: 
  state_bits_count: 32
  thread_block_size: 32
  warp_dims_x: 32
  warp_dims_y: 1
  warp_tile_dims_x: 32
  warp_tile_dims_y: 8
  streaming_direction: in-x

Loading data...              lexicon with pattern spacefiller[8192,8192]
  Data loaded in   59.5704 ms

Warming up... 1 / 1


Running experiment...        eff-baseline

Measurement round 1 / 3
Time report:
  set_and_format_input_data:  14288.692964 ms
  initialize_data_structures: 43.645538 ms
  run:                        7781.837144 ms
   performed iters:  2859
   runtime per iter: 2.721874 ms
  finalize_data_structures:   45.511194 ms

Measurement round 2 / 3
Time report:
  set_and_format_input_data:  14265.171668 ms
  initialize_data_structures: 43.656595 ms
  run:                        7782.070668 ms
   performed iters:  2859
   runtime per iter: 2.721955 ms
  finalize_data_structures:   45.491083 ms

Measurement round 3 / 3
Time report:
  set_and_format_input_data:  14284.913630 ms
  initialize_data_structures: 43.692660 ms
  run:                        7786.626803 ms
   performed iters:  2858
   runtime per iter: 2.724502 ms
  finalize_data_structures:   45.566027 ms

exp-16
next-experiment
Hello
Experiment Parameters:
  algorithm_name: eff-baseline-shm
  grid_dimensions: 16384x16384
  iterations: 100000
  base_grid_encoding: char
  max_runtime_seconds: 5
  warmup_rounds: 1
  measurement_rounds: 3
  data_loader_name: lexicon
  pattern_expression: spacefiller[8192,8192]
  measure_speedup: 0
  speedup_bench_algorithm_name: gol-cuda-naive
  validate: 0
  print_validation_diff: 0
  validation_algorithm_name: gol-cuda-naive
  animate_output: 0
  colorful: 0
  random_seed: 42
  tag: 
  state_bits_count: 32
  thread_block_size: 64
  warp_dims_x: 32
  warp_dims_y: 1
  warp_tile_dims_x: 32
  warp_tile_dims_y: 8
  streaming_direction: in-x

Loading data...              lexicon with pattern spacefiller[8192,8192]
  Data loaded in   59.6196 ms

Warming up... 1 / 1


Running experiment...        eff-baseline-shm

Measurement round 1 / 3
Time report:
  set_and_format_input_data:  14283.502885 ms
  initialize_data_structures: 43.801866 ms
  run:                        9038.277528 ms
   performed iters:  2289
   runtime per iter: 3.948570 ms
  finalize_data_structures:   45.548210 ms

Measurement round 2 / 3
Time report:
  set_and_format_input_data:  14286.867038 ms
  initialize_data_structures: 43.756147 ms
  run:                        9038.273381 ms
   performed iters:  2289
   runtime per iter: 3.948569 ms
  finalize_data_structures:   45.519637 ms

Measurement round 3 / 3
Time report:
  set_and_format_input_data:  14291.339094 ms
  initialize_data_structures: 43.794144 ms
  run:                        9038.277177 ms
   performed iters:  2289
   runtime per iter: 3.948570 ms
  finalize_data_structures:   45.477713 ms

exp-17
next-experiment
Hello
Experiment Parameters:
  algorithm_name: eff-baseline-shm
  grid_dimensions: 16384x16384
  iterations: 100000
  base_grid_encoding: char
  max_runtime_seconds: 5
  warmup_rounds: 1
  measurement_rounds: 3
  data_loader_name: lexicon
  pattern_expression: spacefiller[8192,8192]
  measure_speedup: 0
  speedup_bench_algorithm_name: gol-cuda-naive
  validate: 0
  print_validation_diff: 0
  validation_algorithm_name: gol-cuda-naive
  animate_output: 0
  colorful: 0
  random_seed: 42
  tag: 
  state_bits_count: 32
  thread_block_size: 512
  warp_dims_x: 32
  warp_dims_y: 1
  warp_tile_dims_x: 32
  warp_tile_dims_y: 8
  streaming_direction: in-x

Loading data...              lexicon with pattern spacefiller[8192,8192]
  Data loaded in   59.6851 ms

Warming up... 1 / 1
terminate called after throwing an instance of 'std::runtime_error'
  what():  Only square thread blocks are supported
./internal-scripts/run-one-exp.sh: line 49: 3145476 Aborted                 (core dumped) $EXECUTABLE --algorithm="$ALGORITHM" --grid-dimensions-x="$GRID_DIMENSIONS_X" --grid-dimensions-y="$GRID_DIMENSIONS_Y" --iterations="$ITERATIONS" --max-runtime-seconds="$MAX_RUNTIME_SECONDS" --warmup-rounds="$WARMUP_ROUNDS" --measurement-rounds="$MEASUREMENT_ROUNDS" --data-loader="$DATA_LOADER_NAME" --pattern-expression="$PATTERN_EXPRESSION" --measure-speedup="$MEASURE_SPEEDUP" --speedup-bench-algorithm="$SPEEDUP_BENCH_ALGORITHM_NAME" --validate="$VALIDATE" --print-validation-diff="$PRINT_VALIDATION_DIFF" --validation-algorithm="$VALIDATION_ALGORITHM_NAME" --animate-output="$ANIMATE_OUTPUT" --colorful="$COLORFUL" --random-seed="$RANDOM_SEED" --thread-block-size="$THREAD_BLOCK_SIZE" --warp-dims-x="$WARP_DIMS_X" --warp-dims-y="$WARP_DIMS_Y" --warp-tile-dims-x="$WARP_TILE_DIMS_X" --warp-tile-dims-y="$WARP_TILE_DIMS_Y" --streaming-direction="$STREAMING_DIRECTION" --state-bits-count="$STATE_BITS_COUNT" --base-grid-encoding="$BASE_GRID_ENCODING" --tag="$TAG"
exp-18
next-experiment
Hello
Experiment Parameters:
  algorithm_name: eff-baseline-texture
  grid_dimensions: 16384x16384
  iterations: 100000
  base_grid_encoding: char
  max_runtime_seconds: 5
  warmup_rounds: 1
  measurement_rounds: 3
  data_loader_name: lexicon
  pattern_expression: spacefiller[8192,8192]
  measure_speedup: 0
  speedup_bench_algorithm_name: gol-cuda-naive
  validate: 0
  print_validation_diff: 0
  validation_algorithm_name: gol-cuda-naive
  animate_output: 0
  colorful: 0
  random_seed: 42
  tag: 
  state_bits_count: 32
  thread_block_size: 1024
  warp_dims_x: 32
  warp_dims_y: 1
  warp_tile_dims_x: 32
  warp_tile_dims_y: 8
  streaming_direction: in-x

Loading data...              lexicon with pattern spacefiller[8192,8192]
  Data loaded in   59.6591 ms

Warming up... 1 / 1
terminate called after throwing an instance of 'std::runtime_error'
  what():  Unsupported grid cell type
./internal-scripts/run-one-exp.sh: line 49: 3145490 Aborted                 (core dumped) $EXECUTABLE --algorithm="$ALGORITHM" --grid-dimensions-x="$GRID_DIMENSIONS_X" --grid-dimensions-y="$GRID_DIMENSIONS_Y" --iterations="$ITERATIONS" --max-runtime-seconds="$MAX_RUNTIME_SECONDS" --warmup-rounds="$WARMUP_ROUNDS" --measurement-rounds="$MEASUREMENT_ROUNDS" --data-loader="$DATA_LOADER_NAME" --pattern-expression="$PATTERN_EXPRESSION" --measure-speedup="$MEASURE_SPEEDUP" --speedup-bench-algorithm="$SPEEDUP_BENCH_ALGORITHM_NAME" --validate="$VALIDATE" --print-validation-diff="$PRINT_VALIDATION_DIFF" --validation-algorithm="$VALIDATION_ALGORITHM_NAME" --animate-output="$ANIMATE_OUTPUT" --colorful="$COLORFUL" --random-seed="$RANDOM_SEED" --thread-block-size="$THREAD_BLOCK_SIZE" --warp-dims-x="$WARP_DIMS_X" --warp-dims-y="$WARP_DIMS_Y" --warp-tile-dims-x="$WARP_TILE_DIMS_X" --warp-tile-dims-y="$WARP_TILE_DIMS_Y" --streaming-direction="$STREAMING_DIRECTION" --state-bits-count="$STATE_BITS_COUNT" --base-grid-encoding="$BASE_GRID_ENCODING" --tag="$TAG"
exp-19
next-experiment
Hello
Experiment Parameters:
  algorithm_name: eff-sota-packed-32
  grid_dimensions: 16384x16384
  iterations: 100000
  base_grid_encoding: char
  max_runtime_seconds: 5
  warmup_rounds: 1
  measurement_rounds: 3
  data_loader_name: lexicon
  pattern_expression: spacefiller[8192,8192]
  measure_speedup: 0
  speedup_bench_algorithm_name: gol-cuda-naive
  validate: 0
  print_validation_diff: 0
  validation_algorithm_name: gol-cuda-naive
  animate_output: 0
  colorful: 0
  random_seed: 42
  tag: 
  state_bits_count: 32
  thread_block_size: 1024
  warp_dims_x: 32
  warp_dims_y: 1
  warp_tile_dims_x: 32
  warp_tile_dims_y: 8
  streaming_direction: in-x

Loading data...              lexicon with pattern spacefiller[8192,8192]
  Data loaded in   59.6755 ms

Warming up... 1 / 1


Running experiment...        eff-sota-packed-32

Measurement round 1 / 3
Time report:
  set_and_format_input_data:  14334.834835 ms
  initialize_data_structures: 11.331450 ms
  run:                        5682.061351 ms
   performed iters:  8521
   runtime per iter: 0.666830 ms
  finalize_data_structures:   14.159428 ms

Measurement round 2 / 3
Time report:
  set_and_format_input_data:  14297.476021 ms
  initialize_data_structures: 11.353234 ms
  run:                        5681.878122 ms
   performed iters:  8521
   runtime per iter: 0.666809 ms
  finalize_data_structures:   15.159378 ms

Measurement round 3 / 3
Time report:
  set_and_format_input_data:  14303.591585 ms
  initialize_data_structures: 11.326203 ms
  run:                        5682.142735 ms
   performed iters:  8521
   runtime per iter: 0.666840 ms
  finalize_data_structures:   14.124835 ms

exp-20
next-experiment
Hello
Experiment Parameters:
  algorithm_name: eff-sota-packed-32
  grid_dimensions: 16384x16384
  iterations: 100000
  base_grid_encoding: char
  max_runtime_seconds: 5
  warmup_rounds: 1
  measurement_rounds: 3
  data_loader_name: lexicon
  pattern_expression: spacefiller[8192,8192]
  measure_speedup: 0
  speedup_bench_algorithm_name: gol-cuda-naive
  validate: 0
  print_validation_diff: 0
  validation_algorithm_name: gol-cuda-naive
  animate_output: 0
  colorful: 0
  random_seed: 42
  tag: 
  state_bits_count: 32
  thread_block_size: 64
  warp_dims_x: 32
  warp_dims_y: 1
  warp_tile_dims_x: 32
  warp_tile_dims_y: 8
  streaming_direction: in-x

Loading data...              lexicon with pattern spacefiller[8192,8192]
  Data loaded in   59.7176 ms

Warming up... 1 / 1


Running experiment...        eff-sota-packed-32

Measurement round 1 / 3
Time report:
  set_and_format_input_data:  14313.859399 ms
  initialize_data_structures: 11.348025 ms
  run:                        5699.153857 ms
   performed iters:  8332
   runtime per iter: 0.684008 ms
  finalize_data_structures:   15.133068 ms

Measurement round 2 / 3
Time report:
  set_and_format_input_data:  14306.316295 ms
  initialize_data_structures: 11.324049 ms
  run:                        5698.956967 ms
   performed iters:  8335
   runtime per iter: 0.683738 ms
  finalize_data_structures:   14.065305 ms

Measurement round 3 / 3
Time report:
  set_and_format_input_data:  14310.548516 ms
  initialize_data_structures: 11.363459 ms
  run:                        5699.473692 ms
   performed iters:  8332
   runtime per iter: 0.684046 ms
  finalize_data_structures:   15.145727 ms

exp-21
next-experiment
Hello
Experiment Parameters:
  algorithm_name: eff-sota-packed-64
  grid_dimensions: 16384x16384
  iterations: 100000
  base_grid_encoding: char
  max_runtime_seconds: 5
  warmup_rounds: 1
  measurement_rounds: 3
  data_loader_name: lexicon
  pattern_expression: spacefiller[8192,8192]
  measure_speedup: 0
  speedup_bench_algorithm_name: gol-cuda-naive
  validate: 0
  print_validation_diff: 0
  validation_algorithm_name: gol-cuda-naive
  animate_output: 0
  colorful: 0
  random_seed: 42
  tag: 
  state_bits_count: 32
  thread_block_size: 256
  warp_dims_x: 32
  warp_dims_y: 1
  warp_tile_dims_x: 32
  warp_tile_dims_y: 8
  streaming_direction: in-x

Loading data...              lexicon with pattern spacefiller[8192,8192]
  Data loaded in   60.445 ms

Warming up... 1 / 1


Running experiment...        eff-sota-packed-64

Measurement round 1 / 3
Time report:
  set_and_format_input_data:  13908.955012 ms
  initialize_data_structures: 11.369539 ms
  run:                        5713.395400 ms
   performed iters:  8188
   runtime per iter: 0.697777 ms
  finalize_data_structures:   15.201512 ms

Measurement round 2 / 3
Time report:
  set_and_format_input_data:  13912.188946 ms
  initialize_data_structures: 11.383409 ms
  run:                        5713.393687 ms
   performed iters:  8190
   runtime per iter: 0.697606 ms
  finalize_data_structures:   14.174801 ms

Measurement round 3 / 3
Time report:
  set_and_format_input_data:  13905.895243 ms
  initialize_data_structures: 11.413305 ms
  run:                        5713.148104 ms
   performed iters:  8191
   runtime per iter: 0.697491 ms
  finalize_data_structures:   14.147119 ms

