Starting job 142890
Node:  ampere01
SCRIPT_TEMPLATE: ./hyper-params-measurements/_scripts/rel-work
WORKER_ID: 4
SCRIPT: ./hyper-params-measurements/_scripts/rel-work--part_4.sh
exp-22
next-experiment
Hello
Experiment Parameters:
  algorithm_name: eff-baseline
  grid_dimensions: 16384x16384
  iterations: 100000
  base_grid_encoding: char
  max_runtime_seconds: 5
  warmup_rounds: 1
  measurement_rounds: 3
  data_loader_name: lexicon
  pattern_expression: spacefiller[8192,8192]
  measure_speedup: 0
  speedup_bench_algorithm_name: gol-cuda-naive
  validate: 0
  print_validation_diff: 0
  validation_algorithm_name: gol-cuda-naive
  animate_output: 0
  colorful: 0
  random_seed: 42
  tag: 
  state_bits_count: 32
  thread_block_size: 1024
  warp_dims_x: 32
  warp_dims_y: 1
  warp_tile_dims_x: 32
  warp_tile_dims_y: 8
  streaming_direction: in-x

Loading data...              lexicon with pattern spacefiller[8192,8192]
  Data loaded in   59.6607 ms

Warming up... 1 / 1


Running experiment...        eff-baseline

Measurement round 1 / 3
Time report:
  set_and_format_input_data:  14277.273019 ms
  initialize_data_structures: 43.536103 ms
  run:                        7698.912882 ms
   performed iters:  2918
   runtime per iter: 2.638421 ms
  finalize_data_structures:   45.529442 ms

Measurement round 2 / 3
Time report:
  set_and_format_input_data:  14276.482227 ms
  initialize_data_structures: 43.574291 ms
  run:                        7698.965633 ms
   performed iters:  2918
   runtime per iter: 2.638439 ms
  finalize_data_structures:   46.689824 ms

Measurement round 3 / 3
Time report:
  set_and_format_input_data:  14253.859828 ms
  initialize_data_structures: 43.600119 ms
  run:                        7699.030852 ms
   performed iters:  2918
   runtime per iter: 2.638462 ms
  finalize_data_structures:   45.531004 ms

exp-23
next-experiment
Hello
Experiment Parameters:
  algorithm_name: eff-baseline-shm
  grid_dimensions: 16384x16384
  iterations: 100000
  base_grid_encoding: char
  max_runtime_seconds: 5
  warmup_rounds: 1
  measurement_rounds: 3
  data_loader_name: lexicon
  pattern_expression: spacefiller[8192,8192]
  measure_speedup: 0
  speedup_bench_algorithm_name: gol-cuda-naive
  validate: 0
  print_validation_diff: 0
  validation_algorithm_name: gol-cuda-naive
  animate_output: 0
  colorful: 0
  random_seed: 42
  tag: 
  state_bits_count: 32
  thread_block_size: 256
  warp_dims_x: 32
  warp_dims_y: 1
  warp_tile_dims_x: 32
  warp_tile_dims_y: 8
  streaming_direction: in-x

Loading data...              lexicon with pattern spacefiller[8192,8192]
  Data loaded in   59.7019 ms

Warming up... 1 / 1


Running experiment...        eff-baseline-shm

Measurement round 1 / 3
Time report:
  set_and_format_input_data:  14257.593862 ms
  initialize_data_structures: 43.838792 ms
  run:                        7775.317107 ms
   performed iters:  2866
   runtime per iter: 2.712951 ms
  finalize_data_structures:   49.045975 ms

Measurement round 2 / 3
Time report:
  set_and_format_input_data:  14242.906862 ms
  initialize_data_structures: 43.741575 ms
  run:                        7773.779521 ms
   performed iters:  2865
   runtime per iter: 2.713361 ms
  finalize_data_structures:   45.449000 ms

Measurement round 3 / 3
Time report:
  set_and_format_input_data:  14269.998643 ms
  initialize_data_structures: 43.794355 ms
  run:                        7769.408537 ms
   performed iters:  2869
   runtime per iter: 2.708055 ms
  finalize_data_structures:   49.010212 ms

exp-24
next-experiment
Hello
Experiment Parameters:
  algorithm_name: eff-baseline-shm
  grid_dimensions: 16384x16384
  iterations: 100000
  base_grid_encoding: char
  max_runtime_seconds: 5
  warmup_rounds: 1
  measurement_rounds: 3
  data_loader_name: lexicon
  pattern_expression: spacefiller[8192,8192]
  measure_speedup: 0
  speedup_bench_algorithm_name: gol-cuda-naive
  validate: 0
  print_validation_diff: 0
  validation_algorithm_name: gol-cuda-naive
  animate_output: 0
  colorful: 0
  random_seed: 42
  tag: 
  state_bits_count: 32
  thread_block_size: 32
  warp_dims_x: 32
  warp_dims_y: 1
  warp_tile_dims_x: 32
  warp_tile_dims_y: 8
  streaming_direction: in-x

Loading data...              lexicon with pattern spacefiller[8192,8192]
  Data loaded in   59.9064 ms

Warming up... 1 / 1
terminate called after throwing an instance of 'std::runtime_error'
  what():  Only square thread blocks are supported
./internal-scripts/run-one-exp.sh: line 49: 3145452 Aborted                 (core dumped) $EXECUTABLE --algorithm="$ALGORITHM" --grid-dimensions-x="$GRID_DIMENSIONS_X" --grid-dimensions-y="$GRID_DIMENSIONS_Y" --iterations="$ITERATIONS" --max-runtime-seconds="$MAX_RUNTIME_SECONDS" --warmup-rounds="$WARMUP_ROUNDS" --measurement-rounds="$MEASUREMENT_ROUNDS" --data-loader="$DATA_LOADER_NAME" --pattern-expression="$PATTERN_EXPRESSION" --measure-speedup="$MEASURE_SPEEDUP" --speedup-bench-algorithm="$SPEEDUP_BENCH_ALGORITHM_NAME" --validate="$VALIDATE" --print-validation-diff="$PRINT_VALIDATION_DIFF" --validation-algorithm="$VALIDATION_ALGORITHM_NAME" --animate-output="$ANIMATE_OUTPUT" --colorful="$COLORFUL" --random-seed="$RANDOM_SEED" --thread-block-size="$THREAD_BLOCK_SIZE" --warp-dims-x="$WARP_DIMS_X" --warp-dims-y="$WARP_DIMS_Y" --warp-tile-dims-x="$WARP_TILE_DIMS_X" --warp-tile-dims-y="$WARP_TILE_DIMS_Y" --streaming-direction="$STREAMING_DIRECTION" --state-bits-count="$STATE_BITS_COUNT" --base-grid-encoding="$BASE_GRID_ENCODING" --tag="$TAG"
exp-25
next-experiment
Hello
Experiment Parameters:
  algorithm_name: eff-baseline-texture
  grid_dimensions: 16384x16384
  iterations: 100000
  base_grid_encoding: char
  max_runtime_seconds: 5
  warmup_rounds: 1
  measurement_rounds: 3
  data_loader_name: lexicon
  pattern_expression: spacefiller[8192,8192]
  measure_speedup: 0
  speedup_bench_algorithm_name: gol-cuda-naive
  validate: 0
  print_validation_diff: 0
  validation_algorithm_name: gol-cuda-naive
  animate_output: 0
  colorful: 0
  random_seed: 42
  tag: 
  state_bits_count: 32
  thread_block_size: 128
  warp_dims_x: 32
  warp_dims_y: 1
  warp_tile_dims_x: 32
  warp_tile_dims_y: 8
  streaming_direction: in-x

Loading data...              lexicon with pattern spacefiller[8192,8192]
  Data loaded in   59.7074 ms

Warming up... 1 / 1
terminate called after throwing an instance of 'std::runtime_error'
  what():  Unsupported grid cell type
./internal-scripts/run-one-exp.sh: line 49: 3145469 Aborted                 (core dumped) $EXECUTABLE --algorithm="$ALGORITHM" --grid-dimensions-x="$GRID_DIMENSIONS_X" --grid-dimensions-y="$GRID_DIMENSIONS_Y" --iterations="$ITERATIONS" --max-runtime-seconds="$MAX_RUNTIME_SECONDS" --warmup-rounds="$WARMUP_ROUNDS" --measurement-rounds="$MEASUREMENT_ROUNDS" --data-loader="$DATA_LOADER_NAME" --pattern-expression="$PATTERN_EXPRESSION" --measure-speedup="$MEASURE_SPEEDUP" --speedup-bench-algorithm="$SPEEDUP_BENCH_ALGORITHM_NAME" --validate="$VALIDATE" --print-validation-diff="$PRINT_VALIDATION_DIFF" --validation-algorithm="$VALIDATION_ALGORITHM_NAME" --animate-output="$ANIMATE_OUTPUT" --colorful="$COLORFUL" --random-seed="$RANDOM_SEED" --thread-block-size="$THREAD_BLOCK_SIZE" --warp-dims-x="$WARP_DIMS_X" --warp-dims-y="$WARP_DIMS_Y" --warp-tile-dims-x="$WARP_TILE_DIMS_X" --warp-tile-dims-y="$WARP_TILE_DIMS_Y" --streaming-direction="$STREAMING_DIRECTION" --state-bits-count="$STATE_BITS_COUNT" --base-grid-encoding="$BASE_GRID_ENCODING" --tag="$TAG"
exp-26
next-experiment
Hello
Experiment Parameters:
  algorithm_name: eff-sota-packed-32
  grid_dimensions: 16384x16384
  iterations: 100000
  base_grid_encoding: char
  max_runtime_seconds: 5
  warmup_rounds: 1
  measurement_rounds: 3
  data_loader_name: lexicon
  pattern_expression: spacefiller[8192,8192]
  measure_speedup: 0
  speedup_bench_algorithm_name: gol-cuda-naive
  validate: 0
  print_validation_diff: 0
  validation_algorithm_name: gol-cuda-naive
  animate_output: 0
  colorful: 0
  random_seed: 42
  tag: 
  state_bits_count: 32
  thread_block_size: 512
  warp_dims_x: 32
  warp_dims_y: 1
  warp_tile_dims_x: 32
  warp_tile_dims_y: 8
  streaming_direction: in-x

Loading data...              lexicon with pattern spacefiller[8192,8192]
  Data loaded in   59.6933 ms

Warming up... 1 / 1
terminate called after throwing an instance of 'std::runtime_error'
  what():  Only square thread blocks are supported
./internal-scripts/run-one-exp.sh: line 49: 3145524 Aborted                 (core dumped) $EXECUTABLE --algorithm="$ALGORITHM" --grid-dimensions-x="$GRID_DIMENSIONS_X" --grid-dimensions-y="$GRID_DIMENSIONS_Y" --iterations="$ITERATIONS" --max-runtime-seconds="$MAX_RUNTIME_SECONDS" --warmup-rounds="$WARMUP_ROUNDS" --measurement-rounds="$MEASUREMENT_ROUNDS" --data-loader="$DATA_LOADER_NAME" --pattern-expression="$PATTERN_EXPRESSION" --measure-speedup="$MEASURE_SPEEDUP" --speedup-bench-algorithm="$SPEEDUP_BENCH_ALGORITHM_NAME" --validate="$VALIDATE" --print-validation-diff="$PRINT_VALIDATION_DIFF" --validation-algorithm="$VALIDATION_ALGORITHM_NAME" --animate-output="$ANIMATE_OUTPUT" --colorful="$COLORFUL" --random-seed="$RANDOM_SEED" --thread-block-size="$THREAD_BLOCK_SIZE" --warp-dims-x="$WARP_DIMS_X" --warp-dims-y="$WARP_DIMS_Y" --warp-tile-dims-x="$WARP_TILE_DIMS_X" --warp-tile-dims-y="$WARP_TILE_DIMS_Y" --streaming-direction="$STREAMING_DIRECTION" --state-bits-count="$STATE_BITS_COUNT" --base-grid-encoding="$BASE_GRID_ENCODING" --tag="$TAG"
exp-27
next-experiment
Hello
Experiment Parameters:
  algorithm_name: eff-sota-packed-32
  grid_dimensions: 16384x16384
  iterations: 100000
  base_grid_encoding: char
  max_runtime_seconds: 5
  warmup_rounds: 1
  measurement_rounds: 3
  data_loader_name: lexicon
  pattern_expression: spacefiller[8192,8192]
  measure_speedup: 0
  speedup_bench_algorithm_name: gol-cuda-naive
  validate: 0
  print_validation_diff: 0
  validation_algorithm_name: gol-cuda-naive
  animate_output: 0
  colorful: 0
  random_seed: 42
  tag: 
  state_bits_count: 32
  thread_block_size: 256
  warp_dims_x: 32
  warp_dims_y: 1
  warp_tile_dims_x: 32
  warp_tile_dims_y: 8
  streaming_direction: in-x

Loading data...              lexicon with pattern spacefiller[8192,8192]
  Data loaded in   59.8514 ms

Warming up... 1 / 1


Running experiment...        eff-sota-packed-32

Measurement round 1 / 3
Time report:
  set_and_format_input_data:  14298.813643 ms
  initialize_data_structures: 11.326693 ms
  run:                        5705.094845 ms
   performed iters:  8262
   runtime per iter: 0.690522 ms
  finalize_data_structures:   15.159878 ms

Measurement round 2 / 3
Time report:
  set_and_format_input_data:  14299.327224 ms
  initialize_data_structures: 11.345322 ms
  run:                        5705.542566 ms
   performed iters:  8270
   runtime per iter: 0.689908 ms
  finalize_data_structures:   15.149773 ms

Measurement round 3 / 3
Time report:
  set_and_format_input_data:  14315.168618 ms
  initialize_data_structures: 12.264829 ms
  run:                        5704.410816 ms
   performed iters:  8282
   runtime per iter: 0.688772 ms
  finalize_data_structures:   15.163193 ms

exp-28
next-experiment
Hello
Experiment Parameters:
  algorithm_name: eff-sota-packed-64
  grid_dimensions: 16384x16384
  iterations: 100000
  base_grid_encoding: char
  max_runtime_seconds: 5
  warmup_rounds: 1
  measurement_rounds: 3
  data_loader_name: lexicon
  pattern_expression: spacefiller[8192,8192]
  measure_speedup: 0
  speedup_bench_algorithm_name: gol-cuda-naive
  validate: 0
  print_validation_diff: 0
  validation_algorithm_name: gol-cuda-naive
  animate_output: 0
  colorful: 0
  random_seed: 42
  tag: 
  state_bits_count: 32
  thread_block_size: 128
  warp_dims_x: 32
  warp_dims_y: 1
  warp_tile_dims_x: 32
  warp_tile_dims_y: 8
  streaming_direction: in-x

Loading data...              lexicon with pattern spacefiller[8192,8192]
  Data loaded in   59.7497 ms

Warming up... 1 / 1
terminate called after throwing an instance of 'std::runtime_error'
  what():  Only square thread blocks are supported
./internal-scripts/run-one-exp.sh: line 49: 3151660 Aborted                 (core dumped) $EXECUTABLE --algorithm="$ALGORITHM" --grid-dimensions-x="$GRID_DIMENSIONS_X" --grid-dimensions-y="$GRID_DIMENSIONS_Y" --iterations="$ITERATIONS" --max-runtime-seconds="$MAX_RUNTIME_SECONDS" --warmup-rounds="$WARMUP_ROUNDS" --measurement-rounds="$MEASUREMENT_ROUNDS" --data-loader="$DATA_LOADER_NAME" --pattern-expression="$PATTERN_EXPRESSION" --measure-speedup="$MEASURE_SPEEDUP" --speedup-bench-algorithm="$SPEEDUP_BENCH_ALGORITHM_NAME" --validate="$VALIDATE" --print-validation-diff="$PRINT_VALIDATION_DIFF" --validation-algorithm="$VALIDATION_ALGORITHM_NAME" --animate-output="$ANIMATE_OUTPUT" --colorful="$COLORFUL" --random-seed="$RANDOM_SEED" --thread-block-size="$THREAD_BLOCK_SIZE" --warp-dims-x="$WARP_DIMS_X" --warp-dims-y="$WARP_DIMS_Y" --warp-tile-dims-x="$WARP_TILE_DIMS_X" --warp-tile-dims-y="$WARP_TILE_DIMS_Y" --streaming-direction="$STREAMING_DIRECTION" --state-bits-count="$STATE_BITS_COUNT" --base-grid-encoding="$BASE_GRID_ENCODING" --tag="$TAG"
