Starting job 142888
Node:  ampere01
SCRIPT_TEMPLATE: ./hyper-params-measurements/_scripts/rel-work
WORKER_ID: 2
SCRIPT: ./hyper-params-measurements/_scripts/rel-work--part_2.sh
exp-7
next-experiment
Hello
Experiment Parameters:
  algorithm_name: eff-baseline
  grid_dimensions: 16384x16384
  iterations: 100000
  base_grid_encoding: char
  max_runtime_seconds: 5
  warmup_rounds: 1
  measurement_rounds: 3
  data_loader_name: lexicon
  pattern_expression: spacefiller[8192,8192]
  measure_speedup: 0
  speedup_bench_algorithm_name: gol-cuda-naive
  validate: 0
  print_validation_diff: 0
  validation_algorithm_name: gol-cuda-naive
  animate_output: 0
  colorful: 0
  random_seed: 42
  tag: 
  state_bits_count: 32
  thread_block_size: 128
  warp_dims_x: 32
  warp_dims_y: 1
  warp_tile_dims_x: 32
  warp_tile_dims_y: 8
  streaming_direction: in-x

Loading data...              lexicon with pattern spacefiller[8192,8192]
  Data loaded in   60.3846 ms

Warming up... 1 / 1


Running experiment...        eff-baseline

Measurement round 1 / 3
Time report:
  set_and_format_input_data:  14262.045258 ms
  initialize_data_structures: 43.720483 ms
  run:                        7789.034532 ms
   performed iters:  2855
   runtime per iter: 2.728208 ms
  finalize_data_structures:   45.475901 ms

Measurement round 2 / 3
Time report:
  set_and_format_input_data:  14274.490580 ms
  initialize_data_structures: 43.437813 ms
  run:                        7780.817024 ms
   performed iters:  2860
   runtime per iter: 2.720565 ms
  finalize_data_structures:   45.523472 ms

Measurement round 3 / 3
Time report:
  set_and_format_input_data:  14278.702351 ms
  initialize_data_structures: 43.651948 ms
  run:                        7780.099743 ms
   performed iters:  2860
   runtime per iter: 2.720315 ms
  finalize_data_structures:   45.506196 ms

exp-8
next-experiment
Hello
Experiment Parameters:
  algorithm_name: eff-baseline
  grid_dimensions: 16384x16384
  iterations: 100000
  base_grid_encoding: char
  max_runtime_seconds: 5
  warmup_rounds: 1
  measurement_rounds: 3
  data_loader_name: lexicon
  pattern_expression: spacefiller[8192,8192]
  measure_speedup: 0
  speedup_bench_algorithm_name: gol-cuda-naive
  validate: 0
  print_validation_diff: 0
  validation_algorithm_name: gol-cuda-naive
  animate_output: 0
  colorful: 0
  random_seed: 42
  tag: 
  state_bits_count: 32
  thread_block_size: 512
  warp_dims_x: 32
  warp_dims_y: 1
  warp_tile_dims_x: 32
  warp_tile_dims_y: 8
  streaming_direction: in-x

Loading data...              lexicon with pattern spacefiller[8192,8192]
  Data loaded in   59.6223 ms

Warming up... 1 / 1


Running experiment...        eff-baseline

Measurement round 1 / 3
Time report:
  set_and_format_input_data:  14300.451874 ms
  initialize_data_structures: 43.568511 ms
  run:                        7696.752552 ms
   performed iters:  2917
   runtime per iter: 2.638585 ms
  finalize_data_structures:   45.493496 ms

Measurement round 2 / 3
Time report:
  set_and_format_input_data:  14264.241114 ms
  initialize_data_structures: 43.612909 ms
  run:                        7696.687012 ms
   performed iters:  2917
   runtime per iter: 2.638563 ms
  finalize_data_structures:   47.958293 ms

Measurement round 3 / 3
Time report:
  set_and_format_input_data:  14265.444613 ms
  initialize_data_structures: 43.618397 ms
  run:                        7696.728976 ms
   performed iters:  2917
   runtime per iter: 2.638577 ms
  finalize_data_structures:   45.452444 ms

exp-9
next-experiment
Hello
Experiment Parameters:
  algorithm_name: eff-baseline-shm
  grid_dimensions: 16384x16384
  iterations: 100000
  base_grid_encoding: char
  max_runtime_seconds: 5
  warmup_rounds: 1
  measurement_rounds: 3
  data_loader_name: lexicon
  pattern_expression: spacefiller[8192,8192]
  measure_speedup: 0
  speedup_bench_algorithm_name: gol-cuda-naive
  validate: 0
  print_validation_diff: 0
  validation_algorithm_name: gol-cuda-naive
  animate_output: 0
  colorful: 0
  random_seed: 42
  tag: 
  state_bits_count: 32
  thread_block_size: 128
  warp_dims_x: 32
  warp_dims_y: 1
  warp_tile_dims_x: 32
  warp_tile_dims_y: 8
  streaming_direction: in-x

Loading data...              lexicon with pattern spacefiller[8192,8192]
  Data loaded in   59.6644 ms

Warming up... 1 / 1
terminate called after throwing an instance of 'std::runtime_error'
  what():  Only square thread blocks are supported
./internal-scripts/run-one-exp.sh: line 49: 3145426 Aborted                 (core dumped) $EXECUTABLE --algorithm="$ALGORITHM" --grid-dimensions-x="$GRID_DIMENSIONS_X" --grid-dimensions-y="$GRID_DIMENSIONS_Y" --iterations="$ITERATIONS" --max-runtime-seconds="$MAX_RUNTIME_SECONDS" --warmup-rounds="$WARMUP_ROUNDS" --measurement-rounds="$MEASUREMENT_ROUNDS" --data-loader="$DATA_LOADER_NAME" --pattern-expression="$PATTERN_EXPRESSION" --measure-speedup="$MEASURE_SPEEDUP" --speedup-bench-algorithm="$SPEEDUP_BENCH_ALGORITHM_NAME" --validate="$VALIDATE" --print-validation-diff="$PRINT_VALIDATION_DIFF" --validation-algorithm="$VALIDATION_ALGORITHM_NAME" --animate-output="$ANIMATE_OUTPUT" --colorful="$COLORFUL" --random-seed="$RANDOM_SEED" --thread-block-size="$THREAD_BLOCK_SIZE" --warp-dims-x="$WARP_DIMS_X" --warp-dims-y="$WARP_DIMS_Y" --warp-tile-dims-x="$WARP_TILE_DIMS_X" --warp-tile-dims-y="$WARP_TILE_DIMS_Y" --streaming-direction="$STREAMING_DIRECTION" --state-bits-count="$STATE_BITS_COUNT" --base-grid-encoding="$BASE_GRID_ENCODING" --tag="$TAG"
exp-10
next-experiment
Hello
Experiment Parameters:
  algorithm_name: eff-baseline-texture
  grid_dimensions: 16384x16384
  iterations: 100000
  base_grid_encoding: char
  max_runtime_seconds: 5
  warmup_rounds: 1
  measurement_rounds: 3
  data_loader_name: lexicon
  pattern_expression: spacefiller[8192,8192]
  measure_speedup: 0
  speedup_bench_algorithm_name: gol-cuda-naive
  validate: 0
  print_validation_diff: 0
  validation_algorithm_name: gol-cuda-naive
  animate_output: 0
  colorful: 0
  random_seed: 42
  tag: 
  state_bits_count: 32
  thread_block_size: 256
  warp_dims_x: 32
  warp_dims_y: 1
  warp_tile_dims_x: 32
  warp_tile_dims_y: 8
  streaming_direction: in-x

Loading data...              lexicon with pattern spacefiller[8192,8192]
  Data loaded in   59.6975 ms

Warming up... 1 / 1
terminate called after throwing an instance of 'std::runtime_error'
  what():  Unsupported grid cell type
./internal-scripts/run-one-exp.sh: line 49: 3145445 Aborted                 (core dumped) $EXECUTABLE --algorithm="$ALGORITHM" --grid-dimensions-x="$GRID_DIMENSIONS_X" --grid-dimensions-y="$GRID_DIMENSIONS_Y" --iterations="$ITERATIONS" --max-runtime-seconds="$MAX_RUNTIME_SECONDS" --warmup-rounds="$WARMUP_ROUNDS" --measurement-rounds="$MEASUREMENT_ROUNDS" --data-loader="$DATA_LOADER_NAME" --pattern-expression="$PATTERN_EXPRESSION" --measure-speedup="$MEASURE_SPEEDUP" --speedup-bench-algorithm="$SPEEDUP_BENCH_ALGORITHM_NAME" --validate="$VALIDATE" --print-validation-diff="$PRINT_VALIDATION_DIFF" --validation-algorithm="$VALIDATION_ALGORITHM_NAME" --animate-output="$ANIMATE_OUTPUT" --colorful="$COLORFUL" --random-seed="$RANDOM_SEED" --thread-block-size="$THREAD_BLOCK_SIZE" --warp-dims-x="$WARP_DIMS_X" --warp-dims-y="$WARP_DIMS_Y" --warp-tile-dims-x="$WARP_TILE_DIMS_X" --warp-tile-dims-y="$WARP_TILE_DIMS_Y" --streaming-direction="$STREAMING_DIRECTION" --state-bits-count="$STATE_BITS_COUNT" --base-grid-encoding="$BASE_GRID_ENCODING" --tag="$TAG"
exp-11
next-experiment
Hello
Experiment Parameters:
  algorithm_name: eff-baseline-texture
  grid_dimensions: 16384x16384
  iterations: 100000
  base_grid_encoding: char
  max_runtime_seconds: 5
  warmup_rounds: 1
  measurement_rounds: 3
  data_loader_name: lexicon
  pattern_expression: spacefiller[8192,8192]
  measure_speedup: 0
  speedup_bench_algorithm_name: gol-cuda-naive
  validate: 0
  print_validation_diff: 0
  validation_algorithm_name: gol-cuda-naive
  animate_output: 0
  colorful: 0
  random_seed: 42
  tag: 
  state_bits_count: 32
  thread_block_size: 64
  warp_dims_x: 32
  warp_dims_y: 1
  warp_tile_dims_x: 32
  warp_tile_dims_y: 8
  streaming_direction: in-x

Loading data...              lexicon with pattern spacefiller[8192,8192]
  Data loaded in   59.485 ms

Warming up... 1 / 1
terminate called after throwing an instance of 'std::runtime_error'
  what():  Unsupported grid cell type
./internal-scripts/run-one-exp.sh: line 49: 3145509 Aborted                 (core dumped) $EXECUTABLE --algorithm="$ALGORITHM" --grid-dimensions-x="$GRID_DIMENSIONS_X" --grid-dimensions-y="$GRID_DIMENSIONS_Y" --iterations="$ITERATIONS" --max-runtime-seconds="$MAX_RUNTIME_SECONDS" --warmup-rounds="$WARMUP_ROUNDS" --measurement-rounds="$MEASUREMENT_ROUNDS" --data-loader="$DATA_LOADER_NAME" --pattern-expression="$PATTERN_EXPRESSION" --measure-speedup="$MEASURE_SPEEDUP" --speedup-bench-algorithm="$SPEEDUP_BENCH_ALGORITHM_NAME" --validate="$VALIDATE" --print-validation-diff="$PRINT_VALIDATION_DIFF" --validation-algorithm="$VALIDATION_ALGORITHM_NAME" --animate-output="$ANIMATE_OUTPUT" --colorful="$COLORFUL" --random-seed="$RANDOM_SEED" --thread-block-size="$THREAD_BLOCK_SIZE" --warp-dims-x="$WARP_DIMS_X" --warp-dims-y="$WARP_DIMS_Y" --warp-tile-dims-x="$WARP_TILE_DIMS_X" --warp-tile-dims-y="$WARP_TILE_DIMS_Y" --streaming-direction="$STREAMING_DIRECTION" --state-bits-count="$STATE_BITS_COUNT" --base-grid-encoding="$BASE_GRID_ENCODING" --tag="$TAG"
exp-12
next-experiment
Hello
Experiment Parameters:
  algorithm_name: eff-sota-packed-32
  grid_dimensions: 16384x16384
  iterations: 100000
  base_grid_encoding: char
  max_runtime_seconds: 5
  warmup_rounds: 1
  measurement_rounds: 3
  data_loader_name: lexicon
  pattern_expression: spacefiller[8192,8192]
  measure_speedup: 0
  speedup_bench_algorithm_name: gol-cuda-naive
  validate: 0
  print_validation_diff: 0
  validation_algorithm_name: gol-cuda-naive
  animate_output: 0
  colorful: 0
  random_seed: 42
  tag: 
  state_bits_count: 32
  thread_block_size: 128
  warp_dims_x: 32
  warp_dims_y: 1
  warp_tile_dims_x: 32
  warp_tile_dims_y: 8
  streaming_direction: in-x

Loading data...              lexicon with pattern spacefiller[8192,8192]
  Data loaded in   59.4639 ms

Warming up... 1 / 1
terminate called after throwing an instance of 'std::runtime_error'
  what():  Only square thread blocks are supported
./internal-scripts/run-one-exp.sh: line 49: 3145573 Aborted                 (core dumped) $EXECUTABLE --algorithm="$ALGORITHM" --grid-dimensions-x="$GRID_DIMENSIONS_X" --grid-dimensions-y="$GRID_DIMENSIONS_Y" --iterations="$ITERATIONS" --max-runtime-seconds="$MAX_RUNTIME_SECONDS" --warmup-rounds="$WARMUP_ROUNDS" --measurement-rounds="$MEASUREMENT_ROUNDS" --data-loader="$DATA_LOADER_NAME" --pattern-expression="$PATTERN_EXPRESSION" --measure-speedup="$MEASURE_SPEEDUP" --speedup-bench-algorithm="$SPEEDUP_BENCH_ALGORITHM_NAME" --validate="$VALIDATE" --print-validation-diff="$PRINT_VALIDATION_DIFF" --validation-algorithm="$VALIDATION_ALGORITHM_NAME" --animate-output="$ANIMATE_OUTPUT" --colorful="$COLORFUL" --random-seed="$RANDOM_SEED" --thread-block-size="$THREAD_BLOCK_SIZE" --warp-dims-x="$WARP_DIMS_X" --warp-dims-y="$WARP_DIMS_Y" --warp-tile-dims-x="$WARP_TILE_DIMS_X" --warp-tile-dims-y="$WARP_TILE_DIMS_Y" --streaming-direction="$STREAMING_DIRECTION" --state-bits-count="$STATE_BITS_COUNT" --base-grid-encoding="$BASE_GRID_ENCODING" --tag="$TAG"
exp-13
next-experiment
Hello
Experiment Parameters:
  algorithm_name: eff-sota-packed-64
  grid_dimensions: 16384x16384
  iterations: 100000
  base_grid_encoding: char
  max_runtime_seconds: 5
  warmup_rounds: 1
  measurement_rounds: 3
  data_loader_name: lexicon
  pattern_expression: spacefiller[8192,8192]
  measure_speedup: 0
  speedup_bench_algorithm_name: gol-cuda-naive
  validate: 0
  print_validation_diff: 0
  validation_algorithm_name: gol-cuda-naive
  animate_output: 0
  colorful: 0
  random_seed: 42
  tag: 
  state_bits_count: 32
  thread_block_size: 1024
  warp_dims_x: 32
  warp_dims_y: 1
  warp_tile_dims_x: 32
  warp_tile_dims_y: 8
  streaming_direction: in-x

Loading data...              lexicon with pattern spacefiller[8192,8192]
  Data loaded in   59.5347 ms

Warming up... 1 / 1


Running experiment...        eff-sota-packed-64

Measurement round 1 / 3
Time report:
  set_and_format_input_data:  13906.173405 ms
  initialize_data_structures: 11.294625 ms
  run:                        5708.302720 ms
   performed iters:  8242
   runtime per iter: 0.692587 ms
  finalize_data_structures:   14.091485 ms

Measurement round 2 / 3
Time report:
  set_and_format_input_data:  13824.931190 ms
  initialize_data_structures: 11.299152 ms
  run:                        5708.830092 ms
   performed iters:  8234
   runtime per iter: 0.693324 ms
  finalize_data_structures:   15.805951 ms

Measurement round 3 / 3
Time report:
  set_and_format_input_data:  13900.180888 ms
  initialize_data_structures: 11.349338 ms
  run:                        5708.722858 ms
   performed iters:  8236
   runtime per iter: 0.693143 ms
  finalize_data_structures:   14.074960 ms

exp-14
next-experiment
Hello
Experiment Parameters:
  algorithm_name: eff-sota-packed-64
  grid_dimensions: 16384x16384
  iterations: 100000
  base_grid_encoding: char
  max_runtime_seconds: 5
  warmup_rounds: 1
  measurement_rounds: 3
  data_loader_name: lexicon
  pattern_expression: spacefiller[8192,8192]
  measure_speedup: 0
  speedup_bench_algorithm_name: gol-cuda-naive
  validate: 0
  print_validation_diff: 0
  validation_algorithm_name: gol-cuda-naive
  animate_output: 0
  colorful: 0
  random_seed: 42
  tag: 
  state_bits_count: 32
  thread_block_size: 512
  warp_dims_x: 32
  warp_dims_y: 1
  warp_tile_dims_x: 32
  warp_tile_dims_y: 8
  streaming_direction: in-x

Loading data...              lexicon with pattern spacefiller[8192,8192]
  Data loaded in   59.6535 ms

Warming up... 1 / 1
terminate called after throwing an instance of 'std::runtime_error'
  what():  Only square thread blocks are supported
./internal-scripts/run-one-exp.sh: line 49: 3152504 Aborted                 (core dumped) $EXECUTABLE --algorithm="$ALGORITHM" --grid-dimensions-x="$GRID_DIMENSIONS_X" --grid-dimensions-y="$GRID_DIMENSIONS_Y" --iterations="$ITERATIONS" --max-runtime-seconds="$MAX_RUNTIME_SECONDS" --warmup-rounds="$WARMUP_ROUNDS" --measurement-rounds="$MEASUREMENT_ROUNDS" --data-loader="$DATA_LOADER_NAME" --pattern-expression="$PATTERN_EXPRESSION" --measure-speedup="$MEASURE_SPEEDUP" --speedup-bench-algorithm="$SPEEDUP_BENCH_ALGORITHM_NAME" --validate="$VALIDATE" --print-validation-diff="$PRINT_VALIDATION_DIFF" --validation-algorithm="$VALIDATION_ALGORITHM_NAME" --animate-output="$ANIMATE_OUTPUT" --colorful="$COLORFUL" --random-seed="$RANDOM_SEED" --thread-block-size="$THREAD_BLOCK_SIZE" --warp-dims-x="$WARP_DIMS_X" --warp-dims-y="$WARP_DIMS_Y" --warp-tile-dims-x="$WARP_TILE_DIMS_X" --warp-tile-dims-y="$WARP_TILE_DIMS_Y" --streaming-direction="$STREAMING_DIRECTION" --state-bits-count="$STATE_BITS_COUNT" --base-grid-encoding="$BASE_GRID_ENCODING" --tag="$TAG"
