Starting job 143136
Node:  ampere02
SCRIPT_TEMPLATE: ./final-measurements/_scripts/33-66-work
WORKER_ID: 1
SCRIPT: ./final-measurements/_scripts/33-66-work--part_1.sh
exp-0
next-experiment
Hello
Experiment Parameters:
  algorithm_name: gol-cuda-local-one-cell-cols-32
  grid_dimensions: 16384x16384
  iterations: 10000
  base_grid_encoding: char
  max_runtime_seconds: 5000
  warmup_rounds: 5
  measurement_rounds: 10
  data_loader_name: lexicon
  pattern_expression: spacefiller[2340, 2730]; spacefiller[2340, 5460]; spacefiller[2340, 8190]; spacefiller[2340, 10920]; spacefiller[2340, 13650]; spacefiller[4680, 2730]; spacefiller[4680, 5460]; spacefiller[4680, 8190]; spacefiller[4680, 10920]; spacefiller[4680, 13650]; spacefiller[7020, 2730]; spacefiller[7020, 5460]; spacefiller[7020, 8190]; spacefiller[7020, 10920]; spacefiller[7020, 13650]; spacefiller[9360, 2730]; spacefiller[9360, 5460]; spacefiller[9360, 8190]; spacefiller[9360, 10920]; spacefiller[9360, 13650]; spacefiller[11700, 2730]; spacefiller[11700, 5460]; spacefiller[11700, 8190]; spacefiller[11700, 10920]; spacefiller[11700, 13650]; spacefiller[14040, 2730]; spacefiller[14040, 5460]; spacefiller[14040, 8190]; spacefiller[14040, 10920]; spacefiller[14040, 13650];
  measure_speedup: 0
  speedup_bench_algorithm_name: gol-cuda-naive
  validate: 0
  print_validation_diff: 0
  validation_algorithm_name: gol-cuda-naive
  animate_output: 0
  colorful: 0
  random_seed: 42
  tag: 66-work
  state_bits_count: 32
  thread_block_size: 256
  warp_dims_x: 32
  warp_dims_y: 1
  warp_tile_dims_x: 32
  warp_tile_dims_y: 8
  collect_touched_tiles_stats: 0
  streaming_direction: in-x

Loading data...              lexicon with pattern spacefiller[2340, 2730]; spacefiller[2340, 5460]; spacefiller[2340, 8190]; spacefiller[2340, 10920]; spacefiller[2340, 13650]; spacefiller[4680, 2730]; spacefiller[4680, 5460]; spacefiller[4680, 8190]; spacefiller[4680, 10920]; spacefiller[4680, 13650]; spacefiller[7020, 2730]; spacefiller[7020, 5460]; spacefiller[7020, 8190]; spacefiller[7020, 10920]; spacefiller[7020, 13650]; spacefiller[9360, 2730]; spacefiller[9360, 5460]; spacefiller[9360, 8190]; spacefiller[9360, 10920]; spacefiller[9360, 13650]; spacefiller[11700, 2730]; spacefiller[11700, 5460]; spacefiller[11700, 8190]; spacefiller[11700, 10920]; spacefiller[11700, 13650]; spacefiller[14040, 2730]; spacefiller[14040, 5460]; spacefiller[14040, 8190]; spacefiller[14040, 10920]; spacefiller[14040, 13650];
  Data loaded in   56.3497 ms

Warming up... 1 / 5
Warming up... 2 / 5
Warming up... 3 / 5
Warming up... 4 / 5
Warming up... 5 / 5


Running experiment...        gol-cuda-local-one-cell-cols-32

Measurement round 1 / 10
Time report:
  set_and_format_input_data:  1139.545890 ms
  initialize_data_structures: 1.898999 ms
  run:                        2612.897516 ms
   performed iters:  10000
   runtime per iter: 0.261290 ms
  finalize_data_structures:   1.756693 ms

Measurement round 2 / 10
Time report:
  set_and_format_input_data:  1145.711648 ms
  initialize_data_structures: 1.885088 ms
  run:                        2612.718776 ms
   performed iters:  10000
   runtime per iter: 0.261272 ms
  finalize_data_structures:   1.732246 ms

Measurement round 3 / 10
Time report:
  set_and_format_input_data:  1139.560112 ms
  initialize_data_structures: 1.900711 ms
  run:                        2612.647698 ms
   performed iters:  10000
   runtime per iter: 0.261265 ms
  finalize_data_structures:   1.750374 ms

Measurement round 4 / 10
Time report:
  set_and_format_input_data:  1145.894355 ms
  initialize_data_structures: 1.887772 ms
  run:                        2612.805848 ms
   performed iters:  10000
   runtime per iter: 0.261281 ms
  finalize_data_structures:   1.732937 ms

Measurement round 5 / 10
Time report:
  set_and_format_input_data:  1139.026713 ms
  initialize_data_structures: 1.890917 ms
  run:                        2612.885949 ms
   performed iters:  10000
   runtime per iter: 0.261289 ms
  finalize_data_structures:   2.105882 ms

Measurement round 6 / 10
Time report:
  set_and_format_input_data:  1145.618806 ms
  initialize_data_structures: 1.883376 ms
  run:                        2612.933501 ms
   performed iters:  10000
   runtime per iter: 0.261293 ms
  finalize_data_structures:   1.758396 ms

Measurement round 7 / 10
Time report:
  set_and_format_input_data:  1138.717775 ms
  initialize_data_structures: 1.857065 ms
  run:                        2612.826609 ms
   performed iters:  10000
   runtime per iter: 0.261283 ms
  finalize_data_structures:   1.727789 ms

Measurement round 8 / 10
Time report:
  set_and_format_input_data:  1138.886230 ms
  initialize_data_structures: 1.887522 ms
  run:                        2612.714611 ms
   performed iters:  10000
   runtime per iter: 0.261271 ms
  finalize_data_structures:   2.059213 ms

Measurement round 9 / 10
Time report:
  set_and_format_input_data:  1145.639113 ms
  initialize_data_structures: 1.885569 ms
  run:                        2612.787039 ms
   performed iters:  10000
   runtime per iter: 0.261279 ms
  finalize_data_structures:   1.726308 ms

Measurement round 10 / 10
Time report:
  set_and_format_input_data:  1138.916738 ms
  initialize_data_structures: 1.890548 ms
  run:                        2612.692075 ms
   performed iters:  10000
   runtime per iter: 0.261269 ms
  finalize_data_structures:   1.744106 ms

exp-1
next-experiment
Hello
Experiment Parameters:
  algorithm_name: gol-cuda-local-one-cell-cols-32
  grid_dimensions: 16384x16384
  iterations: 10000
  base_grid_encoding: char
  max_runtime_seconds: 5000
  warmup_rounds: 5
  measurement_rounds: 10
  data_loader_name: lexicon
  pattern_expression: spacefiller[4096, 4096]; spacefiller[4096, 8192]; spacefiller[4096, 12288]; spacefiller[8192, 4096]; spacefiller[8192, 8192]; spacefiller[8192, 12288]; spacefiller[12288, 4096]; spacefiller[12288, 8192]; spacefiller[12288, 12288];
  measure_speedup: 0
  speedup_bench_algorithm_name: gol-cuda-naive
  validate: 0
  print_validation_diff: 0
  validation_algorithm_name: gol-cuda-naive
  animate_output: 0
  colorful: 0
  random_seed: 42
  tag: 33-work
  state_bits_count: 32
  thread_block_size: 256
  warp_dims_x: 32
  warp_dims_y: 1
  warp_tile_dims_x: 32
  warp_tile_dims_y: 8
  collect_touched_tiles_stats: 0
  streaming_direction: in-x

Loading data...              lexicon with pattern spacefiller[4096, 4096]; spacefiller[4096, 8192]; spacefiller[4096, 12288]; spacefiller[8192, 4096]; spacefiller[8192, 8192]; spacefiller[8192, 12288]; spacefiller[12288, 4096]; spacefiller[12288, 8192]; spacefiller[12288, 12288];
  Data loaded in   54.2867 ms

Warming up... 1 / 5
Warming up... 2 / 5
Warming up... 3 / 5
Warming up... 4 / 5
Warming up... 5 / 5


Running experiment...        gol-cuda-local-one-cell-cols-32

Measurement round 1 / 10
Time report:
  set_and_format_input_data:  1146.277642 ms
  initialize_data_structures: 1.857638 ms
  run:                        2023.507908 ms
   performed iters:  10000
   runtime per iter: 0.202351 ms
  finalize_data_structures:   1.730044 ms

Measurement round 2 / 10
Time report:
  set_and_format_input_data:  1139.838166 ms
  initialize_data_structures: 1.904859 ms
  run:                        2023.506447 ms
   performed iters:  10000
   runtime per iter: 0.202351 ms
  finalize_data_structures:   1.745006 ms

Measurement round 3 / 10
Time report:
  set_and_format_input_data:  1146.299375 ms
  initialize_data_structures: 1.853751 ms
  run:                        2023.481660 ms
   performed iters:  10000
   runtime per iter: 0.202348 ms
  finalize_data_structures:   1.719648 ms

Measurement round 4 / 10
Time report:
  set_and_format_input_data:  1140.135066 ms
  initialize_data_structures: 1.851698 ms
  run:                        2023.560719 ms
   performed iters:  10000
   runtime per iter: 0.202356 ms
  finalize_data_structures:   2.131522 ms

Measurement round 5 / 10
Time report:
  set_and_format_input_data:  1146.325094 ms
  initialize_data_structures: 1.851949 ms
  run:                        2023.602592 ms
   performed iters:  10000
   runtime per iter: 0.202360 ms
  finalize_data_structures:   1.729212 ms

Measurement round 6 / 10
Time report:
  set_and_format_input_data:  1140.849390 ms
  initialize_data_structures: 1.863146 ms
  run:                        2023.446356 ms
   performed iters:  10000
   runtime per iter: 0.202345 ms
  finalize_data_structures:   1.750354 ms

Measurement round 7 / 10
Time report:
  set_and_format_input_data:  1138.028602 ms
  initialize_data_structures: 1.854343 ms
  run:                        2023.466095 ms
   performed iters:  10000
   runtime per iter: 0.202347 ms
  finalize_data_structures:   2.121848 ms

Measurement round 8 / 10
Time report:
  set_and_format_input_data:  1146.271724 ms
  initialize_data_structures: 1.863406 ms
  run:                        2023.464533 ms
   performed iters:  10000
   runtime per iter: 0.202346 ms
  finalize_data_structures:   1.738096 ms

Measurement round 9 / 10
Time report:
  set_and_format_input_data:  1201.542240 ms
  initialize_data_structures: 1.857377 ms
  run:                        2023.450522 ms
   performed iters:  10000
   runtime per iter: 0.202345 ms
  finalize_data_structures:   1.735913 ms

Measurement round 10 / 10
Time report:
  set_and_format_input_data:  1140.055886 ms
  initialize_data_structures: 1.854553 ms
  run:                        2023.519116 ms
   performed iters:  10000
   runtime per iter: 0.202352 ms
  finalize_data_structures:   1.738757 ms

exp-2
next-experiment
Hello
Experiment Parameters:
  algorithm_name: gol-cuda-local-one-cell-cols-64
  grid_dimensions: 16384x16384
  iterations: 10000
  base_grid_encoding: char
  max_runtime_seconds: 5000
  warmup_rounds: 5
  measurement_rounds: 10
  data_loader_name: lexicon
  pattern_expression: spacefiller[4096, 4096]; spacefiller[4096, 8192]; spacefiller[4096, 12288]; spacefiller[8192, 4096]; spacefiller[8192, 8192]; spacefiller[8192, 12288]; spacefiller[12288, 4096]; spacefiller[12288, 8192]; spacefiller[12288, 12288];
  measure_speedup: 0
  speedup_bench_algorithm_name: gol-cuda-naive
  validate: 0
  print_validation_diff: 0
  validation_algorithm_name: gol-cuda-naive
  animate_output: 0
  colorful: 0
  random_seed: 42
  tag: 33-work
  state_bits_count: 32
  thread_block_size: 128
  warp_dims_x: 32
  warp_dims_y: 1
  warp_tile_dims_x: 32
  warp_tile_dims_y: 8
  collect_touched_tiles_stats: 0
  streaming_direction: in-x

Loading data...              lexicon with pattern spacefiller[4096, 4096]; spacefiller[4096, 8192]; spacefiller[4096, 12288]; spacefiller[8192, 4096]; spacefiller[8192, 8192]; spacefiller[8192, 12288]; spacefiller[12288, 4096]; spacefiller[12288, 8192]; spacefiller[12288, 12288];
  Data loaded in   53.6984 ms

Warming up... 1 / 5
Warming up... 2 / 5
Warming up... 3 / 5
Warming up... 4 / 5
Warming up... 5 / 5


Running experiment...        gol-cuda-local-one-cell-cols-64

Measurement round 1 / 10
Time report:
  set_and_format_input_data:  1186.961557 ms
  initialize_data_structures: 1.880773 ms
  run:                        1639.723075 ms
   performed iters:  10000
   runtime per iter: 0.163972 ms
  finalize_data_structures:   2.703330 ms

Measurement round 2 / 10
Time report:
  set_and_format_input_data:  1190.073006 ms
  initialize_data_structures: 1.885970 ms
  run:                        1639.658466 ms
   performed iters:  10000
   runtime per iter: 0.163966 ms
  finalize_data_structures:   2.106214 ms

Measurement round 3 / 10
Time report:
  set_and_format_input_data:  1187.244885 ms
  initialize_data_structures: 1.884809 ms
  run:                        1639.498504 ms
   performed iters:  10000
   runtime per iter: 0.163950 ms
  finalize_data_structures:   2.661607 ms

Measurement round 4 / 10
Time report:
  set_and_format_input_data:  1184.902153 ms
  initialize_data_structures: 1.892120 ms
  run:                        1639.683235 ms
   performed iters:  10000
   runtime per iter: 0.163968 ms
  finalize_data_structures:   1.731025 ms

Measurement round 5 / 10
Time report:
  set_and_format_input_data:  1188.890832 ms
  initialize_data_structures: 1.878749 ms
  run:                        1639.511334 ms
   performed iters:  10000
   runtime per iter: 0.163951 ms
  finalize_data_structures:   3.108515 ms

Measurement round 6 / 10
Time report:
  set_and_format_input_data:  1182.028184 ms
  initialize_data_structures: 1.893943 ms
  run:                        1639.575832 ms
   performed iters:  10000
   runtime per iter: 0.163958 ms
  finalize_data_structures:   1.751125 ms

Measurement round 7 / 10
Time report:
  set_and_format_input_data:  1182.256200 ms
  initialize_data_structures: 1.880472 ms
  run:                        1639.510572 ms
   performed iters:  10000
   runtime per iter: 0.163951 ms
  finalize_data_structures:   2.665303 ms

Measurement round 8 / 10
Time report:
  set_and_format_input_data:  1182.261508 ms
  initialize_data_structures: 1.888153 ms
  run:                        1639.547138 ms
   performed iters:  10000
   runtime per iter: 0.163955 ms
  finalize_data_structures:   2.126866 ms

Measurement round 9 / 10
Time report:
  set_and_format_input_data:  1181.793468 ms
  initialize_data_structures: 1.886031 ms
  run:                        1639.583674 ms
   performed iters:  10000
   runtime per iter: 0.163958 ms
  finalize_data_structures:   2.689079 ms

Measurement round 10 / 10
Time report:
  set_and_format_input_data:  1183.185359 ms
  initialize_data_structures: 1.891619 ms
  run:                        1639.459245 ms
   performed iters:  10000
   runtime per iter: 0.163946 ms
  finalize_data_structures:   1.744896 ms

exp-3
next-experiment
Hello
Experiment Parameters:
  algorithm_name: gol-cuda-local-one-cell-cols-64
  grid_dimensions: 16384x16384
  iterations: 10000
  base_grid_encoding: char
  max_runtime_seconds: 5000
  warmup_rounds: 5
  measurement_rounds: 10
  data_loader_name: lexicon
  pattern_expression: spacefiller[2340, 2730]; spacefiller[2340, 5460]; spacefiller[2340, 8190]; spacefiller[2340, 10920]; spacefiller[2340, 13650]; spacefiller[4680, 2730]; spacefiller[4680, 5460]; spacefiller[4680, 8190]; spacefiller[4680, 10920]; spacefiller[4680, 13650]; spacefiller[7020, 2730]; spacefiller[7020, 5460]; spacefiller[7020, 8190]; spacefiller[7020, 10920]; spacefiller[7020, 13650]; spacefiller[9360, 2730]; spacefiller[9360, 5460]; spacefiller[9360, 8190]; spacefiller[9360, 10920]; spacefiller[9360, 13650]; spacefiller[11700, 2730]; spacefiller[11700, 5460]; spacefiller[11700, 8190]; spacefiller[11700, 10920]; spacefiller[11700, 13650]; spacefiller[14040, 2730]; spacefiller[14040, 5460]; spacefiller[14040, 8190]; spacefiller[14040, 10920]; spacefiller[14040, 13650];
  measure_speedup: 0
  speedup_bench_algorithm_name: gol-cuda-naive
  validate: 0
  print_validation_diff: 0
  validation_algorithm_name: gol-cuda-naive
  animate_output: 0
  colorful: 0
  random_seed: 42
  tag: 66-work
  state_bits_count: 32
  thread_block_size: 128
  warp_dims_x: 32
  warp_dims_y: 1
  warp_tile_dims_x: 32
  warp_tile_dims_y: 8
  collect_touched_tiles_stats: 0
  streaming_direction: in-x

Loading data...              lexicon with pattern spacefiller[2340, 2730]; spacefiller[2340, 5460]; spacefiller[2340, 8190]; spacefiller[2340, 10920]; spacefiller[2340, 13650]; spacefiller[4680, 2730]; spacefiller[4680, 5460]; spacefiller[4680, 8190]; spacefiller[4680, 10920]; spacefiller[4680, 13650]; spacefiller[7020, 2730]; spacefiller[7020, 5460]; spacefiller[7020, 8190]; spacefiller[7020, 10920]; spacefiller[7020, 13650]; spacefiller[9360, 2730]; spacefiller[9360, 5460]; spacefiller[9360, 8190]; spacefiller[9360, 10920]; spacefiller[9360, 13650]; spacefiller[11700, 2730]; spacefiller[11700, 5460]; spacefiller[11700, 8190]; spacefiller[11700, 10920]; spacefiller[11700, 13650]; spacefiller[14040, 2730]; spacefiller[14040, 5460]; spacefiller[14040, 8190]; spacefiller[14040, 10920]; spacefiller[14040, 13650];
  Data loaded in   55.4199 ms

Warming up... 1 / 5
Warming up... 2 / 5
Warming up... 3 / 5
Warming up... 4 / 5
Warming up... 5 / 5


Running experiment...        gol-cuda-local-one-cell-cols-64

Measurement round 1 / 10
Time report:
  set_and_format_input_data:  1182.540251 ms
  initialize_data_structures: 1.957629 ms
  run:                        2547.356003 ms
   performed iters:  10000
   runtime per iter: 0.254736 ms
  finalize_data_structures:   1.737997 ms

Measurement round 2 / 10
Time report:
  set_and_format_input_data:  1179.635485 ms
  initialize_data_structures: 1.913102 ms
  run:                        2547.290313 ms
   performed iters:  10000
   runtime per iter: 0.254729 ms
  finalize_data_structures:   1.766690 ms

Measurement round 3 / 10
Time report:
  set_and_format_input_data:  1182.849420 ms
  initialize_data_structures: 1.959272 ms
  run:                        2547.314960 ms
   performed iters:  10000
   runtime per iter: 0.254731 ms
  finalize_data_structures:   1.769174 ms

Measurement round 4 / 10
Time report:
  set_and_format_input_data:  1181.631201 ms
  initialize_data_structures: 1.906611 ms
  run:                        2547.287679 ms
   performed iters:  10000
   runtime per iter: 0.254729 ms
  finalize_data_structures:   1.757275 ms

Measurement round 5 / 10
Time report:
  set_and_format_input_data:  1180.490792 ms
  initialize_data_structures: 1.897478 ms
  run:                        2547.906046 ms
   performed iters:  10000
   runtime per iter: 0.254791 ms
  finalize_data_structures:   2.189710 ms

Measurement round 6 / 10
Time report:
  set_and_format_input_data:  1180.191048 ms
  initialize_data_structures: 1.907754 ms
  run:                        2547.430064 ms
   performed iters:  10000
   runtime per iter: 0.254743 ms
  finalize_data_structures:   1.736083 ms

Measurement round 7 / 10
Time report:
  set_and_format_input_data:  1181.783893 ms
  initialize_data_structures: 1.905099 ms
  run:                        2547.374581 ms
   performed iters:  10000
   runtime per iter: 0.254737 ms
  finalize_data_structures:   1.734101 ms

Measurement round 8 / 10
Time report:
  set_and_format_input_data:  1182.701225 ms
  initialize_data_structures: 1.894924 ms
  run:                        2547.283602 ms
   performed iters:  10000
   runtime per iter: 0.254728 ms
  finalize_data_structures:   2.094766 ms

Measurement round 9 / 10
Time report:
  set_and_format_input_data:  1182.341279 ms
  initialize_data_structures: 1.894133 ms
  run:                        2547.354620 ms
   performed iters:  10000
   runtime per iter: 0.254735 ms
  finalize_data_structures:   1.735462 ms

Measurement round 10 / 10
Time report:
  set_and_format_input_data:  1182.889159 ms
  initialize_data_structures: 1.888765 ms
  run:                        2547.353458 ms
   performed iters:  10000
   runtime per iter: 0.254735 ms
  finalize_data_structures:   1.747861 ms

exp-4
next-experiment
Hello
Experiment Parameters:
  algorithm_name: gol-cuda-local-one-cell-32--bit-tiles
  grid_dimensions: 16384x16384
  iterations: 10000
  base_grid_encoding: char
  max_runtime_seconds: 5000
  warmup_rounds: 5
  measurement_rounds: 10
  data_loader_name: lexicon
  pattern_expression: spacefiller[4096, 4096]; spacefiller[4096, 8192]; spacefiller[4096, 12288]; spacefiller[8192, 4096]; spacefiller[8192, 8192]; spacefiller[8192, 12288]; spacefiller[12288, 4096]; spacefiller[12288, 8192]; spacefiller[12288, 12288];
  measure_speedup: 0
  speedup_bench_algorithm_name: gol-cuda-naive
  validate: 0
  print_validation_diff: 0
  validation_algorithm_name: gol-cuda-naive
  animate_output: 0
  colorful: 0
  random_seed: 42
  tag: 33-work
  state_bits_count: 32
  thread_block_size: 256
  warp_dims_x: 32
  warp_dims_y: 1
  warp_tile_dims_x: 32
  warp_tile_dims_y: 8
  collect_touched_tiles_stats: 0
  streaming_direction: in-x

Loading data...              lexicon with pattern spacefiller[4096, 4096]; spacefiller[4096, 8192]; spacefiller[4096, 12288]; spacefiller[8192, 4096]; spacefiller[8192, 8192]; spacefiller[8192, 12288]; spacefiller[12288, 4096]; spacefiller[12288, 8192]; spacefiller[12288, 12288];
  Data loaded in   53.9193 ms

Warming up... 1 / 5
Warming up... 2 / 5
Warming up... 3 / 5
Warming up... 4 / 5
Warming up... 5 / 5


Running experiment...        gol-cuda-local-one-cell-32--bit-tiles

Measurement round 1 / 10
Time report:
  set_and_format_input_data:  1521.903522 ms
  initialize_data_structures: 1.895945 ms
  run:                        2062.663014 ms
   performed iters:  10000
   runtime per iter: 0.206266 ms
  finalize_data_structures:   2.145674 ms

Measurement round 2 / 10
Time report:
  set_and_format_input_data:  1520.477179 ms
  initialize_data_structures: 1.891899 ms
  run:                        2062.236257 ms
   performed iters:  10000
   runtime per iter: 0.206224 ms
  finalize_data_structures:   2.509887 ms

Measurement round 3 / 10
Time report:
  set_and_format_input_data:  1524.090348 ms
  initialize_data_structures: 1.896397 ms
  run:                        2062.474228 ms
   performed iters:  10000
   runtime per iter: 0.206247 ms
  finalize_data_structures:   2.184583 ms

Measurement round 4 / 10
Time report:
  set_and_format_input_data:  1522.911921 ms
  initialize_data_structures: 1.861384 ms
  run:                        2062.289157 ms
   performed iters:  10000
   runtime per iter: 0.206229 ms
  finalize_data_structures:   2.509897 ms

Measurement round 5 / 10
Time report:
  set_and_format_input_data:  1522.409289 ms
  initialize_data_structures: 1.881023 ms
  run:                        2062.298472 ms
   performed iters:  10000
   runtime per iter: 0.206230 ms
  finalize_data_structures:   1.726728 ms

Measurement round 6 / 10
Time report:
  set_and_format_input_data:  1523.422896 ms
  initialize_data_structures: 1.941675 ms
  run:                        2062.289378 ms
   performed iters:  10000
   runtime per iter: 0.206229 ms
  finalize_data_structures:   2.507543 ms

Measurement round 7 / 10
Time report:
  set_and_format_input_data:  1522.373725 ms
  initialize_data_structures: 1.892761 ms
  run:                        2062.216356 ms
   performed iters:  10000
   runtime per iter: 0.206222 ms
  finalize_data_structures:   1.752999 ms

Measurement round 8 / 10
Time report:
  set_and_format_input_data:  1521.294348 ms
  initialize_data_structures: 1.902546 ms
  run:                        2062.302758 ms
   performed iters:  10000
   runtime per iter: 0.206230 ms
  finalize_data_structures:   2.471779 ms

Measurement round 9 / 10
Time report:
  set_and_format_input_data:  1523.333671 ms
  initialize_data_structures: 1.893071 ms
  run:                        2062.215456 ms
   performed iters:  10000
   runtime per iter: 0.206222 ms
  finalize_data_structures:   2.150972 ms

Measurement round 10 / 10
Time report:
  set_and_format_input_data:  1522.733811 ms
  initialize_data_structures: 1.889746 ms
  run:                        2062.286994 ms
   performed iters:  10000
   runtime per iter: 0.206229 ms
  finalize_data_structures:   2.515115 ms

exp-5
next-experiment
Hello
Experiment Parameters:
  algorithm_name: gol-cuda-local-one-cell-32--bit-tiles
  grid_dimensions: 16384x16384
  iterations: 10000
  base_grid_encoding: char
  max_runtime_seconds: 5000
  warmup_rounds: 5
  measurement_rounds: 10
  data_loader_name: lexicon
  pattern_expression: spacefiller[2340, 2730]; spacefiller[2340, 5460]; spacefiller[2340, 8190]; spacefiller[2340, 10920]; spacefiller[2340, 13650]; spacefiller[4680, 2730]; spacefiller[4680, 5460]; spacefiller[4680, 8190]; spacefiller[4680, 10920]; spacefiller[4680, 13650]; spacefiller[7020, 2730]; spacefiller[7020, 5460]; spacefiller[7020, 8190]; spacefiller[7020, 10920]; spacefiller[7020, 13650]; spacefiller[9360, 2730]; spacefiller[9360, 5460]; spacefiller[9360, 8190]; spacefiller[9360, 10920]; spacefiller[9360, 13650]; spacefiller[11700, 2730]; spacefiller[11700, 5460]; spacefiller[11700, 8190]; spacefiller[11700, 10920]; spacefiller[11700, 13650]; spacefiller[14040, 2730]; spacefiller[14040, 5460]; spacefiller[14040, 8190]; spacefiller[14040, 10920]; spacefiller[14040, 13650];
  measure_speedup: 0
  speedup_bench_algorithm_name: gol-cuda-naive
  validate: 0
  print_validation_diff: 0
  validation_algorithm_name: gol-cuda-naive
  animate_output: 0
  colorful: 0
  random_seed: 42
  tag: 66-work
  state_bits_count: 32
  thread_block_size: 256
  warp_dims_x: 32
  warp_dims_y: 1
  warp_tile_dims_x: 32
  warp_tile_dims_y: 8
  collect_touched_tiles_stats: 0
  streaming_direction: in-x

Loading data...              lexicon with pattern spacefiller[2340, 2730]; spacefiller[2340, 5460]; spacefiller[2340, 8190]; spacefiller[2340, 10920]; spacefiller[2340, 13650]; spacefiller[4680, 2730]; spacefiller[4680, 5460]; spacefiller[4680, 8190]; spacefiller[4680, 10920]; spacefiller[4680, 13650]; spacefiller[7020, 2730]; spacefiller[7020, 5460]; spacefiller[7020, 8190]; spacefiller[7020, 10920]; spacefiller[7020, 13650]; spacefiller[9360, 2730]; spacefiller[9360, 5460]; spacefiller[9360, 8190]; spacefiller[9360, 10920]; spacefiller[9360, 13650]; spacefiller[11700, 2730]; spacefiller[11700, 5460]; spacefiller[11700, 8190]; spacefiller[11700, 10920]; spacefiller[11700, 13650]; spacefiller[14040, 2730]; spacefiller[14040, 5460]; spacefiller[14040, 8190]; spacefiller[14040, 10920]; spacefiller[14040, 13650];
  Data loaded in   55.0605 ms

Warming up... 1 / 5
Warming up... 2 / 5
Warming up... 3 / 5
Warming up... 4 / 5
Warming up... 5 / 5


Running experiment...        gol-cuda-local-one-cell-32--bit-tiles

Measurement round 1 / 10
Time report:
  set_and_format_input_data:  1521.246224 ms
  initialize_data_structures: 1.924018 ms
  run:                        2545.727282 ms
   performed iters:  10000
   runtime per iter: 0.254573 ms
  finalize_data_structures:   1.770746 ms

Measurement round 2 / 10
Time report:
  set_and_format_input_data:  1530.093644 ms
  initialize_data_structures: 1.861764 ms
  run:                        2545.838130 ms
   performed iters:  10000
   runtime per iter: 0.254584 ms
  finalize_data_structures:   3.200093 ms

Measurement round 3 / 10
Time report:
  set_and_format_input_data:  1526.963376 ms
  initialize_data_structures: 1.878368 ms
  run:                        2545.759971 ms
   performed iters:  10000
   runtime per iter: 0.254576 ms
  finalize_data_structures:   1.755443 ms

Measurement round 4 / 10
Time report:
  set_and_format_input_data:  1530.064619 ms
  initialize_data_structures: 1.900342 ms
  run:                        2545.778540 ms
   performed iters:  10000
   runtime per iter: 0.254578 ms
  finalize_data_structures:   5.252466 ms

Measurement round 5 / 10
Time report:
  set_and_format_input_data:  1521.051820 ms
  initialize_data_structures: 1.919882 ms
  run:                        2545.611617 ms
   performed iters:  10000
   runtime per iter: 0.254561 ms
  finalize_data_structures:   1.767441 ms

Measurement round 6 / 10
Time report:
  set_and_format_input_data:  1529.951197 ms
  initialize_data_structures: 1.889937 ms
  run:                        2545.688123 ms
   performed iters:  10000
   runtime per iter: 0.254569 ms
  finalize_data_structures:   2.846597 ms

Measurement round 7 / 10
Time report:
  set_and_format_input_data:  1520.826638 ms
  initialize_data_structures: 1.867102 ms
  run:                        2545.661443 ms
   performed iters:  10000
   runtime per iter: 0.254566 ms
  finalize_data_structures:   1.716914 ms

Measurement round 8 / 10
Time report:
  set_and_format_input_data:  1528.249006 ms
  initialize_data_structures: 1.930358 ms
  run:                        2545.611266 ms
   performed iters:  10000
   runtime per iter: 0.254561 ms
  finalize_data_structures:   2.835340 ms

Measurement round 9 / 10
Time report:
  set_and_format_input_data:  1521.461291 ms
  initialize_data_structures: 1.880372 ms
  run:                        2545.743287 ms
   performed iters:  10000
   runtime per iter: 0.254574 ms
  finalize_data_structures:   1.745167 ms

Measurement round 10 / 10
Time report:
  set_and_format_input_data:  1528.295246 ms
  initialize_data_structures: 1.897898 ms
  run:                        2546.253309 ms
   performed iters:  10000
   runtime per iter: 0.254625 ms
  finalize_data_structures:   2.830844 ms

exp-6
next-experiment
Hello
Experiment Parameters:
  algorithm_name: gol-cuda-local-one-cell-64--bit-tiles
  grid_dimensions: 16384x16384
  iterations: 10000
  base_grid_encoding: char
  max_runtime_seconds: 5000
  warmup_rounds: 5
  measurement_rounds: 10
  data_loader_name: lexicon
  pattern_expression: spacefiller[2340, 2730]; spacefiller[2340, 5460]; spacefiller[2340, 8190]; spacefiller[2340, 10920]; spacefiller[2340, 13650]; spacefiller[4680, 2730]; spacefiller[4680, 5460]; spacefiller[4680, 8190]; spacefiller[4680, 10920]; spacefiller[4680, 13650]; spacefiller[7020, 2730]; spacefiller[7020, 5460]; spacefiller[7020, 8190]; spacefiller[7020, 10920]; spacefiller[7020, 13650]; spacefiller[9360, 2730]; spacefiller[9360, 5460]; spacefiller[9360, 8190]; spacefiller[9360, 10920]; spacefiller[9360, 13650]; spacefiller[11700, 2730]; spacefiller[11700, 5460]; spacefiller[11700, 8190]; spacefiller[11700, 10920]; spacefiller[11700, 13650]; spacefiller[14040, 2730]; spacefiller[14040, 5460]; spacefiller[14040, 8190]; spacefiller[14040, 10920]; spacefiller[14040, 13650];
  measure_speedup: 0
  speedup_bench_algorithm_name: gol-cuda-naive
  validate: 0
  print_validation_diff: 0
  validation_algorithm_name: gol-cuda-naive
  animate_output: 0
  colorful: 0
  random_seed: 42
  tag: 66-work
  state_bits_count: 32
  thread_block_size: 128
  warp_dims_x: 32
  warp_dims_y: 1
  warp_tile_dims_x: 32
  warp_tile_dims_y: 8
  collect_touched_tiles_stats: 0
  streaming_direction: in-x

Loading data...              lexicon with pattern spacefiller[2340, 2730]; spacefiller[2340, 5460]; spacefiller[2340, 8190]; spacefiller[2340, 10920]; spacefiller[2340, 13650]; spacefiller[4680, 2730]; spacefiller[4680, 5460]; spacefiller[4680, 8190]; spacefiller[4680, 10920]; spacefiller[4680, 13650]; spacefiller[7020, 2730]; spacefiller[7020, 5460]; spacefiller[7020, 8190]; spacefiller[7020, 10920]; spacefiller[7020, 13650]; spacefiller[9360, 2730]; spacefiller[9360, 5460]; spacefiller[9360, 8190]; spacefiller[9360, 10920]; spacefiller[9360, 13650]; spacefiller[11700, 2730]; spacefiller[11700, 5460]; spacefiller[11700, 8190]; spacefiller[11700, 10920]; spacefiller[11700, 13650]; spacefiller[14040, 2730]; spacefiller[14040, 5460]; spacefiller[14040, 8190]; spacefiller[14040, 10920]; spacefiller[14040, 13650];
  Data loaded in   55.2812 ms

Warming up... 1 / 5
Warming up... 2 / 5
Warming up... 3 / 5
Warming up... 4 / 5
Warming up... 5 / 5


Running experiment...        gol-cuda-local-one-cell-64--bit-tiles

Measurement round 1 / 10
Time report:
  set_and_format_input_data:  1600.507458 ms
  initialize_data_structures: 1.869716 ms
  run:                        2007.302240 ms
   performed iters:  10000
   runtime per iter: 0.200730 ms
  finalize_data_structures:   2.061557 ms

Measurement round 2 / 10
Time report:
  set_and_format_input_data:  1602.427820 ms
  initialize_data_structures: 1.866410 ms
  run:                        2007.364815 ms
   performed iters:  10000
   runtime per iter: 0.200736 ms
  finalize_data_structures:   1.722342 ms

Measurement round 3 / 10
Time report:
  set_and_format_input_data:  1602.863501 ms
  initialize_data_structures: 1.867222 ms
  run:                        2007.886456 ms
   performed iters:  10000
   runtime per iter: 0.200789 ms
  finalize_data_structures:   2.133746 ms

Measurement round 4 / 10
Time report:
  set_and_format_input_data:  1601.429065 ms
  initialize_data_structures: 1.864047 ms
  run:                        2007.266726 ms
   performed iters:  10000
   runtime per iter: 0.200727 ms
  finalize_data_structures:   1.717545 ms

Measurement round 5 / 10
Time report:
  set_and_format_input_data:  1601.261151 ms
  initialize_data_structures: 1.865850 ms
  run:                        2007.927068 ms
   performed iters:  10000
   runtime per iter: 0.200793 ms
  finalize_data_structures:   1.727620 ms

Measurement round 6 / 10
Time report:
  set_and_format_input_data:  1599.599831 ms
  initialize_data_structures: 1.905511 ms
  run:                        2007.324774 ms
   performed iters:  10000
   runtime per iter: 0.200732 ms
  finalize_data_structures:   1.744005 ms

Measurement round 7 / 10
Time report:
  set_and_format_input_data:  1604.591512 ms
  initialize_data_structures: 1.857888 ms
  run:                        2007.991937 ms
   performed iters:  10000
   runtime per iter: 0.200799 ms
  finalize_data_structures:   1.729864 ms

Measurement round 8 / 10
Time report:
  set_and_format_input_data:  1600.261294 ms
  initialize_data_structures: 1.868293 ms
  run:                        2007.408362 ms
   performed iters:  10000
   runtime per iter: 0.200741 ms
  finalize_data_structures:   1.725967 ms

Measurement round 9 / 10
Time report:
  set_and_format_input_data:  1602.573432 ms
  initialize_data_structures: 1.861333 ms
  run:                        2008.480076 ms
   performed iters:  10000
   runtime per iter: 0.200848 ms
  finalize_data_structures:   2.146586 ms

Measurement round 10 / 10
Time report:
  set_and_format_input_data:  1600.703595 ms
  initialize_data_structures: 1.865700 ms
  run:                        2007.958376 ms
   performed iters:  10000
   runtime per iter: 0.200796 ms
  finalize_data_structures:   1.709132 ms

exp-7
next-experiment
Hello
Experiment Parameters:
  algorithm_name: gol-cuda-local-one-cell-64--bit-tiles
  grid_dimensions: 16384x16384
  iterations: 10000
  base_grid_encoding: char
  max_runtime_seconds: 5000
  warmup_rounds: 5
  measurement_rounds: 10
  data_loader_name: lexicon
  pattern_expression: spacefiller[4096, 4096]; spacefiller[4096, 8192]; spacefiller[4096, 12288]; spacefiller[8192, 4096]; spacefiller[8192, 8192]; spacefiller[8192, 12288]; spacefiller[12288, 4096]; spacefiller[12288, 8192]; spacefiller[12288, 12288];
  measure_speedup: 0
  speedup_bench_algorithm_name: gol-cuda-naive
  validate: 0
  print_validation_diff: 0
  validation_algorithm_name: gol-cuda-naive
  animate_output: 0
  colorful: 0
  random_seed: 42
  tag: 33-work
  state_bits_count: 32
  thread_block_size: 128
  warp_dims_x: 32
  warp_dims_y: 1
  warp_tile_dims_x: 32
  warp_tile_dims_y: 8
  collect_touched_tiles_stats: 0
  streaming_direction: in-x

Loading data...              lexicon with pattern spacefiller[4096, 4096]; spacefiller[4096, 8192]; spacefiller[4096, 12288]; spacefiller[8192, 4096]; spacefiller[8192, 8192]; spacefiller[8192, 12288]; spacefiller[12288, 4096]; spacefiller[12288, 8192]; spacefiller[12288, 12288];
  Data loaded in   53.7838 ms

Warming up... 1 / 5
Warming up... 2 / 5
Warming up... 3 / 5
Warming up... 4 / 5
Warming up... 5 / 5


Running experiment...        gol-cuda-local-one-cell-64--bit-tiles

Measurement round 1 / 10
Time report:
  set_and_format_input_data:  1603.424041 ms
  initialize_data_structures: 1.888955 ms
  run:                        1477.163526 ms
   performed iters:  10000
   runtime per iter: 0.147716 ms
  finalize_data_structures:   1.772970 ms

Measurement round 2 / 10
Time report:
  set_and_format_input_data:  1607.511871 ms
  initialize_data_structures: 1.892951 ms
  run:                        1477.137517 ms
   performed iters:  10000
   runtime per iter: 0.147714 ms
  finalize_data_structures:   2.200407 ms

Measurement round 3 / 10
Time report:
  set_and_format_input_data:  1606.393946 ms
  initialize_data_structures: 1.900833 ms
  run:                        1475.841641 ms
   performed iters:  10000
   runtime per iter: 0.147584 ms
  finalize_data_structures:   1.746749 ms

Measurement round 4 / 10
Time report:
  set_and_format_input_data:  1603.918341 ms
  initialize_data_structures: 1.906251 ms
  run:                        1476.349111 ms
   performed iters:  10000
   runtime per iter: 0.147635 ms
  finalize_data_structures:   2.200657 ms

Measurement round 5 / 10
Time report:
  set_and_format_input_data:  1605.205273 ms
  initialize_data_structures: 1.898319 ms
  run:                        1476.711621 ms
   performed iters:  10000
   runtime per iter: 0.147671 ms
  finalize_data_structures:   1.738026 ms

Measurement round 6 / 10
Time report:
  set_and_format_input_data:  1603.634150 ms
  initialize_data_structures: 1.902175 ms
  run:                        1475.848611 ms
   performed iters:  10000
   runtime per iter: 0.147585 ms
  finalize_data_structures:   1.741581 ms

Measurement round 7 / 10
Time report:
  set_and_format_input_data:  1606.894314 ms
  initialize_data_structures: 1.892150 ms
  run:                        1476.422532 ms
   performed iters:  10000
   runtime per iter: 0.147642 ms
  finalize_data_structures:   1.753729 ms

Measurement round 8 / 10
Time report:
  set_and_format_input_data:  1603.272532 ms
  initialize_data_structures: 1.962366 ms
  run:                        1476.398436 ms
   performed iters:  10000
   runtime per iter: 0.147640 ms
  finalize_data_structures:   1.752538 ms

Measurement round 9 / 10
Time report:
  set_and_format_input_data:  1604.510028 ms
  initialize_data_structures: 1.895474 ms
  run:                        1477.214243 ms
   performed iters:  10000
   runtime per iter: 0.147721 ms
  finalize_data_structures:   1.774492 ms

Measurement round 10 / 10
Time report:
  set_and_format_input_data:  1603.317130 ms
  initialize_data_structures: 1.891359 ms
  run:                        1475.946971 ms
   performed iters:  10000
   runtime per iter: 0.147595 ms
  finalize_data_structures:   1.736464 ms

