Starting job 139866
Node:  ampere01
ARGS: 3
WORKER_ID: 3
exp-72
next-experiment
Hello
Experiment Parameters:
  algorithm_name: gol-cuda-naive-bitwise-no-macro-32
  grid_dimensions: 65536x65536
  iterations: 1000000
  base_grid_encoding: char
  max_runtime_seconds: 10
  warmup_rounds: 1
  measurement_rounds: 3
  data_loader_name: lexicon
  pattern_expression: spacefiller[32768,32768]
  measure_speedup: 0
  speedup_bench_algorithm_name: gol-cuda-naive
  validate: 0
  print_validation_diff: 0
  validation_algorithm_name: gol-cuda-naive
  animate_output: 0
  colorful: 0
  random_seed: 42
  state_bits_count: 32
  thread_block_size: 512
  warp_dims_x: 32
  warp_dims_y: 1
  warp_tile_dims_x: 32
  warp_tile_dims_y: 8
  streaming_direction: in-x

Loading data...              lexicon with pattern spacefiller[32768,32768]
  Data loaded in   852.507 ms

Warming up... 1 / 1


Running experiment...        gol-cuda-naive-bitwise-no-macro-32

Measurement round 1 / 3
Time report:
  set_and_format_input_data:  24868.302492 ms
  initialize_data_structures: 22.095201 ms
  run:                        55331.141950 ms
   performed iters:  1256
   runtime per iter: 44.053457 ms
  finalize_data_structures:   31.851355 ms

Measurement round 2 / 3
Time report:
  set_and_format_input_data:  24870.080382 ms
  initialize_data_structures: 22.667245 ms
  run:                        55291.323811 ms
   performed iters:  1256
   runtime per iter: 44.021755 ms
  finalize_data_structures:   23.984226 ms

Measurement round 3 / 3
Time report:
  set_and_format_input_data:  24839.264951 ms
  initialize_data_structures: 22.286356 ms
  run:                        55609.344883 ms
   performed iters:  1254
   runtime per iter: 44.345570 ms
  finalize_data_structures:   31.734828 ms

exp-73
next-experiment
Hello
Experiment Parameters:
  algorithm_name: gol-cuda-naive
  grid_dimensions: 65536x65536
  iterations: 1000000
  base_grid_encoding: int
  max_runtime_seconds: 10
  warmup_rounds: 1
  measurement_rounds: 3
  data_loader_name: lexicon
  pattern_expression: spacefiller[32768,32768]
  measure_speedup: 0
  speedup_bench_algorithm_name: gol-cuda-naive
  validate: 0
  print_validation_diff: 0
  validation_algorithm_name: gol-cuda-naive
  animate_output: 0
  colorful: 0
  random_seed: 42
  state_bits_count: 32
  thread_block_size: 512
  warp_dims_x: 32
  warp_dims_y: 1
  warp_tile_dims_x: 32
  warp_tile_dims_y: 8
  streaming_direction: in-x

Loading data...              lexicon with pattern spacefiller[32768,32768]
  Data loaded in   5118.55 ms

Warming up... 1 / 1


Running experiment...        gol-cuda-naive

Measurement round 1 / 3
Time report:
  set_and_format_input_data:  793.904441 ms
  initialize_data_structures: 705.203051 ms
  run:                        54747.372206 ms
   performed iters:  1249
   runtime per iter: 43.832964 ms
  finalize_data_structures:   691.126074 ms

Measurement round 2 / 3
Time report:
  set_and_format_input_data:  787.671636 ms
  initialize_data_structures: 699.058692 ms
  run:                        55213.516160 ms
   performed iters:  1249
   runtime per iter: 44.206178 ms
  finalize_data_structures:   691.183731 ms

Measurement round 3 / 3
Time report:
  set_and_format_input_data:  807.011183 ms
  initialize_data_structures: 696.534795 ms
  run:                        54452.155838 ms
   performed iters:  1249
   runtime per iter: 43.596602 ms
  finalize_data_structures:   691.723192 ms

exp-74
next-experiment
Hello
Experiment Parameters:
  algorithm_name: gol-cuda-naive
  grid_dimensions: 65536x65536
  iterations: 1000000
  base_grid_encoding: char
  max_runtime_seconds: 10
  warmup_rounds: 1
  measurement_rounds: 3
  data_loader_name: lexicon
  pattern_expression: spacefiller[32768,32768]
  measure_speedup: 0
  speedup_bench_algorithm_name: gol-cuda-naive
  validate: 0
  print_validation_diff: 0
  validation_algorithm_name: gol-cuda-naive
  animate_output: 0
  colorful: 0
  random_seed: 42
  state_bits_count: 32
  thread_block_size: 128
  warp_dims_x: 32
  warp_dims_y: 1
  warp_tile_dims_x: 32
  warp_tile_dims_y: 8
  streaming_direction: in-x

Loading data...              lexicon with pattern spacefiller[32768,32768]
  Data loaded in   820.082 ms

Warming up... 1 / 1


Running experiment...        gol-cuda-naive

Measurement round 1 / 3
Time report:
  set_and_format_input_data:  199.626298 ms
  initialize_data_structures: 173.609072 ms
  run:                        39766.462043 ms
   performed iters:  1370
   runtime per iter: 29.026615 ms
  finalize_data_structures:   174.797909 ms

Measurement round 2 / 3
Time report:
  set_and_format_input_data:  197.506501 ms
  initialize_data_structures: 173.899113 ms
  run:                        39446.327876 ms
   performed iters:  1373
   runtime per iter: 28.730028 ms
  finalize_data_structures:   174.784800 ms

Measurement round 3 / 3
Time report:
  set_and_format_input_data:  197.331035 ms
  initialize_data_structures: 174.460366 ms
  run:                        39796.085339 ms
   performed iters:  1368
   runtime per iter: 29.090706 ms
  finalize_data_structures:   174.560358 ms

exp-75
next-experiment
Hello
Experiment Parameters:
  algorithm_name: gol-cuda-naive
  grid_dimensions: 65536x65536
  iterations: 1000000
  base_grid_encoding: int
  max_runtime_seconds: 10
  warmup_rounds: 1
  measurement_rounds: 3
  data_loader_name: lexicon
  pattern_expression: spacefiller[32768,32768]
  measure_speedup: 0
  speedup_bench_algorithm_name: gol-cuda-naive
  validate: 0
  print_validation_diff: 0
  validation_algorithm_name: gol-cuda-naive
  animate_output: 0
  colorful: 0
  random_seed: 42
  state_bits_count: 32
  thread_block_size: 128
  warp_dims_x: 32
  warp_dims_y: 1
  warp_tile_dims_x: 32
  warp_tile_dims_y: 8
  streaming_direction: in-x

Loading data...              lexicon with pattern spacefiller[32768,32768]
  Data loaded in   5106.73 ms

Warming up... 1 / 1


Running experiment...        gol-cuda-naive

Measurement round 1 / 3
Time report:
  set_and_format_input_data:  782.338013 ms
  initialize_data_structures: 692.207353 ms
  run:                        54054.368118 ms
   performed iters:  1254
   runtime per iter: 43.105557 ms
  finalize_data_structures:   691.266923 ms

Measurement round 2 / 3
Time report:
  set_and_format_input_data:  780.004377 ms
  initialize_data_structures: 697.375276 ms
  run:                        54091.013723 ms
   performed iters:  1255
   runtime per iter: 43.100409 ms
  finalize_data_structures:   691.409269 ms

Measurement round 3 / 3
Time report:
  set_and_format_input_data:  788.789669 ms
  initialize_data_structures: 692.297019 ms
  run:                        54056.842198 ms
   performed iters:  1254
   runtime per iter: 43.107530 ms
  finalize_data_structures:   930.747227 ms

exp-76
next-experiment
Hello
Experiment Parameters:
  algorithm_name: gol-cuda-naive-bitwise-no-macro-64
  grid_dimensions: 8192x8192
  iterations: 1000000
  base_grid_encoding: char
  max_runtime_seconds: 10
  warmup_rounds: 1
  measurement_rounds: 3
  data_loader_name: lexicon
  pattern_expression: spacefiller[4096,4096]
  measure_speedup: 0
  speedup_bench_algorithm_name: gol-cuda-naive
  validate: 0
  print_validation_diff: 0
  validation_algorithm_name: gol-cuda-naive
  animate_output: 0
  colorful: 0
  random_seed: 42
  state_bits_count: 32
  thread_block_size: 512
  warp_dims_x: 32
  warp_dims_y: 1
  warp_tile_dims_x: 32
  warp_tile_dims_y: 8
  streaming_direction: in-x

Loading data...              lexicon with pattern spacefiller[4096,4096]
  Data loaded in   447.537 ms

Warming up... 1 / 1


Running experiment...        gol-cuda-naive-bitwise-no-macro-64

Measurement round 1 / 3
Time report:
  set_and_format_input_data:  197.070520 ms
  initialize_data_structures: 0.704641 ms
  run:                        10952.343617 ms
   performed iters:  12101
   runtime per iter: 0.905078 ms
  finalize_data_structures:   1.330932 ms

Measurement round 2 / 3
Time report:
  set_and_format_input_data:  207.798815 ms
  initialize_data_structures: 0.718412 ms
  run:                        10954.628319 ms
   performed iters:  12172
   runtime per iter: 0.899986 ms
  finalize_data_structures:   0.795339 ms

Measurement round 3 / 3
Time report:
  set_and_format_input_data:  207.146333 ms
  initialize_data_structures: 0.675347 ms
  run:                        10934.562192 ms
   performed iters:  12273
   runtime per iter: 0.890945 ms
  finalize_data_structures:   0.821559 ms

exp-77
next-experiment
Hello
Experiment Parameters:
  algorithm_name: gol-cuda-naive-bitwise-cols-64
  grid_dimensions: 32768x32768
  iterations: 1000000
  base_grid_encoding: char
  max_runtime_seconds: 10
  warmup_rounds: 1
  measurement_rounds: 3
  data_loader_name: lexicon
  pattern_expression: spacefiller[16384,16384]
  measure_speedup: 0
  speedup_bench_algorithm_name: gol-cuda-naive
  validate: 0
  print_validation_diff: 0
  validation_algorithm_name: gol-cuda-naive
  animate_output: 0
  colorful: 0
  random_seed: 42
  state_bits_count: 32
  thread_block_size: 1024
  warp_dims_x: 32
  warp_dims_y: 1
  warp_tile_dims_x: 32
  warp_tile_dims_y: 8
  streaming_direction: in-x

Loading data...              lexicon with pattern spacefiller[16384,16384]
  Data loaded in   523.448 ms

Warming up... 1 / 1


Running experiment...        gol-cuda-naive-bitwise-cols-64

Measurement round 1 / 3
Time report:
  set_and_format_input_data:  3993.081015 ms
  initialize_data_structures: 5.957465 ms
  run:                        10848.491732 ms
   performed iters:  13178
   runtime per iter: 0.823227 ms
  finalize_data_structures:   6.780846 ms

Measurement round 2 / 3
Time report:
  set_and_format_input_data:  3984.447404 ms
  initialize_data_structures: 5.852755 ms
  run:                        10845.126788 ms
   performed iters:  13219
   runtime per iter: 0.820420 ms
  finalize_data_structures:   6.736739 ms

Measurement round 3 / 3
Time report:
  set_and_format_input_data:  3989.896005 ms
  initialize_data_structures: 5.854919 ms
  run:                        10846.446003 ms
   performed iters:  13204
   runtime per iter: 0.821452 ms
  finalize_data_structures:   6.777550 ms

exp-78
next-experiment
Hello
Experiment Parameters:
  algorithm_name: gol-cuda-naive
  grid_dimensions: 32768x32768
  iterations: 1000000
  base_grid_encoding: int
  max_runtime_seconds: 10
  warmup_rounds: 1
  measurement_rounds: 3
  data_loader_name: lexicon
  pattern_expression: spacefiller[16384,16384]
  measure_speedup: 0
  speedup_bench_algorithm_name: gol-cuda-naive
  validate: 0
  print_validation_diff: 0
  validation_algorithm_name: gol-cuda-naive
  animate_output: 0
  colorful: 0
  random_seed: 42
  state_bits_count: 32
  thread_block_size: 256
  warp_dims_x: 32
  warp_dims_y: 1
  warp_tile_dims_x: 32
  warp_tile_dims_y: 8
  streaming_direction: in-x

Loading data...              lexicon with pattern spacefiller[16384,16384]
  Data loaded in   1595.33 ms

Warming up... 1 / 1


Running experiment...        gol-cuda-naive

Measurement round 1 / 3
Time report:
  set_and_format_input_data:  196.196741 ms
  initialize_data_structures: 174.012806 ms
  run:                        21007.520633 ms
   performed iters:  1951
   runtime per iter: 10.767566 ms
  finalize_data_structures:   174.760192 ms

Measurement round 2 / 3
Time report:
  set_and_format_input_data:  198.227527 ms
  initialize_data_structures: 176.797568 ms
  run:                        21006.795120 ms
   performed iters:  1951
   runtime per iter: 10.767194 ms
  finalize_data_structures:   174.725489 ms

Measurement round 3 / 3
Time report:
  set_and_format_input_data:  196.196791 ms
  initialize_data_structures: 173.693651 ms
  run:                        20984.258499 ms
   performed iters:  1953
   runtime per iter: 10.744628 ms
  finalize_data_structures:   174.751448 ms

exp-79
next-experiment
Hello
Experiment Parameters:
  algorithm_name: gol-cuda-naive
  grid_dimensions: 8192x8192
  iterations: 1000000
  base_grid_encoding: int
  max_runtime_seconds: 10
  warmup_rounds: 1
  measurement_rounds: 3
  data_loader_name: lexicon
  pattern_expression: spacefiller[4096,4096]
  measure_speedup: 0
  speedup_bench_algorithm_name: gol-cuda-naive
  validate: 0
  print_validation_diff: 0
  validation_algorithm_name: gol-cuda-naive
  animate_output: 0
  colorful: 0
  random_seed: 42
  state_bits_count: 32
  thread_block_size: 32
  warp_dims_x: 32
  warp_dims_y: 1
  warp_tile_dims_x: 32
  warp_tile_dims_y: 8
  streaming_direction: in-x

Loading data...              lexicon with pattern spacefiller[4096,4096]
  Data loaded in   485.148 ms

Warming up... 1 / 1


Running experiment...        gol-cuda-naive

Measurement round 1 / 3
Time report:
  set_and_format_input_data:  12.799878 ms
  initialize_data_structures: 11.344146 ms
  run:                        11136.755158 ms
   performed iters:  10016
   runtime per iter: 1.111896 ms
  finalize_data_structures:   13.158853 ms

Measurement round 2 / 3
Time report:
  set_and_format_input_data:  12.998781 ms
  initialize_data_structures: 11.325418 ms
  run:                        11136.759104 ms
   performed iters:  10016
   runtime per iter: 1.111897 ms
  finalize_data_structures:   13.167968 ms

Measurement round 3 / 3
Time report:
  set_and_format_input_data:  13.073885 ms
  initialize_data_structures: 11.263684 ms
  run:                        11136.763300 ms
   performed iters:  10016
   runtime per iter: 1.111897 ms
  finalize_data_structures:   13.168338 ms

exp-80
next-experiment
Hello
Experiment Parameters:
  algorithm_name: gol-cuda-naive-bitwise-no-macro-64
  grid_dimensions: 8192x8192
  iterations: 1000000
  base_grid_encoding: char
  max_runtime_seconds: 10
  warmup_rounds: 1
  measurement_rounds: 3
  data_loader_name: lexicon
  pattern_expression: spacefiller[4096,4096]
  measure_speedup: 0
  speedup_bench_algorithm_name: gol-cuda-naive
  validate: 0
  print_validation_diff: 0
  validation_algorithm_name: gol-cuda-naive
  animate_output: 0
  colorful: 0
  random_seed: 42
  state_bits_count: 32
  thread_block_size: 32
  warp_dims_x: 32
  warp_dims_y: 1
  warp_tile_dims_x: 32
  warp_tile_dims_y: 8
  streaming_direction: in-x

Loading data...              lexicon with pattern spacefiller[4096,4096]
  Data loaded in   412.918 ms

Warming up... 1 / 1


Running experiment...        gol-cuda-naive-bitwise-no-macro-64

Measurement round 1 / 3
Time report:
  set_and_format_input_data:  207.883657 ms
  initialize_data_structures: 0.715497 ms
  run:                        10974.852154 ms
   performed iters:  11964
   runtime per iter: 0.917323 ms
  finalize_data_structures:   0.822160 ms

Measurement round 2 / 3
Time report:
  set_and_format_input_data:  208.535377 ms
  initialize_data_structures: 0.704260 ms
  run:                        10968.298626 ms
   performed iters:  12005
   runtime per iter: 0.913644 ms
  finalize_data_structures:   0.815579 ms

Measurement round 3 / 3
Time report:
  set_and_format_input_data:  208.075208 ms
  initialize_data_structures: 0.718591 ms
  run:                        10960.386404 ms
   performed iters:  12075
   runtime per iter: 0.907692 ms
  finalize_data_structures:   0.804102 ms

exp-81
next-experiment
Hello
Experiment Parameters:
  algorithm_name: gol-cuda-naive-bitwise-no-macro-64
  grid_dimensions: 65536x65536
  iterations: 1000000
  base_grid_encoding: char
  max_runtime_seconds: 10
  warmup_rounds: 1
  measurement_rounds: 3
  data_loader_name: lexicon
  pattern_expression: spacefiller[32768,32768]
  measure_speedup: 0
  speedup_bench_algorithm_name: gol-cuda-naive
  validate: 0
  print_validation_diff: 0
  validation_algorithm_name: gol-cuda-naive
  animate_output: 0
  colorful: 0
  random_seed: 42
  state_bits_count: 32
  thread_block_size: 1024
  warp_dims_x: 32
  warp_dims_y: 1
  warp_tile_dims_x: 32
  warp_tile_dims_y: 8
  streaming_direction: in-x

Loading data...              lexicon with pattern spacefiller[32768,32768]
  Data loaded in   823.313 ms

Warming up... 1 / 1


Running experiment...        gol-cuda-naive-bitwise-no-macro-64

Measurement round 1 / 3
Time report:
  set_and_format_input_data:  29874.391712 ms
  initialize_data_structures: 22.284208 ms
  run:                        60526.794317 ms
   performed iters:  1230
   runtime per iter: 49.208776 ms
  finalize_data_structures:   23.992894 ms

Measurement round 2 / 3
Time report:
  set_and_format_input_data:  29901.819435 ms
  initialize_data_structures: 22.482981 ms
  run:                        60615.269135 ms
   performed iters:  1231
   runtime per iter: 49.240674 ms
  finalize_data_structures:   23.969519 ms

Measurement round 3 / 3
Time report:
  set_and_format_input_data:  29743.997892 ms
  initialize_data_structures: 22.717366 ms
  run:                        60470.516680 ms
   performed iters:  1231
   runtime per iter: 49.123084 ms
  finalize_data_structures:   23.989460 ms

exp-82
next-experiment
Hello
Experiment Parameters:
  algorithm_name: gol-cuda-naive-bitwise-cols-32
  grid_dimensions: 8192x8192
  iterations: 1000000
  base_grid_encoding: char
  max_runtime_seconds: 10
  warmup_rounds: 1
  measurement_rounds: 3
  data_loader_name: lexicon
  pattern_expression: spacefiller[4096,4096]
  measure_speedup: 0
  speedup_bench_algorithm_name: gol-cuda-naive
  validate: 0
  print_validation_diff: 0
  validation_algorithm_name: gol-cuda-naive
  animate_output: 0
  colorful: 0
  random_seed: 42
  state_bits_count: 32
  thread_block_size: 256
  warp_dims_x: 32
  warp_dims_y: 1
  warp_tile_dims_x: 32
  warp_tile_dims_y: 8
  streaming_direction: in-x

Loading data...              lexicon with pattern spacefiller[4096,4096]
  Data loaded in   418.452 ms

Warming up... 1 / 1


Running experiment...        gol-cuda-naive-bitwise-cols-32

Measurement round 1 / 3
Time report:
  set_and_format_input_data:  208.890497 ms
  initialize_data_structures: 0.698451 ms
  run:                        10042.503991 ms
   performed iters:  242650
   runtime per iter: 0.041387 ms
  finalize_data_structures:   0.991116 ms

Measurement round 2 / 3
Time report:
  set_and_format_input_data:  209.854832 ms
  initialize_data_structures: 0.730800 ms
  run:                        10042.302083 ms
   performed iters:  242376
   runtime per iter: 0.041433 ms
  finalize_data_structures:   0.768598 ms

Measurement round 3 / 3
Time report:
  set_and_format_input_data:  209.106274 ms
  initialize_data_structures: 0.657549 ms
  run:                        10042.325229 ms
   performed iters:  242128
   runtime per iter: 0.041475 ms
  finalize_data_structures:   102.720984 ms

exp-83
next-experiment
Hello
Experiment Parameters:
  algorithm_name: gol-cuda-naive-bitwise-cols-32
  grid_dimensions: 65536x65536
  iterations: 1000000
  base_grid_encoding: char
  max_runtime_seconds: 10
  warmup_rounds: 1
  measurement_rounds: 3
  data_loader_name: lexicon
  pattern_expression: spacefiller[32768,32768]
  measure_speedup: 0
  speedup_bench_algorithm_name: gol-cuda-naive
  validate: 0
  print_validation_diff: 0
  validation_algorithm_name: gol-cuda-naive
  animate_output: 0
  colorful: 0
  random_seed: 42
  state_bits_count: 32
  thread_block_size: 128
  warp_dims_x: 32
  warp_dims_y: 1
  warp_tile_dims_x: 32
  warp_tile_dims_y: 8
  streaming_direction: in-x

Loading data...              lexicon with pattern spacefiller[32768,32768]
  Data loaded in   818.951 ms

Warming up... 1 / 1


Running experiment...        gol-cuda-naive-bitwise-cols-32

Measurement round 1 / 3
Time report:
  set_and_format_input_data:  24768.052780 ms
  initialize_data_structures: 22.706024 ms
  run:                        13070.148750 ms
   performed iters:  4407
   runtime per iter: 2.965770 ms
  finalize_data_structures:   24.057617 ms

Measurement round 2 / 3
Time report:
  set_and_format_input_data:  24768.219855 ms
  initialize_data_structures: 22.167265 ms
  run:                        13076.180836 ms
   performed iters:  4403
   runtime per iter: 2.969834 ms
  finalize_data_structures:   23.973209 ms

Measurement round 3 / 3
Time report:
  set_and_format_input_data:  24765.162689 ms
  initialize_data_structures: 22.234938 ms
  run:                        13055.150649 ms
   performed iters:  4435
   runtime per iter: 2.943664 ms
  finalize_data_structures:   23.981983 ms

exp-84
next-experiment
Hello
Experiment Parameters:
  algorithm_name: gol-cuda-naive-bitwise-cols-32
  grid_dimensions: 65536x65536
  iterations: 1000000
  base_grid_encoding: char
  max_runtime_seconds: 10
  warmup_rounds: 1
  measurement_rounds: 3
  data_loader_name: lexicon
  pattern_expression: spacefiller[32768,32768]
  measure_speedup: 0
  speedup_bench_algorithm_name: gol-cuda-naive
  validate: 0
  print_validation_diff: 0
  validation_algorithm_name: gol-cuda-naive
  animate_output: 0
  colorful: 0
  random_seed: 42
  state_bits_count: 32
  thread_block_size: 512
  warp_dims_x: 32
  warp_dims_y: 1
  warp_tile_dims_x: 32
  warp_tile_dims_y: 8
  streaming_direction: in-x

Loading data...              lexicon with pattern spacefiller[32768,32768]
  Data loaded in   821.436 ms

Warming up... 1 / 1


Running experiment...        gol-cuda-naive-bitwise-cols-32

Measurement round 1 / 3
Time report:
  set_and_format_input_data:  24777.160712 ms
  initialize_data_structures: 22.321089 ms
  run:                        12774.294855 ms
   performed iters:  4735
   runtime per iter: 2.697845 ms
  finalize_data_structures:   23.967521 ms

Measurement round 2 / 3
Time report:
  set_and_format_input_data:  24786.029277 ms
  initialize_data_structures: 22.293146 ms
  run:                        12772.551135 ms
   performed iters:  4738
   runtime per iter: 2.695768 ms
  finalize_data_structures:   23.986750 ms

Measurement round 3 / 3
Time report:
  set_and_format_input_data:  24779.085275 ms
  initialize_data_structures: 22.346167 ms
  run:                        12771.230128 ms
   performed iters:  4739
   runtime per iter: 2.694921 ms
  finalize_data_structures:   23.952678 ms

exp-85
next-experiment
Hello
Experiment Parameters:
  algorithm_name: gol-cuda-naive-bitwise-cols-64
  grid_dimensions: 65536x65536
  iterations: 1000000
  base_grid_encoding: char
  max_runtime_seconds: 10
  warmup_rounds: 1
  measurement_rounds: 3
  data_loader_name: lexicon
  pattern_expression: spacefiller[32768,32768]
  measure_speedup: 0
  speedup_bench_algorithm_name: gol-cuda-naive
  validate: 0
  print_validation_diff: 0
  validation_algorithm_name: gol-cuda-naive
  animate_output: 0
  colorful: 0
  random_seed: 42
  state_bits_count: 32
  thread_block_size: 256
  warp_dims_x: 32
  warp_dims_y: 1
  warp_tile_dims_x: 32
  warp_tile_dims_y: 8
  streaming_direction: in-x

Loading data...              lexicon with pattern spacefiller[32768,32768]
  Data loaded in   828.986 ms

Warming up... 1 / 1


Running experiment...        gol-cuda-naive-bitwise-cols-64

Measurement round 1 / 3
Time report:
  set_and_format_input_data:  25673.011059 ms
  initialize_data_structures: 22.353458 ms
  run:                        13244.138080 ms
   performed iters:  4189
   runtime per iter: 3.161647 ms
  finalize_data_structures:   23.977135 ms

Measurement round 2 / 3
Time report:
  set_and_format_input_data:  25684.211348 ms
  initialize_data_structures: 22.561634 ms
  run:                        13244.328510 ms
   performed iters:  4188
   runtime per iter: 3.162447 ms
  finalize_data_structures:   23.924315 ms

Measurement round 3 / 3
Time report:
  set_and_format_input_data:  25570.551052 ms
  initialize_data_structures: 22.268549 ms
  run:                        13244.182668 ms
   performed iters:  4188
   runtime per iter: 3.162412 ms
  finalize_data_structures:   24.057918 ms

exp-86
next-experiment
Hello
Experiment Parameters:
  algorithm_name: gol-cuda-naive-bitwise-cols-32
  grid_dimensions: 8192x8192
  iterations: 1000000
  base_grid_encoding: char
  max_runtime_seconds: 10
  warmup_rounds: 1
  measurement_rounds: 3
  data_loader_name: lexicon
  pattern_expression: spacefiller[4096,4096]
  measure_speedup: 0
  speedup_bench_algorithm_name: gol-cuda-naive
  validate: 0
  print_validation_diff: 0
  validation_algorithm_name: gol-cuda-naive
  animate_output: 0
  colorful: 0
  random_seed: 42
  state_bits_count: 32
  thread_block_size: 64
  warp_dims_x: 32
  warp_dims_y: 1
  warp_tile_dims_x: 32
  warp_tile_dims_y: 8
  streaming_direction: in-x

Loading data...              lexicon with pattern spacefiller[4096,4096]
  Data loaded in   417.065 ms

Warming up... 1 / 1


Running experiment...        gol-cuda-naive-bitwise-cols-32

Measurement round 1 / 3
Time report:
  set_and_format_input_data:  209.282171 ms
  initialize_data_structures: 0.689869 ms
  run:                        10043.291643 ms
   performed iters:  239876
   runtime per iter: 0.041869 ms
  finalize_data_structures:   0.868831 ms

Measurement round 2 / 3
Time report:
  set_and_format_input_data:  209.658212 ms
  initialize_data_structures: 0.718752 ms
  run:                        10043.035873 ms
   performed iters:  238903
   runtime per iter: 0.042038 ms
  finalize_data_structures:   0.815619 ms

Measurement round 3 / 3
Time report:
  set_and_format_input_data:  208.874211 ms
  initialize_data_structures: 0.705152 ms
  run:                        10043.278233 ms
   performed iters:  238548
   runtime per iter: 0.042102 ms
  finalize_data_structures:   0.799795 ms

exp-87
next-experiment
Hello
Experiment Parameters:
  algorithm_name: gol-cuda-naive
  grid_dimensions: 16384x16384
  iterations: 1000000
  base_grid_encoding: char
  max_runtime_seconds: 10
  warmup_rounds: 1
  measurement_rounds: 3
  data_loader_name: lexicon
  pattern_expression: spacefiller[8192,8192]
  measure_speedup: 0
  speedup_bench_algorithm_name: gol-cuda-naive
  validate: 0
  print_validation_diff: 0
  validation_algorithm_name: gol-cuda-naive
  animate_output: 0
  colorful: 0
  random_seed: 42
  state_bits_count: 32
  thread_block_size: 256
  warp_dims_x: 32
  warp_dims_y: 1
  warp_tile_dims_x: 32
  warp_tile_dims_y: 8
  streaming_direction: in-x

Loading data...              lexicon with pattern spacefiller[8192,8192]
  Data loaded in   438.447 ms

Warming up... 1 / 1


Running experiment...        gol-cuda-naive

Measurement round 1 / 3
Time report:
  set_and_format_input_data:  12.990580 ms
  initialize_data_structures: 11.251738 ms
  run:                        11703.392241 ms
   performed iters:  7124
   runtime per iter: 1.642812 ms
  finalize_data_structures:   13.140498 ms

Measurement round 2 / 3
Time report:
  set_and_format_input_data:  12.830738 ms
  initialize_data_structures: 11.163123 ms
  run:                        11718.109485 ms
   performed iters:  7071
   runtime per iter: 1.657207 ms
  finalize_data_structures:   13.142481 ms

Measurement round 3 / 3
Time report:
  set_and_format_input_data:  12.695361 ms
  initialize_data_structures: 11.050392 ms
  run:                        11730.085940 ms
   performed iters:  7033
   runtime per iter: 1.667864 ms
  finalize_data_structures:   13.172517 ms

exp-88
next-experiment
Hello
Experiment Parameters:
  algorithm_name: gol-cuda-naive
  grid_dimensions: 16384x16384
  iterations: 1000000
  base_grid_encoding: int
  max_runtime_seconds: 10
  warmup_rounds: 1
  measurement_rounds: 3
  data_loader_name: lexicon
  pattern_expression: spacefiller[8192,8192]
  measure_speedup: 0
  speedup_bench_algorithm_name: gol-cuda-naive
  validate: 0
  print_validation_diff: 0
  validation_algorithm_name: gol-cuda-naive
  animate_output: 0
  colorful: 0
  random_seed: 42
  state_bits_count: 32
  thread_block_size: 64
  warp_dims_x: 32
  warp_dims_y: 1
  warp_tile_dims_x: 32
  warp_tile_dims_y: 8
  streaming_direction: in-x

Loading data...              lexicon with pattern spacefiller[8192,8192]
  Data loaded in   702.194 ms

Warming up... 1 / 1


Running experiment...        gol-cuda-naive

Measurement round 1 / 3
Time report:
  set_and_format_input_data:  48.396354 ms
  initialize_data_structures: 43.791676 ms
  run:                        12690.114306 ms
   performed iters:  4800
   runtime per iter: 2.643774 ms
  finalize_data_structures:   45.492110 ms

Measurement round 2 / 3
Time report:
  set_and_format_input_data:  49.023788 ms
  initialize_data_structures: 43.781582 ms
  run:                        12689.882914 ms
   performed iters:  4804
   runtime per iter: 2.641524 ms
  finalize_data_structures:   45.478100 ms

Measurement round 3 / 3
Time report:
  set_and_format_input_data:  48.710111 ms
  initialize_data_structures: 43.886100 ms
  run:                        12688.453773 ms
   performed iters:  4804
   runtime per iter: 2.641227 ms
  finalize_data_structures:   45.465741 ms

exp-89
next-experiment
Hello
Experiment Parameters:
  algorithm_name: gol-cuda-naive-bitwise-no-macro-32
  grid_dimensions: 65536x65536
  iterations: 1000000
  base_grid_encoding: char
  max_runtime_seconds: 10
  warmup_rounds: 1
  measurement_rounds: 3
  data_loader_name: lexicon
  pattern_expression: spacefiller[32768,32768]
  measure_speedup: 0
  speedup_bench_algorithm_name: gol-cuda-naive
  validate: 0
  print_validation_diff: 0
  validation_algorithm_name: gol-cuda-naive
  animate_output: 0
  colorful: 0
  random_seed: 42
  state_bits_count: 32
  thread_block_size: 64
  warp_dims_x: 32
  warp_dims_y: 1
  warp_tile_dims_x: 32
  warp_tile_dims_y: 8
  streaming_direction: in-x

Loading data...              lexicon with pattern spacefiller[32768,32768]
  Data loaded in   972.733 ms

Warming up... 1 / 1


Running experiment...        gol-cuda-naive-bitwise-no-macro-32

Measurement round 1 / 3
Time report:
  set_and_format_input_data:  26889.100916 ms
  initialize_data_structures: 22.399258 ms
  run:                        63171.144967 ms
   performed iters:  1221
   runtime per iter: 51.737219 ms
  finalize_data_structures:   24.019109 ms

Measurement round 2 / 3
Time report:
  set_and_format_input_data:  26891.453291 ms
  initialize_data_structures: 22.658512 ms
  run:                        62508.222306 ms
   performed iters:  1224
   runtime per iter: 51.068809 ms
  finalize_data_structures:   23.950967 ms

Measurement round 3 / 3
Time report:
  set_and_format_input_data:  26890.463347 ms
  initialize_data_structures: 22.559743 ms
  run:                        63069.575912 ms
   performed iters:  1222
   runtime per iter: 51.611764 ms
  finalize_data_structures:   24.062315 ms

exp-90
next-experiment
Hello
Experiment Parameters:
  algorithm_name: gol-cuda-naive
  grid_dimensions: 65536x65536
  iterations: 1000000
  base_grid_encoding: int
  max_runtime_seconds: 10
  warmup_rounds: 1
  measurement_rounds: 3
  data_loader_name: lexicon
  pattern_expression: spacefiller[32768,32768]
  measure_speedup: 0
  speedup_bench_algorithm_name: gol-cuda-naive
  validate: 0
  print_validation_diff: 0
  validation_algorithm_name: gol-cuda-naive
  animate_output: 0
  colorful: 0
  random_seed: 42
  state_bits_count: 32
  thread_block_size: 64
  warp_dims_x: 32
  warp_dims_y: 1
  warp_tile_dims_x: 32
  warp_tile_dims_y: 8
  streaming_direction: in-x

Loading data...              lexicon with pattern spacefiller[32768,32768]
  Data loaded in   5131.1 ms

Warming up... 1 / 1


Running experiment...        gol-cuda-naive

Measurement round 1 / 3
Time report:
  set_and_format_input_data:  793.084027 ms
  initialize_data_structures: 698.698797 ms
  run:                        53260.441626 ms
   performed iters:  1259
   runtime per iter: 42.303766 ms
  finalize_data_structures:   691.419401 ms

Measurement round 2 / 3
Time report:
  set_and_format_input_data:  788.980873 ms
  initialize_data_structures: 704.344082 ms
  run:                        53259.587731 ms
   performed iters:  1258
   runtime per iter: 42.336715 ms
  finalize_data_structures:   691.364187 ms

Measurement round 3 / 3
Time report:
  set_and_format_input_data:  797.978487 ms
  initialize_data_structures: 695.324736 ms
  run:                        53313.639482 ms
   performed iters:  1259
   runtime per iter: 42.346020 ms
  finalize_data_structures:   691.868454 ms

exp-91
next-experiment
Hello
Experiment Parameters:
  algorithm_name: gol-cuda-naive
  grid_dimensions: 8192x8192
  iterations: 1000000
  base_grid_encoding: int
  max_runtime_seconds: 10
  warmup_rounds: 1
  measurement_rounds: 3
  data_loader_name: lexicon
  pattern_expression: spacefiller[4096,4096]
  measure_speedup: 0
  speedup_bench_algorithm_name: gol-cuda-naive
  validate: 0
  print_validation_diff: 0
  validation_algorithm_name: gol-cuda-naive
  animate_output: 0
  colorful: 0
  random_seed: 42
  state_bits_count: 32
  thread_block_size: 256
  warp_dims_x: 32
  warp_dims_y: 1
  warp_tile_dims_x: 32
  warp_tile_dims_y: 8
  streaming_direction: in-x

Loading data...              lexicon with pattern spacefiller[4096,4096]
  Data loaded in   502.067 ms

Warming up... 1 / 1


Running experiment...        gol-cuda-naive

Measurement round 1 / 3
Time report:
  set_and_format_input_data:  12.999014 ms
  initialize_data_structures: 11.496531 ms
  run:                        10699.009138 ms
   performed iters:  15709
   runtime per iter: 0.681075 ms
  finalize_data_structures:   13.222113 ms

Measurement round 2 / 3
Time report:
  set_and_format_input_data:  12.998254 ms
  initialize_data_structures: 11.388607 ms
  run:                        10694.708744 ms
   performed iters:  15762
   runtime per iter: 0.678512 ms
  finalize_data_structures:   13.153750 ms

Measurement round 3 / 3
Time report:
  set_and_format_input_data:  13.293332 ms
  initialize_data_structures: 11.292070 ms
  run:                        10695.623663 ms
   performed iters:  15746
   runtime per iter: 0.679260 ms
  finalize_data_structures:   13.221212 ms

exp-92
next-experiment
Hello
Experiment Parameters:
  algorithm_name: gol-cuda-naive-bitwise-cols-64
  grid_dimensions: 65536x65536
  iterations: 1000000
  base_grid_encoding: char
  max_runtime_seconds: 10
  warmup_rounds: 1
  measurement_rounds: 3
  data_loader_name: lexicon
  pattern_expression: spacefiller[32768,32768]
  measure_speedup: 0
  speedup_bench_algorithm_name: gol-cuda-naive
  validate: 0
  print_validation_diff: 0
  validation_algorithm_name: gol-cuda-naive
  animate_output: 0
  colorful: 0
  random_seed: 42
  state_bits_count: 32
  thread_block_size: 512
  warp_dims_x: 32
  warp_dims_y: 1
  warp_tile_dims_x: 32
  warp_tile_dims_y: 8
  streaming_direction: in-x

Loading data...              lexicon with pattern spacefiller[32768,32768]
  Data loaded in   832.909 ms

Warming up... 1 / 1


Running experiment...        gol-cuda-naive-bitwise-cols-64

Measurement round 1 / 3
Time report:
  set_and_format_input_data:  25741.483453 ms
  initialize_data_structures: 22.802683 ms
  run:                        13269.391984 ms
   performed iters:  4168
   runtime per iter: 3.183635 ms
  finalize_data_structures:   23.974624 ms

Measurement round 2 / 3
Time report:
  set_and_format_input_data:  25592.589290 ms
  initialize_data_structures: 22.467904 ms
  run:                        13254.987785 ms
   performed iters:  4179
   runtime per iter: 3.171809 ms
  finalize_data_structures:   30.165392 ms

Measurement round 3 / 3
Time report:
  set_and_format_input_data:  25615.852362 ms
  initialize_data_structures: 23.347541 ms
  run:                        13243.140601 ms
   performed iters:  4190
   runtime per iter: 3.160654 ms
  finalize_data_structures:   24.026663 ms

exp-93
next-experiment
Hello
Experiment Parameters:
  algorithm_name: gol-cuda-naive
  grid_dimensions: 8192x8192
  iterations: 1000000
  base_grid_encoding: int
  max_runtime_seconds: 10
  warmup_rounds: 1
  measurement_rounds: 3
  data_loader_name: lexicon
  pattern_expression: spacefiller[4096,4096]
  measure_speedup: 0
  speedup_bench_algorithm_name: gol-cuda-naive
  validate: 0
  print_validation_diff: 0
  validation_algorithm_name: gol-cuda-naive
  animate_output: 0
  colorful: 0
  random_seed: 42
  state_bits_count: 32
  thread_block_size: 64
  warp_dims_x: 32
  warp_dims_y: 1
  warp_tile_dims_x: 32
  warp_tile_dims_y: 8
  streaming_direction: in-x

Loading data...              lexicon with pattern spacefiller[4096,4096]
  Data loaded in   487.068 ms

Warming up... 1 / 1


Running experiment...        gol-cuda-naive

Measurement round 1 / 3
Time report:
  set_and_format_input_data:  12.861225 ms
  initialize_data_structures: 11.443010 ms
  run:                        10692.739931 ms
   performed iters:  15813
   runtime per iter: 0.676199 ms
  finalize_data_structures:   13.177095 ms

Measurement round 2 / 3
Time report:
  set_and_format_input_data:  13.440275 ms
  initialize_data_structures: 11.775335 ms
  run:                        10692.076853 ms
   performed iters:  15818
   runtime per iter: 0.675944 ms
  finalize_data_structures:   13.194101 ms

Measurement round 3 / 3
Time report:
  set_and_format_input_data:  12.652318 ms
  initialize_data_structures: 11.353534 ms
  run:                        10692.470573 ms
   performed iters:  15820
   runtime per iter: 0.675883 ms
  finalize_data_structures:   13.184276 ms

exp-94
next-experiment
Hello
Experiment Parameters:
  algorithm_name: gol-cuda-naive-bitwise-no-macro-32
  grid_dimensions: 32768x32768
  iterations: 1000000
  base_grid_encoding: char
  max_runtime_seconds: 10
  warmup_rounds: 1
  measurement_rounds: 3
  data_loader_name: lexicon
  pattern_expression: spacefiller[16384,16384]
  measure_speedup: 0
  speedup_bench_algorithm_name: gol-cuda-naive
  validate: 0
  print_validation_diff: 0
  validation_algorithm_name: gol-cuda-naive
  animate_output: 0
  colorful: 0
  random_seed: 42
  state_bits_count: 32
  thread_block_size: 64
  warp_dims_x: 32
  warp_dims_y: 1
  warp_tile_dims_x: 32
  warp_tile_dims_y: 8
  streaming_direction: in-x

Loading data...              lexicon with pattern spacefiller[16384,16384]
  Data loaded in   519.623 ms

Warming up... 1 / 1


Running experiment...        gol-cuda-naive-bitwise-no-macro-32

Measurement round 1 / 3
Time report:
  set_and_format_input_data:  3805.220462 ms
  initialize_data_structures: 6.027950 ms
  run:                        23028.001801 ms
   performed iters:  1818
   runtime per iter: 12.666668 ms
  finalize_data_structures:   7.780203 ms

Measurement round 2 / 3
Time report:
  set_and_format_input_data:  3807.554518 ms
  initialize_data_structures: 6.020399 ms
  run:                        23220.081382 ms
   performed iters:  1806
   runtime per iter: 12.857188 ms
  finalize_data_structures:   7.796969 ms

Measurement round 3 / 3
Time report:
  set_and_format_input_data:  3805.147261 ms
  initialize_data_structures: 5.999067 ms
  run:                        23280.482653 ms
   performed iters:  1803
   runtime per iter: 12.912081 ms
  finalize_data_structures:   7.799863 ms

exp-95
next-experiment
Hello
Experiment Parameters:
  algorithm_name: gol-cuda-naive-bitwise-cols-32
  grid_dimensions: 65536x65536
  iterations: 1000000
  base_grid_encoding: char
  max_runtime_seconds: 10
  warmup_rounds: 1
  measurement_rounds: 3
  data_loader_name: lexicon
  pattern_expression: spacefiller[32768,32768]
  measure_speedup: 0
  speedup_bench_algorithm_name: gol-cuda-naive
  validate: 0
  print_validation_diff: 0
  validation_algorithm_name: gol-cuda-naive
  animate_output: 0
  colorful: 0
  random_seed: 42
  state_bits_count: 32
  thread_block_size: 1024
  warp_dims_x: 32
  warp_dims_y: 1
  warp_tile_dims_x: 32
  warp_tile_dims_y: 8
  streaming_direction: in-x

Loading data...              lexicon with pattern spacefiller[32768,32768]
  Data loaded in   825.605 ms

Warming up... 1 / 1


Running experiment...        gol-cuda-naive-bitwise-cols-32

Measurement round 1 / 3
Time report:
  set_and_format_input_data:  25780.193502 ms
  initialize_data_structures: 22.680658 ms
  run:                        12975.565597 ms
   performed iters:  4478
   runtime per iter: 2.897625 ms
  finalize_data_structures:   24.045573 ms

Measurement round 2 / 3
Time report:
  set_and_format_input_data:  25784.157106 ms
  initialize_data_structures: 23.150403 ms
  run:                        12959.182298 ms
   performed iters:  4485
   runtime per iter: 2.889450 ms
  finalize_data_structures:   31.033593 ms

Measurement round 3 / 3
Time report:
  set_and_format_input_data:  25804.901532 ms
  initialize_data_structures: 22.627568 ms
  run:                        12956.295792 ms
   performed iters:  4492
   runtime per iter: 2.884304 ms
  finalize_data_structures:   24.008547 ms

exp-96
next-experiment
Hello
Experiment Parameters:
  algorithm_name: gol-cuda-naive
  grid_dimensions: 16384x16384
  iterations: 1000000
  base_grid_encoding: int
  max_runtime_seconds: 10
  warmup_rounds: 1
  measurement_rounds: 3
  data_loader_name: lexicon
  pattern_expression: spacefiller[8192,8192]
  measure_speedup: 0
  speedup_bench_algorithm_name: gol-cuda-naive
  validate: 0
  print_validation_diff: 0
  validation_algorithm_name: gol-cuda-naive
  animate_output: 0
  colorful: 0
  random_seed: 42
  state_bits_count: 32
  thread_block_size: 32
  warp_dims_x: 32
  warp_dims_y: 1
  warp_tile_dims_x: 32
  warp_tile_dims_y: 8
  streaming_direction: in-x

Loading data...              lexicon with pattern spacefiller[8192,8192]
  Data loaded in   713.649 ms

Warming up... 1 / 1


Running experiment...        gol-cuda-naive

Measurement round 1 / 3
Time report:
  set_and_format_input_data:  51.644837 ms
  initialize_data_structures: 48.889018 ms
  run:                        14539.609774 ms
   performed iters:  3274
   runtime per iter: 4.440932 ms
  finalize_data_structures:   45.544907 ms

Measurement round 2 / 3
Time report:
  set_and_format_input_data:  50.514920 ms
  initialize_data_structures: 44.331322 ms
  run:                        14539.606378 ms
   performed iters:  3274
   runtime per iter: 4.440930 ms
  finalize_data_structures:   45.500759 ms

Measurement round 3 / 3
Time report:
  set_and_format_input_data:  52.088260 ms
  initialize_data_structures: 45.855579 ms
  run:                        14539.606218 ms
   performed iters:  3274
   runtime per iter: 4.440930 ms
  finalize_data_structures:   45.488951 ms

exp-97
next-experiment
Hello
Experiment Parameters:
  algorithm_name: gol-cuda-naive-bitwise-no-macro-64
  grid_dimensions: 8192x8192
  iterations: 1000000
  base_grid_encoding: char
  max_runtime_seconds: 10
  warmup_rounds: 1
  measurement_rounds: 3
  data_loader_name: lexicon
  pattern_expression: spacefiller[4096,4096]
  measure_speedup: 0
  speedup_bench_algorithm_name: gol-cuda-naive
  validate: 0
  print_validation_diff: 0
  validation_algorithm_name: gol-cuda-naive
  animate_output: 0
  colorful: 0
  random_seed: 42
  state_bits_count: 32
  thread_block_size: 64
  warp_dims_x: 32
  warp_dims_y: 1
  warp_tile_dims_x: 32
  warp_tile_dims_y: 8
  streaming_direction: in-x

Loading data...              lexicon with pattern spacefiller[4096,4096]
  Data loaded in   420.944 ms

Warming up... 1 / 1


Running experiment...        gol-cuda-naive-bitwise-no-macro-64

Measurement round 1 / 3
Time report:
  set_and_format_input_data:  207.805971 ms
  initialize_data_structures: 0.698762 ms
  run:                        10822.786847 ms
   performed iters:  13304
   runtime per iter: 0.813499 ms
  finalize_data_structures:   0.797492 ms

Measurement round 2 / 3
Time report:
  set_and_format_input_data:  208.296596 ms
  initialize_data_structures: 0.707284 ms
  run:                        10829.187585 ms
   performed iters:  13225
   runtime per iter: 0.818842 ms
  finalize_data_structures:   0.822711 ms

Measurement round 3 / 3
Time report:
  set_and_format_input_data:  207.824078 ms
  initialize_data_structures: 0.692983 ms
  run:                        10833.992327 ms
   performed iters:  13174
   runtime per iter: 0.822377 ms
  finalize_data_structures:   0.809100 ms

exp-98
next-experiment
Hello
Experiment Parameters:
  algorithm_name: gol-cuda-naive-bitwise-cols-64
  grid_dimensions: 16384x16384
  iterations: 1000000
  base_grid_encoding: char
  max_runtime_seconds: 10
  warmup_rounds: 1
  measurement_rounds: 3
  data_loader_name: lexicon
  pattern_expression: spacefiller[8192,8192]
  measure_speedup: 0
  speedup_bench_algorithm_name: gol-cuda-naive
  validate: 0
  print_validation_diff: 0
  validation_algorithm_name: gol-cuda-naive
  animate_output: 0
  colorful: 0
  random_seed: 42
  state_bits_count: 32
  thread_block_size: 1024
  warp_dims_x: 32
  warp_dims_y: 1
  warp_tile_dims_x: 32
  warp_tile_dims_y: 8
  streaming_direction: in-x

Loading data...              lexicon with pattern spacefiller[8192,8192]
  Data loaded in   437.96 ms

Warming up... 1 / 1


Running experiment...        gol-cuda-naive-bitwise-cols-64

Measurement round 1 / 3
Time report:
  set_and_format_input_data:  959.038186 ms
  initialize_data_structures: 1.765393 ms
  run:                        10200.368605 ms
   performed iters:  52025
   runtime per iter: 0.196067 ms
  finalize_data_structures:   2.288328 ms

Measurement round 2 / 3
Time report:
  set_and_format_input_data:  958.581442 ms
  initialize_data_structures: 1.845214 ms
  run:                        10200.355244 ms
   performed iters:  52027
   runtime per iter: 0.196059 ms
  finalize_data_structures:   2.240805 ms

Measurement round 3 / 3
Time report:
  set_and_format_input_data:  943.164513 ms
  initialize_data_structures: 1.918355 ms
  run:                        10200.407323 ms
   performed iters:  52017
   runtime per iter: 0.196098 ms
  finalize_data_structures:   2.251802 ms

exp-99
next-experiment
Hello
Experiment Parameters:
  algorithm_name: gol-cuda-naive-bitwise-no-macro-64
  grid_dimensions: 16384x16384
  iterations: 1000000
  base_grid_encoding: char
  max_runtime_seconds: 10
  warmup_rounds: 1
  measurement_rounds: 3
  data_loader_name: lexicon
  pattern_expression: spacefiller[8192,8192]
  measure_speedup: 0
  speedup_bench_algorithm_name: gol-cuda-naive
  validate: 0
  print_validation_diff: 0
  validation_algorithm_name: gol-cuda-naive
  animate_output: 0
  colorful: 0
  random_seed: 42
  state_bits_count: 32
  thread_block_size: 256
  warp_dims_x: 32
  warp_dims_y: 1
  warp_tile_dims_x: 32
  warp_tile_dims_y: 8
  streaming_direction: in-x

Loading data...              lexicon with pattern spacefiller[8192,8192]
  Data loaded in   440.531 ms

Warming up... 1 / 1


Running experiment...        gol-cuda-naive-bitwise-no-macro-64

Measurement round 1 / 3
Time report:
  set_and_format_input_data:  973.705687 ms
  initialize_data_structures: 1.806456 ms
  run:                        13147.540633 ms
   performed iters:  4311
   runtime per iter: 3.049766 ms
  finalize_data_structures:   2.334898 ms

Measurement round 2 / 3
Time report:
  set_and_format_input_data:  973.210474 ms
  initialize_data_structures: 1.776870 ms
  run:                        13144.578442 ms
   performed iters:  4315
   runtime per iter: 3.046252 ms
  finalize_data_structures:   2.298733 ms

Measurement round 3 / 3
Time report:
  set_and_format_input_data:  972.828274 ms
  initialize_data_structures: 1.920008 ms
  run:                        13164.184517 ms
   performed iters:  4302
   runtime per iter: 3.060015 ms
  finalize_data_structures:   2.337403 ms

exp-100
next-experiment
Hello
Experiment Parameters:
  algorithm_name: gol-cuda-naive-bitwise-no-macro-64
  grid_dimensions: 65536x65536
  iterations: 1000000
  base_grid_encoding: char
  max_runtime_seconds: 10
  warmup_rounds: 1
  measurement_rounds: 3
  data_loader_name: lexicon
  pattern_expression: spacefiller[32768,32768]
  measure_speedup: 0
  speedup_bench_algorithm_name: gol-cuda-naive
  validate: 0
  print_validation_diff: 0
  validation_algorithm_name: gol-cuda-naive
  animate_output: 0
  colorful: 0
  random_seed: 42
  state_bits_count: 32
  thread_block_size: 512
  warp_dims_x: 32
  warp_dims_y: 1
  warp_tile_dims_x: 32
  warp_tile_dims_y: 8
  streaming_direction: in-x

Loading data...              lexicon with pattern spacefiller[32768,32768]
  Data loaded in   822.195 ms

Warming up... 1 / 1


Running experiment...        gol-cuda-naive-bitwise-no-macro-64

Measurement round 1 / 3
Time report:
  set_and_format_input_data:  28406.851472 ms
  initialize_data_structures: 24.273169 ms
  run:                        60397.656355 ms
   performed iters:  1232
   runtime per iter: 49.024072 ms
  finalize_data_structures:   24.009819 ms

Measurement round 2 / 3
Time report:
  set_and_format_input_data:  28477.000254 ms
  initialize_data_structures: 23.032474 ms
  run:                        60489.863015 ms
   performed iters:  1231
   runtime per iter: 49.138800 ms
  finalize_data_structures:   23.995688 ms

Measurement round 3 / 3
Time report:
  set_and_format_input_data:  28378.253102 ms
  initialize_data_structures: 22.861023 ms
  run:                        60229.669089 ms
   performed iters:  1232
   runtime per iter: 48.887718 ms
  finalize_data_structures:   23.998552 ms

exp-101
next-experiment
Hello
Experiment Parameters:
  algorithm_name: gol-cuda-naive
  grid_dimensions: 16384x16384
  iterations: 1000000
  base_grid_encoding: char
  max_runtime_seconds: 10
  warmup_rounds: 1
  measurement_rounds: 3
  data_loader_name: lexicon
  pattern_expression: spacefiller[8192,8192]
  measure_speedup: 0
  speedup_bench_algorithm_name: gol-cuda-naive
  validate: 0
  print_validation_diff: 0
  validation_algorithm_name: gol-cuda-naive
  animate_output: 0
  colorful: 0
  random_seed: 42
  state_bits_count: 32
  thread_block_size: 64
  warp_dims_x: 32
  warp_dims_y: 1
  warp_tile_dims_x: 32
  warp_tile_dims_y: 8
  streaming_direction: in-x

Loading data...              lexicon with pattern spacefiller[8192,8192]
  Data loaded in   443.271 ms

Warming up... 1 / 1


Running experiment...        gol-cuda-naive

Measurement round 1 / 3
Time report:
  set_and_format_input_data:  13.913485 ms
  initialize_data_structures: 12.134982 ms
  run:                        12307.248015 ms
   performed iters:  5467
   runtime per iter: 2.251189 ms
  finalize_data_structures:   17.021708 ms

Measurement round 2 / 3
Time report:
  set_and_format_input_data:  12.752210 ms
  initialize_data_structures: 11.589453 ms
  run:                        12303.620933 ms
   performed iters:  5462
   runtime per iter: 2.252585 ms
  finalize_data_structures:   16.958032 ms

Measurement round 3 / 3
Time report:
  set_and_format_input_data:  13.180621 ms
  initialize_data_structures: 11.368006 ms
  run:                        12308.131086 ms
   performed iters:  5459
   runtime per iter: 2.254649 ms
  finalize_data_structures:   17.223205 ms

exp-102
next-experiment
Hello
Experiment Parameters:
  algorithm_name: gol-cuda-naive
  grid_dimensions: 16384x16384
  iterations: 1000000
  base_grid_encoding: char
  max_runtime_seconds: 10
  warmup_rounds: 1
  measurement_rounds: 3
  data_loader_name: lexicon
  pattern_expression: spacefiller[8192,8192]
  measure_speedup: 0
  speedup_bench_algorithm_name: gol-cuda-naive
  validate: 0
  print_validation_diff: 0
  validation_algorithm_name: gol-cuda-naive
  animate_output: 0
  colorful: 0
  random_seed: 42
  state_bits_count: 32
  thread_block_size: 128
  warp_dims_x: 32
  warp_dims_y: 1
  warp_tile_dims_x: 32
  warp_tile_dims_y: 8
  streaming_direction: in-x

Loading data...              lexicon with pattern spacefiller[8192,8192]
  Data loaded in   446.543 ms

Warming up... 1 / 1


Running experiment...        gol-cuda-naive

Measurement round 1 / 3
Time report:
  set_and_format_input_data:  13.713621 ms
  initialize_data_structures: 11.944122 ms
  run:                        11786.547587 ms
   performed iters:  6806
   runtime per iter: 1.731788 ms
  finalize_data_structures:   17.429369 ms

Measurement round 2 / 3
Time report:
  set_and_format_input_data:  13.662393 ms
  initialize_data_structures: 12.145067 ms
  run:                        11790.097572 ms
   performed iters:  6799
   runtime per iter: 1.734093 ms
  finalize_data_structures:   16.780972 ms

Measurement round 3 / 3
Time report:
  set_and_format_input_data:  13.427006 ms
  initialize_data_structures: 11.455539 ms
  run:                        11796.578612 ms
   performed iters:  6781
   runtime per iter: 1.739652 ms
  finalize_data_structures:   16.823057 ms

exp-103
next-experiment
Hello
Experiment Parameters:
  algorithm_name: gol-cuda-naive
  grid_dimensions: 65536x65536
  iterations: 1000000
  base_grid_encoding: char
  max_runtime_seconds: 10
  warmup_rounds: 1
  measurement_rounds: 3
  data_loader_name: lexicon
  pattern_expression: spacefiller[32768,32768]
  measure_speedup: 0
  speedup_bench_algorithm_name: gol-cuda-naive
  validate: 0
  print_validation_diff: 0
  validation_algorithm_name: gol-cuda-naive
  animate_output: 0
  colorful: 0
  random_seed: 42
  state_bits_count: 32
  thread_block_size: 512
  warp_dims_x: 32
  warp_dims_y: 1
  warp_tile_dims_x: 32
  warp_tile_dims_y: 8
  streaming_direction: in-x

Loading data...              lexicon with pattern spacefiller[32768,32768]
  Data loaded in   830.718 ms

Warming up... 1 / 1


Running experiment...        gol-cuda-naive

Measurement round 1 / 3
Time report:
  set_and_format_input_data:  202.590976 ms
  initialize_data_structures: 176.726097 ms
  run:                        36447.970093 ms
   performed iters:  1412
   runtime per iter: 25.813010 ms
  finalize_data_structures:   174.946352 ms

Measurement round 2 / 3
Time report:
  set_and_format_input_data:  200.950833 ms
  initialize_data_structures: 177.088158 ms
  run:                        36429.114477 ms
   performed iters:  1413
   runtime per iter: 25.781397 ms
  finalize_data_structures:   175.017220 ms

Measurement round 3 / 3
Time report:
  set_and_format_input_data:  213.910829 ms
  initialize_data_structures: 183.784635 ms
  run:                        36047.746318 ms
   performed iters:  1417
   runtime per iter: 25.439482 ms
  finalize_data_structures:   175.017701 ms

exp-104
next-experiment
Hello
Experiment Parameters:
  algorithm_name: gol-cuda-naive
  grid_dimensions: 16384x16384
  iterations: 1000000
  base_grid_encoding: int
  max_runtime_seconds: 10
  warmup_rounds: 1
  measurement_rounds: 3
  data_loader_name: lexicon
  pattern_expression: spacefiller[8192,8192]
  measure_speedup: 0
  speedup_bench_algorithm_name: gol-cuda-naive
  validate: 0
  print_validation_diff: 0
  validation_algorithm_name: gol-cuda-naive
  animate_output: 0
  colorful: 0
  random_seed: 42
  state_bits_count: 32
  thread_block_size: 1024
  warp_dims_x: 32
  warp_dims_y: 1
  warp_tile_dims_x: 32
  warp_tile_dims_y: 8
  streaming_direction: in-x

Loading data...              lexicon with pattern spacefiller[8192,8192]
  Data loaded in   728.008 ms

Warming up... 1 / 1


Running experiment...        gol-cuda-naive

Measurement round 1 / 3
Time report:
  set_and_format_input_data:  53.575881 ms
  initialize_data_structures: 46.086109 ms
  run:                        12866.305956 ms
   performed iters:  4590
   runtime per iter: 2.803117 ms
  finalize_data_structures:   51.406595 ms

Measurement round 2 / 3
Time report:
  set_and_format_input_data:  54.117044 ms
  initialize_data_structures: 46.044786 ms
  run:                        12865.516567 ms
   performed iters:  4590
   runtime per iter: 2.802945 ms
  finalize_data_structures:   51.410831 ms

Measurement round 3 / 3
Time report:
  set_and_format_input_data:  55.862606 ms
  initialize_data_structures: 45.936401 ms
  run:                        12865.273267 ms
   performed iters:  4590
   runtime per iter: 2.802892 ms
  finalize_data_structures:   52.732159 ms

exp-105
next-experiment
Hello
Experiment Parameters:
  algorithm_name: gol-cuda-naive-bitwise-cols-32
  grid_dimensions: 32768x32768
  iterations: 1000000
  base_grid_encoding: char
  max_runtime_seconds: 10
  warmup_rounds: 1
  measurement_rounds: 3
  data_loader_name: lexicon
  pattern_expression: spacefiller[16384,16384]
  measure_speedup: 0
  speedup_bench_algorithm_name: gol-cuda-naive
  validate: 0
  print_validation_diff: 0
  validation_algorithm_name: gol-cuda-naive
  animate_output: 0
  colorful: 0
  random_seed: 42
  state_bits_count: 32
  thread_block_size: 128
  warp_dims_x: 32
  warp_dims_y: 1
  warp_tile_dims_x: 32
  warp_tile_dims_y: 8
  streaming_direction: in-x

Loading data...              lexicon with pattern spacefiller[16384,16384]
  Data loaded in   532.982 ms

Warming up... 1 / 1


Running experiment...        gol-cuda-naive-bitwise-cols-32

Measurement round 1 / 3
Time report:
  set_and_format_input_data:  3950.875203 ms
  initialize_data_structures: 6.288697 ms
  run:                        10803.192255 ms
   performed iters:  13937
   runtime per iter: 0.775145 ms
  finalize_data_structures:   8.289598 ms

Measurement round 2 / 3
Time report:
  set_and_format_input_data:  3951.524750 ms
  initialize_data_structures: 5.971125 ms
  run:                        10800.223658 ms
   performed iters:  14006
   runtime per iter: 0.771114 ms
  finalize_data_structures:   7.832064 ms

Measurement round 3 / 3
Time report:
  set_and_format_input_data:  3944.770442 ms
  initialize_data_structures: 6.056255 ms
  run:                        10797.962480 ms
   performed iters:  14060
   runtime per iter: 0.767992 ms
  finalize_data_structures:   8.280335 ms

exp-106
next-experiment
Hello
Experiment Parameters:
  algorithm_name: gol-cuda-naive-bitwise-no-macro-32
  grid_dimensions: 8192x8192
  iterations: 1000000
  base_grid_encoding: char
  max_runtime_seconds: 10
  warmup_rounds: 1
  measurement_rounds: 3
  data_loader_name: lexicon
  pattern_expression: spacefiller[4096,4096]
  measure_speedup: 0
  speedup_bench_algorithm_name: gol-cuda-naive
  validate: 0
  print_validation_diff: 0
  validation_algorithm_name: gol-cuda-naive
  animate_output: 0
  colorful: 0
  random_seed: 42
  state_bits_count: 32
  thread_block_size: 512
  warp_dims_x: 32
  warp_dims_y: 1
  warp_tile_dims_x: 32
  warp_tile_dims_y: 8
  streaming_direction: in-x

Loading data...              lexicon with pattern spacefiller[4096,4096]
  Data loaded in   428.103 ms

Warming up... 1 / 1


Running experiment...        gol-cuda-naive-bitwise-no-macro-32

Measurement round 1 / 3
Time report:
  set_and_format_input_data:  209.390036 ms
  initialize_data_structures: 0.733585 ms
  run:                        10697.663047 ms
   performed iters:  15639
   runtime per iter: 0.684038 ms
  finalize_data_structures:   0.870083 ms

Measurement round 2 / 3
Time report:
  set_and_format_input_data:  209.598122 ms
  initialize_data_structures: 0.722779 ms
  run:                        10690.668547 ms
   performed iters:  15753
   runtime per iter: 0.678643 ms
  finalize_data_structures:   0.845265 ms

Measurement round 3 / 3
Time report:
  set_and_format_input_data:  209.310855 ms
  initialize_data_structures: 0.725893 ms
  run:                        10690.300608 ms
   performed iters:  15712
   runtime per iter: 0.680391 ms
  finalize_data_structures:   0.814648 ms

exp-107
next-experiment
Hello
Experiment Parameters:
  algorithm_name: gol-cuda-naive-bitwise-cols-32
  grid_dimensions: 16384x16384
  iterations: 1000000
  base_grid_encoding: char
  max_runtime_seconds: 10
  warmup_rounds: 1
  measurement_rounds: 3
  data_loader_name: lexicon
  pattern_expression: spacefiller[8192,8192]
  measure_speedup: 0
  speedup_bench_algorithm_name: gol-cuda-naive
  validate: 0
  print_validation_diff: 0
  validation_algorithm_name: gol-cuda-naive
  animate_output: 0
  colorful: 0
  random_seed: 42
  state_bits_count: 32
  thread_block_size: 64
  warp_dims_x: 32
  warp_dims_y: 1
  warp_tile_dims_x: 32
  warp_tile_dims_y: 8
  streaming_direction: in-x

Loading data...              lexicon with pattern spacefiller[8192,8192]
  Data loaded in   449.857 ms

Warming up... 1 / 1


Running experiment...        gol-cuda-naive-bitwise-cols-32

Measurement round 1 / 3
Time report:
  set_and_format_input_data:  836.415143 ms
  initialize_data_structures: 1.886897 ms
  run:                        10177.010413 ms
   performed iters:  57959
   runtime per iter: 0.175590 ms
  finalize_data_structures:   2.314468 ms

Measurement round 2 / 3
Time report:
  set_and_format_input_data:  834.724173 ms
  initialize_data_structures: 1.893397 ms
  run:                        10177.069743 ms
   performed iters:  57802
   runtime per iter: 0.176068 ms
  finalize_data_structures:   2.507861 ms

Measurement round 3 / 3
Time report:
  set_and_format_input_data:  836.325096 ms
  initialize_data_structures: 1.882391 ms
  run:                        10178.421037 ms
   performed iters:  57807
   runtime per iter: 0.176076 ms
  finalize_data_structures:   2.355500 ms

./run-jobs.sh: line 14: un-cpu-versions.sh: command not found
