Starting job 139865
Node:  ampere01
ARGS: 2
WORKER_ID: 2
exp-36
next-experiment
Hello
Experiment Parameters:
  algorithm_name: gol-cuda-naive-bitwise-no-macro-32
  grid_dimensions: 32768x32768
  iterations: 1000000
  base_grid_encoding: char
  max_runtime_seconds: 10
  warmup_rounds: 1
  measurement_rounds: 3
  data_loader_name: lexicon
  pattern_expression: spacefiller[16384,16384]
  measure_speedup: 0
  speedup_bench_algorithm_name: gol-cuda-naive
  validate: 0
  print_validation_diff: 0
  validation_algorithm_name: gol-cuda-naive
  animate_output: 0
  colorful: 0
  random_seed: 42
  state_bits_count: 32
  thread_block_size: 128
  warp_dims_x: 32
  warp_dims_y: 1
  warp_tile_dims_x: 32
  warp_tile_dims_y: 8
  streaming_direction: in-x

Loading data...              lexicon with pattern spacefiller[16384,16384]
  Data loaded in   552.472 ms

Warming up... 1 / 1


Running experiment...        gol-cuda-naive-bitwise-no-macro-32

Measurement round 1 / 3
Time report:
  set_and_format_input_data:  3827.065807 ms
  initialize_data_structures: 5.913300 ms
  run:                        21824.614386 ms
   performed iters:  1916
   runtime per iter: 11.390717 ms
  finalize_data_structures:   7.810835 ms

Measurement round 2 / 3
Time report:
  set_and_format_input_data:  3831.273854 ms
  initialize_data_structures: 5.921302 ms
  run:                        22013.679483 ms
   performed iters:  1889
   runtime per iter: 11.653615 ms
  finalize_data_structures:   7.748691 ms

Measurement round 3 / 3
Time report:
  set_and_format_input_data:  3822.531864 ms
  initialize_data_structures: 5.829051 ms
  run:                        22238.150589 ms
   performed iters:  1873
   runtime per iter: 11.873012 ms
  finalize_data_structures:   7.793658 ms

exp-37
next-experiment
Hello
Experiment Parameters:
  algorithm_name: gol-cuda-naive-bitwise-no-macro-64
  grid_dimensions: 32768x32768
  iterations: 1000000
  base_grid_encoding: char
  max_runtime_seconds: 10
  warmup_rounds: 1
  measurement_rounds: 3
  data_loader_name: lexicon
  pattern_expression: spacefiller[16384,16384]
  measure_speedup: 0
  speedup_bench_algorithm_name: gol-cuda-naive
  validate: 0
  print_validation_diff: 0
  validation_algorithm_name: gol-cuda-naive
  animate_output: 0
  colorful: 0
  random_seed: 42
  state_bits_count: 32
  thread_block_size: 128
  warp_dims_x: 32
  warp_dims_y: 1
  warp_tile_dims_x: 32
  warp_tile_dims_y: 8
  streaming_direction: in-x

Loading data...              lexicon with pattern spacefiller[16384,16384]
  Data loaded in   529.71 ms

Warming up... 1 / 1


Running experiment...        gol-cuda-naive-bitwise-no-macro-64

Measurement round 1 / 3
Time report:
  set_and_format_input_data:  3976.308417 ms
  initialize_data_structures: 5.939939 ms
  run:                        23286.345564 ms
   performed iters:  1803
   runtime per iter: 12.915333 ms
  finalize_data_structures:   8.100664 ms

Measurement round 2 / 3
Time report:
  set_and_format_input_data:  3976.781145 ms
  initialize_data_structures: 5.884504 ms
  run:                        23282.281738 ms
   performed iters:  1803
   runtime per iter: 12.913079 ms
  finalize_data_structures:   7.775980 ms

Measurement round 3 / 3
Time report:
  set_and_format_input_data:  3976.767724 ms
  initialize_data_structures: 6.115025 ms
  run:                        23288.580761 ms
   performed iters:  1803
   runtime per iter: 12.916573 ms
  finalize_data_structures:   8.064578 ms

exp-38
next-experiment
Hello
Experiment Parameters:
  algorithm_name: gol-cuda-naive-bitwise-no-macro-32
  grid_dimensions: 16384x16384
  iterations: 1000000
  base_grid_encoding: char
  max_runtime_seconds: 10
  warmup_rounds: 1
  measurement_rounds: 3
  data_loader_name: lexicon
  pattern_expression: spacefiller[8192,8192]
  measure_speedup: 0
  speedup_bench_algorithm_name: gol-cuda-naive
  validate: 0
  print_validation_diff: 0
  validation_algorithm_name: gol-cuda-naive
  animate_output: 0
  colorful: 0
  random_seed: 42
  state_bits_count: 32
  thread_block_size: 128
  warp_dims_x: 32
  warp_dims_y: 1
  warp_tile_dims_x: 32
  warp_tile_dims_y: 8
  streaming_direction: in-x

Loading data...              lexicon with pattern spacefiller[8192,8192]
  Data loaded in   445.066 ms

Warming up... 1 / 1


Running experiment...        gol-cuda-naive-bitwise-no-macro-32

Measurement round 1 / 3
Time report:
  set_and_format_input_data:  844.831080 ms
  initialize_data_structures: 2.861840 ms
  run:                        12881.618525 ms
   performed iters:  4612
   runtime per iter: 2.793066 ms
  finalize_data_structures:   2.528283 ms

Measurement round 2 / 3
Time report:
  set_and_format_input_data:  850.169405 ms
  initialize_data_structures: 2.721297 ms
  run:                        12890.902436 ms
   performed iters:  4604
   runtime per iter: 2.799935 ms
  finalize_data_structures:   3.836311 ms

Measurement round 3 / 3
Time report:
  set_and_format_input_data:  845.509742 ms
  initialize_data_structures: 3.765734 ms
  run:                        12896.748533 ms
   performed iters:  4598
   runtime per iter: 2.804860 ms
  finalize_data_structures:   2.332365 ms

exp-39
next-experiment
Hello
Experiment Parameters:
  algorithm_name: gol-cuda-naive-bitwise-cols-32
  grid_dimensions: 16384x16384
  iterations: 1000000
  base_grid_encoding: char
  max_runtime_seconds: 10
  warmup_rounds: 1
  measurement_rounds: 3
  data_loader_name: lexicon
  pattern_expression: spacefiller[8192,8192]
  measure_speedup: 0
  speedup_bench_algorithm_name: gol-cuda-naive
  validate: 0
  print_validation_diff: 0
  validation_algorithm_name: gol-cuda-naive
  animate_output: 0
  colorful: 0
  random_seed: 42
  state_bits_count: 32
  thread_block_size: 32
  warp_dims_x: 32
  warp_dims_y: 1
  warp_tile_dims_x: 32
  warp_tile_dims_y: 8
  streaming_direction: in-x

Loading data...              lexicon with pattern spacefiller[8192,8192]
  Data loaded in   448.526 ms

Warming up... 1 / 1


Running experiment...        gol-cuda-naive-bitwise-cols-32

Measurement round 1 / 3
Time report:
  set_and_format_input_data:  834.985074 ms
  initialize_data_structures: 1.790441 ms
  run:                        10184.255395 ms
   performed iters:  56735
   runtime per iter: 0.179506 ms
  finalize_data_structures:   2.302200 ms

Measurement round 2 / 3
Time report:
  set_and_format_input_data:  834.755445 ms
  initialize_data_structures: 1.734756 ms
  run:                        10185.602183 ms
   performed iters:  56560
   runtime per iter: 0.180085 ms
  finalize_data_structures:   2.405606 ms

Measurement round 3 / 3
Time report:
  set_and_format_input_data:  835.159309 ms
  initialize_data_structures: 1.722177 ms
  run:                        10185.179610 ms
   performed iters:  56604
   runtime per iter: 0.179937 ms
  finalize_data_structures:   2.300717 ms

exp-40
next-experiment
Hello
Experiment Parameters:
  algorithm_name: gol-cuda-naive
  grid_dimensions: 32768x32768
  iterations: 1000000
  base_grid_encoding: char
  max_runtime_seconds: 10
  warmup_rounds: 1
  measurement_rounds: 3
  data_loader_name: lexicon
  pattern_expression: spacefiller[16384,16384]
  measure_speedup: 0
  speedup_bench_algorithm_name: gol-cuda-naive
  validate: 0
  print_validation_diff: 0
  validation_algorithm_name: gol-cuda-naive
  animate_output: 0
  colorful: 0
  random_seed: 42
  state_bits_count: 32
  thread_block_size: 64
  warp_dims_x: 32
  warp_dims_y: 1
  warp_tile_dims_x: 32
  warp_tile_dims_y: 8
  streaming_direction: in-x

Loading data...              lexicon with pattern spacefiller[16384,16384]
  Data loaded in   526.762 ms

Warming up... 1 / 1


Running experiment...        gol-cuda-naive

Measurement round 1 / 3
Time report:
  set_and_format_input_data:  51.024900 ms
  initialize_data_structures: 44.708188 ms
  run:                        19292.599341 ms
   performed iters:  2123
   runtime per iter: 9.087423 ms
  finalize_data_structures:   48.988023 ms

Measurement round 2 / 3
Time report:
  set_and_format_input_data:  49.161757 ms
  initialize_data_structures: 43.938698 ms
  run:                        19299.290332 ms
   performed iters:  2123
   runtime per iter: 9.090575 ms
  finalize_data_structures:   48.536306 ms

Measurement round 3 / 3
Time report:
  set_and_format_input_data:  48.825396 ms
  initialize_data_structures: 44.160695 ms
  run:                        19298.485328 ms
   performed iters:  2122
   runtime per iter: 9.094479 ms
  finalize_data_structures:   49.237212 ms

exp-41
next-experiment
Hello
Experiment Parameters:
  algorithm_name: gol-cuda-naive
  grid_dimensions: 65536x65536
  iterations: 1000000
  base_grid_encoding: char
  max_runtime_seconds: 10
  warmup_rounds: 1
  measurement_rounds: 3
  data_loader_name: lexicon
  pattern_expression: spacefiller[32768,32768]
  measure_speedup: 0
  speedup_bench_algorithm_name: gol-cuda-naive
  validate: 0
  print_validation_diff: 0
  validation_algorithm_name: gol-cuda-naive
  animate_output: 0
  colorful: 0
  random_seed: 42
  state_bits_count: 32
  thread_block_size: 32
  warp_dims_x: 32
  warp_dims_y: 1
  warp_tile_dims_x: 32
  warp_tile_dims_y: 8
  streaming_direction: in-x

Loading data...              lexicon with pattern spacefiller[32768,32768]
  Data loaded in   844.888 ms

Warming up... 1 / 1


Running experiment...        gol-cuda-naive

Measurement round 1 / 3
Time report:
  set_and_format_input_data:  201.480768 ms
  initialize_data_structures: 175.209314 ms
  run:                        82594.023482 ms
   performed iters:  1163
   runtime per iter: 71.018077 ms
  finalize_data_structures:   174.515219 ms

Measurement round 2 / 3
Time report:
  set_and_format_input_data:  196.709584 ms
  initialize_data_structures: 174.320342 ms
  run:                        82594.008077 ms
   performed iters:  1163
   runtime per iter: 71.018064 ms
  finalize_data_structures:   174.705579 ms

Measurement round 3 / 3
Time report:
  set_and_format_input_data:  196.820098 ms
  initialize_data_structures: 174.448278 ms
  run:                        82593.998920 ms
   performed iters:  1163
   runtime per iter: 71.018056 ms
  finalize_data_structures:   174.754363 ms

exp-42
next-experiment
Hello
Experiment Parameters:
  algorithm_name: gol-cuda-naive-bitwise-cols-32
  grid_dimensions: 65536x65536
  iterations: 1000000
  base_grid_encoding: char
  max_runtime_seconds: 10
  warmup_rounds: 1
  measurement_rounds: 3
  data_loader_name: lexicon
  pattern_expression: spacefiller[32768,32768]
  measure_speedup: 0
  speedup_bench_algorithm_name: gol-cuda-naive
  validate: 0
  print_validation_diff: 0
  validation_algorithm_name: gol-cuda-naive
  animate_output: 0
  colorful: 0
  random_seed: 42
  state_bits_count: 32
  thread_block_size: 256
  warp_dims_x: 32
  warp_dims_y: 1
  warp_tile_dims_x: 32
  warp_tile_dims_y: 8
  streaming_direction: in-x

Loading data...              lexicon with pattern spacefiller[32768,32768]
  Data loaded in   847.339 ms

Warming up... 1 / 1


Running experiment...        gol-cuda-naive-bitwise-cols-32

Measurement round 1 / 3
Time report:
  set_and_format_input_data:  27497.084162 ms
  initialize_data_structures: 22.624965 ms
  run:                        12931.328894 ms
   performed iters:  4565
   runtime per iter: 2.832712 ms
  finalize_data_structures:   24.739189 ms

Measurement round 2 / 3
Time report:
  set_and_format_input_data:  27512.044349 ms
  initialize_data_structures: 22.964241 ms
  run:                        12879.631954 ms
   performed iters:  4619
   runtime per iter: 2.788403 ms
  finalize_data_structures:   23.944531 ms

Measurement round 3 / 3
Time report:
  set_and_format_input_data:  27488.642112 ms
  initialize_data_structures: 22.404871 ms
  run:                        12912.902449 ms
   performed iters:  4592
   runtime per iter: 2.812043 ms
  finalize_data_structures:   24.706429 ms

exp-43
next-experiment
Hello
Experiment Parameters:
  algorithm_name: gol-cuda-naive
  grid_dimensions: 65536x65536
  iterations: 1000000
  base_grid_encoding: char
  max_runtime_seconds: 10
  warmup_rounds: 1
  measurement_rounds: 3
  data_loader_name: lexicon
  pattern_expression: spacefiller[32768,32768]
  measure_speedup: 0
  speedup_bench_algorithm_name: gol-cuda-naive
  validate: 0
  print_validation_diff: 0
  validation_algorithm_name: gol-cuda-naive
  animate_output: 0
  colorful: 0
  random_seed: 42
  state_bits_count: 32
  thread_block_size: 1024
  warp_dims_x: 32
  warp_dims_y: 1
  warp_tile_dims_x: 32
  warp_tile_dims_y: 8
  streaming_direction: in-x

Loading data...              lexicon with pattern spacefiller[32768,32768]
  Data loaded in   835.252 ms

Warming up... 1 / 1


Running experiment...        gol-cuda-naive

Measurement round 1 / 3
Time report:
  set_and_format_input_data:  196.031530 ms
  initialize_data_structures: 174.629033 ms
  run:                        39326.356732 ms
   performed iters:  1372
   runtime per iter: 28.663525 ms
  finalize_data_structures:   174.781234 ms

Measurement round 2 / 3
Time report:
  set_and_format_input_data:  195.108998 ms
  initialize_data_structures: 173.603594 ms
  run:                        39522.375533 ms
   performed iters:  1370
   runtime per iter: 28.848449 ms
  finalize_data_structures:   174.749476 ms

Measurement round 3 / 3
Time report:
  set_and_format_input_data:  195.104031 ms
  initialize_data_structures: 173.934967 ms
  run:                        39543.309729 ms
   performed iters:  1369
   runtime per iter: 28.884814 ms
  finalize_data_structures:   174.764078 ms

exp-44
next-experiment
Hello
Experiment Parameters:
  algorithm_name: gol-cuda-naive
  grid_dimensions: 65536x65536
  iterations: 1000000
  base_grid_encoding: int
  max_runtime_seconds: 10
  warmup_rounds: 1
  measurement_rounds: 3
  data_loader_name: lexicon
  pattern_expression: spacefiller[32768,32768]
  measure_speedup: 0
  speedup_bench_algorithm_name: gol-cuda-naive
  validate: 0
  print_validation_diff: 0
  validation_algorithm_name: gol-cuda-naive
  animate_output: 0
  colorful: 0
  random_seed: 42
  state_bits_count: 32
  thread_block_size: 256
  warp_dims_x: 32
  warp_dims_y: 1
  warp_tile_dims_x: 32
  warp_tile_dims_y: 8
  streaming_direction: in-x

Loading data...              lexicon with pattern spacefiller[32768,32768]
  Data loaded in   5119.79 ms

Warming up... 1 / 1


Running experiment...        gol-cuda-naive

Measurement round 1 / 3
Time report:
  set_and_format_input_data:  792.803579 ms
  initialize_data_structures: 696.296086 ms
  run:                        53852.146982 ms
   performed iters:  1256
   runtime per iter: 42.875913 ms
  finalize_data_structures:   691.077639 ms

Measurement round 2 / 3
Time report:
  set_and_format_input_data:  793.518086 ms
  initialize_data_structures: 695.549944 ms
  run:                        53849.583680 ms
   performed iters:  1256
   runtime per iter: 42.873872 ms
  finalize_data_structures:   691.845896 ms

Measurement round 3 / 3
Time report:
  set_and_format_input_data:  785.623491 ms
  initialize_data_structures: 699.975187 ms
  run:                        53878.632157 ms
   performed iters:  1256
   runtime per iter: 42.897000 ms
  finalize_data_structures:   691.867629 ms

exp-45
next-experiment
Hello
Experiment Parameters:
  algorithm_name: gol-cuda-naive-bitwise-no-macro-64
  grid_dimensions: 32768x32768
  iterations: 1000000
  base_grid_encoding: char
  max_runtime_seconds: 10
  warmup_rounds: 1
  measurement_rounds: 3
  data_loader_name: lexicon
  pattern_expression: spacefiller[16384,16384]
  measure_speedup: 0
  speedup_bench_algorithm_name: gol-cuda-naive
  validate: 0
  print_validation_diff: 0
  validation_algorithm_name: gol-cuda-naive
  animate_output: 0
  colorful: 0
  random_seed: 42
  state_bits_count: 32
  thread_block_size: 1024
  warp_dims_x: 32
  warp_dims_y: 1
  warp_tile_dims_x: 32
  warp_tile_dims_y: 8
  streaming_direction: in-x

Loading data...              lexicon with pattern spacefiller[16384,16384]
  Data loaded in   535.601 ms

Warming up... 1 / 1


Running experiment...        gol-cuda-naive-bitwise-no-macro-64

Measurement round 1 / 3
Time report:
  set_and_format_input_data:  3848.201380 ms
  initialize_data_structures: 5.976120 ms
  run:                        22885.326626 ms
   performed iters:  1833
   runtime per iter: 12.485175 ms
  finalize_data_structures:   7.938592 ms

Measurement round 2 / 3
Time report:
  set_and_format_input_data:  3976.318290 ms
  initialize_data_structures: 5.827594 ms
  run:                        22721.605658 ms
   performed iters:  1834
   runtime per iter: 12.389098 ms
  finalize_data_structures:   6.743967 ms

Measurement round 3 / 3
Time report:
  set_and_format_input_data:  4005.702226 ms
  initialize_data_structures: 6.132367 ms
  run:                        22680.684843 ms
   performed iters:  1835
   runtime per iter: 12.360046 ms
  finalize_data_structures:   7.914976 ms

exp-46
next-experiment
Hello
Experiment Parameters:
  algorithm_name: gol-cuda-naive-bitwise-no-macro-32
  grid_dimensions: 8192x8192
  iterations: 1000000
  base_grid_encoding: char
  max_runtime_seconds: 10
  warmup_rounds: 1
  measurement_rounds: 3
  data_loader_name: lexicon
  pattern_expression: spacefiller[4096,4096]
  measure_speedup: 0
  speedup_bench_algorithm_name: gol-cuda-naive
  validate: 0
  print_validation_diff: 0
  validation_algorithm_name: gol-cuda-naive
  animate_output: 0
  colorful: 0
  random_seed: 42
  state_bits_count: 32
  thread_block_size: 32
  warp_dims_x: 32
  warp_dims_y: 1
  warp_tile_dims_x: 32
  warp_tile_dims_y: 8
  streaming_direction: in-x

Loading data...              lexicon with pattern spacefiller[4096,4096]
  Data loaded in   429.573 ms

Warming up... 1 / 1


Running experiment...        gol-cuda-naive-bitwise-no-macro-32

Measurement round 1 / 3
Time report:
  set_and_format_input_data:  208.405249 ms
  initialize_data_structures: 0.750020 ms
  run:                        10811.183266 ms
   performed iters:  13537
   runtime per iter: 0.798640 ms
  finalize_data_structures:   0.806876 ms

Measurement round 2 / 3
Time report:
  set_and_format_input_data:  269.282626 ms
  initialize_data_structures: 0.714455 ms
  run:                        10806.656939 ms
   performed iters:  13575
   runtime per iter: 0.796070 ms
  finalize_data_structures:   0.805554 ms

Measurement round 3 / 3
Time report:
  set_and_format_input_data:  208.993022 ms
  initialize_data_structures: 0.675987 ms
  run:                        10806.331434 ms
   performed iters:  13580
   runtime per iter: 0.795753 ms
  finalize_data_structures:   0.780586 ms

exp-47
next-experiment
Hello
Experiment Parameters:
  algorithm_name: gol-cuda-naive-bitwise-no-macro-64
  grid_dimensions: 16384x16384
  iterations: 1000000
  base_grid_encoding: char
  max_runtime_seconds: 10
  warmup_rounds: 1
  measurement_rounds: 3
  data_loader_name: lexicon
  pattern_expression: spacefiller[8192,8192]
  measure_speedup: 0
  speedup_bench_algorithm_name: gol-cuda-naive
  validate: 0
  print_validation_diff: 0
  validation_algorithm_name: gol-cuda-naive
  animate_output: 0
  colorful: 0
  random_seed: 42
  state_bits_count: 32
  thread_block_size: 1024
  warp_dims_x: 32
  warp_dims_y: 1
  warp_tile_dims_x: 32
  warp_tile_dims_y: 8
  streaming_direction: in-x

Loading data...              lexicon with pattern spacefiller[8192,8192]
  Data loaded in   455.107 ms

Warming up... 1 / 1


Running experiment...        gol-cuda-naive-bitwise-no-macro-64

Measurement round 1 / 3
Time report:
  set_and_format_input_data:  946.816977 ms
  initialize_data_structures: 1.781897 ms
  run:                        13307.109138 ms
   performed iters:  4192
   runtime per iter: 3.174406 ms
  finalize_data_structures:   2.395630 ms

Measurement round 2 / 3
Time report:
  set_and_format_input_data:  947.262023 ms
  initialize_data_structures: 1.758452 ms
  run:                        13339.904037 ms
   performed iters:  4181
   runtime per iter: 3.190601 ms
  finalize_data_structures:   2.288467 ms

Measurement round 3 / 3
Time report:
  set_and_format_input_data:  920.812366 ms
  initialize_data_structures: 1.734365 ms
  run:                        13356.430997 ms
   performed iters:  4143
   runtime per iter: 3.223855 ms
  finalize_data_structures:   2.401008 ms

exp-48
next-experiment
Hello
Experiment Parameters:
  algorithm_name: gol-cuda-naive-bitwise-cols-32
  grid_dimensions: 32768x32768
  iterations: 1000000
  base_grid_encoding: char
  max_runtime_seconds: 10
  warmup_rounds: 1
  measurement_rounds: 3
  data_loader_name: lexicon
  pattern_expression: spacefiller[16384,16384]
  measure_speedup: 0
  speedup_bench_algorithm_name: gol-cuda-naive
  validate: 0
  print_validation_diff: 0
  validation_algorithm_name: gol-cuda-naive
  animate_output: 0
  colorful: 0
  random_seed: 42
  state_bits_count: 32
  thread_block_size: 1024
  warp_dims_x: 32
  warp_dims_y: 1
  warp_tile_dims_x: 32
  warp_tile_dims_y: 8
  streaming_direction: in-x

Loading data...              lexicon with pattern spacefiller[16384,16384]
  Data loaded in   521.901 ms

Warming up... 1 / 1


Running experiment...        gol-cuda-naive-bitwise-cols-32

Measurement round 1 / 3
Time report:
  set_and_format_input_data:  3790.037035 ms
  initialize_data_structures: 5.888437 ms
  run:                        10764.664716 ms
   performed iters:  14480
   runtime per iter: 0.743416 ms
  finalize_data_structures:   7.816807 ms

Measurement round 2 / 3
Time report:
  set_and_format_input_data:  3792.487139 ms
  initialize_data_structures: 5.812912 ms
  run:                        10762.247143 ms
   performed iters:  14483
   runtime per iter: 0.743095 ms
  finalize_data_structures:   8.304788 ms

Measurement round 3 / 3
Time report:
  set_and_format_input_data:  3794.758199 ms
  initialize_data_structures: 5.864560 ms
  run:                        10761.482662 ms
   performed iters:  14514
   runtime per iter: 0.741455 ms
  finalize_data_structures:   7.781553 ms

exp-49
next-experiment
Hello
Experiment Parameters:
  algorithm_name: gol-cuda-naive-bitwise-cols-64
  grid_dimensions: 8192x8192
  iterations: 1000000
  base_grid_encoding: char
  max_runtime_seconds: 10
  warmup_rounds: 1
  measurement_rounds: 3
  data_loader_name: lexicon
  pattern_expression: spacefiller[4096,4096]
  measure_speedup: 0
  speedup_bench_algorithm_name: gol-cuda-naive
  validate: 0
  print_validation_diff: 0
  validation_algorithm_name: gol-cuda-naive
  animate_output: 0
  colorful: 0
  random_seed: 42
  state_bits_count: 32
  thread_block_size: 32
  warp_dims_x: 32
  warp_dims_y: 1
  warp_tile_dims_x: 32
  warp_tile_dims_y: 8
  streaming_direction: in-x

Loading data...              lexicon with pattern spacefiller[4096,4096]
  Data loaded in   431.648 ms

Warming up... 1 / 1


Running experiment...        gol-cuda-naive-bitwise-cols-64

Measurement round 1 / 3
Time report:
  set_and_format_input_data:  207.142310 ms
  initialize_data_structures: 0.707225 ms
  run:                        10050.744200 ms
   performed iters:  202058
   runtime per iter: 0.049742 ms
  finalize_data_structures:   0.817191 ms

Measurement round 2 / 3
Time report:
  set_and_format_input_data:  198.474761 ms
  initialize_data_structures: 0.714406 ms
  run:                        10050.792664 ms
   performed iters:  202199
   runtime per iter: 0.049707 ms
  finalize_data_structures:   0.769309 ms

Measurement round 3 / 3
Time report:
  set_and_format_input_data:  207.456007 ms
  initialize_data_structures: 0.731882 ms
  run:                        10051.050686 ms
   performed iters:  201741
   runtime per iter: 0.049822 ms
  finalize_data_structures:   0.791854 ms

exp-50
next-experiment
Hello
Experiment Parameters:
  algorithm_name: gol-cuda-naive-bitwise-no-macro-32
  grid_dimensions: 16384x16384
  iterations: 1000000
  base_grid_encoding: char
  max_runtime_seconds: 10
  warmup_rounds: 1
  measurement_rounds: 3
  data_loader_name: lexicon
  pattern_expression: spacefiller[8192,8192]
  measure_speedup: 0
  speedup_bench_algorithm_name: gol-cuda-naive
  validate: 0
  print_validation_diff: 0
  validation_algorithm_name: gol-cuda-naive
  animate_output: 0
  colorful: 0
  random_seed: 42
  state_bits_count: 32
  thread_block_size: 32
  warp_dims_x: 32
  warp_dims_y: 1
  warp_tile_dims_x: 32
  warp_tile_dims_y: 8
  streaming_direction: in-x

Loading data...              lexicon with pattern spacefiller[8192,8192]
  Data loaded in   618.252 ms

Warming up... 1 / 1


Running experiment...        gol-cuda-naive-bitwise-no-macro-32

Measurement round 1 / 3
Time report:
  set_and_format_input_data:  834.389666 ms
  initialize_data_structures: 1.734675 ms
  run:                        13112.465308 ms
   performed iters:  4369
   runtime per iter: 3.001251 ms
  finalize_data_structures:   2.315438 ms

Measurement round 2 / 3
Time report:
  set_and_format_input_data:  834.065784 ms
  initialize_data_structures: 1.707414 ms
  run:                        13131.599080 ms
   performed iters:  4373
   runtime per iter: 3.002881 ms
  finalize_data_structures:   2.437303 ms

Measurement round 3 / 3
Time report:
  set_and_format_input_data:  834.445230 ms
  initialize_data_structures: 1.752733 ms
  run:                        13157.038442 ms
   performed iters:  4339
   runtime per iter: 3.032274 ms
  finalize_data_structures:   2.329510 ms

exp-51
next-experiment
Hello
Experiment Parameters:
  algorithm_name: gol-cuda-naive-bitwise-cols-32
  grid_dimensions: 65536x65536
  iterations: 1000000
  base_grid_encoding: char
  max_runtime_seconds: 10
  warmup_rounds: 1
  measurement_rounds: 3
  data_loader_name: lexicon
  pattern_expression: spacefiller[32768,32768]
  measure_speedup: 0
  speedup_bench_algorithm_name: gol-cuda-naive
  validate: 0
  print_validation_diff: 0
  validation_algorithm_name: gol-cuda-naive
  animate_output: 0
  colorful: 0
  random_seed: 42
  state_bits_count: 32
  thread_block_size: 32
  warp_dims_x: 32
  warp_dims_y: 1
  warp_tile_dims_x: 32
  warp_tile_dims_y: 8
  streaming_direction: in-x

Loading data...              lexicon with pattern spacefiller[32768,32768]
  Data loaded in   841.071 ms

Warming up... 1 / 1


Running experiment...        gol-cuda-naive-bitwise-cols-32

Measurement round 1 / 3
Time report:
  set_and_format_input_data:  25930.810226 ms
  initialize_data_structures: 22.351074 ms
  run:                        13153.337181 ms
   performed iters:  4327
   runtime per iter: 3.039828 ms
  finalize_data_structures:   25.126161 ms

Measurement round 2 / 3
Time report:
  set_and_format_input_data:  25934.257604 ms
  initialize_data_structures: 22.559050 ms
  run:                        13203.429270 ms
   performed iters:  4277
   runtime per iter: 3.087077 ms
  finalize_data_structures:   23.987852 ms

Measurement round 3 / 3
Time report:
  set_and_format_input_data:  25929.878029 ms
  initialize_data_structures: 22.184431 ms
  run:                        13133.560108 ms
   performed iters:  4344
   runtime per iter: 3.023379 ms
  finalize_data_structures:   25.120393 ms

exp-52
next-experiment
Hello
Experiment Parameters:
  algorithm_name: gol-cuda-naive-bitwise-no-macro-32
  grid_dimensions: 16384x16384
  iterations: 1000000
  base_grid_encoding: char
  max_runtime_seconds: 10
  warmup_rounds: 1
  measurement_rounds: 3
  data_loader_name: lexicon
  pattern_expression: spacefiller[8192,8192]
  measure_speedup: 0
  speedup_bench_algorithm_name: gol-cuda-naive
  validate: 0
  print_validation_diff: 0
  validation_algorithm_name: gol-cuda-naive
  animate_output: 0
  colorful: 0
  random_seed: 42
  state_bits_count: 32
  thread_block_size: 1024
  warp_dims_x: 32
  warp_dims_y: 1
  warp_tile_dims_x: 32
  warp_tile_dims_y: 8
  streaming_direction: in-x

Loading data...              lexicon with pattern spacefiller[8192,8192]
  Data loaded in   444.927 ms

Warming up... 1 / 1


Running experiment...        gol-cuda-naive-bitwise-no-macro-32

Measurement round 1 / 3
Time report:
  set_and_format_input_data:  834.812195 ms
  initialize_data_structures: 1.804582 ms
  run:                        12647.542004 ms
   performed iters:  4936
   runtime per iter: 2.562306 ms
  finalize_data_structures:   2.401719 ms

Measurement round 2 / 3
Time report:
  set_and_format_input_data:  834.502985 ms
  initialize_data_structures: 1.781537 ms
  run:                        12676.499918 ms
   performed iters:  4895
   runtime per iter: 2.589683 ms
  finalize_data_structures:   2.287607 ms

Measurement round 3 / 3
Time report:
  set_and_format_input_data:  834.794278 ms
  initialize_data_structures: 1.744431 ms
  run:                        12726.724748 ms
   performed iters:  4822
   runtime per iter: 2.639304 ms
  finalize_data_structures:   2.364002 ms

exp-53
next-experiment
Hello
Experiment Parameters:
  algorithm_name: gol-cuda-naive-bitwise-cols-32
  grid_dimensions: 16384x16384
  iterations: 1000000
  base_grid_encoding: char
  max_runtime_seconds: 10
  warmup_rounds: 1
  measurement_rounds: 3
  data_loader_name: lexicon
  pattern_expression: spacefiller[8192,8192]
  measure_speedup: 0
  speedup_bench_algorithm_name: gol-cuda-naive
  validate: 0
  print_validation_diff: 0
  validation_algorithm_name: gol-cuda-naive
  animate_output: 0
  colorful: 0
  random_seed: 42
  state_bits_count: 32
  thread_block_size: 512
  warp_dims_x: 32
  warp_dims_y: 1
  warp_tile_dims_x: 32
  warp_tile_dims_y: 8
  streaming_direction: in-x

Loading data...              lexicon with pattern spacefiller[8192,8192]
  Data loaded in   448.565 ms

Warming up... 1 / 1


Running experiment...        gol-cuda-naive-bitwise-cols-32

Measurement round 1 / 3
Time report:
  set_and_format_input_data:  834.487051 ms
  initialize_data_structures: 1.717330 ms
  run:                        10166.304230 ms
   performed iters:  62611
   runtime per iter: 0.162372 ms
  finalize_data_structures:   2.390843 ms

Measurement round 2 / 3
Time report:
  set_and_format_input_data:  834.166304 ms
  initialize_data_structures: 1.718501 ms
  run:                        10166.251249 ms
   performed iters:  62531
   runtime per iter: 0.162579 ms
  finalize_data_structures:   2.257260 ms

Measurement round 3 / 3
Time report:
  set_and_format_input_data:  834.642017 ms
  initialize_data_structures: 1.737130 ms
  run:                        10165.601482 ms
   performed iters:  62485
   runtime per iter: 0.162689 ms
  finalize_data_structures:   2.368680 ms

exp-54
next-experiment
Hello
Experiment Parameters:
  algorithm_name: gol-cuda-naive-bitwise-no-macro-64
  grid_dimensions: 16384x16384
  iterations: 1000000
  base_grid_encoding: char
  max_runtime_seconds: 10
  warmup_rounds: 1
  measurement_rounds: 3
  data_loader_name: lexicon
  pattern_expression: spacefiller[8192,8192]
  measure_speedup: 0
  speedup_bench_algorithm_name: gol-cuda-naive
  validate: 0
  print_validation_diff: 0
  validation_algorithm_name: gol-cuda-naive
  animate_output: 0
  colorful: 0
  random_seed: 42
  state_bits_count: 32
  thread_block_size: 32
  warp_dims_x: 32
  warp_dims_y: 1
  warp_tile_dims_x: 32
  warp_tile_dims_y: 8
  streaming_direction: in-x

Loading data...              lexicon with pattern spacefiller[8192,8192]
  Data loaded in   444.091 ms

Warming up... 1 / 1


Running experiment...        gol-cuda-naive-bitwise-no-macro-64

Measurement round 1 / 3
Time report:
  set_and_format_input_data:  941.388837 ms
  initialize_data_structures: 1.821117 ms
  run:                        13361.411647 ms
   performed iters:  4104
   runtime per iter: 3.255705 ms
  finalize_data_structures:   2.303009 ms

Measurement round 2 / 3
Time report:
  set_and_format_input_data:  941.286873 ms
  initialize_data_structures: 1.734436 ms
  run:                        13372.871932 ms
   performed iters:  4097
   runtime per iter: 3.264064 ms
  finalize_data_structures:   2.351113 ms

Measurement round 3 / 3
Time report:
  set_and_format_input_data:  943.305941 ms
  initialize_data_structures: 1.738031 ms
  run:                        13340.099132 ms
   performed iters:  4121
   runtime per iter: 3.237102 ms
  finalize_data_structures:   2.324201 ms

exp-55
next-experiment
Hello
Experiment Parameters:
  algorithm_name: gol-cuda-naive
  grid_dimensions: 8192x8192
  iterations: 1000000
  base_grid_encoding: char
  max_runtime_seconds: 10
  warmup_rounds: 1
  measurement_rounds: 3
  data_loader_name: lexicon
  pattern_expression: spacefiller[4096,4096]
  measure_speedup: 0
  speedup_bench_algorithm_name: gol-cuda-naive
  validate: 0
  print_validation_diff: 0
  validation_algorithm_name: gol-cuda-naive
  animate_output: 0
  colorful: 0
  random_seed: 42
  state_bits_count: 32
  thread_block_size: 32
  warp_dims_x: 32
  warp_dims_y: 1
  warp_tile_dims_x: 32
  warp_tile_dims_y: 8
  streaming_direction: in-x

Loading data...              lexicon with pattern spacefiller[4096,4096]
  Data loaded in   435.072 ms

Warming up... 1 / 1


Running experiment...        gol-cuda-naive

Measurement round 1 / 3
Time report:
  set_and_format_input_data:  3.348869 ms
  initialize_data_structures: 2.987540 ms
  run:                        11137.015245 ms
   performed iters:  10017
   runtime per iter: 1.111811 ms
  finalize_data_structures:   4.251190 ms

Measurement round 2 / 3
Time report:
  set_and_format_input_data:  3.172030 ms
  initialize_data_structures: 3.048212 ms
  run:                        11136.934412 ms
   performed iters:  10017
   runtime per iter: 1.111803 ms
  finalize_data_structures:   4.219392 ms

Measurement round 3 / 3
Time report:
  set_and_format_input_data:  3.125420 ms
  initialize_data_structures: 2.969202 ms
  run:                        11136.983067 ms
   performed iters:  10017
   runtime per iter: 1.111808 ms
  finalize_data_structures:   4.259292 ms

exp-56
next-experiment
Hello
Experiment Parameters:
  algorithm_name: gol-cuda-naive-bitwise-no-macro-64
  grid_dimensions: 16384x16384
  iterations: 1000000
  base_grid_encoding: char
  max_runtime_seconds: 10
  warmup_rounds: 1
  measurement_rounds: 3
  data_loader_name: lexicon
  pattern_expression: spacefiller[8192,8192]
  measure_speedup: 0
  speedup_bench_algorithm_name: gol-cuda-naive
  validate: 0
  print_validation_diff: 0
  validation_algorithm_name: gol-cuda-naive
  animate_output: 0
  colorful: 0
  random_seed: 42
  state_bits_count: 32
  thread_block_size: 64
  warp_dims_x: 32
  warp_dims_y: 1
  warp_tile_dims_x: 32
  warp_tile_dims_y: 8
  streaming_direction: in-x

Loading data...              lexicon with pattern spacefiller[8192,8192]
  Data loaded in   452.874 ms

Warming up... 1 / 1


Running experiment...        gol-cuda-naive-bitwise-no-macro-64

Measurement round 1 / 3
Time report:
  set_and_format_input_data:  946.055659 ms
  initialize_data_structures: 1.730229 ms
  run:                        13347.060580 ms
   performed iters:  4125
   runtime per iter: 3.235651 ms
  finalize_data_structures:   2.338383 ms

Measurement round 2 / 3
Time report:
  set_and_format_input_data:  947.692205 ms
  initialize_data_structures: 1.756369 ms
  run:                        13324.120740 ms
   performed iters:  4139
   runtime per iter: 3.219164 ms
  finalize_data_structures:   2.307266 ms

Measurement round 3 / 3
Time report:
  set_and_format_input_data:  947.100968 ms
  initialize_data_structures: 1.738672 ms
  run:                        13375.660620 ms
   performed iters:  4092
   runtime per iter: 3.268734 ms
  finalize_data_structures:   2.354288 ms

exp-57
next-experiment
Hello
Experiment Parameters:
  algorithm_name: gol-cuda-naive-bitwise-cols-32
  grid_dimensions: 8192x8192
  iterations: 1000000
  base_grid_encoding: char
  max_runtime_seconds: 10
  warmup_rounds: 1
  measurement_rounds: 3
  data_loader_name: lexicon
  pattern_expression: spacefiller[4096,4096]
  measure_speedup: 0
  speedup_bench_algorithm_name: gol-cuda-naive
  validate: 0
  print_validation_diff: 0
  validation_algorithm_name: gol-cuda-naive
  animate_output: 0
  colorful: 0
  random_seed: 42
  state_bits_count: 32
  thread_block_size: 32
  warp_dims_x: 32
  warp_dims_y: 1
  warp_tile_dims_x: 32
  warp_tile_dims_y: 8
  streaming_direction: in-x

Loading data...              lexicon with pattern spacefiller[4096,4096]
  Data loaded in   434.138 ms

Warming up... 1 / 1


Running experiment...        gol-cuda-naive-bitwise-cols-32

Measurement round 1 / 3
Time report:
  set_and_format_input_data:  208.847542 ms
  initialize_data_structures: 0.695737 ms
  run:                        10043.833245 ms
   performed iters:  234436
   runtime per iter: 0.042843 ms
  finalize_data_structures:   0.809029 ms

Measurement round 2 / 3
Time report:
  set_and_format_input_data:  209.923356 ms
  initialize_data_structures: 0.694125 ms
  run:                        10043.808368 ms
   performed iters:  234322
   runtime per iter: 0.042863 ms
  finalize_data_structures:   0.817091 ms

Measurement round 3 / 3
Time report:
  set_and_format_input_data:  209.210292 ms
  initialize_data_structures: 0.712172 ms
  run:                        10044.295048 ms
   performed iters:  232196
   runtime per iter: 0.043258 ms
  finalize_data_structures:   0.782409 ms

exp-58
next-experiment
Hello
Experiment Parameters:
  algorithm_name: gol-cuda-naive-bitwise-no-macro-32
  grid_dimensions: 32768x32768
  iterations: 1000000
  base_grid_encoding: char
  max_runtime_seconds: 10
  warmup_rounds: 1
  measurement_rounds: 3
  data_loader_name: lexicon
  pattern_expression: spacefiller[16384,16384]
  measure_speedup: 0
  speedup_bench_algorithm_name: gol-cuda-naive
  validate: 0
  print_validation_diff: 0
  validation_algorithm_name: gol-cuda-naive
  animate_output: 0
  colorful: 0
  random_seed: 42
  state_bits_count: 32
  thread_block_size: 512
  warp_dims_x: 32
  warp_dims_y: 1
  warp_tile_dims_x: 32
  warp_tile_dims_y: 8
  streaming_direction: in-x

Loading data...              lexicon with pattern spacefiller[16384,16384]
  Data loaded in   522.721 ms

Warming up... 1 / 1


Running experiment...        gol-cuda-naive-bitwise-no-macro-32

Measurement round 1 / 3
Time report:
  set_and_format_input_data:  3831.312242 ms
  initialize_data_structures: 6.000458 ms
  run:                        21828.734437 ms
   performed iters:  1899
   runtime per iter: 11.494858 ms
  finalize_data_structures:   8.092527 ms

Measurement round 2 / 3
Time report:
  set_and_format_input_data:  3834.032145 ms
  initialize_data_structures: 5.958244 ms
  run:                        21844.810227 ms
   performed iters:  1898
   runtime per iter: 11.509384 ms
  finalize_data_structures:   7.760282 ms

Measurement round 3 / 3
Time report:
  set_and_format_input_data:  3830.957574 ms
  initialize_data_structures: 5.892334 ms
  run:                        21985.264693 ms
   performed iters:  1889
   runtime per iter: 11.638573 ms
  finalize_data_structures:   8.013016 ms

exp-59
next-experiment
Hello
Experiment Parameters:
  algorithm_name: gol-cuda-naive
  grid_dimensions: 32768x32768
  iterations: 1000000
  base_grid_encoding: int
  max_runtime_seconds: 10
  warmup_rounds: 1
  measurement_rounds: 3
  data_loader_name: lexicon
  pattern_expression: spacefiller[16384,16384]
  measure_speedup: 0
  speedup_bench_algorithm_name: gol-cuda-naive
  validate: 0
  print_validation_diff: 0
  validation_algorithm_name: gol-cuda-naive
  animate_output: 0
  colorful: 0
  random_seed: 42
  state_bits_count: 32
  thread_block_size: 64
  warp_dims_x: 32
  warp_dims_y: 1
  warp_tile_dims_x: 32
  warp_tile_dims_y: 8
  streaming_direction: in-x

Loading data...              lexicon with pattern spacefiller[16384,16384]
  Data loaded in   1597.56 ms

Warming up... 1 / 1


Running experiment...        gol-cuda-naive

Measurement round 1 / 3
Time report:
  set_and_format_input_data:  198.748833 ms
  initialize_data_structures: 177.465891 ms
  run:                        20754.462801 ms
   performed iters:  1964
   runtime per iter: 10.567445 ms
  finalize_data_structures:   179.560264 ms

Measurement round 2 / 3
Time report:
  set_and_format_input_data:  195.386724 ms
  initialize_data_structures: 174.701751 ms
  run:                        20757.701442 ms
   performed iters:  1963
   runtime per iter: 10.574479 ms
  finalize_data_structures:   179.487122 ms

Measurement round 3 / 3
Time report:
  set_and_format_input_data:  196.718838 ms
  initialize_data_structures: 174.660668 ms
  run:                        20756.486856 ms
   performed iters:  1969
   runtime per iter: 10.541639 ms
  finalize_data_structures:   179.386509 ms

exp-60
next-experiment
Hello
Experiment Parameters:
  algorithm_name: gol-cuda-naive-bitwise-no-macro-64
  grid_dimensions: 16384x16384
  iterations: 1000000
  base_grid_encoding: char
  max_runtime_seconds: 10
  warmup_rounds: 1
  measurement_rounds: 3
  data_loader_name: lexicon
  pattern_expression: spacefiller[8192,8192]
  measure_speedup: 0
  speedup_bench_algorithm_name: gol-cuda-naive
  validate: 0
  print_validation_diff: 0
  validation_algorithm_name: gol-cuda-naive
  animate_output: 0
  colorful: 0
  random_seed: 42
  state_bits_count: 32
  thread_block_size: 512
  warp_dims_x: 32
  warp_dims_y: 1
  warp_tile_dims_x: 32
  warp_tile_dims_y: 8
  streaming_direction: in-x

Loading data...              lexicon with pattern spacefiller[8192,8192]
  Data loaded in   446.698 ms

Warming up... 1 / 1


Running experiment...        gol-cuda-naive-bitwise-no-macro-64

Measurement round 1 / 3
Time report:
  set_and_format_input_data:  948.859176 ms
  initialize_data_structures: 1.793335 ms
  run:                        13442.873054 ms
   performed iters:  4122
   runtime per iter: 3.261250 ms
  finalize_data_structures:   2.431645 ms

Measurement round 2 / 3
Time report:
  set_and_format_input_data:  948.279466 ms
  initialize_data_structures: 1.896712 ms
  run:                        13468.030074 ms
   performed iters:  4088
   runtime per iter: 3.294528 ms
  finalize_data_structures:   2.277802 ms

Measurement round 3 / 3
Time report:
  set_and_format_input_data:  947.459629 ms
  initialize_data_structures: 1.754166 ms
  run:                        13414.313625 ms
   performed iters:  4091
   runtime per iter: 3.278982 ms
  finalize_data_structures:   2.496163 ms

exp-61
next-experiment
Hello
Experiment Parameters:
  algorithm_name: gol-cuda-naive-bitwise-cols-64
  grid_dimensions: 32768x32768
  iterations: 1000000
  base_grid_encoding: char
  max_runtime_seconds: 10
  warmup_rounds: 1
  measurement_rounds: 3
  data_loader_name: lexicon
  pattern_expression: spacefiller[16384,16384]
  measure_speedup: 0
  speedup_bench_algorithm_name: gol-cuda-naive
  validate: 0
  print_validation_diff: 0
  validation_algorithm_name: gol-cuda-naive
  animate_output: 0
  colorful: 0
  random_seed: 42
  state_bits_count: 32
  thread_block_size: 32
  warp_dims_x: 32
  warp_dims_y: 1
  warp_tile_dims_x: 32
  warp_tile_dims_y: 8
  streaming_direction: in-x

Loading data...              lexicon with pattern spacefiller[16384,16384]
  Data loaded in   521.977 ms

Warming up... 1 / 1


Running experiment...        gol-cuda-naive-bitwise-cols-64

Measurement round 1 / 3
Time report:
  set_and_format_input_data:  3986.183709 ms
  initialize_data_structures: 5.906265 ms
  run:                        10911.785349 ms
   performed iters:  12416
   runtime per iter: 0.878849 ms
  finalize_data_structures:   7.934597 ms

Measurement round 2 / 3
Time report:
  set_and_format_input_data:  3984.400420 ms
  initialize_data_structures: 5.871402 ms
  run:                        10906.965345 ms
   performed iters:  12475
   runtime per iter: 0.874306 ms
  finalize_data_structures:   7.802667 ms

Measurement round 3 / 3
Time report:
  set_and_format_input_data:  3877.783592 ms
  initialize_data_structures: 5.890942 ms
  run:                        10902.824592 ms
   performed iters:  12528
   runtime per iter: 0.870277 ms
  finalize_data_structures:   7.845122 ms

exp-62
next-experiment
Hello
Experiment Parameters:
  algorithm_name: gol-cuda-naive
  grid_dimensions: 32768x32768
  iterations: 1000000
  base_grid_encoding: int
  max_runtime_seconds: 10
  warmup_rounds: 1
  measurement_rounds: 3
  data_loader_name: lexicon
  pattern_expression: spacefiller[16384,16384]
  measure_speedup: 0
  speedup_bench_algorithm_name: gol-cuda-naive
  validate: 0
  print_validation_diff: 0
  validation_algorithm_name: gol-cuda-naive
  animate_output: 0
  colorful: 0
  random_seed: 42
  state_bits_count: 32
  thread_block_size: 32
  warp_dims_x: 32
  warp_dims_y: 1
  warp_tile_dims_x: 32
  warp_tile_dims_y: 8
  streaming_direction: in-x

Loading data...              lexicon with pattern spacefiller[16384,16384]
  Data loaded in   1605.22 ms

Warming up... 1 / 1


Running experiment...        gol-cuda-naive

Measurement round 1 / 3
Time report:
  set_and_format_input_data:  202.723693 ms
  initialize_data_structures: 179.016116 ms
  run:                        28161.472369 ms
   performed iters:  1586
   runtime per iter: 17.756288 ms
  finalize_data_structures:   175.772848 ms

Measurement round 2 / 3
Time report:
  set_and_format_input_data:  201.828022 ms
  initialize_data_structures: 178.363716 ms
  run:                        28161.468112 ms
   performed iters:  1586
   runtime per iter: 17.756285 ms
  finalize_data_structures:   175.714500 ms

Measurement round 3 / 3
Time report:
  set_and_format_input_data:  197.627548 ms
  initialize_data_structures: 174.613036 ms
  run:                        28161.460871 ms
   performed iters:  1586
   runtime per iter: 17.756280 ms
  finalize_data_structures:   175.587797 ms

exp-63
next-experiment
Hello
Experiment Parameters:
  algorithm_name: gol-cuda-naive-bitwise-cols-32
  grid_dimensions: 8192x8192
  iterations: 1000000
  base_grid_encoding: char
  max_runtime_seconds: 10
  warmup_rounds: 1
  measurement_rounds: 3
  data_loader_name: lexicon
  pattern_expression: spacefiller[4096,4096]
  measure_speedup: 0
  speedup_bench_algorithm_name: gol-cuda-naive
  validate: 0
  print_validation_diff: 0
  validation_algorithm_name: gol-cuda-naive
  animate_output: 0
  colorful: 0
  random_seed: 42
  state_bits_count: 32
  thread_block_size: 1024
  warp_dims_x: 32
  warp_dims_y: 1
  warp_tile_dims_x: 32
  warp_tile_dims_y: 8
  streaming_direction: in-x

Loading data...              lexicon with pattern spacefiller[4096,4096]
  Data loaded in   428.378 ms

Warming up... 1 / 1


Running experiment...        gol-cuda-naive-bitwise-cols-32

Measurement round 1 / 3
Time report:
  set_and_format_input_data:  208.737101 ms
  initialize_data_structures: 0.680824 ms
  run:                        10046.000885 ms
   performed iters:  223401
   runtime per iter: 0.044968 ms
  finalize_data_structures:   0.810011 ms

Measurement round 2 / 3
Time report:
  set_and_format_input_data:  209.146103 ms
  initialize_data_structures: 0.736199 ms
  run:                        10045.984070 ms
   performed iters:  223408
   runtime per iter: 0.044967 ms
  finalize_data_structures:   0.769680 ms

Measurement round 3 / 3
Time report:
  set_and_format_input_data:  208.706154 ms
  initialize_data_structures: 0.684750 ms
  run:                        10045.986323 ms
   performed iters:  223366
   runtime per iter: 0.044975 ms
  finalize_data_structures:   0.775378 ms

exp-64
next-experiment
Hello
Experiment Parameters:
  algorithm_name: gol-cuda-naive
  grid_dimensions: 32768x32768
  iterations: 1000000
  base_grid_encoding: char
  max_runtime_seconds: 10
  warmup_rounds: 1
  measurement_rounds: 3
  data_loader_name: lexicon
  pattern_expression: spacefiller[16384,16384]
  measure_speedup: 0
  speedup_bench_algorithm_name: gol-cuda-naive
  validate: 0
  print_validation_diff: 0
  validation_algorithm_name: gol-cuda-naive
  animate_output: 0
  colorful: 0
  random_seed: 42
  state_bits_count: 32
  thread_block_size: 32
  warp_dims_x: 32
  warp_dims_y: 1
  warp_tile_dims_x: 32
  warp_tile_dims_y: 8
  streaming_direction: in-x

Loading data...              lexicon with pattern spacefiller[16384,16384]
  Data loaded in   525.81 ms

Warming up... 1 / 1


Running experiment...        gol-cuda-naive

Measurement round 1 / 3
Time report:
  set_and_format_input_data:  49.308820 ms
  initialize_data_structures: 44.226487 ms
  run:                        28161.363393 ms
   performed iters:  1586
   runtime per iter: 17.756219 ms
  finalize_data_structures:   45.492712 ms

Measurement round 2 / 3
Time report:
  set_and_format_input_data:  51.042706 ms
  initialize_data_structures: 43.410468 ms
  run:                        28161.443785 ms
   performed iters:  1586
   runtime per iter: 17.756270 ms
  finalize_data_structures:   45.477248 ms

Measurement round 3 / 3
Time report:
  set_and_format_input_data:  48.835271 ms
  initialize_data_structures: 43.809544 ms
  run:                        28161.456194 ms
   performed iters:  1586
   runtime per iter: 17.756278 ms
  finalize_data_structures:   45.523899 ms

exp-65
next-experiment
Hello
Experiment Parameters:
  algorithm_name: gol-cuda-naive-bitwise-cols-64
  grid_dimensions: 65536x65536
  iterations: 1000000
  base_grid_encoding: char
  max_runtime_seconds: 10
  warmup_rounds: 1
  measurement_rounds: 3
  data_loader_name: lexicon
  pattern_expression: spacefiller[32768,32768]
  measure_speedup: 0
  speedup_bench_algorithm_name: gol-cuda-naive
  validate: 0
  print_validation_diff: 0
  validation_algorithm_name: gol-cuda-naive
  animate_output: 0
  colorful: 0
  random_seed: 42
  state_bits_count: 32
  thread_block_size: 32
  warp_dims_x: 32
  warp_dims_y: 1
  warp_tile_dims_x: 32
  warp_tile_dims_y: 8
  streaming_direction: in-x

Loading data...              lexicon with pattern spacefiller[32768,32768]
  Data loaded in   837.362 ms

Warming up... 1 / 1


Running experiment...        gol-cuda-naive-bitwise-cols-64

Measurement round 1 / 3
Time report:
  set_and_format_input_data:  25840.622884 ms
  initialize_data_structures: 22.309684 ms
  run:                        13391.458207 ms
   performed iters:  4065
   runtime per iter: 3.294332 ms
  finalize_data_structures:   25.483007 ms

Measurement round 2 / 3
Time report:
  set_and_format_input_data:  25503.069108 ms
  initialize_data_structures: 22.403216 ms
  run:                        13378.690363 ms
   performed iters:  4075
   runtime per iter: 3.283114 ms
  finalize_data_structures:   23.995816 ms

Measurement round 3 / 3
Time report:
  set_and_format_input_data:  25713.162513 ms
  initialize_data_structures: 22.539543 ms
  run:                        13365.886235 ms
   performed iters:  4085
   runtime per iter: 3.271943 ms
  finalize_data_structures:   25.942414 ms

exp-66
next-experiment
Hello
Experiment Parameters:
  algorithm_name: gol-cuda-naive-bitwise-cols-64
  grid_dimensions: 32768x32768
  iterations: 1000000
  base_grid_encoding: char
  max_runtime_seconds: 10
  warmup_rounds: 1
  measurement_rounds: 3
  data_loader_name: lexicon
  pattern_expression: spacefiller[16384,16384]
  measure_speedup: 0
  speedup_bench_algorithm_name: gol-cuda-naive
  validate: 0
  print_validation_diff: 0
  validation_algorithm_name: gol-cuda-naive
  animate_output: 0
  colorful: 0
  random_seed: 42
  state_bits_count: 32
  thread_block_size: 256
  warp_dims_x: 32
  warp_dims_y: 1
  warp_tile_dims_x: 32
  warp_tile_dims_y: 8
  streaming_direction: in-x

Loading data...              lexicon with pattern spacefiller[16384,16384]
  Data loaded in   525.92 ms

Warming up... 1 / 1


Running experiment...        gol-cuda-naive-bitwise-cols-64

Measurement round 1 / 3
Time report:
  set_and_format_input_data:  4005.745307 ms
  initialize_data_structures: 6.044335 ms
  run:                        10821.515440 ms
   performed iters:  13557
   runtime per iter: 0.798223 ms
  finalize_data_structures:   7.825272 ms

Measurement round 2 / 3
Time report:
  set_and_format_input_data:  4009.445610 ms
  initialize_data_structures: 5.991506 ms
  run:                        10823.694832 ms
   performed iters:  13520
   runtime per iter: 0.800569 ms
  finalize_data_structures:   8.231740 ms

Measurement round 3 / 3
Time report:
  set_and_format_input_data:  3911.755982 ms
  initialize_data_structures: 6.359364 ms
  run:                        10829.647939 ms
   performed iters:  13501
   runtime per iter: 0.802137 ms
  finalize_data_structures:   7.867417 ms

exp-67
next-experiment
Hello
Experiment Parameters:
  algorithm_name: gol-cuda-naive
  grid_dimensions: 65536x65536
  iterations: 1000000
  base_grid_encoding: int
  max_runtime_seconds: 10
  warmup_rounds: 1
  measurement_rounds: 3
  data_loader_name: lexicon
  pattern_expression: spacefiller[32768,32768]
  measure_speedup: 0
  speedup_bench_algorithm_name: gol-cuda-naive
  validate: 0
  print_validation_diff: 0
  validation_algorithm_name: gol-cuda-naive
  animate_output: 0
  colorful: 0
  random_seed: 42
  state_bits_count: 32
  thread_block_size: 32
  warp_dims_x: 32
  warp_dims_y: 1
  warp_tile_dims_x: 32
  warp_tile_dims_y: 8
  streaming_direction: in-x

Loading data...              lexicon with pattern spacefiller[32768,32768]
  Data loaded in   5162.63 ms

Warming up... 1 / 1


Running experiment...        gol-cuda-naive

Measurement round 1 / 3
Time report:
  set_and_format_input_data:  845.942257 ms
  initialize_data_structures: 712.550103 ms
  run:                        82593.996353 ms
   performed iters:  1163
   runtime per iter: 71.018054 ms
  finalize_data_structures:   692.194829 ms

Measurement round 2 / 3
Time report:
  set_and_format_input_data:  812.196434 ms
  initialize_data_structures: 718.187119 ms
  run:                        82593.969623 ms
   performed iters:  1163
   runtime per iter: 71.018031 ms
  finalize_data_structures:   692.423106 ms

Measurement round 3 / 3
Time report:
  set_and_format_input_data:  817.923237 ms
  initialize_data_structures: 716.907214 ms
  run:                        82593.955365 ms
   performed iters:  1163
   runtime per iter: 71.018018 ms
  finalize_data_structures:   692.496653 ms

exp-68
next-experiment
Hello
Experiment Parameters:
  algorithm_name: gol-cuda-naive-bitwise-no-macro-64
  grid_dimensions: 16384x16384
  iterations: 1000000
  base_grid_encoding: char
  max_runtime_seconds: 10
  warmup_rounds: 1
  measurement_rounds: 3
  data_loader_name: lexicon
  pattern_expression: spacefiller[8192,8192]
  measure_speedup: 0
  speedup_bench_algorithm_name: gol-cuda-naive
  validate: 0
  print_validation_diff: 0
  validation_algorithm_name: gol-cuda-naive
  animate_output: 0
  colorful: 0
  random_seed: 42
  state_bits_count: 32
  thread_block_size: 128
  warp_dims_x: 32
  warp_dims_y: 1
  warp_tile_dims_x: 32
  warp_tile_dims_y: 8
  streaming_direction: in-x

Loading data...              lexicon with pattern spacefiller[8192,8192]
  Data loaded in   475.073 ms

Warming up... 1 / 1


Running experiment...        gol-cuda-naive-bitwise-no-macro-64

Measurement round 1 / 3
Time report:
  set_and_format_input_data:  936.149381 ms
  initialize_data_structures: 1.861910 ms
  run:                        13204.656845 ms
   performed iters:  4255
   runtime per iter: 3.103327 ms
  finalize_data_structures:   2.362450 ms

Measurement round 2 / 3
Time report:
  set_and_format_input_data:  962.786383 ms
  initialize_data_structures: 1.754196 ms
  run:                        13170.804929 ms
   performed iters:  4283
   runtime per iter: 3.075135 ms
  finalize_data_structures:   2.309470 ms

Measurement round 3 / 3
Time report:
  set_and_format_input_data:  929.108972 ms
  initialize_data_structures: 1.781047 ms
  run:                        13183.043358 ms
   performed iters:  4275
   runtime per iter: 3.083753 ms
  finalize_data_structures:   2.384674 ms

exp-69
next-experiment
Hello
Experiment Parameters:
  algorithm_name: gol-cuda-naive-bitwise-no-macro-64
  grid_dimensions: 8192x8192
  iterations: 1000000
  base_grid_encoding: char
  max_runtime_seconds: 10
  warmup_rounds: 1
  measurement_rounds: 3
  data_loader_name: lexicon
  pattern_expression: spacefiller[4096,4096]
  measure_speedup: 0
  speedup_bench_algorithm_name: gol-cuda-naive
  validate: 0
  print_validation_diff: 0
  validation_algorithm_name: gol-cuda-naive
  animate_output: 0
  colorful: 0
  random_seed: 42
  state_bits_count: 32
  thread_block_size: 128
  warp_dims_x: 32
  warp_dims_y: 1
  warp_tile_dims_x: 32
  warp_tile_dims_y: 8
  streaming_direction: in-x

Loading data...              lexicon with pattern spacefiller[4096,4096]
  Data loaded in   426.392 ms

Warming up... 1 / 1


Running experiment...        gol-cuda-naive-bitwise-no-macro-64

Measurement round 1 / 3
Time report:
  set_and_format_input_data:  207.261052 ms
  initialize_data_structures: 0.698241 ms
  run:                        10818.140286 ms
   performed iters:  13394
   runtime per iter: 0.807686 ms
  finalize_data_structures:   0.796280 ms

Measurement round 2 / 3
Time report:
  set_and_format_input_data:  208.090613 ms
  initialize_data_structures: 0.725823 ms
  run:                        10809.929908 ms
   performed iters:  13497
   runtime per iter: 0.800914 ms
  finalize_data_structures:   0.822640 ms

Measurement round 3 / 3
Time report:
  set_and_format_input_data:  207.426504 ms
  initialize_data_structures: 0.726234 ms
  run:                        10811.037291 ms
   performed iters:  13495
   runtime per iter: 0.801114 ms
  finalize_data_structures:   0.814788 ms

exp-70
next-experiment
Hello
Experiment Parameters:
  algorithm_name: gol-cuda-naive-bitwise-no-macro-64
  grid_dimensions: 65536x65536
  iterations: 1000000
  base_grid_encoding: char
  max_runtime_seconds: 10
  warmup_rounds: 1
  measurement_rounds: 3
  data_loader_name: lexicon
  pattern_expression: spacefiller[32768,32768]
  measure_speedup: 0
  speedup_bench_algorithm_name: gol-cuda-naive
  validate: 0
  print_validation_diff: 0
  validation_algorithm_name: gol-cuda-naive
  animate_output: 0
  colorful: 0
  random_seed: 42
  state_bits_count: 32
  thread_block_size: 32
  warp_dims_x: 32
  warp_dims_y: 1
  warp_tile_dims_x: 32
  warp_tile_dims_y: 8
  streaming_direction: in-x

Loading data...              lexicon with pattern spacefiller[32768,32768]
  Data loaded in   854.978 ms

Warming up... 1 / 1


Running experiment...        gol-cuda-naive-bitwise-no-macro-64

Measurement round 1 / 3
Time report:
  set_and_format_input_data:  27309.108552 ms
  initialize_data_structures: 22.748262 ms
  run:                        66950.157378 ms
   performed iters:  1208
   runtime per iter: 55.422316 ms
  finalize_data_structures:   26.041846 ms

Measurement round 2 / 3
Time report:
  set_and_format_input_data:  27100.610470 ms
  initialize_data_structures: 22.776394 ms
  run:                        66959.754103 ms
   performed iters:  1208
   runtime per iter: 55.430260 ms
  finalize_data_structures:   23.975988 ms

Measurement round 3 / 3
Time report:
  set_and_format_input_data:  27201.487606 ms
  initialize_data_structures: 24.667939 ms
  run:                        66240.649502 ms
   performed iters:  1210
   runtime per iter: 54.744338 ms
  finalize_data_structures:   25.990619 ms

exp-71
next-experiment
Hello
Experiment Parameters:
  algorithm_name: gol-cuda-naive-bitwise-no-macro-32
  grid_dimensions: 65536x65536
  iterations: 1000000
  base_grid_encoding: char
  max_runtime_seconds: 10
  warmup_rounds: 1
  measurement_rounds: 3
  data_loader_name: lexicon
  pattern_expression: spacefiller[32768,32768]
  measure_speedup: 0
  speedup_bench_algorithm_name: gol-cuda-naive
  validate: 0
  print_validation_diff: 0
  validation_algorithm_name: gol-cuda-naive
  animate_output: 0
  colorful: 0
  random_seed: 42
  state_bits_count: 32
  thread_block_size: 128
  warp_dims_x: 32
  warp_dims_y: 1
  warp_tile_dims_x: 32
  warp_tile_dims_y: 8
  streaming_direction: in-x

Loading data...              lexicon with pattern spacefiller[32768,32768]
  Data loaded in   852.712 ms

Warming up... 1 / 1


Running experiment...        gol-cuda-naive-bitwise-no-macro-32

Measurement round 1 / 3
Time report:
  set_and_format_input_data:  26238.287837 ms
  initialize_data_structures: 23.384479 ms
  run:                        59888.541054 ms
   performed iters:  1234
   runtime per iter: 48.532043 ms
  finalize_data_structures:   23.997980 ms

Measurement round 2 / 3
Time report:
  set_and_format_input_data:  26217.909387 ms
  initialize_data_structures: 22.895094 ms
  run:                        59984.734203 ms
   performed iters:  1234
   runtime per iter: 48.609995 ms
  finalize_data_structures:   25.386260 ms

Measurement round 3 / 3
Time report:
  set_and_format_input_data:  26235.728737 ms
  initialize_data_structures: 23.370037 ms
  run:                        59314.392740 ms
   performed iters:  1236
   runtime per iter: 47.988991 ms
  finalize_data_structures:   24.030199 ms

./run-jobs.sh: line 14: un-cpu-versions.sh: command not found
