Starting job 143137
Node:  hopper01
SCRIPT_TEMPLATE: ./final-measurements/_scripts/33-66-work
WORKER_ID: 1
SCRIPT: ./final-measurements/_scripts/33-66-work--part_1.sh
exp-0
next-experiment
Hello
Experiment Parameters:
  algorithm_name: gol-cuda-local-one-cell-cols-32
  grid_dimensions: 16384x16384
  iterations: 10000
  base_grid_encoding: char
  max_runtime_seconds: 5000
  warmup_rounds: 5
  measurement_rounds: 10
  data_loader_name: lexicon
  pattern_expression: spacefiller[2340, 2730]; spacefiller[2340, 5460]; spacefiller[2340, 8190]; spacefiller[2340, 10920]; spacefiller[2340, 13650]; spacefiller[4680, 2730]; spacefiller[4680, 5460]; spacefiller[4680, 8190]; spacefiller[4680, 10920]; spacefiller[4680, 13650]; spacefiller[7020, 2730]; spacefiller[7020, 5460]; spacefiller[7020, 8190]; spacefiller[7020, 10920]; spacefiller[7020, 13650]; spacefiller[9360, 2730]; spacefiller[9360, 5460]; spacefiller[9360, 8190]; spacefiller[9360, 10920]; spacefiller[9360, 13650]; spacefiller[11700, 2730]; spacefiller[11700, 5460]; spacefiller[11700, 8190]; spacefiller[11700, 10920]; spacefiller[11700, 13650]; spacefiller[14040, 2730]; spacefiller[14040, 5460]; spacefiller[14040, 8190]; spacefiller[14040, 10920]; spacefiller[14040, 13650];
  measure_speedup: 0
  speedup_bench_algorithm_name: gol-cuda-naive
  validate: 0
  print_validation_diff: 0
  validation_algorithm_name: gol-cuda-naive
  animate_output: 0
  colorful: 0
  random_seed: 42
  tag: 66-work
  state_bits_count: 32
  thread_block_size: 256
  warp_dims_x: 32
  warp_dims_y: 1
  warp_tile_dims_x: 32
  warp_tile_dims_y: 8
  collect_touched_tiles_stats: 0
  streaming_direction: in-x

Loading data...              lexicon with pattern spacefiller[2340, 2730]; spacefiller[2340, 5460]; spacefiller[2340, 8190]; spacefiller[2340, 10920]; spacefiller[2340, 13650]; spacefiller[4680, 2730]; spacefiller[4680, 5460]; spacefiller[4680, 8190]; spacefiller[4680, 10920]; spacefiller[4680, 13650]; spacefiller[7020, 2730]; spacefiller[7020, 5460]; spacefiller[7020, 8190]; spacefiller[7020, 10920]; spacefiller[7020, 13650]; spacefiller[9360, 2730]; spacefiller[9360, 5460]; spacefiller[9360, 8190]; spacefiller[9360, 10920]; spacefiller[9360, 13650]; spacefiller[11700, 2730]; spacefiller[11700, 5460]; spacefiller[11700, 8190]; spacefiller[11700, 10920]; spacefiller[11700, 13650]; spacefiller[14040, 2730]; spacefiller[14040, 5460]; spacefiller[14040, 8190]; spacefiller[14040, 10920]; spacefiller[14040, 13650];
  Data loaded in   64.3081 ms

Warming up... 1 / 5
Warming up... 2 / 5
Warming up... 3 / 5
Warming up... 4 / 5
Warming up... 5 / 5


Running experiment...        gol-cuda-local-one-cell-cols-32

Measurement round 1 / 10
Time report:
  set_and_format_input_data:  1292.457313 ms
  initialize_data_structures: 2.053409 ms
  run:                        2055.165168 ms
   performed iters:  10000
   runtime per iter: 0.205517 ms
  finalize_data_structures:   2.146030 ms

Measurement round 2 / 10
Time report:
  set_and_format_input_data:  1289.461509 ms
  initialize_data_structures: 2.056984 ms
  run:                        2055.324300 ms
   performed iters:  10000
   runtime per iter: 0.205532 ms
  finalize_data_structures:   2.372876 ms

Measurement round 3 / 10
Time report:
  set_and_format_input_data:  1297.162323 ms
  initialize_data_structures: 2.071717 ms
  run:                        2055.089011 ms
   performed iters:  10000
   runtime per iter: 0.205509 ms
  finalize_data_structures:   2.118989 ms

Measurement round 4 / 10
Time report:
  set_and_format_input_data:  1289.230025 ms
  initialize_data_structures: 2.060299 ms
  run:                        2055.329548 ms
   performed iters:  10000
   runtime per iter: 0.205533 ms
  finalize_data_structures:   1.910621 ms

Measurement round 5 / 10
Time report:
  set_and_format_input_data:  1289.666280 ms
  initialize_data_structures: 2.054691 ms
  run:                        2055.056612 ms
   performed iters:  10000
   runtime per iter: 0.205506 ms
  finalize_data_structures:   2.636758 ms

Measurement round 6 / 10
Time report:
  set_and_format_input_data:  1296.976400 ms
  initialize_data_structures: 2.072078 ms
  run:                        2047.901459 ms
   performed iters:  10000
   runtime per iter: 0.204790 ms
  finalize_data_structures:   1.880516 ms

Measurement round 7 / 10
Time report:
  set_and_format_input_data:  1289.915250 ms
  initialize_data_structures: 2.155424 ms
  run:                        2055.199190 ms
   performed iters:  10000
   runtime per iter: 0.205520 ms
  finalize_data_structures:   2.130367 ms

Measurement round 8 / 10
Time report:
  set_and_format_input_data:  1289.528691 ms
  initialize_data_structures: 2.055162 ms
  run:                        2055.362889 ms
   performed iters:  10000
   runtime per iter: 0.205536 ms
  finalize_data_structures:   1.901497 ms

Measurement round 9 / 10
Time report:
  set_and_format_input_data:  1289.529583 ms
  initialize_data_structures: 2.040179 ms
  run:                        2055.308887 ms
   performed iters:  10000
   runtime per iter: 0.205531 ms
  finalize_data_structures:   2.629357 ms

Measurement round 10 / 10
Time report:
  set_and_format_input_data:  1297.140399 ms
  initialize_data_structures: 2.064376 ms
  run:                        2055.307345 ms
   performed iters:  10000
   runtime per iter: 0.205531 ms
  finalize_data_structures:   1.907106 ms

exp-1
next-experiment
Hello
Experiment Parameters:
  algorithm_name: gol-cuda-local-one-cell-cols-32
  grid_dimensions: 16384x16384
  iterations: 10000
  base_grid_encoding: char
  max_runtime_seconds: 5000
  warmup_rounds: 5
  measurement_rounds: 10
  data_loader_name: lexicon
  pattern_expression: spacefiller[4096, 4096]; spacefiller[4096, 8192]; spacefiller[4096, 12288]; spacefiller[8192, 4096]; spacefiller[8192, 8192]; spacefiller[8192, 12288]; spacefiller[12288, 4096]; spacefiller[12288, 8192]; spacefiller[12288, 12288];
  measure_speedup: 0
  speedup_bench_algorithm_name: gol-cuda-naive
  validate: 0
  print_validation_diff: 0
  validation_algorithm_name: gol-cuda-naive
  animate_output: 0
  colorful: 0
  random_seed: 42
  tag: 33-work
  state_bits_count: 32
  thread_block_size: 256
  warp_dims_x: 32
  warp_dims_y: 1
  warp_tile_dims_x: 32
  warp_tile_dims_y: 8
  collect_touched_tiles_stats: 0
  streaming_direction: in-x

Loading data...              lexicon with pattern spacefiller[4096, 4096]; spacefiller[4096, 8192]; spacefiller[4096, 12288]; spacefiller[8192, 4096]; spacefiller[8192, 8192]; spacefiller[8192, 12288]; spacefiller[12288, 4096]; spacefiller[12288, 8192]; spacefiller[12288, 12288];
  Data loaded in   61.487 ms

Warming up... 1 / 5
Warming up... 2 / 5
Warming up... 3 / 5
Warming up... 4 / 5
Warming up... 5 / 5


Running experiment...        gol-cuda-local-one-cell-cols-32

Measurement round 1 / 10
Time report:
  set_and_format_input_data:  1297.131095 ms
  initialize_data_structures: 2.062623 ms
  run:                        1625.383450 ms
   performed iters:  10000
   runtime per iter: 0.162538 ms
  finalize_data_structures:   2.153532 ms

Measurement round 2 / 10
Time report:
  set_and_format_input_data:  1290.926561 ms
  initialize_data_structures: 2.051025 ms
  run:                        1625.587131 ms
   performed iters:  10000
   runtime per iter: 0.162559 ms
  finalize_data_structures:   1.913966 ms

Measurement round 3 / 10
Time report:
  set_and_format_input_data:  1288.776154 ms
  initialize_data_structures: 2.042462 ms
  run:                        1625.584327 ms
   performed iters:  10000
   runtime per iter: 0.162558 ms
  finalize_data_structures:   2.623648 ms

Measurement round 4 / 10
Time report:
  set_and_format_input_data:  1297.268525 ms
  initialize_data_structures: 2.042582 ms
  run:                        1625.601964 ms
   performed iters:  10000
   runtime per iter: 0.162560 ms
  finalize_data_structures:   1.883631 ms

Measurement round 5 / 10
Time report:
  set_and_format_input_data:  1289.364661 ms
  initialize_data_structures: 2.048842 ms
  run:                        1625.363150 ms
   performed iters:  10000
   runtime per iter: 0.162536 ms
  finalize_data_structures:   2.157808 ms

Measurement round 6 / 10
Time report:
  set_and_format_input_data:  1285.982477 ms
  initialize_data_structures: 2.046168 ms
  run:                        1625.405114 ms
   performed iters:  10000
   runtime per iter: 0.162541 ms
  finalize_data_structures:   1.882209 ms

Measurement round 7 / 10
Time report:
  set_and_format_input_data:  1290.841452 ms
  initialize_data_structures: 2.097496 ms
  run:                        1623.237250 ms
   performed iters:  10000
   runtime per iter: 0.162324 ms
  finalize_data_structures:   2.157368 ms

Measurement round 8 / 10
Time report:
  set_and_format_input_data:  1297.265781 ms
  initialize_data_structures: 2.041811 ms
  run:                        1619.393673 ms
   performed iters:  10000
   runtime per iter: 0.161939 ms
  finalize_data_structures:   1.878342 ms

Measurement round 9 / 10
Time report:
  set_and_format_input_data:  1290.722329 ms
  initialize_data_structures: 2.057185 ms
  run:                        1619.492294 ms
   performed iters:  10000
   runtime per iter: 0.161949 ms
  finalize_data_structures:   2.165771 ms

Measurement round 10 / 10
Time report:
  set_and_format_input_data:  1289.338691 ms
  initialize_data_structures: 2.031165 ms
  run:                        1625.317991 ms
   performed iters:  10000
   runtime per iter: 0.162532 ms
  finalize_data_structures:   1.903511 ms

exp-2
next-experiment
Hello
Experiment Parameters:
  algorithm_name: gol-cuda-local-one-cell-cols-64
  grid_dimensions: 16384x16384
  iterations: 10000
  base_grid_encoding: char
  max_runtime_seconds: 5000
  warmup_rounds: 5
  measurement_rounds: 10
  data_loader_name: lexicon
  pattern_expression: spacefiller[4096, 4096]; spacefiller[4096, 8192]; spacefiller[4096, 12288]; spacefiller[8192, 4096]; spacefiller[8192, 8192]; spacefiller[8192, 12288]; spacefiller[12288, 4096]; spacefiller[12288, 8192]; spacefiller[12288, 12288];
  measure_speedup: 0
  speedup_bench_algorithm_name: gol-cuda-naive
  validate: 0
  print_validation_diff: 0
  validation_algorithm_name: gol-cuda-naive
  animate_output: 0
  colorful: 0
  random_seed: 42
  tag: 33-work
  state_bits_count: 32
  thread_block_size: 128
  warp_dims_x: 32
  warp_dims_y: 1
  warp_tile_dims_x: 32
  warp_tile_dims_y: 8
  collect_touched_tiles_stats: 0
  streaming_direction: in-x

Loading data...              lexicon with pattern spacefiller[4096, 4096]; spacefiller[4096, 8192]; spacefiller[4096, 12288]; spacefiller[8192, 4096]; spacefiller[8192, 8192]; spacefiller[8192, 12288]; spacefiller[12288, 4096]; spacefiller[12288, 8192]; spacefiller[12288, 12288];
  Data loaded in   61.9955 ms

Warming up... 1 / 5
Warming up... 2 / 5
Warming up... 3 / 5
Warming up... 4 / 5
Warming up... 5 / 5


Running experiment...        gol-cuda-local-one-cell-cols-64

Measurement round 1 / 10
Time report:
  set_and_format_input_data:  1343.348222 ms
  initialize_data_structures: 2.042031 ms
  run:                        1270.016237 ms
   performed iters:  10000
   runtime per iter: 0.127002 ms
  finalize_data_structures:   2.044566 ms

Measurement round 2 / 10
Time report:
  set_and_format_input_data:  1346.151373 ms
  initialize_data_structures: 2.082353 ms
  run:                        1272.362713 ms
   performed iters:  10000
   runtime per iter: 0.127236 ms
  finalize_data_structures:   2.123045 ms

Measurement round 3 / 10
Time report:
  set_and_format_input_data:  1345.428352 ms
  initialize_data_structures: 2.066999 ms
  run:                        1272.850507 ms
   performed iters:  10000
   runtime per iter: 0.127285 ms
  finalize_data_structures:   2.538047 ms

Measurement round 4 / 10
Time report:
  set_and_format_input_data:  1343.826060 ms
  initialize_data_structures: 2.054260 ms
  run:                        1272.919532 ms
   performed iters:  10000
   runtime per iter: 0.127292 ms
  finalize_data_structures:   2.072869 ms

Measurement round 5 / 10
Time report:
  set_and_format_input_data:  1345.428753 ms
  initialize_data_structures: 2.057185 ms
  run:                        1269.815421 ms
   performed iters:  10000
   runtime per iter: 0.126982 ms
  finalize_data_structures:   2.076735 ms

Measurement round 6 / 10
Time report:
  set_and_format_input_data:  1345.719094 ms
  initialize_data_structures: 2.045648 ms
  run:                        1271.969093 ms
   performed iters:  10000
   runtime per iter: 0.127197 ms
  finalize_data_structures:   2.089734 ms

Measurement round 7 / 10
Time report:
  set_and_format_input_data:  1345.157979 ms
  initialize_data_structures: 2.055702 ms
  run:                        1272.223881 ms
   performed iters:  10000
   runtime per iter: 0.127222 ms
  finalize_data_structures:   2.542123 ms

Measurement round 8 / 10
Time report:
  set_and_format_input_data:  1344.032184 ms
  initialize_data_structures: 2.064907 ms
  run:                        1272.934084 ms
   performed iters:  10000
   runtime per iter: 0.127293 ms
  finalize_data_structures:   2.090575 ms

Measurement round 9 / 10
Time report:
  set_and_format_input_data:  1345.348279 ms
  initialize_data_structures: 2.055993 ms
  run:                        1274.937627 ms
   performed iters:  10000
   runtime per iter: 0.127494 ms
  finalize_data_structures:   2.085929 ms

Measurement round 10 / 10
Time report:
  set_and_format_input_data:  1345.287977 ms
  initialize_data_structures: 2.055823 ms
  run:                        1269.862483 ms
   performed iters:  10000
   runtime per iter: 0.126986 ms
  finalize_data_structures:   2.084846 ms

exp-3
next-experiment
Hello
Experiment Parameters:
  algorithm_name: gol-cuda-local-one-cell-cols-64
  grid_dimensions: 16384x16384
  iterations: 10000
  base_grid_encoding: char
  max_runtime_seconds: 5000
  warmup_rounds: 5
  measurement_rounds: 10
  data_loader_name: lexicon
  pattern_expression: spacefiller[2340, 2730]; spacefiller[2340, 5460]; spacefiller[2340, 8190]; spacefiller[2340, 10920]; spacefiller[2340, 13650]; spacefiller[4680, 2730]; spacefiller[4680, 5460]; spacefiller[4680, 8190]; spacefiller[4680, 10920]; spacefiller[4680, 13650]; spacefiller[7020, 2730]; spacefiller[7020, 5460]; spacefiller[7020, 8190]; spacefiller[7020, 10920]; spacefiller[7020, 13650]; spacefiller[9360, 2730]; spacefiller[9360, 5460]; spacefiller[9360, 8190]; spacefiller[9360, 10920]; spacefiller[9360, 13650]; spacefiller[11700, 2730]; spacefiller[11700, 5460]; spacefiller[11700, 8190]; spacefiller[11700, 10920]; spacefiller[11700, 13650]; spacefiller[14040, 2730]; spacefiller[14040, 5460]; spacefiller[14040, 8190]; spacefiller[14040, 10920]; spacefiller[14040, 13650];
  measure_speedup: 0
  speedup_bench_algorithm_name: gol-cuda-naive
  validate: 0
  print_validation_diff: 0
  validation_algorithm_name: gol-cuda-naive
  animate_output: 0
  colorful: 0
  random_seed: 42
  tag: 66-work
  state_bits_count: 32
  thread_block_size: 128
  warp_dims_x: 32
  warp_dims_y: 1
  warp_tile_dims_x: 32
  warp_tile_dims_y: 8
  collect_touched_tiles_stats: 0
  streaming_direction: in-x

Loading data...              lexicon with pattern spacefiller[2340, 2730]; spacefiller[2340, 5460]; spacefiller[2340, 8190]; spacefiller[2340, 10920]; spacefiller[2340, 13650]; spacefiller[4680, 2730]; spacefiller[4680, 5460]; spacefiller[4680, 8190]; spacefiller[4680, 10920]; spacefiller[4680, 13650]; spacefiller[7020, 2730]; spacefiller[7020, 5460]; spacefiller[7020, 8190]; spacefiller[7020, 10920]; spacefiller[7020, 13650]; spacefiller[9360, 2730]; spacefiller[9360, 5460]; spacefiller[9360, 8190]; spacefiller[9360, 10920]; spacefiller[9360, 13650]; spacefiller[11700, 2730]; spacefiller[11700, 5460]; spacefiller[11700, 8190]; spacefiller[11700, 10920]; spacefiller[11700, 13650]; spacefiller[14040, 2730]; spacefiller[14040, 5460]; spacefiller[14040, 8190]; spacefiller[14040, 10920]; spacefiller[14040, 13650];
  Data loaded in   63.3331 ms

Warming up... 1 / 5
Warming up... 2 / 5
Warming up... 3 / 5
Warming up... 4 / 5
Warming up... 5 / 5


Running experiment...        gol-cuda-local-one-cell-cols-64

Measurement round 1 / 10
Time report:
  set_and_format_input_data:  1345.697622 ms
  initialize_data_structures: 2.031536 ms
  run:                        1953.836862 ms
   performed iters:  10000
   runtime per iter: 0.195384 ms
  finalize_data_structures:   1.914668 ms

Measurement round 2 / 10
Time report:
  set_and_format_input_data:  1345.943145 ms
  initialize_data_structures: 2.073680 ms
  run:                        1953.769459 ms
   performed iters:  10000
   runtime per iter: 0.195377 ms
  finalize_data_structures:   2.138058 ms

Measurement round 3 / 10
Time report:
  set_and_format_input_data:  1344.761686 ms
  initialize_data_structures: 2.023924 ms
  run:                        1953.963465 ms
   performed iters:  10000
   runtime per iter: 0.195396 ms
  finalize_data_structures:   1.922990 ms

Measurement round 4 / 10
Time report:
  set_and_format_input_data:  1345.195366 ms
  initialize_data_structures: 2.033609 ms
  run:                        1953.896363 ms
   performed iters:  10000
   runtime per iter: 0.195390 ms
  finalize_data_structures:   2.155494 ms

Measurement round 5 / 10
Time report:
  set_and_format_input_data:  1345.711092 ms
  initialize_data_structures: 2.083114 ms
  run:                        1954.061825 ms
   performed iters:  10000
   runtime per iter: 0.195406 ms
  finalize_data_structures:   1.924262 ms

Measurement round 6 / 10
Time report:
  set_and_format_input_data:  1344.727784 ms
  initialize_data_structures: 2.020880 ms
  run:                        1954.152033 ms
   performed iters:  10000
   runtime per iter: 0.195415 ms
  finalize_data_structures:   2.179221 ms

Measurement round 7 / 10
Time report:
  set_and_format_input_data:  1344.488590 ms
  initialize_data_structures: 2.025447 ms
  run:                        1954.023517 ms
   performed iters:  10000
   runtime per iter: 0.195402 ms
  finalize_data_structures:   1.902489 ms

Measurement round 8 / 10
Time report:
  set_and_format_input_data:  1346.037830 ms
  initialize_data_structures: 2.025296 ms
  run:                        1953.956044 ms
   performed iters:  10000
   runtime per iter: 0.195396 ms
  finalize_data_structures:   2.146260 ms

Measurement round 9 / 10
Time report:
  set_and_format_input_data:  1346.056980 ms
  initialize_data_structures: 2.061632 ms
  run:                        1954.010858 ms
   performed iters:  10000
   runtime per iter: 0.195401 ms
  finalize_data_structures:   1.906915 ms

Measurement round 10 / 10
Time report:
  set_and_format_input_data:  1344.898714 ms
  initialize_data_structures: 2.022682 ms
  run:                        1953.937786 ms
   performed iters:  10000
   runtime per iter: 0.195394 ms
  finalize_data_structures:   2.170417 ms

exp-4
next-experiment
Hello
Experiment Parameters:
  algorithm_name: gol-cuda-local-one-cell-32--bit-tiles
  grid_dimensions: 16384x16384
  iterations: 10000
  base_grid_encoding: char
  max_runtime_seconds: 5000
  warmup_rounds: 5
  measurement_rounds: 10
  data_loader_name: lexicon
  pattern_expression: spacefiller[4096, 4096]; spacefiller[4096, 8192]; spacefiller[4096, 12288]; spacefiller[8192, 4096]; spacefiller[8192, 8192]; spacefiller[8192, 12288]; spacefiller[12288, 4096]; spacefiller[12288, 8192]; spacefiller[12288, 12288];
  measure_speedup: 0
  speedup_bench_algorithm_name: gol-cuda-naive
  validate: 0
  print_validation_diff: 0
  validation_algorithm_name: gol-cuda-naive
  animate_output: 0
  colorful: 0
  random_seed: 42
  tag: 33-work
  state_bits_count: 32
  thread_block_size: 256
  warp_dims_x: 32
  warp_dims_y: 1
  warp_tile_dims_x: 32
  warp_tile_dims_y: 8
  collect_touched_tiles_stats: 0
  streaming_direction: in-x

Loading data...              lexicon with pattern spacefiller[4096, 4096]; spacefiller[4096, 8192]; spacefiller[4096, 12288]; spacefiller[8192, 4096]; spacefiller[8192, 8192]; spacefiller[8192, 12288]; spacefiller[12288, 4096]; spacefiller[12288, 8192]; spacefiller[12288, 12288];
  Data loaded in   61.8039 ms

Warming up... 1 / 5
Warming up... 2 / 5
Warming up... 3 / 5
Warming up... 4 / 5
Warming up... 5 / 5


Running experiment...        gol-cuda-local-one-cell-32--bit-tiles

Measurement round 1 / 10
Time report:
  set_and_format_input_data:  1685.702656 ms
  initialize_data_structures: 2.058376 ms
  run:                        1644.671912 ms
   performed iters:  10000
   runtime per iter: 0.164467 ms
  finalize_data_structures:   1.911743 ms

Measurement round 2 / 10
Time report:
  set_and_format_input_data:  1685.083452 ms
  initialize_data_structures: 2.091597 ms
  run:                        1644.831986 ms
   performed iters:  10000
   runtime per iter: 0.164483 ms
  finalize_data_structures:   2.228235 ms

Measurement round 3 / 10
Time report:
  set_and_format_input_data:  1685.119477 ms
  initialize_data_structures: 2.057806 ms
  run:                        1638.801097 ms
   performed iters:  10000
   runtime per iter: 0.163880 ms
  finalize_data_structures:   1.926886 ms

Measurement round 4 / 10
Time report:
  set_and_format_input_data:  1685.696867 ms
  initialize_data_structures: 2.013779 ms
  run:                        1644.629969 ms
   performed iters:  10000
   runtime per iter: 0.164463 ms
  finalize_data_structures:   2.226292 ms

Measurement round 5 / 10
Time report:
  set_and_format_input_data:  1685.193520 ms
  initialize_data_structures: 2.089785 ms
  run:                        1644.828081 ms
   performed iters:  10000
   runtime per iter: 0.164483 ms
  finalize_data_structures:   1.889669 ms

Measurement round 6 / 10
Time report:
  set_and_format_input_data:  1685.516151 ms
  initialize_data_structures: 2.057325 ms
  run:                        1638.840467 ms
   performed iters:  10000
   runtime per iter: 0.163884 ms
  finalize_data_structures:   2.239502 ms

Measurement round 7 / 10
Time report:
  set_and_format_input_data:  1686.987224 ms
  initialize_data_structures: 2.068872 ms
  run:                        1644.719275 ms
   performed iters:  10000
   runtime per iter: 0.164472 ms
  finalize_data_structures:   1.913876 ms

Measurement round 8 / 10
Time report:
  set_and_format_input_data:  1684.896928 ms
  initialize_data_structures: 2.059348 ms
  run:                        1644.874431 ms
   performed iters:  10000
   runtime per iter: 0.164487 ms
  finalize_data_structures:   2.225221 ms

Measurement round 9 / 10
Time report:
  set_and_format_input_data:  1686.810464 ms
  initialize_data_structures: 2.084296 ms
  run:                        1638.875610 ms
   performed iters:  10000
   runtime per iter: 0.163888 ms
  finalize_data_structures:   1.915129 ms

Measurement round 10 / 10
Time report:
  set_and_format_input_data:  1684.019762 ms
  initialize_data_structures: 2.066028 ms
  run:                        1644.588585 ms
   performed iters:  10000
   runtime per iter: 0.164459 ms
  finalize_data_structures:   2.219952 ms

exp-5
next-experiment
Hello
Experiment Parameters:
  algorithm_name: gol-cuda-local-one-cell-32--bit-tiles
  grid_dimensions: 16384x16384
  iterations: 10000
  base_grid_encoding: char
  max_runtime_seconds: 5000
  warmup_rounds: 5
  measurement_rounds: 10
  data_loader_name: lexicon
  pattern_expression: spacefiller[2340, 2730]; spacefiller[2340, 5460]; spacefiller[2340, 8190]; spacefiller[2340, 10920]; spacefiller[2340, 13650]; spacefiller[4680, 2730]; spacefiller[4680, 5460]; spacefiller[4680, 8190]; spacefiller[4680, 10920]; spacefiller[4680, 13650]; spacefiller[7020, 2730]; spacefiller[7020, 5460]; spacefiller[7020, 8190]; spacefiller[7020, 10920]; spacefiller[7020, 13650]; spacefiller[9360, 2730]; spacefiller[9360, 5460]; spacefiller[9360, 8190]; spacefiller[9360, 10920]; spacefiller[9360, 13650]; spacefiller[11700, 2730]; spacefiller[11700, 5460]; spacefiller[11700, 8190]; spacefiller[11700, 10920]; spacefiller[11700, 13650]; spacefiller[14040, 2730]; spacefiller[14040, 5460]; spacefiller[14040, 8190]; spacefiller[14040, 10920]; spacefiller[14040, 13650];
  measure_speedup: 0
  speedup_bench_algorithm_name: gol-cuda-naive
  validate: 0
  print_validation_diff: 0
  validation_algorithm_name: gol-cuda-naive
  animate_output: 0
  colorful: 0
  random_seed: 42
  tag: 66-work
  state_bits_count: 32
  thread_block_size: 256
  warp_dims_x: 32
  warp_dims_y: 1
  warp_tile_dims_x: 32
  warp_tile_dims_y: 8
  collect_touched_tiles_stats: 0
  streaming_direction: in-x

Loading data...              lexicon with pattern spacefiller[2340, 2730]; spacefiller[2340, 5460]; spacefiller[2340, 8190]; spacefiller[2340, 10920]; spacefiller[2340, 13650]; spacefiller[4680, 2730]; spacefiller[4680, 5460]; spacefiller[4680, 8190]; spacefiller[4680, 10920]; spacefiller[4680, 13650]; spacefiller[7020, 2730]; spacefiller[7020, 5460]; spacefiller[7020, 8190]; spacefiller[7020, 10920]; spacefiller[7020, 13650]; spacefiller[9360, 2730]; spacefiller[9360, 5460]; spacefiller[9360, 8190]; spacefiller[9360, 10920]; spacefiller[9360, 13650]; spacefiller[11700, 2730]; spacefiller[11700, 5460]; spacefiller[11700, 8190]; spacefiller[11700, 10920]; spacefiller[11700, 13650]; spacefiller[14040, 2730]; spacefiller[14040, 5460]; spacefiller[14040, 8190]; spacefiller[14040, 10920]; spacefiller[14040, 13650];
  Data loaded in   63.0599 ms

Warming up... 1 / 5
Warming up... 2 / 5
Warming up... 3 / 5
Warming up... 4 / 5
Warming up... 5 / 5


Running experiment...        gol-cuda-local-one-cell-32--bit-tiles

Measurement round 1 / 10
Time report:
  set_and_format_input_data:  1684.374442 ms
  initialize_data_structures: 2.034520 ms
  run:                        1978.903269 ms
   performed iters:  10000
   runtime per iter: 0.197890 ms
  finalize_data_structures:   2.552891 ms

Measurement round 2 / 10
Time report:
  set_and_format_input_data:  1684.369445 ms
  initialize_data_structures: 2.039007 ms
  run:                        1986.128238 ms
   performed iters:  10000
   runtime per iter: 0.198613 ms
  finalize_data_structures:   2.574043 ms

Measurement round 3 / 10
Time report:
  set_and_format_input_data:  1685.406595 ms
  initialize_data_structures: 2.039858 ms
  run:                        1986.023238 ms
   performed iters:  10000
   runtime per iter: 0.198602 ms
  finalize_data_structures:   2.081511 ms

Measurement round 4 / 10
Time report:
  set_and_format_input_data:  1683.039648 ms
  initialize_data_structures: 2.086149 ms
  run:                        1985.749582 ms
   performed iters:  10000
   runtime per iter: 0.198575 ms
  finalize_data_structures:   2.124307 ms

Measurement round 5 / 10
Time report:
  set_and_format_input_data:  1684.446942 ms
  initialize_data_structures: 2.037965 ms
  run:                        1978.851709 ms
   performed iters:  10000
   runtime per iter: 0.197885 ms
  finalize_data_structures:   2.114121 ms

Measurement round 6 / 10
Time report:
  set_and_format_input_data:  1683.944306 ms
  initialize_data_structures: 2.035672 ms
  run:                        1985.773978 ms
   performed iters:  10000
   runtime per iter: 0.198577 ms
  finalize_data_structures:   2.113921 ms

Measurement round 7 / 10
Time report:
  set_and_format_input_data:  1683.974452 ms
  initialize_data_structures: 2.036002 ms
  run:                        1985.806778 ms
   performed iters:  10000
   runtime per iter: 0.198581 ms
  finalize_data_structures:   2.562715 ms

Measurement round 8 / 10
Time report:
  set_and_format_input_data:  1683.393667 ms
  initialize_data_structures: 2.054211 ms
  run:                        1985.849704 ms
   performed iters:  10000
   runtime per iter: 0.198585 ms
  finalize_data_structures:   2.118648 ms

Measurement round 9 / 10
Time report:
  set_and_format_input_data:  1684.030928 ms
  initialize_data_structures: 2.030975 ms
  run:                        1978.850057 ms
   performed iters:  10000
   runtime per iter: 0.197885 ms
  finalize_data_structures:   2.125639 ms

Measurement round 10 / 10
Time report:
  set_and_format_input_data:  1683.369630 ms
  initialize_data_structures: 2.026277 ms
  run:                        1985.941073 ms
   performed iters:  10000
   runtime per iter: 0.198594 ms
  finalize_data_structures:   2.115013 ms

exp-6
next-experiment
Hello
Experiment Parameters:
  algorithm_name: gol-cuda-local-one-cell-64--bit-tiles
  grid_dimensions: 16384x16384
  iterations: 10000
  base_grid_encoding: char
  max_runtime_seconds: 5000
  warmup_rounds: 5
  measurement_rounds: 10
  data_loader_name: lexicon
  pattern_expression: spacefiller[2340, 2730]; spacefiller[2340, 5460]; spacefiller[2340, 8190]; spacefiller[2340, 10920]; spacefiller[2340, 13650]; spacefiller[4680, 2730]; spacefiller[4680, 5460]; spacefiller[4680, 8190]; spacefiller[4680, 10920]; spacefiller[4680, 13650]; spacefiller[7020, 2730]; spacefiller[7020, 5460]; spacefiller[7020, 8190]; spacefiller[7020, 10920]; spacefiller[7020, 13650]; spacefiller[9360, 2730]; spacefiller[9360, 5460]; spacefiller[9360, 8190]; spacefiller[9360, 10920]; spacefiller[9360, 13650]; spacefiller[11700, 2730]; spacefiller[11700, 5460]; spacefiller[11700, 8190]; spacefiller[11700, 10920]; spacefiller[11700, 13650]; spacefiller[14040, 2730]; spacefiller[14040, 5460]; spacefiller[14040, 8190]; spacefiller[14040, 10920]; spacefiller[14040, 13650];
  measure_speedup: 0
  speedup_bench_algorithm_name: gol-cuda-naive
  validate: 0
  print_validation_diff: 0
  validation_algorithm_name: gol-cuda-naive
  animate_output: 0
  colorful: 0
  random_seed: 42
  tag: 66-work
  state_bits_count: 32
  thread_block_size: 128
  warp_dims_x: 32
  warp_dims_y: 1
  warp_tile_dims_x: 32
  warp_tile_dims_y: 8
  collect_touched_tiles_stats: 0
  streaming_direction: in-x

Loading data...              lexicon with pattern spacefiller[2340, 2730]; spacefiller[2340, 5460]; spacefiller[2340, 8190]; spacefiller[2340, 10920]; spacefiller[2340, 13650]; spacefiller[4680, 2730]; spacefiller[4680, 5460]; spacefiller[4680, 8190]; spacefiller[4680, 10920]; spacefiller[4680, 13650]; spacefiller[7020, 2730]; spacefiller[7020, 5460]; spacefiller[7020, 8190]; spacefiller[7020, 10920]; spacefiller[7020, 13650]; spacefiller[9360, 2730]; spacefiller[9360, 5460]; spacefiller[9360, 8190]; spacefiller[9360, 10920]; spacefiller[9360, 13650]; spacefiller[11700, 2730]; spacefiller[11700, 5460]; spacefiller[11700, 8190]; spacefiller[11700, 10920]; spacefiller[11700, 13650]; spacefiller[14040, 2730]; spacefiller[14040, 5460]; spacefiller[14040, 8190]; spacefiller[14040, 10920]; spacefiller[14040, 13650];
  Data loaded in   63.1123 ms

Warming up... 1 / 5
Warming up... 2 / 5
Warming up... 3 / 5
Warming up... 4 / 5
Warming up... 5 / 5


Running experiment...        gol-cuda-local-one-cell-64--bit-tiles

Measurement round 1 / 10
Time report:
  set_and_format_input_data:  1807.433611 ms
  initialize_data_structures: 2.016112 ms
  run:                        1522.137803 ms
   performed iters:  10000
   runtime per iter: 0.152214 ms
  finalize_data_structures:   1.851561 ms

Measurement round 2 / 10
Time report:
  set_and_format_input_data:  1807.879841 ms
  initialize_data_structures: 2.005897 ms
  run:                        1516.554857 ms
   performed iters:  10000
   runtime per iter: 0.151655 ms
  finalize_data_structures:   1.884091 ms

Measurement round 3 / 10
Time report:
  set_and_format_input_data:  1806.478125 ms
  initialize_data_structures: 2.019698 ms
  run:                        1516.560625 ms
   performed iters:  10000
   runtime per iter: 0.151656 ms
  finalize_data_structures:   1.892043 ms

Measurement round 4 / 10
Time report:
  set_and_format_input_data:  1808.663545 ms
  initialize_data_structures: 1.991945 ms
  run:                        1522.286270 ms
   performed iters:  10000
   runtime per iter: 0.152229 ms
  finalize_data_structures:   1.890601 ms

Measurement round 5 / 10
Time report:
  set_and_format_input_data:  1806.694345 ms
  initialize_data_structures: 2.014840 ms
  run:                        1522.429878 ms
   performed iters:  10000
   runtime per iter: 0.152243 ms
  finalize_data_structures:   1.856940 ms

Measurement round 6 / 10
Time report:
  set_and_format_input_data:  1807.556498 ms
  initialize_data_structures: 1.992666 ms
  run:                        1516.507193 ms
   performed iters:  10000
   runtime per iter: 0.151651 ms
  finalize_data_structures:   2.361439 ms

Measurement round 7 / 10
Time report:
  set_and_format_input_data:  1809.023684 ms
  initialize_data_structures: 2.015922 ms
  run:                        1522.196042 ms
   performed iters:  10000
   runtime per iter: 0.152220 ms
  finalize_data_structures:   1.857701 ms

Measurement round 8 / 10
Time report:
  set_and_format_input_data:  1808.694172 ms
  initialize_data_structures: 2.004865 ms
  run:                        1522.379823 ms
   performed iters:  10000
   runtime per iter: 0.152238 ms
  finalize_data_structures:   1.901237 ms

Measurement round 9 / 10
Time report:
  set_and_format_input_data:  1804.626944 ms
  initialize_data_structures: 2.035431 ms
  run:                        1522.380353 ms
   performed iters:  10000
   runtime per iter: 0.152238 ms
  finalize_data_structures:   1.885513 ms

Measurement round 10 / 10
Time report:
  set_and_format_input_data:  1806.700995 ms
  initialize_data_structures: 1.997675 ms
  run:                        1522.238006 ms
   performed iters:  10000
   runtime per iter: 0.152224 ms
  finalize_data_structures:   1.898242 ms

exp-7
next-experiment
Hello
Experiment Parameters:
  algorithm_name: gol-cuda-local-one-cell-64--bit-tiles
  grid_dimensions: 16384x16384
  iterations: 10000
  base_grid_encoding: char
  max_runtime_seconds: 5000
  warmup_rounds: 5
  measurement_rounds: 10
  data_loader_name: lexicon
  pattern_expression: spacefiller[4096, 4096]; spacefiller[4096, 8192]; spacefiller[4096, 12288]; spacefiller[8192, 4096]; spacefiller[8192, 8192]; spacefiller[8192, 12288]; spacefiller[12288, 4096]; spacefiller[12288, 8192]; spacefiller[12288, 12288];
  measure_speedup: 0
  speedup_bench_algorithm_name: gol-cuda-naive
  validate: 0
  print_validation_diff: 0
  validation_algorithm_name: gol-cuda-naive
  animate_output: 0
  colorful: 0
  random_seed: 42
  tag: 33-work
  state_bits_count: 32
  thread_block_size: 128
  warp_dims_x: 32
  warp_dims_y: 1
  warp_tile_dims_x: 32
  warp_tile_dims_y: 8
  collect_touched_tiles_stats: 0
  streaming_direction: in-x

Loading data...              lexicon with pattern spacefiller[4096, 4096]; spacefiller[4096, 8192]; spacefiller[4096, 12288]; spacefiller[8192, 4096]; spacefiller[8192, 8192]; spacefiller[8192, 12288]; spacefiller[12288, 4096]; spacefiller[12288, 8192]; spacefiller[12288, 12288];
  Data loaded in   61.4836 ms

Warming up... 1 / 5
Warming up... 2 / 5
Warming up... 3 / 5
Warming up... 4 / 5
Warming up... 5 / 5


Running experiment...        gol-cuda-local-one-cell-64--bit-tiles

Measurement round 1 / 10
Time report:
  set_and_format_input_data:  1814.667627 ms
  initialize_data_structures: 2.038647 ms
  run:                        1110.335874 ms
   performed iters:  10000
   runtime per iter: 0.111034 ms
  finalize_data_structures:   2.076664 ms

Measurement round 2 / 10
Time report:
  set_and_format_input_data:  1815.829437 ms
  initialize_data_structures: 2.022882 ms
  run:                        1114.569315 ms
   performed iters:  10000
   runtime per iter: 0.111457 ms
  finalize_data_structures:   2.096886 ms

Measurement round 3 / 10
Time report:
  set_and_format_input_data:  1816.910534 ms
  initialize_data_structures: 2.053489 ms
  run:                        1110.311737 ms
   performed iters:  10000
   runtime per iter: 0.111031 ms
  finalize_data_structures:   2.074821 ms

Measurement round 4 / 10
Time report:
  set_and_format_input_data:  1813.759392 ms
  initialize_data_structures: 2.065828 ms
  run:                        1110.230443 ms
   performed iters:  10000
   runtime per iter: 0.111023 ms
  finalize_data_structures:   2.102925 ms

Measurement round 5 / 10
Time report:
  set_and_format_input_data:  1815.545764 ms
  initialize_data_structures: 2.040840 ms
  run:                        1114.617699 ms
   performed iters:  10000
   runtime per iter: 0.111462 ms
  finalize_data_structures:   2.071957 ms

Measurement round 6 / 10
Time report:
  set_and_format_input_data:  1816.875440 ms
  initialize_data_structures: 2.078047 ms
  run:                        1114.719805 ms
   performed iters:  10000
   runtime per iter: 0.111472 ms
  finalize_data_structures:   2.097977 ms

Measurement round 7 / 10
Time report:
  set_and_format_input_data:  1817.558903 ms
  initialize_data_structures: 2.039258 ms
  run:                        1110.284776 ms
   performed iters:  10000
   runtime per iter: 0.111028 ms
  finalize_data_structures:   2.035432 ms

Measurement round 8 / 10
Time report:
  set_and_format_input_data:  1813.945115 ms
  initialize_data_structures: 2.068272 ms
  run:                        1114.512137 ms
   performed iters:  10000
   runtime per iter: 0.111451 ms
  finalize_data_structures:   2.096976 ms

Measurement round 9 / 10
Time report:
  set_and_format_input_data:  1814.734909 ms
  initialize_data_structures: 2.018066 ms
  run:                        1114.612611 ms
   performed iters:  10000
   runtime per iter: 0.111461 ms
  finalize_data_structures:   2.078217 ms

Measurement round 10 / 10
Time report:
  set_and_format_input_data:  1817.763604 ms
  initialize_data_structures: 2.031365 ms
  run:                        1114.412916 ms
   performed iters:  10000
   runtime per iter: 0.111441 ms
  finalize_data_structures:   2.098718 ms

