Starting job 139787
Node:  hopper01
exp-0
next-experiment
Hello
Experiment Parameters:
  algorithm_name: gol-cpu-naive
  grid_dimensions: 1024x1024
  iterations: 100000
  base_grid_encoding: char
  max_runtime_seconds: 10
  warmup_rounds: 10
  measurement_rounds: 10
  data_loader_name: lexicon
  pattern_expression: spacefiller[512,512]
  measure_speedup: 0
  speedup_bench_algorithm_name: gol-cuda-naive
  validate: 0
  print_validation_diff: 0
  validation_algorithm_name: gol-cuda-naive
  animate_output: 0
  colorful: 0
  random_seed: 42
  state_bits_count: 32
  thread_block_size: 512
  warp_dims_x: 32
  warp_dims_y: 1
  warp_tile_dims_x: 32
  warp_tile_dims_y: 8
  streaming_direction: in-x

Loading data...              lexicon with pattern spacefiller[512,512]
  Data loaded in   680.223 ms

Warming up... 1 / 10
Warming up... 2 / 10
Warming up... 3 / 10
Warming up... 4 / 10
Warming up... 5 / 10
Warming up... 6 / 10
Warming up... 7 / 10
Warming up... 8 / 10
Warming up... 9 / 10
Warming up... 10 / 10


Running experiment...        gol-cpu-naive

Measurement round 1 / 10
Time report:
  set_and_format_input_data:  0.043415 ms
  initialize_data_structures: 0.023335 ms
  run:                        10283.766736 ms
   performed iters:  35
   runtime per iter: 293.821907 ms
  finalize_data_structures:   0.000421 ms

Measurement round 2 / 10
Time report:
  set_and_format_input_data:  0.046080 ms
  initialize_data_structures: 0.025319 ms
  run:                        10286.547213 ms
   performed iters:  35
   runtime per iter: 293.901349 ms
  finalize_data_structures:   0.000461 ms

Measurement round 3 / 10
Time report:
  set_and_format_input_data:  0.252695 ms
  initialize_data_structures: 0.025960 ms
  run:                        10276.556085 ms
   performed iters:  35
   runtime per iter: 293.615888 ms
  finalize_data_structures:   0.000411 ms

Measurement round 4 / 10
Time report:
  set_and_format_input_data:  0.047132 ms
  initialize_data_structures: 0.024488 ms
  run:                        10274.382171 ms
   performed iters:  35
   runtime per iter: 293.553776 ms
  finalize_data_structures:   0.000370 ms

Measurement round 5 / 10
Time report:
  set_and_format_input_data:  0.046471 ms
  initialize_data_structures: 0.024728 ms
  run:                        10007.132925 ms
   performed iters:  34
   runtime per iter: 294.327439 ms
  finalize_data_structures:   0.000601 ms

Measurement round 6 / 10
Time report:
  set_and_format_input_data:  0.261909 ms
  initialize_data_structures: 0.041734 ms
  run:                        10008.973251 ms
   performed iters:  34
   runtime per iter: 294.381566 ms
  finalize_data_structures:   0.000380 ms

Measurement round 7 / 10
Time report:
  set_and_format_input_data:  0.055955 ms
  initialize_data_structures: 0.040221 ms
  run:                        10276.701988 ms
   performed iters:  35
   runtime per iter: 293.620057 ms
  finalize_data_structures:   0.000500 ms

Measurement round 8 / 10
Time report:
  set_and_format_input_data:  0.045820 ms
  initialize_data_structures: 0.025239 ms
  run:                        10012.515419 ms
   performed iters:  34
   runtime per iter: 294.485748 ms
  finalize_data_structures:   0.000401 ms

Measurement round 9 / 10
Time report:
  set_and_format_input_data:  0.057948 ms
  initialize_data_structures: 0.040922 ms
  run:                        10293.468553 ms
   performed iters:  35
   runtime per iter: 294.099102 ms
  finalize_data_structures:   0.000461 ms

Measurement round 10 / 10
Time report:
  set_and_format_input_data:  0.046190 ms
  initialize_data_structures: 0.025649 ms
  run:                        10278.514800 ms
   performed iters:  35
   runtime per iter: 293.671851 ms
  finalize_data_structures:   0.000460 ms

exp-1
next-experiment
Hello
Experiment Parameters:
  algorithm_name: gol-cpu-naive
  grid_dimensions: 1024x1024
  iterations: 100000
  base_grid_encoding: int
  max_runtime_seconds: 10
  warmup_rounds: 10
  measurement_rounds: 10
  data_loader_name: lexicon
  pattern_expression: spacefiller[512,512]
  measure_speedup: 0
  speedup_bench_algorithm_name: gol-cuda-naive
  validate: 0
  print_validation_diff: 0
  validation_algorithm_name: gol-cuda-naive
  animate_output: 0
  colorful: 0
  random_seed: 42
  state_bits_count: 32
  thread_block_size: 512
  warp_dims_x: 32
  warp_dims_y: 1
  warp_tile_dims_x: 32
  warp_tile_dims_y: 8
  streaming_direction: in-x

Loading data...              lexicon with pattern spacefiller[512,512]
  Data loaded in   596.914 ms

Warming up... 1 / 10
Warming up... 2 / 10
Warming up... 3 / 10
Warming up... 4 / 10
Warming up... 5 / 10
Warming up... 6 / 10
Warming up... 7 / 10
Warming up... 8 / 10
Warming up... 9 / 10
Warming up... 10 / 10


Running experiment...        gol-cpu-naive

Measurement round 1 / 10
Time report:
  set_and_format_input_data:  0.224202 ms
  initialize_data_structures: 0.157671 ms
  run:                        10092.672256 ms
   performed iters:  34
   runtime per iter: 296.843302 ms
  finalize_data_structures:   0.000481 ms

Measurement round 2 / 10
Time report:
  set_and_format_input_data:  0.219945 ms
  initialize_data_structures: 0.163980 ms
  run:                        10090.358620 ms
   performed iters:  34
   runtime per iter: 296.775254 ms
  finalize_data_structures:   0.000540 ms

Measurement round 3 / 10
Time report:
  set_and_format_input_data:  0.225103 ms
  initialize_data_structures: 0.160204 ms
  run:                        10087.200866 ms
   performed iters:  34
   runtime per iter: 296.682378 ms
  finalize_data_structures:   0.000441 ms

Measurement round 4 / 10
Time report:
  set_and_format_input_data:  0.218243 ms
  initialize_data_structures: 0.159183 ms
  run:                        10094.581676 ms
   performed iters:  34
   runtime per iter: 296.899461 ms
  finalize_data_structures:   0.000451 ms

Measurement round 5 / 10
Time report:
  set_and_format_input_data:  0.217522 ms
  initialize_data_structures: 0.156499 ms
  run:                        10098.227233 ms
   performed iters:  34
   runtime per iter: 297.006683 ms
  finalize_data_structures:   0.000521 ms

Measurement round 6 / 10
Time report:
  set_and_format_input_data:  0.227086 ms
  initialize_data_structures: 0.156068 ms
  run:                        10085.383046 ms
   performed iters:  34
   runtime per iter: 296.628913 ms
  finalize_data_structures:   0.000510 ms

Measurement round 7 / 10
Time report:
  set_and_format_input_data:  0.228138 ms
  initialize_data_structures: 0.162578 ms
  run:                        10086.794588 ms
   performed iters:  34
   runtime per iter: 296.670429 ms
  finalize_data_structures:   0.000471 ms

Measurement round 8 / 10
Time report:
  set_and_format_input_data:  0.220997 ms
  initialize_data_structures: 0.160835 ms
  run:                        10073.664614 ms
   performed iters:  34
   runtime per iter: 296.284253 ms
  finalize_data_structures:   0.000561 ms

Measurement round 9 / 10
Time report:
  set_and_format_input_data:  0.222870 ms
  initialize_data_structures: 0.158452 ms
  run:                        10093.354186 ms
   performed iters:  34
   runtime per iter: 296.863358 ms
  finalize_data_structures:   0.000450 ms

Measurement round 10 / 10
Time report:
  set_and_format_input_data:  0.215489 ms
  initialize_data_structures: 0.156358 ms
  run:                        10088.600330 ms
   performed iters:  34
   runtime per iter: 296.723539 ms
  finalize_data_structures:   0.000520 ms

exp-2
next-experiment
Hello
Experiment Parameters:
  algorithm_name: gol-cpu-bitwise-cols-naive-16
  grid_dimensions: 1024x1024
  iterations: 100000
  base_grid_encoding: char
  max_runtime_seconds: 10
  warmup_rounds: 10
  measurement_rounds: 10
  data_loader_name: lexicon
  pattern_expression: spacefiller[512,512]
  measure_speedup: 0
  speedup_bench_algorithm_name: gol-cuda-naive
  validate: 0
  print_validation_diff: 0
  validation_algorithm_name: gol-cuda-naive
  animate_output: 0
  colorful: 0
  random_seed: 42
  state_bits_count: 32
  thread_block_size: 512
  warp_dims_x: 32
  warp_dims_y: 1
  warp_tile_dims_x: 32
  warp_tile_dims_y: 8
  streaming_direction: in-x

Loading data...              lexicon with pattern spacefiller[512,512]
  Data loaded in   627.06 ms

Warming up... 1 / 10
Warming up... 2 / 10
Warming up... 3 / 10
Warming up... 4 / 10
Warming up... 5 / 10
Warming up... 6 / 10
Warming up... 7 / 10
Warming up... 8 / 10
Warming up... 9 / 10
Warming up... 10 / 10


Running experiment...        gol-cpu-bitwise-cols-naive-16

Measurement round 1 / 10
Time report:
  set_and_format_input_data:  3.629702 ms
  initialize_data_structures: 0.053993 ms
  run:                        10057.643825 ms
   performed iters:  86
   runtime per iter: 116.949347 ms
  finalize_data_structures:   0.000451 ms

Measurement round 2 / 10
Time report:
  set_and_format_input_data:  3.698106 ms
  initialize_data_structures: 0.054724 ms
  run:                        10059.353181 ms
   performed iters:  86
   runtime per iter: 116.969223 ms
  finalize_data_structures:   0.000591 ms

Measurement round 3 / 10
Time report:
  set_and_format_input_data:  3.846402 ms
  initialize_data_structures: 0.089075 ms
  run:                        10058.725381 ms
   performed iters:  86
   runtime per iter: 116.961923 ms
  finalize_data_structures:   0.000440 ms

Measurement round 4 / 10
Time report:
  set_and_format_input_data:  3.624654 ms
  initialize_data_structures: 0.061974 ms
  run:                        10057.641673 ms
   performed iters:  86
   runtime per iter: 116.949322 ms
  finalize_data_structures:   0.000430 ms

Measurement round 5 / 10
Time report:
  set_and_format_input_data:  3.636702 ms
  initialize_data_structures: 0.055184 ms
  run:                        10055.750631 ms
   performed iters:  86
   runtime per iter: 116.927333 ms
  finalize_data_structures:   0.000461 ms

Measurement round 6 / 10
Time report:
  set_and_format_input_data:  3.616511 ms
  initialize_data_structures: 0.054423 ms
  run:                        10058.965261 ms
   performed iters:  86
   runtime per iter: 116.964712 ms
  finalize_data_structures:   0.000541 ms

Measurement round 7 / 10
Time report:
  set_and_format_input_data:  3.862727 ms
  initialize_data_structures: 0.053792 ms
  run:                        10057.287493 ms
   performed iters:  86
   runtime per iter: 116.945203 ms
  finalize_data_structures:   0.000521 ms

Measurement round 8 / 10
Time report:
  set_and_format_input_data:  3.632124 ms
  initialize_data_structures: 0.054032 ms
  run:                        10056.116158 ms
   performed iters:  86
   runtime per iter: 116.931583 ms
  finalize_data_structures:   0.000461 ms

Measurement round 9 / 10
Time report:
  set_and_format_input_data:  3.611985 ms
  initialize_data_structures: 0.054823 ms
  run:                        10058.322540 ms
   performed iters:  86
   runtime per iter: 116.957239 ms
  finalize_data_structures:   0.000440 ms

Measurement round 10 / 10
Time report:
  set_and_format_input_data:  3.608510 ms
  initialize_data_structures: 0.054664 ms
  run:                        10058.273946 ms
   performed iters:  86
   runtime per iter: 116.956674 ms
  finalize_data_structures:   0.000521 ms

exp-3
next-experiment
Hello
Experiment Parameters:
  algorithm_name: gol-cpu-bitwise-cols-naive-32
  grid_dimensions: 1024x1024
  iterations: 100000
  base_grid_encoding: char
  max_runtime_seconds: 10
  warmup_rounds: 10
  measurement_rounds: 10
  data_loader_name: lexicon
  pattern_expression: spacefiller[512,512]
  measure_speedup: 0
  speedup_bench_algorithm_name: gol-cuda-naive
  validate: 0
  print_validation_diff: 0
  validation_algorithm_name: gol-cuda-naive
  animate_output: 0
  colorful: 0
  random_seed: 42
  state_bits_count: 32
  thread_block_size: 512
  warp_dims_x: 32
  warp_dims_y: 1
  warp_tile_dims_x: 32
  warp_tile_dims_y: 8
  streaming_direction: in-x

Loading data...              lexicon with pattern spacefiller[512,512]
  Data loaded in   615.259 ms

Warming up... 1 / 10
Warming up... 2 / 10
Warming up... 3 / 10
Warming up... 4 / 10
Warming up... 5 / 10
Warming up... 6 / 10
Warming up... 7 / 10
Warming up... 8 / 10
Warming up... 9 / 10
Warming up... 10 / 10


Running experiment...        gol-cpu-bitwise-cols-naive-32

Measurement round 1 / 10
Time report:
  set_and_format_input_data:  3.105283 ms
  initialize_data_structures: 0.037167 ms
  run:                        10112.834720 ms
   performed iters:  84
   runtime per iter: 120.390890 ms
  finalize_data_structures:   0.000510 ms

Measurement round 2 / 10
Time report:
  set_and_format_input_data:  3.239588 ms
  initialize_data_structures: 0.027782 ms
  run:                        10112.584990 ms
   performed iters:  84
   runtime per iter: 120.387917 ms
  finalize_data_structures:   0.000511 ms

Measurement round 3 / 10
Time report:
  set_and_format_input_data:  3.427304 ms
  initialize_data_structures: 0.060873 ms
  run:                        10110.066891 ms
   performed iters:  84
   runtime per iter: 120.357939 ms
  finalize_data_structures:   0.000470 ms

Measurement round 4 / 10
Time report:
  set_and_format_input_data:  3.120326 ms
  initialize_data_structures: 0.028062 ms
  run:                        10110.770213 ms
   performed iters:  84
   runtime per iter: 120.366312 ms
  finalize_data_structures:   0.000441 ms

Measurement round 5 / 10
Time report:
  set_and_format_input_data:  3.125373 ms
  initialize_data_structures: 0.028233 ms
  run:                        10109.398714 ms
   performed iters:  84
   runtime per iter: 120.349985 ms
  finalize_data_structures:   0.000431 ms

Measurement round 6 / 10
Time report:
  set_and_format_input_data:  3.164283 ms
  initialize_data_structures: 0.028694 ms
  run:                        10113.402946 ms
   performed iters:  84
   runtime per iter: 120.397654 ms
  finalize_data_structures:   0.000481 ms

Measurement round 7 / 10
Time report:
  set_and_format_input_data:  3.411189 ms
  initialize_data_structures: 0.027903 ms
  run:                        10108.717025 ms
   performed iters:  84
   runtime per iter: 120.341869 ms
  finalize_data_structures:   0.000421 ms

Measurement round 8 / 10
Time report:
  set_and_format_input_data:  3.180187 ms
  initialize_data_structures: 0.028824 ms
  run:                        10110.403635 ms
   performed iters:  84
   runtime per iter: 120.361948 ms
  finalize_data_structures:   0.000430 ms

Measurement round 9 / 10
Time report:
  set_and_format_input_data:  3.106485 ms
  initialize_data_structures: 0.028103 ms
  run:                        10112.088523 ms
   performed iters:  84
   runtime per iter: 120.382006 ms
  finalize_data_structures:   0.000451 ms

Measurement round 10 / 10
Time report:
  set_and_format_input_data:  3.168739 ms
  initialize_data_structures: 0.027833 ms
  run:                        10114.116333 ms
   performed iters:  84
   runtime per iter: 120.406147 ms
  finalize_data_structures:   0.000631 ms

exp-4
next-experiment
Hello
Experiment Parameters:
  algorithm_name: gol-cpu-bitwise-cols-naive-64
  grid_dimensions: 1024x1024
  iterations: 100000
  base_grid_encoding: char
  max_runtime_seconds: 10
  warmup_rounds: 10
  measurement_rounds: 10
  data_loader_name: lexicon
  pattern_expression: spacefiller[512,512]
  measure_speedup: 0
  speedup_bench_algorithm_name: gol-cuda-naive
  validate: 0
  print_validation_diff: 0
  validation_algorithm_name: gol-cuda-naive
  animate_output: 0
  colorful: 0
  random_seed: 42
  state_bits_count: 32
  thread_block_size: 512
  warp_dims_x: 32
  warp_dims_y: 1
  warp_tile_dims_x: 32
  warp_tile_dims_y: 8
  streaming_direction: in-x

Loading data...              lexicon with pattern spacefiller[512,512]
  Data loaded in   626.974 ms

Warming up... 1 / 10
Warming up... 2 / 10
Warming up... 3 / 10
Warming up... 4 / 10
Warming up... 5 / 10
Warming up... 6 / 10
Warming up... 7 / 10
Warming up... 8 / 10
Warming up... 9 / 10
Warming up... 10 / 10


Running experiment...        gol-cpu-bitwise-cols-naive-64

Measurement round 1 / 10
Time report:
  set_and_format_input_data:  3.003257 ms
  initialize_data_structures: 0.014932 ms
  run:                        10116.957894 ms
   performed iters:  83
   runtime per iter: 121.891059 ms
  finalize_data_structures:   0.000441 ms

Measurement round 2 / 10
Time report:
  set_and_format_input_data:  3.114116 ms
  initialize_data_structures: 0.015213 ms
  run:                        10006.995345 ms
   performed iters:  82
   runtime per iter: 122.036529 ms
  finalize_data_structures:   0.000621 ms

Measurement round 3 / 10
Time report:
  set_and_format_input_data:  3.203522 ms
  initialize_data_structures: 0.015413 ms
  run:                        10114.032796 ms
   performed iters:  83
   runtime per iter: 121.855817 ms
  finalize_data_structures:   0.000561 ms

Measurement round 4 / 10
Time report:
  set_and_format_input_data:  3.089118 ms
  initialize_data_structures: 0.015664 ms
  run:                        10006.544147 ms
   performed iters:  82
   runtime per iter: 122.031026 ms
  finalize_data_structures:   0.000430 ms

Measurement round 5 / 10
Time report:
  set_and_format_input_data:  3.074877 ms
  initialize_data_structures: 0.015514 ms
  run:                        10009.379819 ms
   performed iters:  82
   runtime per iter: 122.065608 ms
  finalize_data_structures:   0.000441 ms

Measurement round 6 / 10
Time report:
  set_and_format_input_data:  3.161628 ms
  initialize_data_structures: 0.014972 ms
  run:                        10113.518783 ms
   performed iters:  83
   runtime per iter: 121.849624 ms
  finalize_data_structures:   0.000491 ms

Measurement round 7 / 10
Time report:
  set_and_format_input_data:  3.375003 ms
  initialize_data_structures: 0.015304 ms
  run:                        10000.246969 ms
   performed iters:  82
   runtime per iter: 121.954231 ms
  finalize_data_structures:   0.000471 ms

Measurement round 8 / 10
Time report:
  set_and_format_input_data:  3.129739 ms
  initialize_data_structures: 0.014762 ms
  run:                        10120.752858 ms
   performed iters:  83
   runtime per iter: 121.936781 ms
  finalize_data_structures:   0.000701 ms

Measurement round 9 / 10
Time report:
  set_and_format_input_data:  3.014535 ms
  initialize_data_structures: 0.015584 ms
  run:                        10113.127876 ms
   performed iters:  83
   runtime per iter: 121.844914 ms
  finalize_data_structures:   0.000391 ms

Measurement round 10 / 10
Time report:
  set_and_format_input_data:  3.140537 ms
  initialize_data_structures: 0.015053 ms
  run:                        10012.731186 ms
   performed iters:  82
   runtime per iter: 122.106478 ms
  finalize_data_structures:   0.000481 ms

exp-5
next-experiment
Hello
Experiment Parameters:
  algorithm_name: gol-cpu-bitwise-cols-macro-16
  grid_dimensions: 1024x1024
  iterations: 100000
  base_grid_encoding: char
  max_runtime_seconds: 10
  warmup_rounds: 10
  measurement_rounds: 10
  data_loader_name: lexicon
  pattern_expression: spacefiller[512,512]
  measure_speedup: 0
  speedup_bench_algorithm_name: gol-cuda-naive
  validate: 0
  print_validation_diff: 0
  validation_algorithm_name: gol-cuda-naive
  animate_output: 0
  colorful: 0
  random_seed: 42
  state_bits_count: 32
  thread_block_size: 512
  warp_dims_x: 32
  warp_dims_y: 1
  warp_tile_dims_x: 32
  warp_tile_dims_y: 8
  streaming_direction: in-x

Loading data...              lexicon with pattern spacefiller[512,512]
  Data loaded in   601.487 ms

Warming up... 1 / 10
Warming up... 2 / 10
Warming up... 3 / 10
Warming up... 4 / 10
Warming up... 5 / 10
Warming up... 6 / 10
Warming up... 7 / 10
Warming up... 8 / 10
Warming up... 9 / 10
Warming up... 10 / 10


Running experiment...        gol-cpu-bitwise-cols-macro-16

Measurement round 1 / 10
Time report:
  set_and_format_input_data:  3.662371 ms
  initialize_data_structures: 0.054373 ms
  run:                        10001.745992 ms
   performed iters:  1245
   runtime per iter: 8.033531 ms
  finalize_data_structures:   0.000611 ms

Measurement round 2 / 10
Time report:
  set_and_format_input_data:  3.701481 ms
  initialize_data_structures: 0.054153 ms
  run:                        10007.417436 ms
   performed iters:  1244
   runtime per iter: 8.044548 ms
  finalize_data_structures:   0.000581 ms

Measurement round 3 / 10
Time report:
  set_and_format_input_data:  3.859392 ms
  initialize_data_structures: 0.089746 ms
  run:                        10005.418469 ms
   performed iters:  1245
   runtime per iter: 8.036481 ms
  finalize_data_structures:   0.000481 ms

Measurement round 4 / 10
Time report:
  set_and_format_input_data:  3.640939 ms
  initialize_data_structures: 0.060362 ms
  run:                        10007.128275 ms
   performed iters:  1245
   runtime per iter: 8.037854 ms
  finalize_data_structures:   0.000561 ms

Measurement round 5 / 10
Time report:
  set_and_format_input_data:  3.641079 ms
  initialize_data_structures: 0.054122 ms
  run:                        10000.358528 ms
   performed iters:  1246
   runtime per iter: 8.025970 ms
  finalize_data_structures:   0.000541 ms

Measurement round 6 / 10
Time report:
  set_and_format_input_data:  3.679968 ms
  initialize_data_structures: 0.054954 ms
  run:                        10002.829193 ms
   performed iters:  1245
   runtime per iter: 8.034401 ms
  finalize_data_structures:   0.000610 ms

Measurement round 7 / 10
Time report:
  set_and_format_input_data:  3.836557 ms
  initialize_data_structures: 0.054904 ms
  run:                        10003.225287 ms
   performed iters:  1245
   runtime per iter: 8.034719 ms
  finalize_data_structures:   0.000511 ms

Measurement round 8 / 10
Time report:
  set_and_format_input_data:  3.641340 ms
  initialize_data_structures: 0.053722 ms
  run:                        10001.623716 ms
   performed iters:  1246
   runtime per iter: 8.026985 ms
  finalize_data_structures:   0.000511 ms

Measurement round 9 / 10
Time report:
  set_and_format_input_data:  3.625425 ms
  initialize_data_structures: 0.055034 ms
  run:                        10002.620706 ms
   performed iters:  1244
   runtime per iter: 8.040692 ms
  finalize_data_structures:   0.000521 ms

Measurement round 10 / 10
Time report:
  set_and_format_input_data:  3.639557 ms
  initialize_data_structures: 0.054363 ms
  run:                        10000.668069 ms
   performed iters:  1244
   runtime per iter: 8.039122 ms
  finalize_data_structures:   0.000621 ms

exp-6
next-experiment
Hello
Experiment Parameters:
  algorithm_name: gol-cpu-bitwise-cols-macro-32
  grid_dimensions: 1024x1024
  iterations: 100000
  base_grid_encoding: char
  max_runtime_seconds: 10
  warmup_rounds: 10
  measurement_rounds: 10
  data_loader_name: lexicon
  pattern_expression: spacefiller[512,512]
  measure_speedup: 0
  speedup_bench_algorithm_name: gol-cuda-naive
  validate: 0
  print_validation_diff: 0
  validation_algorithm_name: gol-cuda-naive
  animate_output: 0
  colorful: 0
  random_seed: 42
  state_bits_count: 32
  thread_block_size: 512
  warp_dims_x: 32
  warp_dims_y: 1
  warp_tile_dims_x: 32
  warp_tile_dims_y: 8
  streaming_direction: in-x

Loading data...              lexicon with pattern spacefiller[512,512]
  Data loaded in   626.867 ms

Warming up... 1 / 10
Warming up... 2 / 10
Warming up... 3 / 10
Warming up... 4 / 10
Warming up... 5 / 10
Warming up... 6 / 10
Warming up... 7 / 10
Warming up... 8 / 10
Warming up... 9 / 10
Warming up... 10 / 10


Running experiment...        gol-cpu-bitwise-cols-macro-32

Measurement round 1 / 10
Time report:
  set_and_format_input_data:  3.085012 ms
  initialize_data_structures: 0.028353 ms
  run:                        10001.713102 ms
   performed iters:  2240
   runtime per iter: 4.465050 ms
  finalize_data_structures:   0.000560 ms

Measurement round 2 / 10
Time report:
  set_and_format_input_data:  3.161709 ms
  initialize_data_structures: 0.027913 ms
  run:                        10004.565799 ms
   performed iters:  2240
   runtime per iter: 4.466324 ms
  finalize_data_structures:   0.000721 ms

Measurement round 3 / 10
Time report:
  set_and_format_input_data:  3.447764 ms
  initialize_data_structures: 0.028564 ms
  run:                        10000.684745 ms
   performed iters:  2239
   runtime per iter: 4.466585 ms
  finalize_data_structures:   0.000481 ms

Measurement round 4 / 10
Time report:
  set_and_format_input_data:  3.073974 ms
  initialize_data_structures: 0.027853 ms
  run:                        10004.367297 ms
   performed iters:  2240
   runtime per iter: 4.466235 ms
  finalize_data_structures:   0.000491 ms

Measurement round 5 / 10
Time report:
  set_and_format_input_data:  3.075507 ms
  initialize_data_structures: 0.027983 ms
  run:                        10001.096823 ms
   performed iters:  2240
   runtime per iter: 4.464775 ms
  finalize_data_structures:   0.000511 ms

Measurement round 6 / 10
Time report:
  set_and_format_input_data:  3.175099 ms
  initialize_data_structures: 0.027893 ms
  run:                        10002.071939 ms
   performed iters:  2240
   runtime per iter: 4.465211 ms
  finalize_data_structures:   0.000651 ms

Measurement round 7 / 10
Time report:
  set_and_format_input_data:  3.424840 ms
  initialize_data_structures: 0.032369 ms
  run:                        10002.658242 ms
   performed iters:  2240
   runtime per iter: 4.465472 ms
  finalize_data_structures:   0.000481 ms

Measurement round 8 / 10
Time report:
  set_and_format_input_data:  3.125704 ms
  initialize_data_structures: 0.027883 ms
  run:                        10002.880050 ms
   performed iters:  2241
   runtime per iter: 4.463579 ms
  finalize_data_structures:   0.000571 ms

Measurement round 9 / 10
Time report:
  set_and_format_input_data:  3.128769 ms
  initialize_data_structures: 0.027752 ms
  run:                        10003.761344 ms
   performed iters:  2240
   runtime per iter: 4.465965 ms
  finalize_data_structures:   0.000481 ms

Measurement round 10 / 10
Time report:
  set_and_format_input_data:  3.113464 ms
  initialize_data_structures: 0.032560 ms
  run:                        10003.507707 ms
   performed iters:  2241
   runtime per iter: 4.463859 ms
  finalize_data_structures:   0.000541 ms

exp-7
next-experiment
Hello
Experiment Parameters:
  algorithm_name: gol-cpu-bitwise-cols-macro-64
  grid_dimensions: 1024x1024
  iterations: 100000
  base_grid_encoding: char
  max_runtime_seconds: 10
  warmup_rounds: 10
  measurement_rounds: 10
  data_loader_name: lexicon
  pattern_expression: spacefiller[512,512]
  measure_speedup: 0
  speedup_bench_algorithm_name: gol-cuda-naive
  validate: 0
  print_validation_diff: 0
  validation_algorithm_name: gol-cuda-naive
  animate_output: 0
  colorful: 0
  random_seed: 42
  state_bits_count: 32
  thread_block_size: 512
  warp_dims_x: 32
  warp_dims_y: 1
  warp_tile_dims_x: 32
  warp_tile_dims_y: 8
  streaming_direction: in-x

Loading data...              lexicon with pattern spacefiller[512,512]
  Data loaded in   604.115 ms

Warming up... 1 / 10
Warming up... 2 / 10
Warming up... 3 / 10
Warming up... 4 / 10
Warming up... 5 / 10
Warming up... 6 / 10
Warming up... 7 / 10
Warming up... 8 / 10
Warming up... 9 / 10
Warming up... 10 / 10


Running experiment...        gol-cpu-bitwise-cols-macro-64

Measurement round 1 / 10
Time report:
  set_and_format_input_data:  3.128678 ms
  initialize_data_structures: 0.014963 ms
  run:                        10001.874668 ms
   performed iters:  3461
   runtime per iter: 2.889880 ms
  finalize_data_structures:   0.000511 ms

Measurement round 2 / 10
Time report:
  set_and_format_input_data:  3.130671 ms
  initialize_data_structures: 0.014933 ms
  run:                        10000.603121 ms
   performed iters:  3460
   runtime per iter: 2.890348 ms
  finalize_data_structures:   0.000791 ms

Measurement round 3 / 10
Time report:
  set_and_format_input_data:  3.349415 ms
  initialize_data_structures: 0.015493 ms
  run:                        10000.453312 ms
   performed iters:  3461
   runtime per iter: 2.889469 ms
  finalize_data_structures:   0.000701 ms

Measurement round 4 / 10
Time report:
  set_and_format_input_data:  3.063859 ms
  initialize_data_structures: 0.015153 ms
  run:                        10002.166623 ms
   performed iters:  3462
   runtime per iter: 2.889130 ms
  finalize_data_structures:   0.000561 ms

Measurement round 5 / 10
Time report:
  set_and_format_input_data:  3.146055 ms
  initialize_data_structures: 0.014522 ms
  run:                        10001.164717 ms
   performed iters:  3460
   runtime per iter: 2.890510 ms
  finalize_data_structures:   0.000521 ms

Measurement round 6 / 10
Time report:
  set_and_format_input_data:  3.021915 ms
  initialize_data_structures: 0.015734 ms
  run:                        10001.520449 ms
   performed iters:  3460
   runtime per iter: 2.890613 ms
  finalize_data_structures:   0.000661 ms

Measurement round 7 / 10
Time report:
  set_and_format_input_data:  3.359620 ms
  initialize_data_structures: 0.014462 ms
  run:                        10000.824989 ms
   performed iters:  3459
   runtime per iter: 2.891247 ms
  finalize_data_structures:   0.000611 ms

Measurement round 8 / 10
Time report:
  set_and_format_input_data:  3.155019 ms
  initialize_data_structures: 0.014552 ms
  run:                        10001.409961 ms
   performed iters:  3460
   runtime per iter: 2.890581 ms
  finalize_data_structures:   0.000581 ms

Measurement round 9 / 10
Time report:
  set_and_format_input_data:  3.142679 ms
  initialize_data_structures: 0.014493 ms
  run:                        10001.927970 ms
   performed iters:  3461
   runtime per iter: 2.889895 ms
  finalize_data_structures:   0.000541 ms

Measurement round 10 / 10
Time report:
  set_and_format_input_data:  3.099694 ms
  initialize_data_structures: 0.014773 ms
  run:                        10001.120549 ms
   performed iters:  3460
   runtime per iter: 2.890497 ms
  finalize_data_structures:   0.000681 ms

exp-8
next-experiment
Hello
Experiment Parameters:
  algorithm_name: gol-cpu-naive
  grid_dimensions: 2048x2048
  iterations: 100000
  base_grid_encoding: char
  max_runtime_seconds: 10
  warmup_rounds: 10
  measurement_rounds: 10
  data_loader_name: lexicon
  pattern_expression: spacefiller[1024,1024]
  measure_speedup: 0
  speedup_bench_algorithm_name: gol-cuda-naive
  validate: 0
  print_validation_diff: 0
  validation_algorithm_name: gol-cuda-naive
  animate_output: 0
  colorful: 0
  random_seed: 42
  state_bits_count: 32
  thread_block_size: 512
  warp_dims_x: 32
  warp_dims_y: 1
  warp_tile_dims_x: 32
  warp_tile_dims_y: 8
  streaming_direction: in-x

Loading data...              lexicon with pattern spacefiller[1024,1024]
  Data loaded in   624.966 ms

Warming up... 1 / 10
Warming up... 2 / 10
Warming up... 3 / 10
Warming up... 4 / 10
Warming up... 5 / 10
Warming up... 6 / 10
Warming up... 7 / 10
Warming up... 8 / 10
Warming up... 9 / 10
Warming up... 10 / 10


Running experiment...        gol-cpu-naive

Measurement round 1 / 10
Time report:
  set_and_format_input_data:  0.170920 ms
  initialize_data_structures: 0.099983 ms
  run:                        10589.349567 ms
   performed iters:  9
   runtime per iter: 1176.594396 ms
  finalize_data_structures:   0.000511 ms

Measurement round 2 / 10
Time report:
  set_and_format_input_data:  0.167996 ms
  initialize_data_structures: 0.091520 ms
  run:                        10615.769578 ms
   performed iters:  9
   runtime per iter: 1179.529953 ms
  finalize_data_structures:   0.000420 ms

Measurement round 3 / 10
Time report:
  set_and_format_input_data:  0.165763 ms
  initialize_data_structures: 0.090818 ms
  run:                        10618.369961 ms
   performed iters:  9
   runtime per iter: 1179.818885 ms
  finalize_data_structures:   0.000511 ms

Measurement round 4 / 10
Time report:
  set_and_format_input_data:  0.164391 ms
  initialize_data_structures: 0.091740 ms
  run:                        10610.418674 ms
   performed iters:  9
   runtime per iter: 1178.935408 ms
  finalize_data_structures:   0.000391 ms

Measurement round 5 / 10
Time report:
  set_and_format_input_data:  0.164090 ms
  initialize_data_structures: 0.091330 ms
  run:                        10624.048304 ms
   performed iters:  9
   runtime per iter: 1180.449812 ms
  finalize_data_structures:   0.000811 ms

Measurement round 6 / 10
Time report:
  set_and_format_input_data:  0.166163 ms
  initialize_data_structures: 0.091700 ms
  run:                        10618.284981 ms
   performed iters:  9
   runtime per iter: 1179.809442 ms
  finalize_data_structures:   0.000411 ms

Measurement round 7 / 10
Time report:
  set_and_format_input_data:  0.166905 ms
  initialize_data_structures: 0.092621 ms
  run:                        10615.180531 ms
   performed iters:  9
   runtime per iter: 1179.464503 ms
  finalize_data_structures:   0.000440 ms

Measurement round 8 / 10
Time report:
  set_and_format_input_data:  0.164951 ms
  initialize_data_structures: 0.090698 ms
  run:                        10560.923238 ms
   performed iters:  9
   runtime per iter: 1173.435915 ms
  finalize_data_structures:   0.000411 ms

Measurement round 9 / 10
Time report:
  set_and_format_input_data:  0.170800 ms
  initialize_data_structures: 0.091590 ms
  run:                        10583.588768 ms
   performed iters:  9
   runtime per iter: 1175.954308 ms
  finalize_data_structures:   0.000491 ms

Measurement round 10 / 10
Time report:
  set_and_format_input_data:  0.169668 ms
  initialize_data_structures: 0.097899 ms
  run:                        10605.121442 ms
   performed iters:  9
   runtime per iter: 1178.346827 ms
  finalize_data_structures:   0.000421 ms

exp-9
next-experiment
Hello
Experiment Parameters:
  algorithm_name: gol-cpu-naive
  grid_dimensions: 2048x2048
  iterations: 100000
  base_grid_encoding: int
  max_runtime_seconds: 10
  warmup_rounds: 10
  measurement_rounds: 10
  data_loader_name: lexicon
  pattern_expression: spacefiller[1024,1024]
  measure_speedup: 0
  speedup_bench_algorithm_name: gol-cuda-naive
  validate: 0
  print_validation_diff: 0
  validation_algorithm_name: gol-cuda-naive
  animate_output: 0
  colorful: 0
  random_seed: 42
  state_bits_count: 32
  thread_block_size: 512
  warp_dims_x: 32
  warp_dims_y: 1
  warp_tile_dims_x: 32
  warp_tile_dims_y: 8
  streaming_direction: in-x

Loading data...              lexicon with pattern spacefiller[1024,1024]
  Data loaded in   608.715 ms

Warming up... 1 / 10
Warming up... 2 / 10
Warming up... 3 / 10
Warming up... 4 / 10
Warming up... 5 / 10
Warming up... 6 / 10
Warming up... 7 / 10
Warming up... 8 / 10
Warming up... 9 / 10
Warming up... 10 / 10


Running experiment...        gol-cpu-naive

Measurement round 1 / 10
Time report:
  set_and_format_input_data:  0.807451 ms
  initialize_data_structures: 0.718445 ms
  run:                        10684.793944 ms
   performed iters:  9
   runtime per iter: 1187.199327 ms
  finalize_data_structures:   0.000481 ms

Measurement round 2 / 10
Time report:
  set_and_format_input_data:  0.801151 ms
  initialize_data_structures: 0.734299 ms
  run:                        10708.127221 ms
   performed iters:  9
   runtime per iter: 1189.791913 ms
  finalize_data_structures:   0.000481 ms

Measurement round 3 / 10
Time report:
  set_and_format_input_data:  0.763003 ms
  initialize_data_structures: 0.682971 ms
  run:                        10697.968581 ms
   performed iters:  9
   runtime per iter: 1188.663176 ms
  finalize_data_structures:   0.000391 ms

Measurement round 4 / 10
Time report:
  set_and_format_input_data:  0.784716 ms
  initialize_data_structures: 0.716302 ms
  run:                        10745.325127 ms
   performed iters:  9
   runtime per iter: 1193.925014 ms
  finalize_data_structures:   0.000510 ms

Measurement round 5 / 10
Time report:
  set_and_format_input_data:  0.796704 ms
  initialize_data_structures: 0.707858 ms
  run:                        10716.119089 ms
   performed iters:  9
   runtime per iter: 1190.679899 ms
  finalize_data_structures:   0.000451 ms

Measurement round 6 / 10
Time report:
  set_and_format_input_data:  0.760028 ms
  initialize_data_structures: 0.688580 ms
  run:                        10694.773351 ms
   performed iters:  9
   runtime per iter: 1188.308150 ms
  finalize_data_structures:   0.000411 ms

Measurement round 7 / 10
Time report:
  set_and_format_input_data:  0.748892 ms
  initialize_data_structures: 0.658373 ms
  run:                        10695.985398 ms
   performed iters:  9
   runtime per iter: 1188.442822 ms
  finalize_data_structures:   0.000391 ms

Measurement round 8 / 10
Time report:
  set_and_format_input_data:  0.832468 ms
  initialize_data_structures: 0.741189 ms
  run:                        10707.075648 ms
   performed iters:  9
   runtime per iter: 1189.675072 ms
  finalize_data_structures:   0.000441 ms

Measurement round 9 / 10
Time report:
  set_and_format_input_data:  0.809894 ms
  initialize_data_structures: 0.756112 ms
  run:                        10705.029551 ms
   performed iters:  9
   runtime per iter: 1189.447728 ms
  finalize_data_structures:   0.000661 ms

Measurement round 10 / 10
Time report:
  set_and_format_input_data:  0.749311 ms
  initialize_data_structures: 0.688739 ms
  run:                        10703.802351 ms
   performed iters:  9
   runtime per iter: 1189.311372 ms
  finalize_data_structures:   0.000451 ms

exp-10
next-experiment
Hello
Experiment Parameters:
  algorithm_name: gol-cpu-bitwise-cols-naive-16
  grid_dimensions: 2048x2048
  iterations: 100000
  base_grid_encoding: char
  max_runtime_seconds: 10
  warmup_rounds: 10
  measurement_rounds: 10
  data_loader_name: lexicon
  pattern_expression: spacefiller[1024,1024]
  measure_speedup: 0
  speedup_bench_algorithm_name: gol-cuda-naive
  validate: 0
  print_validation_diff: 0
  validation_algorithm_name: gol-cuda-naive
  animate_output: 0
  colorful: 0
  random_seed: 42
  state_bits_count: 32
  thread_block_size: 512
  warp_dims_x: 32
  warp_dims_y: 1
  warp_tile_dims_x: 32
  warp_tile_dims_y: 8
  streaming_direction: in-x

Loading data...              lexicon with pattern spacefiller[1024,1024]
  Data loaded in   601.774 ms

Warming up... 1 / 10
Warming up... 2 / 10
Warming up... 3 / 10
Warming up... 4 / 10
Warming up... 5 / 10
Warming up... 6 / 10
Warming up... 7 / 10
Warming up... 8 / 10
Warming up... 9 / 10
Warming up... 10 / 10


Running experiment...        gol-cpu-bitwise-cols-naive-16

Measurement round 1 / 10
Time report:
  set_and_format_input_data:  14.610586 ms
  initialize_data_structures: 0.217311 ms
  run:                        10312.890444 ms
   performed iters:  22
   runtime per iter: 468.767747 ms
  finalize_data_structures:   0.000451 ms

Measurement round 2 / 10
Time report:
  set_and_format_input_data:  14.768456 ms
  initialize_data_structures: 0.217221 ms
  run:                        10315.431435 ms
   performed iters:  22
   runtime per iter: 468.883247 ms
  finalize_data_structures:   0.000490 ms

Measurement round 3 / 10
Time report:
  set_and_format_input_data:  14.745631 ms
  initialize_data_structures: 0.347360 ms
  run:                        10306.203122 ms
   performed iters:  22
   runtime per iter: 468.463778 ms
  finalize_data_structures:   0.000420 ms

Measurement round 4 / 10
Time report:
  set_and_format_input_data:  14.682165 ms
  initialize_data_structures: 0.212063 ms
  run:                        10309.740132 ms
   performed iters:  22
   runtime per iter: 468.624551 ms
  finalize_data_structures:   0.000461 ms

Measurement round 5 / 10
Time report:
  set_and_format_input_data:  14.745501 ms
  initialize_data_structures: 0.212054 ms
  run:                        10315.266594 ms
   performed iters:  22
   runtime per iter: 468.875754 ms
  finalize_data_structures:   0.000571 ms

Measurement round 6 / 10
Time report:
  set_and_format_input_data:  14.730629 ms
  initialize_data_structures: 0.211242 ms
  run:                        10312.040479 ms
   performed iters:  22
   runtime per iter: 468.729113 ms
  finalize_data_structures:   0.000430 ms

Measurement round 7 / 10
Time report:
  set_and_format_input_data:  14.658659 ms
  initialize_data_structures: 0.211011 ms
  run:                        10312.644940 ms
   performed iters:  22
   runtime per iter: 468.756588 ms
  finalize_data_structures:   0.000400 ms

Measurement round 8 / 10
Time report:
  set_and_format_input_data:  14.621723 ms
  initialize_data_structures: 0.211342 ms
  run:                        10313.975897 ms
   performed iters:  22
   runtime per iter: 468.817086 ms
  finalize_data_structures:   0.000571 ms

Measurement round 9 / 10
Time report:
  set_and_format_input_data:  14.595994 ms
  initialize_data_structures: 0.211623 ms
  run:                        10307.453117 ms
   performed iters:  22
   runtime per iter: 468.520596 ms
  finalize_data_structures:   0.000390 ms

Measurement round 10 / 10
Time report:
  set_and_format_input_data:  14.579428 ms
  initialize_data_structures: 0.210752 ms
  run:                        10315.110466 ms
   performed iters:  22
   runtime per iter: 468.868658 ms
  finalize_data_structures:   0.000531 ms

exp-11
next-experiment
Hello
Experiment Parameters:
  algorithm_name: gol-cpu-bitwise-cols-naive-32
  grid_dimensions: 2048x2048
  iterations: 100000
  base_grid_encoding: char
  max_runtime_seconds: 10
  warmup_rounds: 10
  measurement_rounds: 10
  data_loader_name: lexicon
  pattern_expression: spacefiller[1024,1024]
  measure_speedup: 0
  speedup_bench_algorithm_name: gol-cuda-naive
  validate: 0
  print_validation_diff: 0
  validation_algorithm_name: gol-cuda-naive
  animate_output: 0
  colorful: 0
  random_seed: 42
  state_bits_count: 32
  thread_block_size: 512
  warp_dims_x: 32
  warp_dims_y: 1
  warp_tile_dims_x: 32
  warp_tile_dims_y: 8
  streaming_direction: in-x

Loading data...              lexicon with pattern spacefiller[1024,1024]
  Data loaded in   601.923 ms

Warming up... 1 / 10
Warming up... 2 / 10
Warming up... 3 / 10
Warming up... 4 / 10
Warming up... 5 / 10
Warming up... 6 / 10
Warming up... 7 / 10
Warming up... 8 / 10
Warming up... 9 / 10
Warming up... 10 / 10


Running experiment...        gol-cpu-bitwise-cols-naive-32

Measurement round 1 / 10
Time report:
  set_and_format_input_data:  12.670990 ms
  initialize_data_structures: 0.107604 ms
  run:                        10124.411742 ms
   performed iters:  21
   runtime per iter: 482.114845 ms
  finalize_data_structures:   0.000440 ms

Measurement round 2 / 10
Time report:
  set_and_format_input_data:  12.754838 ms
  initialize_data_structures: 0.106792 ms
  run:                        10123.139212 ms
   performed iters:  21
   runtime per iter: 482.054248 ms
  finalize_data_structures:   0.000531 ms

Measurement round 3 / 10
Time report:
  set_and_format_input_data:  12.505828 ms
  initialize_data_structures: 0.225093 ms
  run:                        10117.924846 ms
   performed iters:  21
   runtime per iter: 481.805945 ms
  finalize_data_structures:   0.000451 ms

Measurement round 4 / 10
Time report:
  set_and_format_input_data:  12.278873 ms
  initialize_data_structures: 0.108155 ms
  run:                        10122.262166 ms
   performed iters:  21
   runtime per iter: 482.012484 ms
  finalize_data_structures:   0.000451 ms

Measurement round 5 / 10
Time report:
  set_and_format_input_data:  12.390763 ms
  initialize_data_structures: 0.107914 ms
  run:                        10121.639737 ms
   performed iters:  21
   runtime per iter: 481.982845 ms
  finalize_data_structures:   0.000531 ms

Measurement round 6 / 10
Time report:
  set_and_format_input_data:  12.599792 ms
  initialize_data_structures: 0.107394 ms
  run:                        10118.740719 ms
   performed iters:  21
   runtime per iter: 481.844796 ms
  finalize_data_structures:   0.000460 ms

Measurement round 7 / 10
Time report:
  set_and_format_input_data:  12.752234 ms
  initialize_data_structures: 0.107403 ms
  run:                        10126.675952 ms
   performed iters:  21
   runtime per iter: 482.222664 ms
  finalize_data_structures:   0.000541 ms

Measurement round 8 / 10
Time report:
  set_and_format_input_data:  12.304822 ms
  initialize_data_structures: 0.106632 ms
  run:                        10119.883751 ms
   performed iters:  21
   runtime per iter: 481.899226 ms
  finalize_data_structures:   0.000441 ms

Measurement round 9 / 10
Time report:
  set_and_format_input_data:  12.440078 ms
  initialize_data_structures: 0.106812 ms
  run:                        10117.050863 ms
   performed iters:  21
   runtime per iter: 481.764327 ms
  finalize_data_structures:   0.000480 ms

Measurement round 10 / 10
Time report:
  set_and_format_input_data:  12.604429 ms
  initialize_data_structures: 0.113223 ms
  run:                        10119.398051 ms
   performed iters:  21
   runtime per iter: 481.876098 ms
  finalize_data_structures:   0.000541 ms

exp-12
next-experiment
Hello
Experiment Parameters:
  algorithm_name: gol-cpu-bitwise-cols-naive-64
  grid_dimensions: 2048x2048
  iterations: 100000
  base_grid_encoding: char
  max_runtime_seconds: 10
  warmup_rounds: 10
  measurement_rounds: 10
  data_loader_name: lexicon
  pattern_expression: spacefiller[1024,1024]
  measure_speedup: 0
  speedup_bench_algorithm_name: gol-cuda-naive
  validate: 0
  print_validation_diff: 0
  validation_algorithm_name: gol-cuda-naive
  animate_output: 0
  colorful: 0
  random_seed: 42
  state_bits_count: 32
  thread_block_size: 512
  warp_dims_x: 32
  warp_dims_y: 1
  warp_tile_dims_x: 32
  warp_tile_dims_y: 8
  streaming_direction: in-x

Loading data...              lexicon with pattern spacefiller[1024,1024]
  Data loaded in   625.288 ms

Warming up... 1 / 10
Warming up... 2 / 10
Warming up... 3 / 10
Warming up... 4 / 10
Warming up... 5 / 10
Warming up... 6 / 10
Warming up... 7 / 10
Warming up... 8 / 10
Warming up... 9 / 10
Warming up... 10 / 10


Running experiment...        gol-cpu-bitwise-cols-naive-64

Measurement round 1 / 10
Time report:
  set_and_format_input_data:  12.017094 ms
  initialize_data_structures: 0.055395 ms
  run:                        10246.816019 ms
   performed iters:  21
   runtime per iter: 487.943620 ms
  finalize_data_structures:   0.000551 ms

Measurement round 2 / 10
Time report:
  set_and_format_input_data:  12.625210 ms
  initialize_data_structures: 0.055244 ms
  run:                        10259.408579 ms
   performed iters:  21
   runtime per iter: 488.543266 ms
  finalize_data_structures:   0.000481 ms

Measurement round 3 / 10
Time report:
  set_and_format_input_data:  12.110265 ms
  initialize_data_structures: 0.055995 ms
  run:                        10240.691106 ms
   performed iters:  21
   runtime per iter: 487.651957 ms
  finalize_data_structures:   0.000521 ms

Measurement round 4 / 10
Time report:
  set_and_format_input_data:  12.623007 ms
  initialize_data_structures: 0.055264 ms
  run:                        10264.678351 ms
   performed iters:  21
   runtime per iter: 488.794207 ms
  finalize_data_structures:   0.000401 ms

Measurement round 5 / 10
Time report:
  set_and_format_input_data:  12.627634 ms
  initialize_data_structures: 0.055364 ms
  run:                        10232.306668 ms
   performed iters:  21
   runtime per iter: 487.252698 ms
  finalize_data_structures:   0.000441 ms

Measurement round 6 / 10
Time report:
  set_and_format_input_data:  12.130006 ms
  initialize_data_structures: 0.055595 ms
  run:                        10236.638980 ms
   performed iters:  21
   runtime per iter: 487.458999 ms
  finalize_data_structures:   0.000411 ms

Measurement round 7 / 10
Time report:
  set_and_format_input_data:  12.657890 ms
  initialize_data_structures: 0.055344 ms
  run:                        10245.627048 ms
   performed iters:  21
   runtime per iter: 487.887002 ms
  finalize_data_structures:   0.000411 ms

Measurement round 8 / 10
Time report:
  set_and_format_input_data:  12.210848 ms
  initialize_data_structures: 0.054834 ms
  run:                        10245.767401 ms
   performed iters:  21
   runtime per iter: 487.893686 ms
  finalize_data_structures:   0.000390 ms

Measurement round 9 / 10
Time report:
  set_and_format_input_data:  12.017273 ms
  initialize_data_structures: 0.055815 ms
  run:                        10233.250316 ms
   performed iters:  21
   runtime per iter: 487.297634 ms
  finalize_data_structures:   0.000410 ms

Measurement round 10 / 10
Time report:
  set_and_format_input_data:  12.025547 ms
  initialize_data_structures: 0.055104 ms
  run:                        10245.783629 ms
   performed iters:  21
   runtime per iter: 487.894459 ms
  finalize_data_structures:   0.000491 ms

exp-13
next-experiment
Hello
Experiment Parameters:
  algorithm_name: gol-cpu-bitwise-cols-macro-16
  grid_dimensions: 2048x2048
  iterations: 100000
  base_grid_encoding: char
  max_runtime_seconds: 10
  warmup_rounds: 10
  measurement_rounds: 10
  data_loader_name: lexicon
  pattern_expression: spacefiller[1024,1024]
  measure_speedup: 0
  speedup_bench_algorithm_name: gol-cuda-naive
  validate: 0
  print_validation_diff: 0
  validation_algorithm_name: gol-cuda-naive
  animate_output: 0
  colorful: 0
  random_seed: 42
  state_bits_count: 32
  thread_block_size: 512
  warp_dims_x: 32
  warp_dims_y: 1
  warp_tile_dims_x: 32
  warp_tile_dims_y: 8
  streaming_direction: in-x

Loading data...              lexicon with pattern spacefiller[1024,1024]
  Data loaded in   608.675 ms

Warming up... 1 / 10
Warming up... 2 / 10
Warming up... 3 / 10
Warming up... 4 / 10
Warming up... 5 / 10
Warming up... 6 / 10
Warming up... 7 / 10
Warming up... 8 / 10
Warming up... 9 / 10
Warming up... 10 / 10


Running experiment...        gol-cpu-bitwise-cols-macro-16

Measurement round 1 / 10
Time report:
  set_and_format_input_data:  14.831982 ms
  initialize_data_structures: 0.210330 ms
  run:                        10018.789778 ms
   performed iters:  306
   runtime per iter: 32.741143 ms
  finalize_data_structures:   0.000631 ms

Measurement round 2 / 10
Time report:
  set_and_format_input_data:  15.217910 ms
  initialize_data_structures: 0.211573 ms
  run:                        10008.240592 ms
   performed iters:  306
   runtime per iter: 32.706669 ms
  finalize_data_structures:   0.001162 ms

Measurement round 3 / 10
Time report:
  set_and_format_input_data:  15.077967 ms
  initialize_data_structures: 0.331114 ms
  run:                        10011.232322 ms
   performed iters:  306
   runtime per iter: 32.716445 ms
  finalize_data_structures:   0.000621 ms

Measurement round 4 / 10
Time report:
  set_and_format_input_data:  14.909271 ms
  initialize_data_structures: 0.211652 ms
  run:                        10007.905842 ms
   performed iters:  306
   runtime per iter: 32.705575 ms
  finalize_data_structures:   0.000591 ms

Measurement round 5 / 10
Time report:
  set_and_format_input_data:  15.022132 ms
  initialize_data_structures: 0.221507 ms
  run:                        10002.977281 ms
   performed iters:  306
   runtime per iter: 32.689468 ms
  finalize_data_structures:   0.000571 ms

Measurement round 6 / 10
Time report:
  set_and_format_input_data:  14.880647 ms
  initialize_data_structures: 0.210721 ms
  run:                        10011.615485 ms
   performed iters:  306
   runtime per iter: 32.717698 ms
  finalize_data_structures:   0.000701 ms

Measurement round 7 / 10
Time report:
  set_and_format_input_data:  15.009353 ms
  initialize_data_structures: 0.211101 ms
  run:                        10004.980734 ms
   performed iters:  306
   runtime per iter: 32.696015 ms
  finalize_data_structures:   0.000611 ms

Measurement round 8 / 10
Time report:
  set_and_format_input_data:  14.972196 ms
  initialize_data_structures: 0.211823 ms
  run:                        10017.964700 ms
   performed iters:  306
   runtime per iter: 32.738447 ms
  finalize_data_structures:   0.000571 ms

Measurement round 9 / 10
Time report:
  set_and_format_input_data:  14.865954 ms
  initialize_data_structures: 0.210421 ms
  run:                        10019.290541 ms
   performed iters:  306
   runtime per iter: 32.742780 ms
  finalize_data_structures:   0.000671 ms

Measurement round 10 / 10
Time report:
  set_and_format_input_data:  14.926567 ms
  initialize_data_structures: 0.223571 ms
  run:                        10009.488764 ms
   performed iters:  306
   runtime per iter: 32.710748 ms
  finalize_data_structures:   0.000751 ms

exp-14
next-experiment
Hello
Experiment Parameters:
  algorithm_name: gol-cpu-bitwise-cols-macro-32
  grid_dimensions: 2048x2048
  iterations: 100000
  base_grid_encoding: char
  max_runtime_seconds: 10
  warmup_rounds: 10
  measurement_rounds: 10
  data_loader_name: lexicon
  pattern_expression: spacefiller[1024,1024]
  measure_speedup: 0
  speedup_bench_algorithm_name: gol-cuda-naive
  validate: 0
  print_validation_diff: 0
  validation_algorithm_name: gol-cuda-naive
  animate_output: 0
  colorful: 0
  random_seed: 42
  state_bits_count: 32
  thread_block_size: 512
  warp_dims_x: 32
  warp_dims_y: 1
  warp_tile_dims_x: 32
  warp_tile_dims_y: 8
  streaming_direction: in-x

Loading data...              lexicon with pattern spacefiller[1024,1024]
  Data loaded in   623.233 ms

Warming up... 1 / 10
Warming up... 2 / 10
Warming up... 3 / 10
Warming up... 4 / 10
Warming up... 5 / 10
Warming up... 6 / 10
Warming up... 7 / 10
Warming up... 8 / 10
Warming up... 9 / 10
Warming up... 10 / 10


Running experiment...        gol-cpu-bitwise-cols-macro-32

Measurement round 1 / 10
Time report:
  set_and_format_input_data:  12.236087 ms
  initialize_data_structures: 0.105951 ms
  run:                        10004.688459 ms
   performed iters:  583
   runtime per iter: 17.160701 ms
  finalize_data_structures:   0.000621 ms

Measurement round 2 / 10
Time report:
  set_and_format_input_data:  12.498657 ms
  initialize_data_structures: 0.106512 ms
  run:                        10011.942804 ms
   performed iters:  584
   runtime per iter: 17.143738 ms
  finalize_data_structures:   0.000621 ms

Measurement round 3 / 10
Time report:
  set_and_format_input_data:  12.655776 ms
  initialize_data_structures: 0.107875 ms
  run:                        10014.774949 ms
   performed iters:  584
   runtime per iter: 17.148587 ms
  finalize_data_structures:   0.000491 ms

Measurement round 4 / 10
Time report:
  set_and_format_input_data:  12.436863 ms
  initialize_data_structures: 0.107244 ms
  run:                        10013.730829 ms
   performed iters:  584
   runtime per iter: 17.146799 ms
  finalize_data_structures:   0.000471 ms

Measurement round 5 / 10
Time report:
  set_and_format_input_data:  12.147061 ms
  initialize_data_structures: 0.106202 ms
  run:                        10013.095470 ms
   performed iters:  584
   runtime per iter: 17.145711 ms
  finalize_data_structures:   0.000771 ms

Measurement round 6 / 10
Time report:
  set_and_format_input_data:  12.528261 ms
  initialize_data_structures: 0.107294 ms
  run:                        10010.034115 ms
   performed iters:  584
   runtime per iter: 17.140469 ms
  finalize_data_structures:   0.000581 ms

Measurement round 7 / 10
Time report:
  set_and_format_input_data:  12.782339 ms
  initialize_data_structures: 0.107243 ms
  run:                        10011.648496 ms
   performed iters:  584
   runtime per iter: 17.143234 ms
  finalize_data_structures:   0.000461 ms

Measurement round 8 / 10
Time report:
  set_and_format_input_data:  12.318562 ms
  initialize_data_structures: 0.106773 ms
  run:                        10013.189243 ms
   performed iters:  584
   runtime per iter: 17.145872 ms
  finalize_data_structures:   0.000591 ms

Measurement round 9 / 10
Time report:
  set_and_format_input_data:  12.369931 ms
  initialize_data_structures: 0.107113 ms
  run:                        10013.766393 ms
   performed iters:  584
   runtime per iter: 17.146860 ms
  finalize_data_structures:   0.000480 ms

Measurement round 10 / 10
Time report:
  set_and_format_input_data:  12.352553 ms
  initialize_data_structures: 0.107785 ms
  run:                        10011.071766 ms
   performed iters:  584
   runtime per iter: 17.142246 ms
  finalize_data_structures:   0.000561 ms

exp-15
next-experiment
Hello
Experiment Parameters:
  algorithm_name: gol-cpu-bitwise-cols-macro-64
  grid_dimensions: 2048x2048
  iterations: 100000
  base_grid_encoding: char
  max_runtime_seconds: 10
  warmup_rounds: 10
  measurement_rounds: 10
  data_loader_name: lexicon
  pattern_expression: spacefiller[1024,1024]
  measure_speedup: 0
  speedup_bench_algorithm_name: gol-cuda-naive
  validate: 0
  print_validation_diff: 0
  validation_algorithm_name: gol-cuda-naive
  animate_output: 0
  colorful: 0
  random_seed: 42
  state_bits_count: 32
  thread_block_size: 512
  warp_dims_x: 32
  warp_dims_y: 1
  warp_tile_dims_x: 32
  warp_tile_dims_y: 8
  streaming_direction: in-x

Loading data...              lexicon with pattern spacefiller[1024,1024]
  Data loaded in   619.746 ms

Warming up... 1 / 10
Warming up... 2 / 10
Warming up... 3 / 10
Warming up... 4 / 10
Warming up... 5 / 10
Warming up... 6 / 10
Warming up... 7 / 10
Warming up... 8 / 10
Warming up... 9 / 10
Warming up... 10 / 10


Running experiment...        gol-cpu-bitwise-cols-macro-64

Measurement round 1 / 10
Time report:
  set_and_format_input_data:  12.620533 ms
  initialize_data_structures: 0.054984 ms
  run:                        10000.039331 ms
   performed iters:  931
   runtime per iter: 10.741181 ms
  finalize_data_structures:   0.000581 ms

Measurement round 2 / 10
Time report:
  set_and_format_input_data:  12.776941 ms
  initialize_data_structures: 0.055935 ms
  run:                        10007.906814 ms
   performed iters:  932
   runtime per iter: 10.738097 ms
  finalize_data_structures:   0.000621 ms

Measurement round 3 / 10
Time report:
  set_and_format_input_data:  12.720946 ms
  initialize_data_structures: 0.055424 ms
  run:                        10003.161042 ms
   performed iters:  931
   runtime per iter: 10.744534 ms
  finalize_data_structures:   0.000521 ms

Measurement round 4 / 10
Time report:
  set_and_format_input_data:  12.650688 ms
  initialize_data_structures: 0.055374 ms
  run:                        10006.968754 ms
   performed iters:  932
   runtime per iter: 10.737091 ms
  finalize_data_structures:   0.000581 ms

Measurement round 5 / 10
Time report:
  set_and_format_input_data:  12.792375 ms
  initialize_data_structures: 0.055855 ms
  run:                        10009.216109 ms
   performed iters:  932
   runtime per iter: 10.739502 ms
  finalize_data_structures:   0.000611 ms

Measurement round 6 / 10
Time report:
  set_and_format_input_data:  12.589164 ms
  initialize_data_structures: 0.055996 ms
  run:                        10006.387318 ms
   performed iters:  932
   runtime per iter: 10.736467 ms
  finalize_data_structures:   0.000651 ms

Measurement round 7 / 10
Time report:
  set_and_format_input_data:  12.805153 ms
  initialize_data_structures: 0.055745 ms
  run:                        10007.702352 ms
   performed iters:  932
   runtime per iter: 10.737878 ms
  finalize_data_structures:   0.000521 ms

Measurement round 8 / 10
Time report:
  set_and_format_input_data:  12.692953 ms
  initialize_data_structures: 0.055866 ms
  run:                        10003.342508 ms
   performed iters:  931
   runtime per iter: 10.744729 ms
  finalize_data_structures:   0.000521 ms

Measurement round 9 / 10
Time report:
  set_and_format_input_data:  12.635245 ms
  initialize_data_structures: 0.055885 ms
  run:                        10005.097473 ms
   performed iters:  932
   runtime per iter: 10.735083 ms
  finalize_data_structures:   0.000631 ms

Measurement round 10 / 10
Time report:
  set_and_format_input_data:  12.607933 ms
  initialize_data_structures: 0.055294 ms
  run:                        10003.339894 ms
   performed iters:  932
   runtime per iter: 10.733197 ms
  finalize_data_structures:   0.000742 ms

exp-16
next-experiment
Hello
Experiment Parameters:
  algorithm_name: gol-cpu-naive
  grid_dimensions: 4096x4096
  iterations: 100000
  base_grid_encoding: char
  max_runtime_seconds: 10
  warmup_rounds: 10
  measurement_rounds: 10
  data_loader_name: lexicon
  pattern_expression: spacefiller[2048,2048]
  measure_speedup: 0
  speedup_bench_algorithm_name: gol-cuda-naive
  validate: 0
  print_validation_diff: 0
  validation_algorithm_name: gol-cuda-naive
  animate_output: 0
  colorful: 0
  random_seed: 42
  state_bits_count: 32
  thread_block_size: 512
  warp_dims_x: 32
  warp_dims_y: 1
  warp_tile_dims_x: 32
  warp_tile_dims_y: 8
  streaming_direction: in-x

Loading data...              lexicon with pattern spacefiller[2048,2048]
  Data loaded in   609.31 ms

Warming up... 1 / 10
Warming up... 2 / 10
Warming up... 3 / 10
Warming up... 4 / 10
Warming up... 5 / 10
Warming up... 6 / 10
Warming up... 7 / 10
Warming up... 8 / 10
Warming up... 9 / 10
Warming up... 10 / 10


Running experiment...        gol-cpu-naive

Measurement round 1 / 10
Time report:
  set_and_format_input_data:  0.793659 ms
  initialize_data_structures: 0.780219 ms
  run:                        14251.027006 ms
   performed iters:  3
   runtime per iter: 4750.342335 ms
  finalize_data_structures:   0.000661 ms

Measurement round 2 / 10
Time report:
  set_and_format_input_data:  0.803044 ms
  initialize_data_structures: 0.751515 ms
  run:                        14242.738775 ms
   performed iters:  3
   runtime per iter: 4747.579592 ms
  finalize_data_structures:   0.000391 ms

Measurement round 3 / 10
Time report:
  set_and_format_input_data:  0.814241 ms
  initialize_data_structures: 0.785627 ms
  run:                        14236.615524 ms
   performed iters:  3
   runtime per iter: 4745.538508 ms
  finalize_data_structures:   0.000411 ms

Measurement round 4 / 10
Time report:
  set_and_format_input_data:  0.817525 ms
  initialize_data_structures: 0.786318 ms
  run:                        14250.702071 ms
   performed iters:  3
   runtime per iter: 4750.234024 ms
  finalize_data_structures:   0.000430 ms

Measurement round 5 / 10
Time report:
  set_and_format_input_data:  0.810705 ms
  initialize_data_structures: 0.774300 ms
  run:                        14247.357654 ms
   performed iters:  3
   runtime per iter: 4749.119218 ms
  finalize_data_structures:   0.000631 ms

Measurement round 6 / 10
Time report:
  set_and_format_input_data:  0.871288 ms
  initialize_data_structures: 0.771736 ms
  run:                        14235.655040 ms
   performed iters:  3
   runtime per iter: 4745.218347 ms
  finalize_data_structures:   0.000410 ms

Measurement round 7 / 10
Time report:
  set_and_format_input_data:  0.801622 ms
  initialize_data_structures: 0.746948 ms
  run:                        14245.327861 ms
   performed iters:  3
   runtime per iter: 4748.442620 ms
  finalize_data_structures:   0.000391 ms

Measurement round 8 / 10
Time report:
  set_and_format_input_data:  0.797405 ms
  initialize_data_structures: 0.749433 ms
  run:                        14252.735199 ms
   performed iters:  3
   runtime per iter: 4750.911733 ms
  finalize_data_structures:   0.000440 ms

Measurement round 9 / 10
Time report:
  set_and_format_input_data:  0.798607 ms
  initialize_data_structures: 0.775993 ms
  run:                        14242.981185 ms
   performed iters:  3
   runtime per iter: 4747.660395 ms
  finalize_data_structures:   0.000481 ms

Measurement round 10 / 10
Time report:
  set_and_format_input_data:  0.820100 ms
  initialize_data_structures: 0.753889 ms
  run:                        14243.555039 ms
   performed iters:  3
   runtime per iter: 4747.851680 ms
  finalize_data_structures:   0.000431 ms

exp-17
next-experiment
Hello
Experiment Parameters:
  algorithm_name: gol-cpu-naive
  grid_dimensions: 4096x4096
  iterations: 100000
  base_grid_encoding: int
  max_runtime_seconds: 10
  warmup_rounds: 10
  measurement_rounds: 10
  data_loader_name: lexicon
  pattern_expression: spacefiller[2048,2048]
  measure_speedup: 0
  speedup_bench_algorithm_name: gol-cuda-naive
  validate: 0
  print_validation_diff: 0
  validation_algorithm_name: gol-cuda-naive
  animate_output: 0
  colorful: 0
  random_seed: 42
  state_bits_count: 32
  thread_block_size: 512
  warp_dims_x: 32
  warp_dims_y: 1
  warp_tile_dims_x: 32
  warp_tile_dims_y: 8
  streaming_direction: in-x

Loading data...              lexicon with pattern spacefiller[2048,2048]
  Data loaded in   620.591 ms

Warming up... 1 / 10
Warming up... 2 / 10
Warming up... 3 / 10
Warming up... 4 / 10
Warming up... 5 / 10
Warming up... 6 / 10
Warming up... 7 / 10
Warming up... 8 / 10
Warming up... 9 / 10
Warming up... 10 / 10


Running experiment...        gol-cpu-naive

Measurement round 1 / 10
Time report:
  set_and_format_input_data:  3.636742 ms
  initialize_data_structures: 3.605995 ms
  run:                        14418.437538 ms
   performed iters:  3
   runtime per iter: 4806.145846 ms
  finalize_data_structures:   0.000391 ms

Measurement round 2 / 10
Time report:
  set_and_format_input_data:  3.603802 ms
  initialize_data_structures: 3.607878 ms
  run:                        14415.981876 ms
   performed iters:  3
   runtime per iter: 4805.327292 ms
  finalize_data_structures:   0.000561 ms

Measurement round 3 / 10
Time report:
  set_and_format_input_data:  3.648269 ms
  initialize_data_structures: 3.673659 ms
  run:                        14426.442067 ms
   performed iters:  3
   runtime per iter: 4808.814022 ms
  finalize_data_structures:   0.000390 ms

Measurement round 4 / 10
Time report:
  set_and_format_input_data:  3.628079 ms
  initialize_data_structures: 3.608368 ms
  run:                        14393.642002 ms
   performed iters:  3
   runtime per iter: 4797.880667 ms
  finalize_data_structures:   0.000521 ms

Measurement round 5 / 10
Time report:
  set_and_format_input_data:  3.637473 ms
  initialize_data_structures: 3.658555 ms
  run:                        14393.105215 ms
   performed iters:  3
   runtime per iter: 4797.701738 ms
  finalize_data_structures:   0.000391 ms

Measurement round 6 / 10
Time report:
  set_and_format_input_data:  3.617072 ms
  initialize_data_structures: 3.598774 ms
  run:                        14394.494681 ms
   performed iters:  3
   runtime per iter: 4798.164894 ms
  finalize_data_structures:   0.000521 ms

Measurement round 7 / 10
Time report:
  set_and_format_input_data:  3.680298 ms
  initialize_data_structures: 3.631634 ms
  run:                        14424.656345 ms
   performed iters:  3
   runtime per iter: 4808.218782 ms
  finalize_data_structures:   0.000411 ms

Measurement round 8 / 10
Time report:
  set_and_format_input_data:  3.634850 ms
  initialize_data_structures: 3.623011 ms
  run:                        14411.301855 ms
   performed iters:  3
   runtime per iter: 4803.767285 ms
  finalize_data_structures:   0.000531 ms

Measurement round 9 / 10
Time report:
  set_and_format_input_data:  3.653869 ms
  initialize_data_structures: 3.639727 ms
  run:                        14387.841814 ms
   performed iters:  3
   runtime per iter: 4795.947271 ms
  finalize_data_structures:   0.000391 ms

Measurement round 10 / 10
Time report:
  set_and_format_input_data:  3.609741 ms
  initialize_data_structures: 3.636081 ms
  run:                        14408.954328 ms
   performed iters:  3
   runtime per iter: 4802.984776 ms
  finalize_data_structures:   0.000580 ms

exp-18
next-experiment
Hello
Experiment Parameters:
  algorithm_name: gol-cpu-bitwise-cols-naive-16
  grid_dimensions: 4096x4096
  iterations: 100000
  base_grid_encoding: char
  max_runtime_seconds: 10
  warmup_rounds: 10
  measurement_rounds: 10
  data_loader_name: lexicon
  pattern_expression: spacefiller[2048,2048]
  measure_speedup: 0
  speedup_bench_algorithm_name: gol-cuda-naive
  validate: 0
  print_validation_diff: 0
  validation_algorithm_name: gol-cuda-naive
  animate_output: 0
  colorful: 0
  random_seed: 42
  state_bits_count: 32
  thread_block_size: 512
  warp_dims_x: 32
  warp_dims_y: 1
  warp_tile_dims_x: 32
  warp_tile_dims_y: 8
  streaming_direction: in-x

Loading data...              lexicon with pattern spacefiller[2048,2048]
  Data loaded in   602.133 ms

Warming up... 1 / 10
Warming up... 2 / 10
Warming up... 3 / 10
Warming up... 4 / 10
Warming up... 5 / 10
Warming up... 6 / 10
Warming up... 7 / 10
Warming up... 8 / 10
Warming up... 9 / 10
Warming up... 10 / 10


Running experiment...        gol-cpu-bitwise-cols-naive-16

Measurement round 1 / 10
Time report:
  set_and_format_input_data:  60.101869 ms
  initialize_data_structures: 0.843916 ms
  run:                        11266.306044 ms
   performed iters:  6
   runtime per iter: 1877.717674 ms
  finalize_data_structures:   0.000470 ms

Measurement round 2 / 10
Time report:
  set_and_format_input_data:  60.701041 ms
  initialize_data_structures: 0.840731 ms
  run:                        11262.422056 ms
   performed iters:  6
   runtime per iter: 1877.070343 ms
  finalize_data_structures:   0.000411 ms

Measurement round 3 / 10
Time report:
  set_and_format_input_data:  60.188160 ms
  initialize_data_structures: 0.842203 ms
  run:                        11285.082478 ms
   performed iters:  6
   runtime per iter: 1880.847080 ms
  finalize_data_structures:   0.000490 ms

Measurement round 4 / 10
Time report:
  set_and_format_input_data:  60.176242 ms
  initialize_data_structures: 0.841742 ms
  run:                        11272.080834 ms
   performed iters:  6
   runtime per iter: 1878.680139 ms
  finalize_data_structures:   0.000510 ms

Measurement round 5 / 10
Time report:
  set_and_format_input_data:  60.753301 ms
  initialize_data_structures: 0.842243 ms
  run:                        11279.347237 ms
   performed iters:  6
   runtime per iter: 1879.891206 ms
  finalize_data_structures:   0.000491 ms

Measurement round 6 / 10
Time report:
  set_and_format_input_data:  60.131694 ms
  initialize_data_structures: 0.835753 ms
  run:                        11269.393249 ms
   performed iters:  6
   runtime per iter: 1878.232208 ms
  finalize_data_structures:   0.000411 ms

Measurement round 7 / 10
Time report:
  set_and_format_input_data:  60.141529 ms
  initialize_data_structures: 0.848173 ms
  run:                        11262.487755 ms
   performed iters:  6
   runtime per iter: 1877.081293 ms
  finalize_data_structures:   0.000471 ms

Measurement round 8 / 10
Time report:
  set_and_format_input_data:  60.256634 ms
  initialize_data_structures: 0.840110 ms
  run:                        11269.545821 ms
   performed iters:  6
   runtime per iter: 1878.257637 ms
  finalize_data_structures:   0.000491 ms

Measurement round 9 / 10
Time report:
  set_and_format_input_data:  60.688783 ms
  initialize_data_structures: 0.842484 ms
  run:                        11265.608812 ms
   performed iters:  6
   runtime per iter: 1877.601469 ms
  finalize_data_structures:   0.000400 ms

Measurement round 10 / 10
Time report:
  set_and_format_input_data:  60.241782 ms
  initialize_data_structures: 0.836816 ms
  run:                        11266.530997 ms
   performed iters:  6
   runtime per iter: 1877.755166 ms
  finalize_data_structures:   0.000431 ms

exp-19
next-experiment
Hello
Experiment Parameters:
  algorithm_name: gol-cpu-bitwise-cols-naive-32
  grid_dimensions: 4096x4096
  iterations: 100000
  base_grid_encoding: char
  max_runtime_seconds: 10
  warmup_rounds: 10
  measurement_rounds: 10
  data_loader_name: lexicon
  pattern_expression: spacefiller[2048,2048]
  measure_speedup: 0
  speedup_bench_algorithm_name: gol-cuda-naive
  validate: 0
  print_validation_diff: 0
  validation_algorithm_name: gol-cuda-naive
  animate_output: 0
  colorful: 0
  random_seed: 42
  state_bits_count: 32
  thread_block_size: 512
  warp_dims_x: 32
  warp_dims_y: 1
  warp_tile_dims_x: 32
  warp_tile_dims_y: 8
  streaming_direction: in-x

Loading data...              lexicon with pattern spacefiller[2048,2048]
  Data loaded in   601.132 ms

Warming up... 1 / 10
Warming up... 2 / 10
Warming up... 3 / 10
Warming up... 4 / 10
Warming up... 5 / 10
Warming up... 6 / 10
Warming up... 7 / 10
Warming up... 8 / 10
Warming up... 9 / 10
Warming up... 10 / 10


Running experiment...        gol-cpu-bitwise-cols-naive-32

Measurement round 1 / 10
Time report:
  set_and_format_input_data:  50.839283 ms
  initialize_data_structures: 0.659054 ms
  run:                        11659.050312 ms
   performed iters:  6
   runtime per iter: 1943.175052 ms
  finalize_data_structures:   0.000411 ms

Measurement round 2 / 10
Time report:
  set_and_format_input_data:  50.353804 ms
  initialize_data_structures: 0.426560 ms
  run:                        11740.412934 ms
   performed iters:  6
   runtime per iter: 1956.735489 ms
  finalize_data_structures:   0.000451 ms

Measurement round 3 / 10
Time report:
  set_and_format_input_data:  49.889155 ms
  initialize_data_structures: 0.427521 ms
  run:                        11693.936174 ms
   performed iters:  6
   runtime per iter: 1948.989362 ms
  finalize_data_structures:   0.000461 ms

Measurement round 4 / 10
Time report:
  set_and_format_input_data:  50.671888 ms
  initialize_data_structures: 0.429143 ms
  run:                        11656.332881 ms
   performed iters:  6
   runtime per iter: 1942.722147 ms
  finalize_data_structures:   0.000471 ms

Measurement round 5 / 10
Time report:
  set_and_format_input_data:  50.882929 ms
  initialize_data_structures: 0.426159 ms
  run:                        11736.775226 ms
   performed iters:  6
   runtime per iter: 1956.129204 ms
  finalize_data_structures:   0.000531 ms

Measurement round 6 / 10
Time report:
  set_and_format_input_data:  51.077487 ms
  initialize_data_structures: 0.426199 ms
  run:                        11658.221559 ms
   performed iters:  6
   runtime per iter: 1943.036926 ms
  finalize_data_structures:   0.000521 ms

Measurement round 7 / 10
Time report:
  set_and_format_input_data:  50.015909 ms
  initialize_data_structures: 0.426050 ms
  run:                        11652.228497 ms
   performed iters:  6
   runtime per iter: 1942.038083 ms
  finalize_data_structures:   0.000401 ms

Measurement round 8 / 10
Time report:
  set_and_format_input_data:  50.052584 ms
  initialize_data_structures: 0.421472 ms
  run:                        11730.238134 ms
   performed iters:  6
   runtime per iter: 1955.039689 ms
  finalize_data_structures:   0.000480 ms

Measurement round 9 / 10
Time report:
  set_and_format_input_data:  51.221595 ms
  initialize_data_structures: 0.421583 ms
  run:                        11660.726747 ms
   performed iters:  6
   runtime per iter: 1943.454458 ms
  finalize_data_structures:   0.000470 ms

Measurement round 10 / 10
Time report:
  set_and_format_input_data:  50.885713 ms
  initialize_data_structures: 0.426800 ms
  run:                        11685.277048 ms
   performed iters:  6
   runtime per iter: 1947.546175 ms
  finalize_data_structures:   0.000491 ms

exp-20
next-experiment
Hello
Experiment Parameters:
  algorithm_name: gol-cpu-bitwise-cols-naive-64
  grid_dimensions: 4096x4096
  iterations: 100000
  base_grid_encoding: char
  max_runtime_seconds: 10
  warmup_rounds: 10
  measurement_rounds: 10
  data_loader_name: lexicon
  pattern_expression: spacefiller[2048,2048]
  measure_speedup: 0
  speedup_bench_algorithm_name: gol-cuda-naive
  validate: 0
  print_validation_diff: 0
  validation_algorithm_name: gol-cuda-naive
  animate_output: 0
  colorful: 0
  random_seed: 42
  state_bits_count: 32
  thread_block_size: 512
  warp_dims_x: 32
  warp_dims_y: 1
  warp_tile_dims_x: 32
  warp_tile_dims_y: 8
  streaming_direction: in-x

Loading data...              lexicon with pattern spacefiller[2048,2048]
  Data loaded in   605.955 ms

Warming up... 1 / 10
Warming up... 2 / 10
Warming up... 3 / 10
Warming up... 4 / 10
Warming up... 5 / 10
Warming up... 6 / 10
Warming up... 7 / 10
Warming up... 8 / 10
Warming up... 9 / 10
Warming up... 10 / 10


Running experiment...        gol-cpu-bitwise-cols-naive-64

Measurement round 1 / 10
Time report:
  set_and_format_input_data:  49.274728 ms
  initialize_data_structures: 0.400380 ms
  run:                        11698.291291 ms
   performed iters:  6
   runtime per iter: 1949.715215 ms
  finalize_data_structures:   0.000440 ms

Measurement round 2 / 10
Time report:
  set_and_format_input_data:  48.924285 ms
  initialize_data_structures: 0.213846 ms
  run:                        11696.030455 ms
   performed iters:  6
   runtime per iter: 1949.338409 ms
  finalize_data_structures:   0.000461 ms

Measurement round 3 / 10
Time report:
  set_and_format_input_data:  48.793636 ms
  initialize_data_structures: 0.213605 ms
  run:                        11699.686857 ms
   performed iters:  6
   runtime per iter: 1949.947810 ms
  finalize_data_structures:   0.000581 ms

Measurement round 4 / 10
Time report:
  set_and_format_input_data:  49.201717 ms
  initialize_data_structures: 0.611261 ms
  run:                        11708.434968 ms
   performed iters:  6
   runtime per iter: 1951.405828 ms
  finalize_data_structures:   0.000460 ms

Measurement round 5 / 10
Time report:
  set_and_format_input_data:  49.113603 ms
  initialize_data_structures: 0.214147 ms
  run:                        11706.799356 ms
   performed iters:  6
   runtime per iter: 1951.133226 ms
  finalize_data_structures:   0.000490 ms

Measurement round 6 / 10
Time report:
  set_and_format_input_data:  48.828329 ms
  initialize_data_structures: 0.214787 ms
  run:                        11706.482864 ms
   performed iters:  6
   runtime per iter: 1951.080477 ms
  finalize_data_structures:   0.000441 ms

Measurement round 7 / 10
Time report:
  set_and_format_input_data:  48.748527 ms
  initialize_data_structures: 0.213706 ms
  run:                        11710.526065 ms
   performed iters:  6
   runtime per iter: 1951.754344 ms
  finalize_data_structures:   0.000511 ms

Measurement round 8 / 10
Time report:
  set_and_format_input_data:  51.563566 ms
  initialize_data_structures: 0.554826 ms
  run:                        11713.837872 ms
   performed iters:  6
   runtime per iter: 1952.306312 ms
  finalize_data_structures:   0.000540 ms

Measurement round 9 / 10
Time report:
  set_and_format_input_data:  49.042234 ms
  initialize_data_structures: 0.213786 ms
  run:                        11711.505156 ms
   performed iters:  6
   runtime per iter: 1951.917526 ms
  finalize_data_structures:   0.000411 ms

Measurement round 10 / 10
Time report:
  set_and_format_input_data:  51.071107 ms
  initialize_data_structures: 0.214367 ms
  run:                        11705.620940 ms
   performed iters:  6
   runtime per iter: 1950.936823 ms
  finalize_data_structures:   0.000461 ms

exp-21
next-experiment
Hello
Experiment Parameters:
  algorithm_name: gol-cpu-bitwise-cols-macro-16
  grid_dimensions: 4096x4096
  iterations: 100000
  base_grid_encoding: char
  max_runtime_seconds: 10
  warmup_rounds: 10
  measurement_rounds: 10
  data_loader_name: lexicon
  pattern_expression: spacefiller[2048,2048]
  measure_speedup: 0
  speedup_bench_algorithm_name: gol-cuda-naive
  validate: 0
  print_validation_diff: 0
  validation_algorithm_name: gol-cuda-naive
  animate_output: 0
  colorful: 0
  random_seed: 42
  state_bits_count: 32
  thread_block_size: 512
  warp_dims_x: 32
  warp_dims_y: 1
  warp_tile_dims_x: 32
  warp_tile_dims_y: 8
  streaming_direction: in-x

Loading data...              lexicon with pattern spacefiller[2048,2048]
  Data loaded in   622.679 ms

Warming up... 1 / 10
Warming up... 2 / 10
Warming up... 3 / 10
Warming up... 4 / 10
Warming up... 5 / 10
Warming up... 6 / 10
Warming up... 7 / 10
Warming up... 8 / 10
Warming up... 9 / 10
Warming up... 10 / 10


Running experiment...        gol-cpu-bitwise-cols-macro-16

Measurement round 1 / 10
Time report:
  set_and_format_input_data:  60.426703 ms
  initialize_data_structures: 0.844296 ms
  run:                        10026.948836 ms
   performed iters:  78
   runtime per iter: 128.550626 ms
  finalize_data_structures:   0.000431 ms

Measurement round 2 / 10
Time report:
  set_and_format_input_data:  60.177022 ms
  initialize_data_structures: 0.841773 ms
  run:                        10034.278735 ms
   performed iters:  78
   runtime per iter: 128.644599 ms
  finalize_data_structures:   0.000511 ms

Measurement round 3 / 10
Time report:
  set_and_format_input_data:  60.557012 ms
  initialize_data_structures: 0.847863 ms
  run:                        10045.862998 ms
   performed iters:  78
   runtime per iter: 128.793115 ms
  finalize_data_structures:   0.000440 ms

Measurement round 4 / 10
Time report:
  set_and_format_input_data:  60.314172 ms
  initialize_data_structures: 0.842374 ms
  run:                        10034.239856 ms
   performed iters:  78
   runtime per iter: 128.644101 ms
  finalize_data_structures:   0.000411 ms

Measurement round 5 / 10
Time report:
  set_and_format_input_data:  60.071943 ms
  initialize_data_structures: 0.842443 ms
  run:                        10034.894464 ms
   performed iters:  78
   runtime per iter: 128.652493 ms
  finalize_data_structures:   0.000450 ms

Measurement round 6 / 10
Time report:
  set_and_format_input_data:  60.056349 ms
  initialize_data_structures: 0.844086 ms
  run:                        10030.594290 ms
   performed iters:  78
   runtime per iter: 128.597363 ms
  finalize_data_structures:   0.000531 ms

Measurement round 7 / 10
Time report:
  set_and_format_input_data:  60.586817 ms
  initialize_data_structures: 0.845569 ms
  run:                        10037.837499 ms
   performed iters:  78
   runtime per iter: 128.690224 ms
  finalize_data_structures:   0.000450 ms

Measurement round 8 / 10
Time report:
  set_and_format_input_data:  60.175490 ms
  initialize_data_structures: 0.842134 ms
  run:                        10040.248112 ms
   performed iters:  78
   runtime per iter: 128.721130 ms
  finalize_data_structures:   0.000521 ms

Measurement round 9 / 10
Time report:
  set_and_format_input_data:  60.056690 ms
  initialize_data_structures: 0.841903 ms
  run:                        10030.511962 ms
   performed iters:  78
   runtime per iter: 128.596307 ms
  finalize_data_structures:   0.000431 ms

Measurement round 10 / 10
Time report:
  set_and_format_input_data:  60.030004 ms
  initialize_data_structures: 0.842264 ms
  run:                        10032.854644 ms
   performed iters:  78
   runtime per iter: 128.626342 ms
  finalize_data_structures:   0.000531 ms

exp-22
next-experiment
Hello
Experiment Parameters:
  algorithm_name: gol-cpu-bitwise-cols-macro-32
  grid_dimensions: 4096x4096
  iterations: 100000
  base_grid_encoding: char
  max_runtime_seconds: 10
  warmup_rounds: 10
  measurement_rounds: 10
  data_loader_name: lexicon
  pattern_expression: spacefiller[2048,2048]
  measure_speedup: 0
  speedup_bench_algorithm_name: gol-cuda-naive
  validate: 0
  print_validation_diff: 0
  validation_algorithm_name: gol-cuda-naive
  animate_output: 0
  colorful: 0
  random_seed: 42
  state_bits_count: 32
  thread_block_size: 512
  warp_dims_x: 32
  warp_dims_y: 1
  warp_tile_dims_x: 32
  warp_tile_dims_y: 8
  streaming_direction: in-x

Loading data...              lexicon with pattern spacefiller[2048,2048]
  Data loaded in   601.149 ms

Warming up... 1 / 10
Warming up... 2 / 10
Warming up... 3 / 10
Warming up... 4 / 10
Warming up... 5 / 10
Warming up... 6 / 10
Warming up... 7 / 10
Warming up... 8 / 10
Warming up... 9 / 10
Warming up... 10 / 10


Running experiment...        gol-cpu-bitwise-cols-macro-32

Measurement round 1 / 10
Time report:
  set_and_format_input_data:  52.916164 ms
  initialize_data_structures: 0.434092 ms
  run:                        10028.000758 ms
   performed iters:  142
   runtime per iter: 70.619724 ms
  finalize_data_structures:   0.000601 ms

Measurement round 2 / 10
Time report:
  set_and_format_input_data:  53.159073 ms
  initialize_data_structures: 0.421402 ms
  run:                        10035.903680 ms
   performed iters:  142
   runtime per iter: 70.675378 ms
  finalize_data_structures:   0.000821 ms

Measurement round 3 / 10
Time report:
  set_and_format_input_data:  53.690544 ms
  initialize_data_structures: 0.422834 ms
  run:                        10039.830695 ms
   performed iters:  142
   runtime per iter: 70.703033 ms
  finalize_data_structures:   0.000611 ms

Measurement round 4 / 10
Time report:
  set_and_format_input_data:  52.519058 ms
  initialize_data_structures: 0.421652 ms
  run:                        10033.000797 ms
   performed iters:  142
   runtime per iter: 70.654935 ms
  finalize_data_structures:   0.000591 ms

Measurement round 5 / 10
Time report:
  set_and_format_input_data:  52.821419 ms
  initialize_data_structures: 0.447762 ms
  run:                        10067.854067 ms
   performed iters:  145
   runtime per iter: 69.433476 ms
  finalize_data_structures:   0.000641 ms

Measurement round 6 / 10
Time report:
  set_and_format_input_data:  52.778954 ms
  initialize_data_structures: 0.432940 ms
  run:                        10029.029305 ms
   performed iters:  142
   runtime per iter: 70.626967 ms
  finalize_data_structures:   0.000911 ms

Measurement round 7 / 10
Time report:
  set_and_format_input_data:  53.369755 ms
  initialize_data_structures: 0.432319 ms
  run:                        10032.624914 ms
   performed iters:  142
   runtime per iter: 70.652288 ms
  finalize_data_structures:   0.000611 ms

Measurement round 8 / 10
Time report:
  set_and_format_input_data:  53.046642 ms
  initialize_data_structures: 0.456495 ms
  run:                        10030.159116 ms
   performed iters:  142
   runtime per iter: 70.634923 ms
  finalize_data_structures:   0.000641 ms

Measurement round 9 / 10
Time report:
  set_and_format_input_data:  52.976125 ms
  initialize_data_structures: 0.432829 ms
  run:                        10022.593698 ms
   performed iters:  142
   runtime per iter: 70.581646 ms
  finalize_data_structures:   0.000701 ms

Measurement round 10 / 10
Time report:
  set_and_format_input_data:  52.723880 ms
  initialize_data_structures: 0.422794 ms
  run:                        10028.686172 ms
   performed iters:  142
   runtime per iter: 70.624551 ms
  finalize_data_structures:   0.000841 ms

exp-23
next-experiment
Hello
Experiment Parameters:
  algorithm_name: gol-cpu-bitwise-cols-macro-64
  grid_dimensions: 4096x4096
  iterations: 100000
  base_grid_encoding: char
  max_runtime_seconds: 10
  warmup_rounds: 10
  measurement_rounds: 10
  data_loader_name: lexicon
  pattern_expression: spacefiller[2048,2048]
  measure_speedup: 0
  speedup_bench_algorithm_name: gol-cuda-naive
  validate: 0
  print_validation_diff: 0
  validation_algorithm_name: gol-cuda-naive
  animate_output: 0
  colorful: 0
  random_seed: 42
  state_bits_count: 32
  thread_block_size: 512
  warp_dims_x: 32
  warp_dims_y: 1
  warp_tile_dims_x: 32
  warp_tile_dims_y: 8
  streaming_direction: in-x

Loading data...              lexicon with pattern spacefiller[2048,2048]
  Data loaded in   617.905 ms

Warming up... 1 / 10
Warming up... 2 / 10
Warming up... 3 / 10
Warming up... 4 / 10
Warming up... 5 / 10
Warming up... 6 / 10
Warming up... 7 / 10
Warming up... 8 / 10
Warming up... 9 / 10
Warming up... 10 / 10


Running experiment...        gol-cpu-bitwise-cols-macro-64

Measurement round 1 / 10
Time report:
  set_and_format_input_data:  51.126727 ms
  initialize_data_structures: 0.215639 ms
  run:                        10029.841943 ms
   performed iters:  233
   runtime per iter: 43.046532 ms
  finalize_data_structures:   0.000621 ms

Measurement round 2 / 10
Time report:
  set_and_format_input_data:  51.872393 ms
  initialize_data_structures: 0.215388 ms
  run:                        10031.875983 ms
   performed iters:  233
   runtime per iter: 43.055262 ms
  finalize_data_structures:   0.000632 ms

Measurement round 3 / 10
Time report:
  set_and_format_input_data:  51.872073 ms
  initialize_data_structures: 0.833800 ms
  run:                        10031.522053 ms
   performed iters:  233
   runtime per iter: 43.053743 ms
  finalize_data_structures:   0.000561 ms

Measurement round 4 / 10
Time report:
  set_and_format_input_data:  51.201230 ms
  initialize_data_structures: 0.215628 ms
  run:                        10028.021409 ms
   performed iters:  233
   runtime per iter: 43.038718 ms
  finalize_data_structures:   0.000561 ms

Measurement round 5 / 10
Time report:
  set_and_format_input_data:  51.166067 ms
  initialize_data_structures: 0.214917 ms
  run:                        10030.619648 ms
   performed iters:  233
   runtime per iter: 43.049870 ms
  finalize_data_structures:   0.000611 ms

Measurement round 6 / 10
Time report:
  set_and_format_input_data:  51.139647 ms
  initialize_data_structures: 0.214367 ms
  run:                        10032.865571 ms
   performed iters:  233
   runtime per iter: 43.059509 ms
  finalize_data_structures:   0.000811 ms

Measurement round 7 / 10
Time report:
  set_and_format_input_data:  51.637325 ms
  initialize_data_structures: 0.214777 ms
  run:                        10027.678998 ms
   performed iters:  233
   runtime per iter: 43.037249 ms
  finalize_data_structures:   0.000561 ms

Measurement round 8 / 10
Time report:
  set_and_format_input_data:  51.178266 ms
  initialize_data_structures: 0.215078 ms
  run:                        10029.102847 ms
   performed iters:  233
   runtime per iter: 43.043360 ms
  finalize_data_structures:   0.000631 ms

Measurement round 9 / 10
Time report:
  set_and_format_input_data:  51.109111 ms
  initialize_data_structures: 0.214898 ms
  run:                        10032.163951 ms
   performed iters:  233
   runtime per iter: 43.056498 ms
  finalize_data_structures:   0.000601 ms

Measurement round 10 / 10
Time report:
  set_and_format_input_data:  51.172116 ms
  initialize_data_structures: 0.214757 ms
  run:                        10028.861250 ms
   performed iters:  233
   runtime per iter: 43.042323 ms
  finalize_data_structures:   0.000731 ms

