Starting job 139836
Node:  hopper01
ARGS: 
WORKER_ID: 
exp-24
next-experiment
Hello
Experiment Parameters:
  algorithm_name: gol-cpu-naive
  grid_dimensions: 8192x8192
  iterations: 100000
  base_grid_encoding: char
  max_runtime_seconds: 10
  warmup_rounds: 10
  measurement_rounds: 10
  data_loader_name: lexicon
  pattern_expression: spacefiller[4096,4096]
  measure_speedup: 0
  speedup_bench_algorithm_name: gol-cuda-naive
  validate: 0
  print_validation_diff: 0
  validation_algorithm_name: gol-cuda-naive
  animate_output: 0
  colorful: 0
  random_seed: 42
  state_bits_count: 32
  thread_block_size: 512
  warp_dims_x: 32
  warp_dims_y: 1
  warp_tile_dims_x: 32
  warp_tile_dims_y: 8
  streaming_direction: in-x

Loading data...              lexicon with pattern spacefiller[4096,4096]
  Data loaded in   659.863 ms

Warming up... 1 / 10
Warming up... 2 / 10
Warming up... 3 / 10
Warming up... 4 / 10
Warming up... 5 / 10
Warming up... 6 / 10
Warming up... 7 / 10
Warming up... 8 / 10
Warming up... 9 / 10
Warming up... 10 / 10


Running experiment...        gol-cpu-naive

Measurement round 1 / 10
Time report:
  set_and_format_input_data:  3.539034 ms
  initialize_data_structures: 3.543151 ms
  run:                        18909.451595 ms
   performed iters:  1
   runtime per iter: 18909.451595 ms
  finalize_data_structures:   0.000501 ms

Measurement round 2 / 10
Time report:
  set_and_format_input_data:  3.600067 ms
  initialize_data_structures: 3.577312 ms
  run:                        18916.463882 ms
   performed iters:  1
   runtime per iter: 18916.463882 ms
  finalize_data_structures:   0.000531 ms

Measurement round 3 / 10
Time report:
  set_and_format_input_data:  3.565104 ms
  initialize_data_structures: 3.573115 ms
  run:                        18918.705515 ms
   performed iters:  1
   runtime per iter: 18918.705515 ms
  finalize_data_structures:   0.000511 ms

Measurement round 4 / 10
Time report:
  set_and_format_input_data:  3.558753 ms
  initialize_data_structures: 3.544742 ms
  run:                        18960.847484 ms
   performed iters:  1
   runtime per iter: 18960.847484 ms
  finalize_data_structures:   0.000521 ms

Measurement round 5 / 10
Time report:
  set_and_format_input_data:  3.593486 ms
  initialize_data_structures: 3.578554 ms
  run:                        18963.806965 ms
   performed iters:  1
   runtime per iter: 18963.806965 ms
  finalize_data_structures:   0.000460 ms

Measurement round 6 / 10
Time report:
  set_and_format_input_data:  3.594829 ms
  initialize_data_structures: 3.567788 ms
  run:                        18955.619967 ms
   performed iters:  1
   runtime per iter: 18955.619967 ms
  finalize_data_structures:   0.000480 ms

Measurement round 7 / 10
Time report:
  set_and_format_input_data:  3.519694 ms
  initialize_data_structures: 3.573887 ms
  run:                        18957.473901 ms
   performed iters:  1
   runtime per iter: 18957.473901 ms
  finalize_data_structures:   0.000540 ms

Measurement round 8 / 10
Time report:
  set_and_format_input_data:  3.572404 ms
  initialize_data_structures: 3.561398 ms
  run:                        18964.813137 ms
   performed iters:  1
   runtime per iter: 18964.813137 ms
  finalize_data_structures:   0.000421 ms

Measurement round 9 / 10
Time report:
  set_and_format_input_data:  3.528347 ms
  initialize_data_structures: 3.545584 ms
  run:                        18947.263721 ms
   performed iters:  1
   runtime per iter: 18947.263721 ms
  finalize_data_structures:   0.000671 ms

Measurement round 10 / 10
Time report:
  set_and_format_input_data:  3.569600 ms
  initialize_data_structures: 3.564453 ms
  run:                        18950.113304 ms
   performed iters:  1
   runtime per iter: 18950.113304 ms
  finalize_data_structures:   0.000491 ms

exp-25
next-experiment
Hello
Experiment Parameters:
  algorithm_name: gol-cpu-naive
  grid_dimensions: 8192x8192
  iterations: 100000
  base_grid_encoding: int
  max_runtime_seconds: 10
  warmup_rounds: 10
  measurement_rounds: 10
  data_loader_name: lexicon
  pattern_expression: spacefiller[4096,4096]
  measure_speedup: 0
  speedup_bench_algorithm_name: gol-cuda-naive
  validate: 0
  print_validation_diff: 0
  validation_algorithm_name: gol-cuda-naive
  animate_output: 0
  colorful: 0
  random_seed: 42
  state_bits_count: 32
  thread_block_size: 512
  warp_dims_x: 32
  warp_dims_y: 1
  warp_tile_dims_x: 32
  warp_tile_dims_y: 8
  streaming_direction: in-x

Loading data...              lexicon with pattern spacefiller[4096,4096]
  Data loaded in   703 ms

Warming up... 1 / 10
Warming up... 2 / 10
Warming up... 3 / 10
Warming up... 4 / 10
Warming up... 5 / 10
Warming up... 6 / 10
Warming up... 7 / 10
Warming up... 8 / 10
Warming up... 9 / 10
Warming up... 10 / 10


Running experiment...        gol-cpu-naive

Measurement round 1 / 10
Time report:
  set_and_format_input_data:  14.229427 ms
  initialize_data_structures: 14.514791 ms
  run:                        17142.891278 ms
   performed iters:  1
   runtime per iter: 17142.891278 ms
  finalize_data_structures:   0.000511 ms

Measurement round 2 / 10
Time report:
  set_and_format_input_data:  14.118177 ms
  initialize_data_structures: 14.568554 ms
  run:                        17050.337398 ms
   performed iters:  1
   runtime per iter: 17050.337398 ms
  finalize_data_structures:   0.000471 ms

Measurement round 3 / 10
Time report:
  set_and_format_input_data:  14.123036 ms
  initialize_data_structures: 14.595114 ms
  run:                        17041.041820 ms
   performed iters:  1
   runtime per iter: 17041.041820 ms
  finalize_data_structures:   0.000691 ms

Measurement round 4 / 10
Time report:
  set_and_format_input_data:  14.320716 ms
  initialize_data_structures: 14.574233 ms
  run:                        17033.102110 ms
   performed iters:  1
   runtime per iter: 17033.102110 ms
  finalize_data_structures:   0.000531 ms

Measurement round 5 / 10
Time report:
  set_and_format_input_data:  14.171438 ms
  initialize_data_structures: 14.593041 ms
  run:                        17043.540959 ms
   performed iters:  1
   runtime per iter: 17043.540959 ms
  finalize_data_structures:   0.000451 ms

Measurement round 6 / 10
Time report:
  set_and_format_input_data:  14.130886 ms
  initialize_data_structures: 14.571058 ms
  run:                        17055.478954 ms
   performed iters:  1
   runtime per iter: 17055.478954 ms
  finalize_data_structures:   0.000481 ms

Measurement round 7 / 10
Time report:
  set_and_format_input_data:  14.217869 ms
  initialize_data_structures: 14.504827 ms
  run:                        17061.177349 ms
   performed iters:  1
   runtime per iter: 17061.177349 ms
  finalize_data_structures:   0.000491 ms

Measurement round 8 / 10
Time report:
  set_and_format_input_data:  14.113281 ms
  initialize_data_structures: 14.531577 ms
  run:                        17050.290062 ms
   performed iters:  1
   runtime per iter: 17050.290062 ms
  finalize_data_structures:   0.000481 ms

Measurement round 9 / 10
Time report:
  set_and_format_input_data:  14.182054 ms
  initialize_data_structures: 14.593661 ms
  run:                        17052.844957 ms
   performed iters:  1
   runtime per iter: 17052.844957 ms
  finalize_data_structures:   0.000541 ms

Measurement round 10 / 10
Time report:
  set_and_format_input_data:  14.078987 ms
  initialize_data_structures: 14.533970 ms
  run:                        17039.934512 ms
   performed iters:  1
   runtime per iter: 17039.934512 ms
  finalize_data_structures:   0.000531 ms

exp-26
next-experiment
Hello
Experiment Parameters:
  algorithm_name: gol-cpu-bitwise-cols-naive-16
  grid_dimensions: 8192x8192
  iterations: 100000
  base_grid_encoding: char
  max_runtime_seconds: 10
  warmup_rounds: 10
  measurement_rounds: 10
  data_loader_name: lexicon
  pattern_expression: spacefiller[4096,4096]
  measure_speedup: 0
  speedup_bench_algorithm_name: gol-cuda-naive
  validate: 0
  print_validation_diff: 0
  validation_algorithm_name: gol-cuda-naive
  animate_output: 0
  colorful: 0
  random_seed: 42
  state_bits_count: 32
  thread_block_size: 512
  warp_dims_x: 32
  warp_dims_y: 1
  warp_tile_dims_x: 32
  warp_tile_dims_y: 8
  streaming_direction: in-x

Loading data...              lexicon with pattern spacefiller[4096,4096]
  Data loaded in   635.488 ms

Warming up... 1 / 10
Warming up... 2 / 10
Warming up... 3 / 10
Warming up... 4 / 10
Warming up... 5 / 10
Warming up... 6 / 10
Warming up... 7 / 10
Warming up... 8 / 10
Warming up... 9 / 10
Warming up... 10 / 10


Running experiment...        gol-cpu-bitwise-cols-naive-16

Measurement round 1 / 10
Time report:
  set_and_format_input_data:  242.115569 ms
  initialize_data_structures: 4.183586 ms
  run:                        15060.411888 ms
   performed iters:  2
   runtime per iter: 7530.205944 ms
  finalize_data_structures:   0.000581 ms

Measurement round 2 / 10
Time report:
  set_and_format_input_data:  261.430836 ms
  initialize_data_structures: 3.790807 ms
  run:                        10818.073270 ms
   performed iters:  1
   runtime per iter: 10818.073270 ms
  finalize_data_structures:   0.000480 ms

Measurement round 3 / 10
Time report:
  set_and_format_input_data:  242.014705 ms
  initialize_data_structures: 4.437002 ms
  run:                        18356.102427 ms
   performed iters:  2
   runtime per iter: 9178.051214 ms
  finalize_data_structures:   0.000471 ms

Measurement round 4 / 10
Time report:
  set_and_format_input_data:  241.383814 ms
  initialize_data_structures: 3.344277 ms
  run:                        15054.897064 ms
   performed iters:  2
   runtime per iter: 7527.448532 ms
  finalize_data_structures:   0.000500 ms

Measurement round 5 / 10
Time report:
  set_and_format_input_data:  261.103306 ms
  initialize_data_structures: 3.354633 ms
  run:                        10752.265147 ms
   performed iters:  1
   runtime per iter: 10752.265147 ms
  finalize_data_structures:   0.000441 ms

Measurement round 6 / 10
Time report:
  set_and_format_input_data:  241.580533 ms
  initialize_data_structures: 3.343876 ms
  run:                        18360.080710 ms
   performed iters:  2
   runtime per iter: 9180.040355 ms
  finalize_data_structures:   0.000441 ms

Measurement round 7 / 10
Time report:
  set_and_format_input_data:  241.413880 ms
  initialize_data_structures: 3.352188 ms
  run:                        15047.179342 ms
   performed iters:  2
   runtime per iter: 7523.589671 ms
  finalize_data_structures:   0.000420 ms

Measurement round 8 / 10
Time report:
  set_and_format_input_data:  260.305390 ms
  initialize_data_structures: 3.347722 ms
  run:                        10788.833699 ms
   performed iters:  1
   runtime per iter: 10788.833699 ms
  finalize_data_structures:   0.000511 ms

Measurement round 9 / 10
Time report:
  set_and_format_input_data:  242.433294 ms
  initialize_data_structures: 3.342253 ms
  run:                        18377.841168 ms
   performed iters:  2
   runtime per iter: 9188.920584 ms
  finalize_data_structures:   0.000441 ms

Measurement round 10 / 10
Time report:
  set_and_format_input_data:  241.374509 ms
  initialize_data_structures: 3.341903 ms
  run:                        15053.158354 ms
   performed iters:  2
   runtime per iter: 7526.579177 ms
  finalize_data_structures:   0.000430 ms

exp-27
next-experiment
Hello
Experiment Parameters:
  algorithm_name: gol-cpu-bitwise-cols-naive-32
  grid_dimensions: 8192x8192
  iterations: 100000
  base_grid_encoding: char
  max_runtime_seconds: 10
  warmup_rounds: 10
  measurement_rounds: 10
  data_loader_name: lexicon
  pattern_expression: spacefiller[4096,4096]
  measure_speedup: 0
  speedup_bench_algorithm_name: gol-cuda-naive
  validate: 0
  print_validation_diff: 0
  validation_algorithm_name: gol-cuda-naive
  animate_output: 0
  colorful: 0
  random_seed: 42
  state_bits_count: 32
  thread_block_size: 512
  warp_dims_x: 32
  warp_dims_y: 1
  warp_tile_dims_x: 32
  warp_tile_dims_y: 8
  streaming_direction: in-x

Loading data...              lexicon with pattern spacefiller[4096,4096]
  Data loaded in   610.184 ms

Warming up... 1 / 10
Warming up... 2 / 10
Warming up... 3 / 10
Warming up... 4 / 10
Warming up... 5 / 10
Warming up... 6 / 10
Warming up... 7 / 10
Warming up... 8 / 10
Warming up... 9 / 10
Warming up... 10 / 10


Running experiment...        gol-cpu-bitwise-cols-naive-32

Measurement round 1 / 10
Time report:
  set_and_format_input_data:  205.660340 ms
  initialize_data_structures: 1.677527 ms
  run:                        15650.113255 ms
   performed iters:  2
   runtime per iter: 7825.056628 ms
  finalize_data_structures:   0.000400 ms

Measurement round 2 / 10
Time report:
  set_and_format_input_data:  206.386858 ms
  initialize_data_structures: 1.686731 ms
  run:                        15684.803134 ms
   performed iters:  2
   runtime per iter: 7842.401567 ms
  finalize_data_structures:   0.000441 ms

Measurement round 3 / 10
Time report:
  set_and_format_input_data:  205.670145 ms
  initialize_data_structures: 2.765094 ms
  run:                        15645.634720 ms
   performed iters:  2
   runtime per iter: 7822.817360 ms
  finalize_data_structures:   0.000461 ms

Measurement round 4 / 10
Time report:
  set_and_format_input_data:  205.695323 ms
  initialize_data_structures: 1.681322 ms
  run:                        15650.507514 ms
   performed iters:  2
   runtime per iter: 7825.253757 ms
  finalize_data_structures:   0.000491 ms

Measurement round 5 / 10
Time report:
  set_and_format_input_data:  205.105595 ms
  initialize_data_structures: 1.677026 ms
  run:                        15682.155356 ms
   performed iters:  2
   runtime per iter: 7841.077678 ms
  finalize_data_structures:   0.000391 ms

Measurement round 6 / 10
Time report:
  set_and_format_input_data:  205.265799 ms
  initialize_data_structures: 1.682884 ms
  run:                        15643.927495 ms
   performed iters:  2
   runtime per iter: 7821.963747 ms
  finalize_data_structures:   0.000421 ms

Measurement round 7 / 10
Time report:
  set_and_format_input_data:  205.171126 ms
  initialize_data_structures: 1.677166 ms
  run:                        15646.022308 ms
   performed iters:  2
   runtime per iter: 7823.011154 ms
  finalize_data_structures:   0.000491 ms

Measurement round 8 / 10
Time report:
  set_and_format_input_data:  205.793864 ms
  initialize_data_structures: 1.682094 ms
  run:                        15697.232634 ms
   performed iters:  2
   runtime per iter: 7848.616317 ms
  finalize_data_structures:   0.000390 ms

Measurement round 9 / 10
Time report:
  set_and_format_input_data:  205.191245 ms
  initialize_data_structures: 1.681192 ms
  run:                        15647.873249 ms
   performed iters:  2
   runtime per iter: 7823.936625 ms
  finalize_data_structures:   0.000391 ms

Measurement round 10 / 10
Time report:
  set_and_format_input_data:  205.103953 ms
  initialize_data_structures: 1.680611 ms
  run:                        15645.363494 ms
   performed iters:  2
   runtime per iter: 7822.681747 ms
  finalize_data_structures:   0.000420 ms

exp-28
next-experiment
Hello
Experiment Parameters:
  algorithm_name: gol-cpu-bitwise-cols-naive-64
  grid_dimensions: 8192x8192
  iterations: 100000
  base_grid_encoding: char
  max_runtime_seconds: 10
  warmup_rounds: 10
  measurement_rounds: 10
  data_loader_name: lexicon
  pattern_expression: spacefiller[4096,4096]
  measure_speedup: 0
  speedup_bench_algorithm_name: gol-cuda-naive
  validate: 0
  print_validation_diff: 0
  validation_algorithm_name: gol-cuda-naive
  animate_output: 0
  colorful: 0
  random_seed: 42
  state_bits_count: 32
  thread_block_size: 512
  warp_dims_x: 32
  warp_dims_y: 1
  warp_tile_dims_x: 32
  warp_tile_dims_y: 8
  streaming_direction: in-x

Loading data...              lexicon with pattern spacefiller[4096,4096]
  Data loaded in   602.318 ms

Warming up... 1 / 10
Warming up... 2 / 10
Warming up... 3 / 10
Warming up... 4 / 10
Warming up... 5 / 10
Warming up... 6 / 10
Warming up... 7 / 10
Warming up... 8 / 10
Warming up... 9 / 10
Warming up... 10 / 10


Running experiment...        gol-cpu-bitwise-cols-naive-64

Measurement round 1 / 10
Time report:
  set_and_format_input_data:  204.494394 ms
  initialize_data_structures: 1.253841 ms
  run:                        15470.057764 ms
   performed iters:  2
   runtime per iter: 7735.028882 ms
  finalize_data_structures:   0.000521 ms

Measurement round 2 / 10
Time report:
  set_and_format_input_data:  195.577134 ms
  initialize_data_structures: 1.058603 ms
  run:                        15437.038521 ms
   performed iters:  2
   runtime per iter: 7718.519261 ms
  finalize_data_structures:   0.000461 ms

Measurement round 3 / 10
Time report:
  set_and_format_input_data:  204.022735 ms
  initialize_data_structures: 1.943752 ms
  run:                        15408.383772 ms
   performed iters:  2
   runtime per iter: 7704.191886 ms
  finalize_data_structures:   0.000530 ms

Measurement round 4 / 10
Time report:
  set_and_format_input_data:  204.062686 ms
  initialize_data_structures: 1.198947 ms
  run:                        15406.777133 ms
   performed iters:  2
   runtime per iter: 7703.388566 ms
  finalize_data_structures:   0.000531 ms

Measurement round 5 / 10
Time report:
  set_and_format_input_data:  203.371082 ms
  initialize_data_structures: 0.848033 ms
  run:                        15436.856585 ms
   performed iters:  2
   runtime per iter: 7718.428292 ms
  finalize_data_structures:   0.000430 ms

Measurement round 6 / 10
Time report:
  set_and_format_input_data:  203.619831 ms
  initialize_data_structures: 0.841342 ms
  run:                        15412.913896 ms
   performed iters:  2
   runtime per iter: 7706.456948 ms
  finalize_data_structures:   0.000500 ms

Measurement round 7 / 10
Time report:
  set_and_format_input_data:  203.503124 ms
  initialize_data_structures: 0.847191 ms
  run:                        15417.054937 ms
   performed iters:  2
   runtime per iter: 7708.527469 ms
  finalize_data_structures:   0.000530 ms

Measurement round 8 / 10
Time report:
  set_and_format_input_data:  203.774357 ms
  initialize_data_structures: 0.915015 ms
  run:                        15428.127301 ms
   performed iters:  2
   runtime per iter: 7714.063651 ms
  finalize_data_structures:   0.000441 ms

Measurement round 9 / 10
Time report:
  set_and_format_input_data:  203.980642 ms
  initialize_data_structures: 0.845539 ms
  run:                        15417.510802 ms
   performed iters:  2
   runtime per iter: 7708.755401 ms
  finalize_data_structures:   0.000521 ms

Measurement round 10 / 10
Time report:
  set_and_format_input_data:  203.160030 ms
  initialize_data_structures: 0.846470 ms
  run:                        15417.914296 ms
   performed iters:  2
   runtime per iter: 7708.957148 ms
  finalize_data_structures:   0.000461 ms

exp-29
next-experiment
Hello
Experiment Parameters:
  algorithm_name: gol-cpu-bitwise-cols-macro-16
  grid_dimensions: 8192x8192
  iterations: 100000
  base_grid_encoding: char
  max_runtime_seconds: 10
  warmup_rounds: 10
  measurement_rounds: 10
  data_loader_name: lexicon
  pattern_expression: spacefiller[4096,4096]
  measure_speedup: 0
  speedup_bench_algorithm_name: gol-cuda-naive
  validate: 0
  print_validation_diff: 0
  validation_algorithm_name: gol-cuda-naive
  animate_output: 0
  colorful: 0
  random_seed: 42
  state_bits_count: 32
  thread_block_size: 512
  warp_dims_x: 32
  warp_dims_y: 1
  warp_tile_dims_x: 32
  warp_tile_dims_y: 8
  streaming_direction: in-x

Loading data...              lexicon with pattern spacefiller[4096,4096]
  Data loaded in   628.555 ms

Warming up... 1 / 10
Warming up... 2 / 10
Warming up... 3 / 10
Warming up... 4 / 10
Warming up... 5 / 10
Warming up... 6 / 10
Warming up... 7 / 10
Warming up... 8 / 10
Warming up... 9 / 10
Warming up... 10 / 10


Running experiment...        gol-cpu-bitwise-cols-macro-16

Measurement round 1 / 10
Time report:
  set_and_format_input_data:  241.044555 ms
  initialize_data_structures: 3.346729 ms
  run:                        10289.491605 ms
   performed iters:  20
   runtime per iter: 514.474580 ms
  finalize_data_structures:   0.000441 ms

Measurement round 2 / 10
Time report:
  set_and_format_input_data:  242.648699 ms
  initialize_data_structures: 3.347752 ms
  run:                        10291.242543 ms
   performed iters:  20
   runtime per iter: 514.562127 ms
  finalize_data_structures:   0.000580 ms

Measurement round 3 / 10
Time report:
  set_and_format_input_data:  243.410420 ms
  initialize_data_structures: 4.484092 ms
  run:                        10284.855060 ms
   performed iters:  20
   runtime per iter: 514.242753 ms
  finalize_data_structures:   0.000481 ms

Measurement round 4 / 10
Time report:
  set_and_format_input_data:  241.438445 ms
  initialize_data_structures: 3.344977 ms
  run:                        10295.461281 ms
   performed iters:  20
   runtime per iter: 514.773064 ms
  finalize_data_structures:   0.000481 ms

Measurement round 5 / 10
Time report:
  set_and_format_input_data:  241.306394 ms
  initialize_data_structures: 3.343915 ms
  run:                        10299.440304 ms
   performed iters:  20
   runtime per iter: 514.972015 ms
  finalize_data_structures:   0.000491 ms

Measurement round 6 / 10
Time report:
  set_and_format_input_data:  242.227106 ms
  initialize_data_structures: 3.343784 ms
  run:                        10299.487326 ms
   performed iters:  20
   runtime per iter: 514.974366 ms
  finalize_data_structures:   0.000470 ms

Measurement round 7 / 10
Time report:
  set_and_format_input_data:  241.543916 ms
  initialize_data_structures: 3.348892 ms
  run:                        10291.161088 ms
   performed iters:  20
   runtime per iter: 514.558054 ms
  finalize_data_structures:   0.000471 ms

Measurement round 8 / 10
Time report:
  set_and_format_input_data:  241.619881 ms
  initialize_data_structures: 3.344396 ms
  run:                        10289.921981 ms
   performed iters:  20
   runtime per iter: 514.496099 ms
  finalize_data_structures:   0.000441 ms

Measurement round 9 / 10
Time report:
  set_and_format_input_data:  241.225200 ms
  initialize_data_structures: 3.343975 ms
  run:                        10287.701908 ms
   performed iters:  20
   runtime per iter: 514.385095 ms
  finalize_data_structures:   0.000540 ms

Measurement round 10 / 10
Time report:
  set_and_format_input_data:  241.703288 ms
  initialize_data_structures: 3.346800 ms
  run:                        10285.421683 ms
   performed iters:  20
   runtime per iter: 514.271084 ms
  finalize_data_structures:   0.000521 ms

exp-30
next-experiment
Hello
Experiment Parameters:
  algorithm_name: gol-cpu-bitwise-cols-macro-32
  grid_dimensions: 8192x8192
  iterations: 100000
  base_grid_encoding: char
  max_runtime_seconds: 10
  warmup_rounds: 10
  measurement_rounds: 10
  data_loader_name: lexicon
  pattern_expression: spacefiller[4096,4096]
  measure_speedup: 0
  speedup_bench_algorithm_name: gol-cuda-naive
  validate: 0
  print_validation_diff: 0
  validation_algorithm_name: gol-cuda-naive
  animate_output: 0
  colorful: 0
  random_seed: 42
  state_bits_count: 32
  thread_block_size: 512
  warp_dims_x: 32
  warp_dims_y: 1
  warp_tile_dims_x: 32
  warp_tile_dims_y: 8
  streaming_direction: in-x

Loading data...              lexicon with pattern spacefiller[4096,4096]
  Data loaded in   635.096 ms

Warming up... 1 / 10
Warming up... 2 / 10
Warming up... 3 / 10
Warming up... 4 / 10
Warming up... 5 / 10
Warming up... 6 / 10
Warming up... 7 / 10
Warming up... 8 / 10
Warming up... 9 / 10
Warming up... 10 / 10


Running experiment...        gol-cpu-bitwise-cols-macro-32

Measurement round 1 / 10
Time report:
  set_and_format_input_data:  205.472783 ms
  initialize_data_structures: 1.676604 ms
  run:                        10172.190651 ms
   performed iters:  37
   runtime per iter: 274.924072 ms
  finalize_data_structures:   0.000430 ms

Measurement round 2 / 10
Time report:
  set_and_format_input_data:  206.788148 ms
  initialize_data_structures: 1.681733 ms
  run:                        10166.774688 ms
   performed iters:  37
   runtime per iter: 274.777694 ms
  finalize_data_structures:   0.000581 ms

Measurement round 3 / 10
Time report:
  set_and_format_input_data:  206.973540 ms
  initialize_data_structures: 2.814679 ms
  run:                        10170.777938 ms
   performed iters:  37
   runtime per iter: 274.885890 ms
  finalize_data_structures:   0.000471 ms

Measurement round 4 / 10
Time report:
  set_and_format_input_data:  205.508317 ms
  initialize_data_structures: 1.684136 ms
  run:                        10171.979559 ms
   performed iters:  37
   runtime per iter: 274.918366 ms
  finalize_data_structures:   0.000511 ms

Measurement round 5 / 10
Time report:
  set_and_format_input_data:  205.548089 ms
  initialize_data_structures: 1.675703 ms
  run:                        10177.298724 ms
   performed iters:  37
   runtime per iter: 275.062128 ms
  finalize_data_structures:   0.000541 ms

Measurement round 6 / 10
Time report:
  set_and_format_input_data:  206.755929 ms
  initialize_data_structures: 1.683105 ms
  run:                        10160.379664 ms
   performed iters:  37
   runtime per iter: 274.604856 ms
  finalize_data_structures:   0.000441 ms

Measurement round 7 / 10
Time report:
  set_and_format_input_data:  205.535779 ms
  initialize_data_structures: 1.678978 ms
  run:                        10171.083042 ms
   performed iters:  37
   runtime per iter: 274.894136 ms
  finalize_data_structures:   0.000481 ms

Measurement round 8 / 10
Time report:
  set_and_format_input_data:  205.564623 ms
  initialize_data_structures: 1.682013 ms
  run:                        10160.618998 ms
   performed iters:  37
   runtime per iter: 274.611324 ms
  finalize_data_structures:   0.000461 ms

Measurement round 9 / 10
Time report:
  set_and_format_input_data:  205.478362 ms
  initialize_data_structures: 1.681182 ms
  run:                        10158.671581 ms
   performed iters:  37
   runtime per iter: 274.558691 ms
  finalize_data_structures:   0.000431 ms

Measurement round 10 / 10
Time report:
  set_and_format_input_data:  205.553717 ms
  initialize_data_structures: 1.682043 ms
  run:                        10184.933737 ms
   performed iters:  37
   runtime per iter: 275.268479 ms
  finalize_data_structures:   0.000511 ms

exp-31
next-experiment
Hello
Experiment Parameters:
  algorithm_name: gol-cpu-bitwise-cols-macro-64
  grid_dimensions: 8192x8192
  iterations: 100000
  base_grid_encoding: char
  max_runtime_seconds: 10
  warmup_rounds: 10
  measurement_rounds: 10
  data_loader_name: lexicon
  pattern_expression: spacefiller[4096,4096]
  measure_speedup: 0
  speedup_bench_algorithm_name: gol-cuda-naive
  validate: 0
  print_validation_diff: 0
  validation_algorithm_name: gol-cuda-naive
  animate_output: 0
  colorful: 0
  random_seed: 42
  state_bits_count: 32
  thread_block_size: 512
  warp_dims_x: 32
  warp_dims_y: 1
  warp_tile_dims_x: 32
  warp_tile_dims_y: 8
  streaming_direction: in-x

Loading data...              lexicon with pattern spacefiller[4096,4096]
  Data loaded in   626.138 ms

Warming up... 1 / 10
Warming up... 2 / 10
Warming up... 3 / 10
Warming up... 4 / 10
Warming up... 5 / 10
Warming up... 6 / 10
Warming up... 7 / 10
Warming up... 8 / 10
Warming up... 9 / 10
Warming up... 10 / 10


Running experiment...        gol-cpu-bitwise-cols-macro-64

Measurement round 1 / 10
Time report:
  set_and_format_input_data:  203.555602 ms
  initialize_data_structures: 0.847621 ms
  run:                        10166.094716 ms
   performed iters:  59
   runtime per iter: 172.306690 ms
  finalize_data_structures:   0.000501 ms

Measurement round 2 / 10
Time report:
  set_and_format_input_data:  204.859229 ms
  initialize_data_structures: 0.846841 ms
  run:                        10168.225213 ms
   performed iters:  59
   runtime per iter: 172.342800 ms
  finalize_data_structures:   0.000531 ms

Measurement round 3 / 10
Time report:
  set_and_format_input_data:  204.785496 ms
  initialize_data_structures: 1.975321 ms
  run:                        10166.282172 ms
   performed iters:  59
   runtime per iter: 172.309867 ms
  finalize_data_structures:   0.000450 ms

Measurement round 4 / 10
Time report:
  set_and_format_input_data:  203.619740 ms
  initialize_data_structures: 0.847833 ms
  run:                        10166.382455 ms
   performed iters:  59
   runtime per iter: 172.311567 ms
  finalize_data_structures:   0.000521 ms

Measurement round 5 / 10
Time report:
  set_and_format_input_data:  194.134073 ms
  initialize_data_structures: 0.841092 ms
  run:                        10167.906948 ms
   performed iters:  59
   runtime per iter: 172.337406 ms
  finalize_data_structures:   0.000771 ms

Measurement round 6 / 10
Time report:
  set_and_format_input_data:  204.177601 ms
  initialize_data_structures: 0.847832 ms
  run:                        10165.204400 ms
   performed iters:  59
   runtime per iter: 172.291600 ms
  finalize_data_structures:   0.000471 ms

Measurement round 7 / 10
Time report:
  set_and_format_input_data:  203.511555 ms
  initialize_data_structures: 0.846921 ms
  run:                        10167.681274 ms
   performed iters:  59
   runtime per iter: 172.333581 ms
  finalize_data_structures:   0.000431 ms

Measurement round 8 / 10
Time report:
  set_and_format_input_data:  203.576194 ms
  initialize_data_structures: 0.847251 ms
  run:                        10167.301386 ms
   performed iters:  59
   runtime per iter: 172.327142 ms
  finalize_data_structures:   0.000481 ms

Measurement round 9 / 10
Time report:
  set_and_format_input_data:  203.502101 ms
  initialize_data_structures: 0.849375 ms
  run:                        10167.167351 ms
   performed iters:  59
   runtime per iter: 172.324870 ms
  finalize_data_structures:   0.000450 ms

Measurement round 10 / 10
Time report:
  set_and_format_input_data:  203.540709 ms
  initialize_data_structures: 0.848153 ms
  run:                        10171.149566 ms
   performed iters:  59
   runtime per iter: 172.392366 ms
  finalize_data_structures:   0.000560 ms

exp-32
next-experiment
Hello
Experiment Parameters:
  algorithm_name: gol-cpu-naive
  grid_dimensions: 16384x16384
  iterations: 100000
  base_grid_encoding: char
  max_runtime_seconds: 10
  warmup_rounds: 10
  measurement_rounds: 10
  data_loader_name: lexicon
  pattern_expression: spacefiller[8192,8192]
  measure_speedup: 0
  speedup_bench_algorithm_name: gol-cuda-naive
  validate: 0
  print_validation_diff: 0
  validation_algorithm_name: gol-cuda-naive
  animate_output: 0
  colorful: 0
  random_seed: 42
  state_bits_count: 32
  thread_block_size: 512
  warp_dims_x: 32
  warp_dims_y: 1
  warp_tile_dims_x: 32
  warp_tile_dims_y: 8
  streaming_direction: in-x

Loading data...              lexicon with pattern spacefiller[8192,8192]
  Data loaded in   625.989 ms

Warming up... 1 / 10
Warming up... 2 / 10
Warming up... 3 / 10
Warming up... 4 / 10
Warming up... 5 / 10
Warming up... 6 / 10
Warming up... 7 / 10
Warming up... 8 / 10
Warming up... 9 / 10
Warming up... 10 / 10


Running experiment...        gol-cpu-naive

Measurement round 1 / 10
Time report:
  set_and_format_input_data:  14.244116 ms
  initialize_data_structures: 14.461518 ms
  run:                        75169.390679 ms
   performed iters:  1
   runtime per iter: 75169.390679 ms
  finalize_data_structures:   0.000471 ms

Measurement round 2 / 10
Time report:
  set_and_format_input_data:  14.254301 ms
  initialize_data_structures: 14.434776 ms
  run:                        75023.930447 ms
   performed iters:  1
   runtime per iter: 75023.930447 ms
  finalize_data_structures:   0.000521 ms

Measurement round 3 / 10
Time report:
  set_and_format_input_data:  14.390920 ms
  initialize_data_structures: 14.772731 ms
  run:                        74975.166767 ms
   performed iters:  1
   runtime per iter: 74975.166767 ms
  finalize_data_structures:   0.000541 ms

Measurement round 4 / 10
Time report:
  set_and_format_input_data:  14.258979 ms
  initialize_data_structures: 14.466806 ms
  run:                        74945.576173 ms
   performed iters:  1
   runtime per iter: 74945.576173 ms
  finalize_data_structures:   0.000561 ms

Measurement round 5 / 10
Time report:
  set_and_format_input_data:  14.277457 ms
  initialize_data_structures: 14.443341 ms
  run:                        74990.981953 ms
   performed iters:  1
   runtime per iter: 74990.981953 ms
  finalize_data_structures:   0.000471 ms

Measurement round 6 / 10
Time report:
  set_and_format_input_data:  14.273351 ms
  initialize_data_structures: 14.488870 ms
  run:                        74874.574886 ms
   performed iters:  1
   runtime per iter: 74874.574886 ms
  finalize_data_structures:   0.000551 ms

Measurement round 7 / 10
Time report:
  set_and_format_input_data:  14.249185 ms
  initialize_data_structures: 14.427727 ms
  run:                        74989.012080 ms
   performed iters:  1
   runtime per iter: 74989.012080 ms
  finalize_data_structures:   0.000500 ms

Measurement round 8 / 10
Time report:
  set_and_format_input_data:  14.258168 ms
  initialize_data_structures: 14.450512 ms
  run:                        75026.369490 ms
   performed iters:  1
   runtime per iter: 75026.369490 ms
  finalize_data_structures:   0.000531 ms

Measurement round 9 / 10
Time report:
  set_and_format_input_data:  14.323057 ms
  initialize_data_structures: 14.490352 ms
  run:                        74986.599834 ms
   performed iters:  1
   runtime per iter: 74986.599834 ms
  finalize_data_structures:   0.000661 ms

Measurement round 10 / 10
Time report:
  set_and_format_input_data:  14.336408 ms
  initialize_data_structures: 14.489461 ms
  run:                        74933.935427 ms
   performed iters:  1
   runtime per iter: 74933.935427 ms
  finalize_data_structures:   0.000561 ms

exp-33
next-experiment
Hello
Experiment Parameters:
  algorithm_name: gol-cpu-naive
  grid_dimensions: 16384x16384
  iterations: 100000
  base_grid_encoding: int
  max_runtime_seconds: 10
  warmup_rounds: 10
  measurement_rounds: 10
  data_loader_name: lexicon
  pattern_expression: spacefiller[8192,8192]
  measure_speedup: 0
  speedup_bench_algorithm_name: gol-cuda-naive
  validate: 0
  print_validation_diff: 0
  validation_algorithm_name: gol-cuda-naive
  animate_output: 0
  colorful: 0
  random_seed: 42
  state_bits_count: 32
  thread_block_size: 512
  warp_dims_x: 32
  warp_dims_y: 1
  warp_tile_dims_x: 32
  warp_tile_dims_y: 8
  streaming_direction: in-x

Loading data...              lexicon with pattern spacefiller[8192,8192]
  Data loaded in   891.928 ms

Warming up... 1 / 10
Warming up... 2 / 10
Warming up... 3 / 10
Warming up... 4 / 10
Warming up... 5 / 10
Warming up... 6 / 10
Warming up... 7 / 10
Warming up... 8 / 10
Warming up... 9 / 10
Warming up... 10 / 10


Running experiment...        gol-cpu-naive

Measurement round 1 / 10
Time report:
  set_and_format_input_data:  55.789009 ms
  initialize_data_structures: 54.701000 ms
  run:                        68689.413531 ms
   performed iters:  1
   runtime per iter: 68689.413531 ms
  finalize_data_structures:   0.000521 ms

Measurement round 2 / 10
Time report:
  set_and_format_input_data:  55.749458 ms
  initialize_data_structures: 54.706920 ms
  run:                        68667.097755 ms
   performed iters:  1
   runtime per iter: 68667.097755 ms
  finalize_data_structures:   0.000571 ms

Measurement round 3 / 10
Time report:
  set_and_format_input_data:  55.678991 ms
  initialize_data_structures: 54.705538 ms
  run:                        68696.494273 ms
   performed iters:  1
   runtime per iter: 68696.494273 ms
  finalize_data_structures:   0.000531 ms

Measurement round 4 / 10
Time report:
  set_and_format_input_data:  55.821088 ms
  initialize_data_structures: 54.783026 ms
  run:                        68702.333812 ms
   performed iters:  1
   runtime per iter: 68702.333812 ms
  finalize_data_structures:   0.000541 ms

Measurement round 5 / 10
Time report:
  set_and_format_input_data:  55.971066 ms
  initialize_data_structures: 54.924200 ms
  run:                        68697.294953 ms
   performed iters:  1
   runtime per iter: 68697.294953 ms
  finalize_data_structures:   0.000530 ms

Measurement round 6 / 10
Time report:
  set_and_format_input_data:  55.666201 ms
  initialize_data_structures: 54.599355 ms
  run:                        68584.753146 ms
   performed iters:  1
   runtime per iter: 68584.753146 ms
  finalize_data_structures:   0.000530 ms

Measurement round 7 / 10
Time report:
  set_and_format_input_data:  55.783030 ms
  initialize_data_structures: 54.723175 ms
  run:                        68733.448529 ms
   performed iters:  1
   runtime per iter: 68733.448529 ms
  finalize_data_structures:   0.000541 ms

Measurement round 8 / 10
Time report:
  set_and_format_input_data:  55.787938 ms
  initialize_data_structures: 54.697746 ms
  run:                        68748.034787 ms
   performed iters:  1
   runtime per iter: 68748.034787 ms
  finalize_data_structures:   0.000601 ms

Measurement round 9 / 10
Time report:
  set_and_format_input_data:  55.730099 ms
  initialize_data_structures: 54.796326 ms
  run:                        68659.945445 ms
   performed iters:  1
   runtime per iter: 68659.945445 ms
  finalize_data_structures:   0.000530 ms

Measurement round 10 / 10
Time report:
  set_and_format_input_data:  55.760235 ms
  initialize_data_structures: 54.608029 ms
  run:                        68642.055031 ms
   performed iters:  1
   runtime per iter: 68642.055031 ms
  finalize_data_structures:   0.000541 ms

exp-34
next-experiment
Hello
Experiment Parameters:
  algorithm_name: gol-cpu-bitwise-cols-naive-16
  grid_dimensions: 16384x16384
  iterations: 100000
  base_grid_encoding: char
  max_runtime_seconds: 10
  warmup_rounds: 10
  measurement_rounds: 10
  data_loader_name: lexicon
  pattern_expression: spacefiller[8192,8192]
  measure_speedup: 0
  speedup_bench_algorithm_name: gol-cuda-naive
  validate: 0
  print_validation_diff: 0
  validation_algorithm_name: gol-cuda-naive
  animate_output: 0
  colorful: 0
  random_seed: 42
  state_bits_count: 32
  thread_block_size: 512
  warp_dims_x: 32
  warp_dims_y: 1
  warp_tile_dims_x: 32
  warp_tile_dims_y: 8
  streaming_direction: in-x

Loading data...              lexicon with pattern spacefiller[8192,8192]
  Data loaded in   621.73 ms

Warming up... 1 / 10
Warming up... 2 / 10
Warming up... 3 / 10
Warming up... 4 / 10
Warming up... 5 / 10
Warming up... 6 / 10
Warming up... 7 / 10
Warming up... 8 / 10
Warming up... 9 / 10
Warming up... 10 / 10


Running experiment...        gol-cpu-bitwise-cols-naive-16

Measurement round 1 / 10
Time report:
  set_and_format_input_data:  997.892973 ms
  initialize_data_structures: 16.343387 ms
  run:                        30267.104815 ms
   performed iters:  1
   runtime per iter: 30267.104815 ms
  finalize_data_structures:   0.000481 ms

Measurement round 2 / 10
Time report:
  set_and_format_input_data:  998.732593 ms
  initialize_data_structures: 16.558174 ms
  run:                        30325.125145 ms
   performed iters:  1
   runtime per iter: 30325.125145 ms
  finalize_data_structures:   0.001151 ms

Measurement round 3 / 10
Time report:
  set_and_format_input_data:  998.745782 ms
  initialize_data_structures: 16.110451 ms
  run:                        30295.078546 ms
   performed iters:  1
   runtime per iter: 30295.078546 ms
  finalize_data_structures:   0.000551 ms

Measurement round 4 / 10
Time report:
  set_and_format_input_data:  1000.387124 ms
  initialize_data_structures: 16.393412 ms
  run:                        30273.600855 ms
   performed iters:  1
   runtime per iter: 30273.600855 ms
  finalize_data_structures:   0.000511 ms

Measurement round 5 / 10
Time report:
  set_and_format_input_data:  998.471846 ms
  initialize_data_structures: 16.552445 ms
  run:                        30356.960310 ms
   performed iters:  1
   runtime per iter: 30356.960310 ms
  finalize_data_structures:   0.000420 ms

Measurement round 6 / 10
Time report:
  set_and_format_input_data:  1000.317268 ms
  initialize_data_structures: 16.131774 ms
  run:                        30287.386703 ms
   performed iters:  1
   runtime per iter: 30287.386703 ms
  finalize_data_structures:   0.000450 ms

Measurement round 7 / 10
Time report:
  set_and_format_input_data:  998.959398 ms
  initialize_data_structures: 16.403418 ms
  run:                        30275.120972 ms
   performed iters:  1
   runtime per iter: 30275.120972 ms
  finalize_data_structures:   0.000411 ms

Measurement round 8 / 10
Time report:
  set_and_format_input_data:  999.643791 ms
  initialize_data_structures: 16.550632 ms
  run:                        30336.307085 ms
   performed iters:  1
   runtime per iter: 30336.307085 ms
  finalize_data_structures:   0.000471 ms

Measurement round 9 / 10
Time report:
  set_and_format_input_data:  999.402063 ms
  initialize_data_structures: 16.112484 ms
  run:                        30271.752187 ms
   performed iters:  1
   runtime per iter: 30271.752187 ms
  finalize_data_structures:   0.000440 ms

Measurement round 10 / 10
Time report:
  set_and_format_input_data:  1000.208772 ms
  initialize_data_structures: 16.419112 ms
  run:                        30285.302748 ms
   performed iters:  1
   runtime per iter: 30285.302748 ms
  finalize_data_structures:   0.000491 ms

exp-35
next-experiment
Hello
Experiment Parameters:
  algorithm_name: gol-cpu-bitwise-cols-naive-32
  grid_dimensions: 16384x16384
  iterations: 100000
  base_grid_encoding: char
  max_runtime_seconds: 10
  warmup_rounds: 10
  measurement_rounds: 10
  data_loader_name: lexicon
  pattern_expression: spacefiller[8192,8192]
  measure_speedup: 0
  speedup_bench_algorithm_name: gol-cuda-naive
  validate: 0
  print_validation_diff: 0
  validation_algorithm_name: gol-cuda-naive
  animate_output: 0
  colorful: 0
  random_seed: 42
  state_bits_count: 32
  thread_block_size: 512
  warp_dims_x: 32
  warp_dims_y: 1
  warp_tile_dims_x: 32
  warp_tile_dims_y: 8
  streaming_direction: in-x

Loading data...              lexicon with pattern spacefiller[8192,8192]
  Data loaded in   628.339 ms

Warming up... 1 / 10
Warming up... 2 / 10
Warming up... 3 / 10
Warming up... 4 / 10
Warming up... 5 / 10
Warming up... 6 / 10
Warming up... 7 / 10
Warming up... 8 / 10
Warming up... 9 / 10
Warming up... 10 / 10


Running experiment...        gol-cpu-bitwise-cols-naive-32

Measurement round 1 / 10
Time report:
  set_and_format_input_data:  826.211582 ms
  initialize_data_structures: 9.798953 ms
  run:                        31566.399424 ms
   performed iters:  1
   runtime per iter: 31566.399424 ms
  finalize_data_structures:   0.000481 ms

Measurement round 2 / 10
Time report:
  set_and_format_input_data:  824.675801 ms
  initialize_data_structures: 9.915851 ms
  run:                        31626.659626 ms
   performed iters:  1
   runtime per iter: 31626.659626 ms
  finalize_data_structures:   0.000541 ms

Measurement round 3 / 10
Time report:
  set_and_format_input_data:  826.244142 ms
  initialize_data_structures: 9.462139 ms
  run:                        31646.369593 ms
   performed iters:  1
   runtime per iter: 31646.369593 ms
  finalize_data_structures:   0.000451 ms

Measurement round 4 / 10
Time report:
  set_and_format_input_data:  825.730157 ms
  initialize_data_structures: 9.796440 ms
  run:                        31595.994876 ms
   performed iters:  1
   runtime per iter: 31595.994876 ms
  finalize_data_structures:   0.000661 ms

Measurement round 5 / 10
Time report:
  set_and_format_input_data:  825.773995 ms
  initialize_data_structures: 9.964435 ms
  run:                        31620.112279 ms
   performed iters:  1
   runtime per iter: 31620.112279 ms
  finalize_data_structures:   0.000450 ms

Measurement round 6 / 10
Time report:
  set_and_format_input_data:  825.456851 ms
  initialize_data_structures: 9.453626 ms
  run:                        31658.062753 ms
   performed iters:  1
   runtime per iter: 31658.062753 ms
  finalize_data_structures:   0.000511 ms

Measurement round 7 / 10
Time report:
  set_and_format_input_data:  826.603058 ms
  initialize_data_structures: 9.815147 ms
  run:                        31570.653898 ms
   performed iters:  1
   runtime per iter: 31570.653898 ms
  finalize_data_structures:   0.000430 ms

Measurement round 8 / 10
Time report:
  set_and_format_input_data:  825.114179 ms
  initialize_data_structures: 9.962092 ms
  run:                        31611.716405 ms
   performed iters:  1
   runtime per iter: 31611.716405 ms
  finalize_data_structures:   0.000430 ms

Measurement round 9 / 10
Time report:
  set_and_format_input_data:  827.115459 ms
  initialize_data_structures: 9.465415 ms
  run:                        31631.606986 ms
   performed iters:  1
   runtime per iter: 31631.606986 ms
  finalize_data_structures:   0.000521 ms

Measurement round 10 / 10
Time report:
  set_and_format_input_data:  826.513332 ms
  initialize_data_structures: 9.814848 ms
  run:                        31595.618422 ms
   performed iters:  1
   runtime per iter: 31595.618422 ms
  finalize_data_structures:   0.000461 ms

exp-36
next-experiment
Hello
Experiment Parameters:
  algorithm_name: gol-cpu-bitwise-cols-naive-64
  grid_dimensions: 16384x16384
  iterations: 100000
  base_grid_encoding: char
  max_runtime_seconds: 10
  warmup_rounds: 10
  measurement_rounds: 10
  data_loader_name: lexicon
  pattern_expression: spacefiller[8192,8192]
  measure_speedup: 0
  speedup_bench_algorithm_name: gol-cuda-naive
  validate: 0
  print_validation_diff: 0
  validation_algorithm_name: gol-cuda-naive
  animate_output: 0
  colorful: 0
  random_seed: 42
  state_bits_count: 32
  thread_block_size: 512
  warp_dims_x: 32
  warp_dims_y: 1
  warp_tile_dims_x: 32
  warp_tile_dims_y: 8
  streaming_direction: in-x

Loading data...              lexicon with pattern spacefiller[8192,8192]
  Data loaded in   629.706 ms

Warming up... 1 / 10
Warming up... 2 / 10
Warming up... 3 / 10
Warming up... 4 / 10
Warming up... 5 / 10
Warming up... 6 / 10
Warming up... 7 / 10
Warming up... 8 / 10
Warming up... 9 / 10
Warming up... 10 / 10


Running experiment...        gol-cpu-bitwise-cols-naive-64

Measurement round 1 / 10
Time report:
  set_and_format_input_data:  928.252746 ms
  initialize_data_structures: 6.616954 ms
  run:                        30938.352523 ms
   performed iters:  1
   runtime per iter: 30938.352523 ms
  finalize_data_structures:   0.000531 ms

Measurement round 2 / 10
Time report:
  set_and_format_input_data:  928.361651 ms
  initialize_data_structures: 6.796097 ms
  run:                        30955.074716 ms
   performed iters:  1
   runtime per iter: 30955.074716 ms
  finalize_data_structures:   0.000591 ms

Measurement round 3 / 10
Time report:
  set_and_format_input_data:  928.635879 ms
  initialize_data_structures: 6.109310 ms
  run:                        30917.814894 ms
   performed iters:  1
   runtime per iter: 30917.814894 ms
  finalize_data_structures:   0.000550 ms

Measurement round 4 / 10
Time report:
  set_and_format_input_data:  928.608628 ms
  initialize_data_structures: 6.436989 ms
  run:                        30941.207874 ms
   performed iters:  1
   runtime per iter: 30941.207874 ms
  finalize_data_structures:   0.000812 ms

Measurement round 5 / 10
Time report:
  set_and_format_input_data:  926.147077 ms
  initialize_data_structures: 6.640049 ms
  run:                        30954.881141 ms
   performed iters:  1
   runtime per iter: 30954.881141 ms
  finalize_data_structures:   0.000511 ms

Measurement round 6 / 10
Time report:
  set_and_format_input_data:  927.634202 ms
  initialize_data_structures: 6.113136 ms
  run:                        30915.774093 ms
   performed iters:  1
   runtime per iter: 30915.774093 ms
  finalize_data_structures:   0.000571 ms

Measurement round 7 / 10
Time report:
  set_and_format_input_data:  926.683409 ms
  initialize_data_structures: 6.406463 ms
  run:                        30945.825590 ms
   performed iters:  1
   runtime per iter: 30945.825590 ms
  finalize_data_structures:   0.000501 ms

Measurement round 8 / 10
Time report:
  set_and_format_input_data:  927.867945 ms
  initialize_data_structures: 6.609983 ms
  run:                        30958.170352 ms
   performed iters:  1
   runtime per iter: 30958.170352 ms
  finalize_data_structures:   0.000611 ms

Measurement round 9 / 10
Time report:
  set_and_format_input_data:  927.290895 ms
  initialize_data_structures: 6.115289 ms
  run:                        30909.122387 ms
   performed iters:  1
   runtime per iter: 30909.122387 ms
  finalize_data_structures:   0.000551 ms

Measurement round 10 / 10
Time report:
  set_and_format_input_data:  928.789668 ms
  initialize_data_structures: 6.430830 ms
  run:                        30947.860080 ms
   performed iters:  1
   runtime per iter: 30947.860080 ms
  finalize_data_structures:   0.000661 ms

exp-37
next-experiment
Hello
Experiment Parameters:
  algorithm_name: gol-cpu-bitwise-cols-macro-16
  grid_dimensions: 16384x16384
  iterations: 100000
  base_grid_encoding: char
  max_runtime_seconds: 10
  warmup_rounds: 10
  measurement_rounds: 10
  data_loader_name: lexicon
  pattern_expression: spacefiller[8192,8192]
  measure_speedup: 0
  speedup_bench_algorithm_name: gol-cuda-naive
  validate: 0
  print_validation_diff: 0
  validation_algorithm_name: gol-cuda-naive
  animate_output: 0
  colorful: 0
  random_seed: 42
  state_bits_count: 32
  thread_block_size: 512
  warp_dims_x: 32
  warp_dims_y: 1
  warp_tile_dims_x: 32
  warp_tile_dims_y: 8
  streaming_direction: in-x

Loading data...              lexicon with pattern spacefiller[8192,8192]
  Data loaded in   664.006 ms

Warming up... 1 / 10
Warming up... 2 / 10
Warming up... 3 / 10
Warming up... 4 / 10
Warming up... 5 / 10
Warming up... 6 / 10
Warming up... 7 / 10
Warming up... 8 / 10
Warming up... 9 / 10
Warming up... 10 / 10


Running experiment...        gol-cpu-bitwise-cols-macro-16

Measurement round 1 / 10
Time report:
  set_and_format_input_data:  1001.900643 ms
  initialize_data_structures: 16.430328 ms
  run:                        10306.068600 ms
   performed iters:  5
   runtime per iter: 2061.213720 ms
  finalize_data_structures:   0.000440 ms

Measurement round 2 / 10
Time report:
  set_and_format_input_data:  998.881643 ms
  initialize_data_structures: 16.601529 ms
  run:                        10308.347012 ms
   performed iters:  5
   runtime per iter: 2061.669402 ms
  finalize_data_structures:   0.000561 ms

Measurement round 3 / 10
Time report:
  set_and_format_input_data:  998.782492 ms
  initialize_data_structures: 16.108618 ms
  run:                        10293.975030 ms
   performed iters:  5
   runtime per iter: 2058.795006 ms
  finalize_data_structures:   0.000481 ms

Measurement round 4 / 10
Time report:
  set_and_format_input_data:  1001.319869 ms
  initialize_data_structures: 16.425180 ms
  run:                        10303.347103 ms
   performed iters:  5
   runtime per iter: 2060.669421 ms
  finalize_data_structures:   0.000591 ms

Measurement round 5 / 10
Time report:
  set_and_format_input_data:  998.198843 ms
  initialize_data_structures: 16.668792 ms
  run:                        10300.448325 ms
   performed iters:  5
   runtime per iter: 2060.089665 ms
  finalize_data_structures:   0.000471 ms

Measurement round 6 / 10
Time report:
  set_and_format_input_data:  999.764650 ms
  initialize_data_structures: 16.108609 ms
  run:                        10301.723588 ms
   performed iters:  5
   runtime per iter: 2060.344718 ms
  finalize_data_structures:   0.000451 ms

Measurement round 7 / 10
Time report:
  set_and_format_input_data:  1001.390386 ms
  initialize_data_structures: 16.454505 ms
  run:                        10306.518606 ms
   performed iters:  5
   runtime per iter: 2061.303721 ms
  finalize_data_structures:   0.000421 ms

Measurement round 8 / 10
Time report:
  set_and_format_input_data:  1000.510816 ms
  initialize_data_structures: 16.626207 ms
  run:                        10307.123908 ms
   performed iters:  5
   runtime per iter: 2061.424782 ms
  finalize_data_structures:   0.000520 ms

Measurement round 9 / 10
Time report:
  set_and_format_input_data:  998.181146 ms
  initialize_data_structures: 16.136210 ms
  run:                        10308.226889 ms
   performed iters:  5
   runtime per iter: 2061.645378 ms
  finalize_data_structures:   0.000431 ms

Measurement round 10 / 10
Time report:
  set_and_format_input_data:  1001.107997 ms
  initialize_data_structures: 16.445492 ms
  run:                        10302.425618 ms
   performed iters:  5
   runtime per iter: 2060.485124 ms
  finalize_data_structures:   0.000460 ms

exp-38
next-experiment
Hello
Experiment Parameters:
  algorithm_name: gol-cpu-bitwise-cols-macro-32
  grid_dimensions: 16384x16384
  iterations: 100000
  base_grid_encoding: char
  max_runtime_seconds: 10
  warmup_rounds: 10
  measurement_rounds: 10
  data_loader_name: lexicon
  pattern_expression: spacefiller[8192,8192]
  measure_speedup: 0
  speedup_bench_algorithm_name: gol-cuda-naive
  validate: 0
  print_validation_diff: 0
  validation_algorithm_name: gol-cuda-naive
  animate_output: 0
  colorful: 0
  random_seed: 42
  state_bits_count: 32
  thread_block_size: 512
  warp_dims_x: 32
  warp_dims_y: 1
  warp_tile_dims_x: 32
  warp_tile_dims_y: 8
  streaming_direction: in-x

Loading data...              lexicon with pattern spacefiller[8192,8192]
  Data loaded in   655.061 ms

Warming up... 1 / 10
Warming up... 2 / 10
Warming up... 3 / 10
Warming up... 4 / 10
Warming up... 5 / 10
Warming up... 6 / 10
Warming up... 7 / 10
Warming up... 8 / 10
Warming up... 9 / 10
Warming up... 10 / 10


Running experiment...        gol-cpu-bitwise-cols-macro-32

Measurement round 1 / 10
Time report:
  set_and_format_input_data:  824.852066 ms
  initialize_data_structures: 9.441168 ms
  run:                        10992.679989 ms
   performed iters:  10
   runtime per iter: 1099.267999 ms
  finalize_data_structures:   0.000491 ms

Measurement round 2 / 10
Time report:
  set_and_format_input_data:  824.182126 ms
  initialize_data_structures: 9.710608 ms
  run:                        11000.893976 ms
   performed iters:  10
   runtime per iter: 1100.089398 ms
  finalize_data_structures:   0.000571 ms

Measurement round 3 / 10
Time report:
  set_and_format_input_data:  824.798114 ms
  initialize_data_structures: 9.883311 ms
  run:                        10993.919848 ms
   performed iters:  10
   runtime per iter: 1099.391985 ms
  finalize_data_structures:   0.000661 ms

Measurement round 4 / 10
Time report:
  set_and_format_input_data:  824.547132 ms
  initialize_data_structures: 9.452215 ms
  run:                        10993.704471 ms
   performed iters:  10
   runtime per iter: 1099.370447 ms
  finalize_data_structures:   0.000481 ms

Measurement round 5 / 10
Time report:
  set_and_format_input_data:  825.206206 ms
  initialize_data_structures: 9.770059 ms
  run:                        10997.181548 ms
   performed iters:  10
   runtime per iter: 1099.718155 ms
  finalize_data_structures:   0.000480 ms

Measurement round 6 / 10
Time report:
  set_and_format_input_data:  823.782667 ms
  initialize_data_structures: 10.003204 ms
  run:                        10993.953911 ms
   performed iters:  10
   runtime per iter: 1099.395391 ms
  finalize_data_structures:   0.000491 ms

Measurement round 7 / 10
Time report:
  set_and_format_input_data:  825.548979 ms
  initialize_data_structures: 9.439104 ms
  run:                        10996.523135 ms
   performed iters:  10
   runtime per iter: 1099.652313 ms
  finalize_data_structures:   0.000541 ms

Measurement round 8 / 10
Time report:
  set_and_format_input_data:  825.269653 ms
  initialize_data_structures: 9.800816 ms
  run:                        10993.887359 ms
   performed iters:  10
   runtime per iter: 1099.388736 ms
  finalize_data_structures:   0.000481 ms

Measurement round 9 / 10
Time report:
  set_and_format_input_data:  824.391785 ms
  initialize_data_structures: 10.036675 ms
  run:                        10993.449321 ms
   performed iters:  10
   runtime per iter: 1099.344932 ms
  finalize_data_structures:   0.000501 ms

Measurement round 10 / 10
Time report:
  set_and_format_input_data:  824.228056 ms
  initialize_data_structures: 9.454988 ms
  run:                        10990.592097 ms
   performed iters:  10
   runtime per iter: 1099.059210 ms
  finalize_data_structures:   0.000441 ms

exp-39
next-experiment
Hello
Experiment Parameters:
  algorithm_name: gol-cpu-bitwise-cols-macro-64
  grid_dimensions: 16384x16384
  iterations: 100000
  base_grid_encoding: char
  max_runtime_seconds: 10
  warmup_rounds: 10
  measurement_rounds: 10
  data_loader_name: lexicon
  pattern_expression: spacefiller[8192,8192]
  measure_speedup: 0
  speedup_bench_algorithm_name: gol-cuda-naive
  validate: 0
  print_validation_diff: 0
  validation_algorithm_name: gol-cuda-naive
  animate_output: 0
  colorful: 0
  random_seed: 42
  state_bits_count: 32
  thread_block_size: 512
  warp_dims_x: 32
  warp_dims_y: 1
  warp_tile_dims_x: 32
  warp_tile_dims_y: 8
  streaming_direction: in-x

Loading data...              lexicon with pattern spacefiller[8192,8192]
  Data loaded in   649.51 ms

Warming up... 1 / 10
Warming up... 2 / 10
Warming up... 3 / 10
Warming up... 4 / 10
Warming up... 5 / 10
Warming up... 6 / 10
Warming up... 7 / 10
Warming up... 8 / 10
Warming up... 9 / 10
Warming up... 10 / 10


Running experiment...        gol-cpu-bitwise-cols-macro-64

Measurement round 1 / 10
Time report:
  set_and_format_input_data:  919.869075 ms
  initialize_data_structures: 6.480235 ms
  run:                        10357.203916 ms
   performed iters:  15
   runtime per iter: 690.480261 ms
  finalize_data_structures:   0.000430 ms

Measurement round 2 / 10
Time report:
  set_and_format_input_data:  935.210313 ms
  initialize_data_structures: 6.683896 ms
  run:                        10356.618414 ms
   performed iters:  15
   runtime per iter: 690.441228 ms
  finalize_data_structures:   0.000500 ms

Measurement round 3 / 10
Time report:
  set_and_format_input_data:  954.375850 ms
  initialize_data_structures: 6.175431 ms
  run:                        10344.718919 ms
   performed iters:  15
   runtime per iter: 689.647928 ms
  finalize_data_structures:   0.000631 ms

Measurement round 4 / 10
Time report:
  set_and_format_input_data:  947.986523 ms
  initialize_data_structures: 6.480296 ms
  run:                        10356.584331 ms
   performed iters:  15
   runtime per iter: 690.438955 ms
  finalize_data_structures:   0.000461 ms

Measurement round 5 / 10
Time report:
  set_and_format_input_data:  942.997841 ms
  initialize_data_structures: 6.662714 ms
  run:                        10344.215563 ms
   performed iters:  15
   runtime per iter: 689.614371 ms
  finalize_data_structures:   0.000531 ms

Measurement round 6 / 10
Time report:
  set_and_format_input_data:  955.165042 ms
  initialize_data_structures: 6.153578 ms
  run:                        10344.834055 ms
   performed iters:  15
   runtime per iter: 689.655604 ms
  finalize_data_structures:   0.000531 ms

Measurement round 7 / 10
Time report:
  set_and_format_input_data:  944.023934 ms
  initialize_data_structures: 6.458572 ms
  run:                        10346.714070 ms
   performed iters:  15
   runtime per iter: 689.780938 ms
  finalize_data_structures:   0.000541 ms

Measurement round 8 / 10
Time report:
  set_and_format_input_data:  948.926266 ms
  initialize_data_structures: 6.654160 ms
  run:                        10348.927253 ms
   performed iters:  15
   runtime per iter: 689.928484 ms
  finalize_data_structures:   0.000621 ms

Measurement round 9 / 10
Time report:
  set_and_format_input_data:  954.094181 ms
  initialize_data_structures: 6.150733 ms
  run:                        10344.327223 ms
   performed iters:  15
   runtime per iter: 689.621815 ms
  finalize_data_structures:   0.000491 ms

Measurement round 10 / 10
Time report:
  set_and_format_input_data:  949.594153 ms
  initialize_data_structures: 6.469739 ms
  run:                        10349.247200 ms
   performed iters:  15
   runtime per iter: 689.949813 ms
  finalize_data_structures:   0.000441 ms

exp-40
next-experiment
Hello
Experiment Parameters:
  algorithm_name: gol-cpu-naive
  grid_dimensions: 32768x32768
  iterations: 100000
  base_grid_encoding: char
  max_runtime_seconds: 10
  warmup_rounds: 10
  measurement_rounds: 10
  data_loader_name: lexicon
  pattern_expression: spacefiller[16384,16384]
  measure_speedup: 0
  speedup_bench_algorithm_name: gol-cuda-naive
  validate: 0
  print_validation_diff: 0
  validation_algorithm_name: gol-cuda-naive
  animate_output: 0
  colorful: 0
  random_seed: 42
  state_bits_count: 32
  thread_block_size: 512
  warp_dims_x: 32
  warp_dims_y: 1
  warp_tile_dims_x: 32
  warp_tile_dims_y: 8
  streaming_direction: in-x

Loading data...              lexicon with pattern spacefiller[16384,16384]
  Data loaded in   734.996 ms

Warming up... 1 / 10
Warming up... 2 / 10
Warming up... 3 / 10
Warming up... 4 / 10
Warming up... 5 / 10
Warming up... 6 / 10
Warming up... 7 / 10
Warming up... 8 / 10
Warming up... 9 / 10
Warming up... 10 / 10


Running experiment...        gol-cpu-naive

Measurement round 1 / 10
Time report:
  set_and_format_input_data:  55.961334 ms
  initialize_data_structures: 54.879716 ms
  run:                        292865.237051 ms
   performed iters:  1
   runtime per iter: 292865.237051 ms
  finalize_data_structures:   0.000701 ms

Measurement round 2 / 10
Time report:
  set_and_format_input_data:  55.894161 ms
  initialize_data_structures: 54.957024 ms
  run:                        292833.957515 ms
   performed iters:  1
   runtime per iter: 292833.957515 ms
  finalize_data_structures:   0.000601 ms

Measurement round 3 / 10
Time report:
  set_and_format_input_data:  55.906605 ms
  initialize_data_structures: 54.871188 ms
  run:                        292105.419441 ms
   performed iters:  1
   runtime per iter: 292105.419441 ms
  finalize_data_structures:   0.000771 ms

Measurement round 4 / 10
Time report:
  set_and_format_input_data:  55.731829 ms
  initialize_data_structures: 54.739337 ms
  run:                        297220.852056 ms
   performed iters:  1
   runtime per iter: 297220.852056 ms
  finalize_data_structures:   0.000862 ms

Measurement round 5 / 10
Time report:
  set_and_format_input_data:  56.601413 ms
  initialize_data_structures: 55.641751 ms
  run:                        296883.102817 ms
   performed iters:  1
   runtime per iter: 296883.102817 ms
  finalize_data_structures:   0.000771 ms

Measurement round 6 / 10
Time report:
  set_and_format_input_data:  56.412766 ms
  initialize_data_structures: 55.427885 ms
  run:                        296430.696138 ms
   performed iters:  1
   runtime per iter: 296430.696138 ms
  finalize_data_structures:   0.000711 ms

Measurement round 7 / 10
Time report:
  set_and_format_input_data:  56.681745 ms
  initialize_data_structures: 55.416287 ms
  run:                        295912.432331 ms
   performed iters:  1
   runtime per iter: 295912.432331 ms
  finalize_data_structures:   0.000751 ms

Measurement round 8 / 10
Time report:
  set_and_format_input_data:  56.598358 ms
  initialize_data_structures: 55.556951 ms
  run:                        295381.733418 ms
   performed iters:  1
   runtime per iter: 295381.733418 ms
  finalize_data_structures:   0.000782 ms

Measurement round 9 / 10
Time report:
  set_and_format_input_data:  56.318912 ms
  initialize_data_structures: 55.407503 ms
  run:                        293011.271029 ms
   performed iters:  1
   runtime per iter: 293011.271029 ms
  finalize_data_structures:   0.000731 ms

Measurement round 10 / 10
Time report:
  set_and_format_input_data:  56.578177 ms
  initialize_data_structures: 55.419461 ms
  run:                        295235.848880 ms
   performed iters:  1
   runtime per iter: 295235.848880 ms
  finalize_data_structures:   0.000741 ms

exp-41
next-experiment
Hello
Experiment Parameters:
  algorithm_name: gol-cpu-naive
  grid_dimensions: 32768x32768
  iterations: 100000
  base_grid_encoding: int
  max_runtime_seconds: 10
  warmup_rounds: 10
  measurement_rounds: 10
  data_loader_name: lexicon
  pattern_expression: spacefiller[16384,16384]
  measure_speedup: 0
  speedup_bench_algorithm_name: gol-cuda-naive
  validate: 0
  print_validation_diff: 0
  validation_algorithm_name: gol-cuda-naive
  animate_output: 0
  colorful: 0
  random_seed: 42
  state_bits_count: 32
  thread_block_size: 512
  warp_dims_x: 32
  warp_dims_y: 1
  warp_tile_dims_x: 32
  warp_tile_dims_y: 8
  streaming_direction: in-x

Loading data...              lexicon with pattern spacefiller[16384,16384]
  Data loaded in   1777.99 ms

Warming up... 1 / 10
Warming up... 2 / 10
Warming up... 3 / 10
Warming up... 4 / 10
Warming up... 5 / 10
Warming up... 6 / 10
Warming up... 7 / 10
Warming up... 8 / 10
Warming up... 9 / 10
Warming up... 10 / 10


Running experiment...        gol-cpu-naive

Measurement round 1 / 10
Time report:
  set_and_format_input_data:  222.528823 ms
  initialize_data_structures: 218.833723 ms
  run:                        306105.986070 ms
   performed iters:  1
   runtime per iter: 306105.986070 ms
  finalize_data_structures:   0.000611 ms

Measurement round 2 / 10
Time report:
  set_and_format_input_data:  222.712273 ms
  initialize_data_structures: 219.205369 ms
  run:                        306315.995393 ms
   performed iters:  1
   runtime per iter: 306315.995393 ms
  finalize_data_structures:   0.000580 ms

Measurement round 3 / 10
Time report:
  set_and_format_input_data:  222.675617 ms
  initialize_data_structures: 219.086237 ms
  run:                        305606.351177 ms
   performed iters:  1
   runtime per iter: 305606.351177 ms
  finalize_data_structures:   0.000731 ms

Measurement round 4 / 10
Time report:
  set_and_format_input_data:  222.810685 ms
  initialize_data_structures: 219.369121 ms
  run:                        305711.434615 ms
   performed iters:  1
   runtime per iter: 305711.434615 ms
  finalize_data_structures:   0.000620 ms

Measurement round 5 / 10
Time report:
  set_and_format_input_data:  222.495756 ms
  initialize_data_structures: 218.939876 ms
  run:                        306157.267548 ms
   performed iters:  1
   runtime per iter: 306157.267548 ms
  finalize_data_structures:   0.000621 ms

Measurement round 6 / 10
Time report:
  set_and_format_input_data:  222.537429 ms
  initialize_data_structures: 219.067000 ms
  run:                        305898.165054 ms
   performed iters:  1
   runtime per iter: 305898.165054 ms
  finalize_data_structures:   0.000531 ms

Measurement round 7 / 10
Time report:
  set_and_format_input_data:  222.701448 ms
  initialize_data_structures: 218.758560 ms
  run:                        305917.934020 ms
   performed iters:  1
   runtime per iter: 305917.934020 ms
  finalize_data_structures:   0.000621 ms

Measurement round 8 / 10
Time report:
  set_and_format_input_data:  222.560343 ms
  initialize_data_structures: 219.114031 ms
  run:                        305197.547855 ms
   performed iters:  1
   runtime per iter: 305197.547855 ms
  finalize_data_structures:   0.000631 ms

Measurement round 9 / 10
Time report:
  set_and_format_input_data:  222.887823 ms
  initialize_data_structures: 218.922490 ms
  run:                        305495.619783 ms
   performed iters:  1
   runtime per iter: 305495.619783 ms
  finalize_data_structures:   0.000611 ms

Measurement round 10 / 10
Time report:
  set_and_format_input_data:  222.637727 ms
  initialize_data_structures: 219.162370 ms
  run:                        305734.538359 ms
   performed iters:  1
   runtime per iter: 305734.538359 ms
  finalize_data_structures:   0.000511 ms

next-experiment
Hello
terminate called after throwing an instance of 'cxxopts::exceptions::incorrect_argument_type'
  what():  Argument '' failed to parse
./run-one-exp.sh: line 48: 1744690 Aborted                 (core dumped) $EXECUTABLE --algorithm="$ALGORITHM" --grid-dimensions-x="$GRID_DIMENSIONS_X" --grid-dimensions-y="$GRID_DIMENSIONS_Y" --iterations="$ITERATIONS" --max-runtime-seconds="$MAX_RUNTIME_SECONDS" --warmup-rounds="$WARMUP_ROUNDS" --measurement-rounds="$MEASUREMENT_ROUNDS" --data-loader="$DATA_LOADER_NAME" --pattern-expression="$PATTERN_EXPRESSION" --measure-speedup="$MEASURE_SPEEDUP" --speedup-bench-algorithm="$SPEEDUP_BENCH_ALGORITHM_NAME" --validate="$VALIDATE" --print-validation-diff="$PRINT_VALIDATION_DIFF" --validation-algorithm="$VALIDATION_ALGORITHM_NAME" --animate-output="$ANIMATE_OUTPUT" --colorful="$COLORFUL" --random-seed="$RANDOM_SEED" --thread-block-size="$THREAD_BLOCK_SIZE" --warp-dims-x="$WARP_DIMS_X" --warp-dims-y="$WARP_DIMS_Y" --warp-tile-dims-x="$WARP_TILE_DIMS_X" --warp-tile-dims-y="$WARP_TILE_DIMS_Y" --streaming-direction="$STREAMING_DIRECTION" --state-bits-count="$STATE_BITS_COUNT" --base-grid-encoding="$BASE_GRID_ENCODING"
exp-43
next-experiment
Hello
Experiment Parameters:
  algorithm_name: gol-cpu-bitwise-cols-naive-32
  grid_dimensions: 32768x32768
  iterations: 100000
  base_grid_encoding: char
  max_runtime_seconds: 10
  warmup_rounds: 10
  measurement_rounds: 10
  data_loader_name: lexicon
  pattern_expression: spacefiller[16384,16384]
  measure_speedup: 0
  speedup_bench_algorithm_name: gol-cuda-naive
  validate: 0
  print_validation_diff: 0
  validation_algorithm_name: gol-cuda-naive
  animate_output: 0
  colorful: 0
  random_seed: 42
  state_bits_count: 32
  thread_block_size: 512
  warp_dims_x: 32
  warp_dims_y: 1
  warp_tile_dims_x: 32
  warp_tile_dims_y: 8
  streaming_direction: in-x

Loading data...              lexicon with pattern spacefiller[16384,16384]
  Data loaded in   740.646 ms

Warming up... 1 / 10
Warming up... 2 / 10
Warming up... 3 / 10
Warming up... 4 / 10
Warming up... 5 / 10
Warming up... 6 / 10
Warming up... 7 / 10
Warming up... 8 / 10
Warming up... 9 / 10
Warming up... 10 / 10


Running experiment...        gol-cpu-bitwise-cols-naive-32

Measurement round 1 / 10
Time report:
  set_and_format_input_data:  4152.275990 ms
  initialize_data_structures: 37.319690 ms
  run:                        125396.591186 ms
   performed iters:  1
   runtime per iter: 125396.591186 ms
  finalize_data_structures:   0.000550 ms

Measurement round 2 / 10
Time report:
  set_and_format_input_data:  4152.806298 ms
  initialize_data_structures: 37.614760 ms
  run:                        125580.684010 ms
   performed iters:  1
   runtime per iter: 125580.684010 ms
  finalize_data_structures:   0.000631 ms

Measurement round 3 / 10
Time report:
  set_and_format_input_data:  4152.812978 ms
  initialize_data_structures: 37.921177 ms
  run:                        125927.256795 ms
   performed iters:  1
   runtime per iter: 125927.256795 ms
  finalize_data_structures:   0.000571 ms

Measurement round 4 / 10
Time report:
  set_and_format_input_data:  4152.063636 ms
  initialize_data_structures: 38.048982 ms
  run:                        124641.918528 ms
   performed iters:  1
   runtime per iter: 124641.918528 ms
  finalize_data_structures:   0.000601 ms

Measurement round 5 / 10
Time report:
  set_and_format_input_data:  4156.160761 ms
  initialize_data_structures: 37.636745 ms
  run:                        125883.810556 ms
   performed iters:  1
   runtime per iter: 125883.810556 ms
  finalize_data_structures:   0.000541 ms

Measurement round 6 / 10
Time report:
  set_and_format_input_data:  4152.803494 ms
  initialize_data_structures: 37.665779 ms
  run:                        125173.947422 ms
   performed iters:  1
   runtime per iter: 125173.947422 ms
  finalize_data_structures:   0.000571 ms

Measurement round 7 / 10
Time report:
  set_and_format_input_data:  4150.785358 ms
  initialize_data_structures: 37.362006 ms
  run:                        124523.801519 ms
   performed iters:  1
   runtime per iter: 124523.801519 ms
  finalize_data_structures:   0.000531 ms

Measurement round 8 / 10
Time report:
  set_and_format_input_data:  4150.942561 ms
  initialize_data_structures: 37.622172 ms
  run:                        125935.567326 ms
   performed iters:  1
   runtime per iter: 125935.567326 ms
  finalize_data_structures:   0.000611 ms

Measurement round 9 / 10
Time report:
  set_and_format_input_data:  4152.464961 ms
  initialize_data_structures: 37.793714 ms
  run:                        125510.490950 ms
   performed iters:  1
   runtime per iter: 125510.490950 ms
  finalize_data_structures:   0.000601 ms

Measurement round 10 / 10
Time report:
  set_and_format_input_data:  4151.375862 ms
  initialize_data_structures: 37.284709 ms
  run:                        124576.699280 ms
   performed iters:  1
   runtime per iter: 124576.699280 ms
  finalize_data_structures:   0.000610 ms

exp-44
next-experiment
Hello
Experiment Parameters:
  algorithm_name: gol-cpu-bitwise-cols-naive-64
  grid_dimensions: 32768x32768
  iterations: 100000
  base_grid_encoding: char
  max_runtime_seconds: 10
  warmup_rounds: 10
  measurement_rounds: 10
  data_loader_name: lexicon
  pattern_expression: spacefiller[16384,16384]
  measure_speedup: 0
  speedup_bench_algorithm_name: gol-cuda-naive
  validate: 0
  print_validation_diff: 0
  validation_algorithm_name: gol-cuda-naive
  animate_output: 0
  colorful: 0
  random_seed: 42
  state_bits_count: 32
  thread_block_size: 512
  warp_dims_x: 32
  warp_dims_y: 1
  warp_tile_dims_x: 32
  warp_tile_dims_y: 8
  streaming_direction: in-x

Loading data...              lexicon with pattern spacefiller[16384,16384]
  Data loaded in   728.48 ms

Warming up... 1 / 10
Warming up... 2 / 10
Warming up... 3 / 10
Warming up... 4 / 10
Warming up... 5 / 10
Warming up... 6 / 10
Warming up... 7 / 10
Warming up... 8 / 10
Warming up... 9 / 10
Warming up... 10 / 10


Running experiment...        gol-cpu-bitwise-cols-naive-64

Measurement round 1 / 10
Time report:
  set_and_format_input_data:  3926.675460 ms
  initialize_data_structures: 24.294624 ms
  run:                        123955.994828 ms
   performed iters:  1
   runtime per iter: 123955.994828 ms
  finalize_data_structures:   0.000541 ms

Measurement round 2 / 10
Time report:
  set_and_format_input_data:  3921.061835 ms
  initialize_data_structures: 24.332961 ms
  run:                        124264.937122 ms
   performed iters:  1
   runtime per iter: 124264.937122 ms
  finalize_data_structures:   0.000461 ms

Measurement round 3 / 10
Time report:
  set_and_format_input_data:  3925.193713 ms
  initialize_data_structures: 24.502680 ms
  run:                        124277.571795 ms
   performed iters:  1
   runtime per iter: 124277.571795 ms
  finalize_data_structures:   0.000561 ms

Measurement round 4 / 10
Time report:
  set_and_format_input_data:  3771.288564 ms
  initialize_data_structures: 24.220921 ms
  run:                        123888.670201 ms
   performed iters:  1
   runtime per iter: 123888.670201 ms
  finalize_data_structures:   0.000471 ms

Measurement round 5 / 10
Time report:
  set_and_format_input_data:  3924.434866 ms
  initialize_data_structures: 24.329846 ms
  run:                        124269.637034 ms
   performed iters:  1
   runtime per iter: 124269.637034 ms
  finalize_data_structures:   0.000590 ms

Measurement round 6 / 10
Time report:
  set_and_format_input_data:  3926.770416 ms
  initialize_data_structures: 24.590183 ms
  run:                        124291.966502 ms
   performed iters:  1
   runtime per iter: 124291.966502 ms
  finalize_data_structures:   0.000531 ms

Measurement round 7 / 10
Time report:
  set_and_format_input_data:  3924.125525 ms
  initialize_data_structures: 24.106567 ms
  run:                        123857.683049 ms
   performed iters:  1
   runtime per iter: 123857.683049 ms
  finalize_data_structures:   0.000550 ms

Measurement round 8 / 10
Time report:
  set_and_format_input_data:  3924.168730 ms
  initialize_data_structures: 24.388826 ms
  run:                        124156.007348 ms
   performed iters:  1
   runtime per iter: 124156.007348 ms
  finalize_data_structures:   0.000501 ms

Measurement round 9 / 10
Time report:
  set_and_format_input_data:  3888.742980 ms
  initialize_data_structures: 24.613668 ms
  run:                        124154.078609 ms
   performed iters:  1
   runtime per iter: 124154.078609 ms
  finalize_data_structures:   0.000461 ms

Measurement round 10 / 10
Time report:
  set_and_format_input_data:  3923.594230 ms
  initialize_data_structures: 24.035688 ms
  run:                        123889.948672 ms
   performed iters:  1
   runtime per iter: 123889.948672 ms
  finalize_data_structures:   0.000541 ms

exp-45
next-experiment
Hello
Experiment Parameters:
  algorithm_name: gol-cpu-bitwise-cols-macro-16
  grid_dimensions: 32768x32768
  iterations: 100000
  base_grid_encoding: char
  max_runtime_seconds: 10
  warmup_rounds: 10
  measurement_rounds: 10
  data_loader_name: lexicon
  pattern_expression: spacefiller[16384,16384]
  measure_speedup: 0
  speedup_bench_algorithm_name: gol-cuda-naive
  validate: 0
  print_validation_diff: 0
  validation_algorithm_name: gol-cuda-naive
  animate_output: 0
  colorful: 0
  random_seed: 42
  state_bits_count: 32
  thread_block_size: 512
  warp_dims_x: 32
  warp_dims_y: 1
  warp_tile_dims_x: 32
  warp_tile_dims_y: 8
  streaming_direction: in-x

Loading data...              lexicon with pattern spacefiller[16384,16384]
  Data loaded in   729.065 ms

Warming up... 1 / 10
Warming up... 2 / 10
Warming up... 3 / 10
Warming up... 4 / 10
Warming up... 5 / 10
Warming up... 6 / 10
Warming up... 7 / 10
Warming up... 8 / 10
Warming up... 9 / 10
Warming up... 10 / 10


Running experiment...        gol-cpu-bitwise-cols-macro-16

Measurement round 1 / 10
Time report:
  set_and_format_input_data:  3985.644898 ms
  initialize_data_structures: 64.667096 ms
  run:                        19358.026559 ms
   performed iters:  2
   runtime per iter: 9679.013280 ms
  finalize_data_structures:   0.000691 ms

Measurement round 2 / 10
Time report:
  set_and_format_input_data:  4006.539239 ms
  initialize_data_structures: 64.294569 ms
  run:                        19034.212109 ms
   performed iters:  2
   runtime per iter: 9517.106055 ms
  finalize_data_structures:   0.000541 ms

Measurement round 3 / 10
Time report:
  set_and_format_input_data:  3969.448026 ms
  initialize_data_structures: 64.515776 ms
  run:                        19191.263289 ms
   performed iters:  2
   runtime per iter: 9595.631644 ms
  finalize_data_structures:   0.000601 ms

Measurement round 4 / 10
Time report:
  set_and_format_input_data:  3996.417835 ms
  initialize_data_structures: 64.630150 ms
  run:                        19223.484120 ms
   performed iters:  2
   runtime per iter: 9611.742060 ms
  finalize_data_structures:   0.000791 ms

Measurement round 5 / 10
Time report:
  set_and_format_input_data:  3992.841695 ms
  initialize_data_structures: 64.223450 ms
  run:                        19275.912345 ms
   performed iters:  2
   runtime per iter: 9637.956173 ms
  finalize_data_structures:   0.000531 ms

Measurement round 6 / 10
Time report:
  set_and_format_input_data:  3975.081701 ms
  initialize_data_structures: 64.529947 ms
  run:                        19089.643129 ms
   performed iters:  2
   runtime per iter: 9544.821565 ms
  finalize_data_structures:   0.000681 ms

Measurement round 7 / 10
Time report:
  set_and_format_input_data:  4007.841173 ms
  initialize_data_structures: 63.938296 ms
  run:                        19422.462442 ms
   performed iters:  2
   runtime per iter: 9711.231221 ms
  finalize_data_structures:   0.000721 ms

Measurement round 8 / 10
Time report:
  set_and_format_input_data:  3972.506928 ms
  initialize_data_structures: 64.272355 ms
  run:                        19227.934812 ms
   performed iters:  2
   runtime per iter: 9613.967406 ms
  finalize_data_structures:   0.000570 ms

Measurement round 9 / 10
Time report:
  set_and_format_input_data:  3991.913351 ms
  initialize_data_structures: 64.512540 ms
  run:                        18923.643633 ms
   performed iters:  2
   runtime per iter: 9461.821816 ms
  finalize_data_structures:   0.000752 ms

Measurement round 10 / 10
Time report:
  set_and_format_input_data:  3997.843698 ms
  initialize_data_structures: 63.998988 ms
  run:                        19369.883998 ms
   performed iters:  2
   runtime per iter: 9684.941999 ms
  finalize_data_structures:   0.000541 ms

exp-46
next-experiment
Hello
Experiment Parameters:
  algorithm_name: gol-cpu-bitwise-cols-macro-32
  grid_dimensions: 32768x32768
  iterations: 100000
  base_grid_encoding: char
  max_runtime_seconds: 10
  warmup_rounds: 10
  measurement_rounds: 10
  data_loader_name: lexicon
  pattern_expression: spacefiller[16384,16384]
  measure_speedup: 0
  speedup_bench_algorithm_name: gol-cuda-naive
  validate: 0
  print_validation_diff: 0
  validation_algorithm_name: gol-cuda-naive
  animate_output: 0
  colorful: 0
  random_seed: 42
  state_bits_count: 32
  thread_block_size: 512
  warp_dims_x: 32
  warp_dims_y: 1
  warp_tile_dims_x: 32
  warp_tile_dims_y: 8
  streaming_direction: in-x

Loading data...              lexicon with pattern spacefiller[16384,16384]
  Data loaded in   732.247 ms

Warming up... 1 / 10
Warming up... 2 / 10
Warming up... 3 / 10
Warming up... 4 / 10
Warming up... 5 / 10
Warming up... 6 / 10
Warming up... 7 / 10
Warming up... 8 / 10
Warming up... 9 / 10
Warming up... 10 / 10


Running experiment...        gol-cpu-bitwise-cols-macro-32

Measurement round 1 / 10
Time report:
  set_and_format_input_data:  4157.708506 ms
  initialize_data_structures: 37.283886 ms
  run:                        13194.117115 ms
   performed iters:  3
   runtime per iter: 4398.039038 ms
  finalize_data_structures:   0.000470 ms

Measurement round 2 / 10
Time report:
  set_and_format_input_data:  4162.306533 ms
  initialize_data_structures: 37.570324 ms
  run:                        13193.720321 ms
   performed iters:  3
   runtime per iter: 4397.906774 ms
  finalize_data_structures:   0.000521 ms

Measurement round 3 / 10
Time report:
  set_and_format_input_data:  4166.751437 ms
  initialize_data_structures: 37.834726 ms
  run:                        13196.679731 ms
   performed iters:  3
   runtime per iter: 4398.893244 ms
  finalize_data_structures:   0.000440 ms

Measurement round 4 / 10
Time report:
  set_and_format_input_data:  4158.665865 ms
  initialize_data_structures: 37.312320 ms
  run:                        13179.261570 ms
   performed iters:  3
   runtime per iter: 4393.087190 ms
  finalize_data_structures:   0.000461 ms

Measurement round 5 / 10
Time report:
  set_and_format_input_data:  4163.596040 ms
  initialize_data_structures: 37.622252 ms
  run:                        13196.126490 ms
   performed iters:  3
   runtime per iter: 4398.708830 ms
  finalize_data_structures:   0.000441 ms

Measurement round 6 / 10
Time report:
  set_and_format_input_data:  4172.189156 ms
  initialize_data_structures: 37.840305 ms
  run:                        13191.565789 ms
   performed iters:  3
   runtime per iter: 4397.188596 ms
  finalize_data_structures:   0.000451 ms

Measurement round 7 / 10
Time report:
  set_and_format_input_data:  4161.153679 ms
  initialize_data_structures: 37.314554 ms
  run:                        13202.430076 ms
   performed iters:  3
   runtime per iter: 4400.810025 ms
  finalize_data_structures:   0.000431 ms

Measurement round 8 / 10
Time report:
  set_and_format_input_data:  4161.328866 ms
  initialize_data_structures: 37.659499 ms
  run:                        13208.749055 ms
   performed iters:  3
   runtime per iter: 4402.916352 ms
  finalize_data_structures:   0.000441 ms

Measurement round 9 / 10
Time report:
  set_and_format_input_data:  4173.151002 ms
  initialize_data_structures: 37.798481 ms
  run:                        13213.037591 ms
   performed iters:  3
   runtime per iter: 4404.345864 ms
  finalize_data_structures:   0.000460 ms

Measurement round 10 / 10
Time report:
  set_and_format_input_data:  4176.388835 ms
  initialize_data_structures: 37.341945 ms
  run:                        13216.813134 ms
   performed iters:  3
   runtime per iter: 4405.604378 ms
  finalize_data_structures:   0.000431 ms

exp-47
next-experiment
Hello
Experiment Parameters:
  algorithm_name: gol-cpu-bitwise-cols-macro-64
  grid_dimensions: 32768x32768
  iterations: 100000
  base_grid_encoding: char
  max_runtime_seconds: 10
  warmup_rounds: 10
  measurement_rounds: 10
  data_loader_name: lexicon
  pattern_expression: spacefiller[16384,16384]
  measure_speedup: 0
  speedup_bench_algorithm_name: gol-cuda-naive
  validate: 0
  print_validation_diff: 0
  validation_algorithm_name: gol-cuda-naive
  animate_output: 0
  colorful: 0
  random_seed: 42
  state_bits_count: 32
  thread_block_size: 512
  warp_dims_x: 32
  warp_dims_y: 1
  warp_tile_dims_x: 32
  warp_tile_dims_y: 8
  streaming_direction: in-x

Loading data...              lexicon with pattern spacefiller[16384,16384]
  Data loaded in   733.236 ms

Warming up... 1 / 10
Warming up... 2 / 10
Warming up... 3 / 10
Warming up... 4 / 10
Warming up... 5 / 10
Warming up... 6 / 10
Warming up... 7 / 10
Warming up... 8 / 10
Warming up... 9 / 10
Warming up... 10 / 10


Running experiment...        gol-cpu-bitwise-cols-macro-64

Measurement round 1 / 10
Time report:
  set_and_format_input_data:  3955.456827 ms
  initialize_data_structures: 23.881073 ms
  run:                        11040.905730 ms
   performed iters:  4
   runtime per iter: 2760.226433 ms
  finalize_data_structures:   0.000431 ms

Measurement round 2 / 10
Time report:
  set_and_format_input_data:  3752.176937 ms
  initialize_data_structures: 24.246049 ms
  run:                        11048.217512 ms
   performed iters:  4
   runtime per iter: 2762.054378 ms
  finalize_data_structures:   0.000441 ms

Measurement round 3 / 10
Time report:
  set_and_format_input_data:  3789.316605 ms
  initialize_data_structures: 24.467776 ms
  run:                        11053.657152 ms
   performed iters:  4
   runtime per iter: 2763.414288 ms
  finalize_data_structures:   0.000471 ms

Measurement round 4 / 10
Time report:
  set_and_format_input_data:  3965.709471 ms
  initialize_data_structures: 23.929867 ms
  run:                        11047.891025 ms
   performed iters:  4
   runtime per iter: 2761.972756 ms
  finalize_data_structures:   0.000521 ms

Measurement round 5 / 10
Time report:
  set_and_format_input_data:  3945.031920 ms
  initialize_data_structures: 24.266730 ms
  run:                        11046.574890 ms
   performed iters:  4
   runtime per iter: 2761.643722 ms
  finalize_data_structures:   0.000440 ms

Measurement round 6 / 10
Time report:
  set_and_format_input_data:  3952.205271 ms
  initialize_data_structures: 24.454487 ms
  run:                        11046.822336 ms
   performed iters:  4
   runtime per iter: 2761.705584 ms
  finalize_data_structures:   0.000531 ms

Measurement round 7 / 10
Time report:
  set_and_format_input_data:  3953.536570 ms
  initialize_data_structures: 23.917899 ms
  run:                        11044.843180 ms
   performed iters:  4
   runtime per iter: 2761.210795 ms
  finalize_data_structures:   0.000521 ms

Measurement round 8 / 10
Time report:
  set_and_format_input_data:  3964.402479 ms
  initialize_data_structures: 24.263404 ms
  run:                        11045.069355 ms
   performed iters:  4
   runtime per iter: 2761.267339 ms
  finalize_data_structures:   0.000441 ms

Measurement round 9 / 10
Time report:
  set_and_format_input_data:  3819.762271 ms
  initialize_data_structures: 24.499685 ms
  run:                        11050.089406 ms
   performed iters:  4
   runtime per iter: 2762.522351 ms
  finalize_data_structures:   0.000471 ms

Measurement round 10 / 10
Time report:
  set_and_format_input_data:  3955.344756 ms
  initialize_data_structures: 23.921364 ms
  run:                        11040.842964 ms
   performed iters:  4
   runtime per iter: 2760.210741 ms
  finalize_data_structures:   0.000430 ms

./run-jobs.sh: line 19: unexpected EOF while looking for matching `"'
./run-jobs.sh: line 22: syntax error: unexpected end of file
